now processing task id:: 3732 on worker3.slurm.hj.se
2025-05-06 12:41:59.872232: E external/local_xla/xla/stream_executor/cuda/cuda_fft.cc:467] Unable to register cuFFT factory: Attempting to register factory for plugin cuFFT when one has already been registered
WARNING: All log messages before absl::InitializeLog() is called are written to STDERR
E0000 00:00:1746535319.892692 2183706 cuda_dnn.cc:8579] Unable to register cuDNN factory: Attempting to register factory for plugin cuDNN when one has already been registered
E0000 00:00:1746535319.898875 2183706 cuda_blas.cc:1407] Unable to register cuBLAS factory: Attempting to register factory for plugin cuBLAS when one has already been registered
W0000 00:00:1746535319.915029 2183706 computation_placer.cc:177] computation placer already registered. Please check linkage and avoid linking the same target more than once.
W0000 00:00:1746535319.915066 2183706 computation_placer.cc:177] computation placer already registered. Please check linkage and avoid linking the same target more than once.
W0000 00:00:1746535319.915072 2183706 computation_placer.cc:177] computation placer already registered. Please check linkage and avoid linking the same target more than once.
W0000 00:00:1746535319.915077 2183706 computation_placer.cc:177] computation placer already registered. Please check linkage and avoid linking the same target more than once.
2025-05-06 12:41:59.919656: I tensorflow/core/platform/cpu_feature_guard.cc:210] This TensorFlow binary is optimized to use available CPU instructions in performance-critical operations.
To enable the following instructions: AVX2 FMA, in other operations, rebuild TensorFlow with the appropriate compiler flags.
I0000 00:00:1746535323.307788 2183706 gpu_device.cc:2019] Created device /job:localhost/replica:0/task:0/device:GPU:0 with 8098 MB memory:  -> device: 0, name: NVIDIA A100 80GB PCIe MIG 1g.10gb, pci bus id: 0000:81:00.0, compute capability: 8.0
2025-05-06 12:42:28.773976: I tensorflow/core/kernels/data/shuffle_dataset_op.cc:452] ShuffleDatasetV3:2: Filling up shuffle buffer (this may take a while): 1436 of 11303
2025-05-06 12:42:45.736290: I tensorflow/core/kernels/data/shuffle_dataset_op.cc:452] ShuffleDatasetV3:2: Filling up shuffle buffer (this may take a while): 3951 of 11303
2025-05-06 12:43:05.681510: I tensorflow/core/kernels/data/shuffle_dataset_op.cc:452] ShuffleDatasetV3:2: Filling up shuffle buffer (this may take a while): 6755 of 11303
2025-05-06 12:43:15.785331: I tensorflow/core/kernels/data/shuffle_dataset_op.cc:452] ShuffleDatasetV3:2: Filling up shuffle buffer (this may take a while): 8084 of 11303
2025-05-06 12:43:34.023181: I tensorflow/core/kernels/data/shuffle_dataset_op.cc:482] Shuffle buffer filled.
WARNING: All log messages before absl::InitializeLog() is called are written to STDERR
I0000 00:00:1746535414.062419 2184346 service.cc:152] XLA service 0x7f0b90002890 initialized for platform CUDA (this does not guarantee that XLA will be used). Devices:
I0000 00:00:1746535414.062539 2184346 service.cc:160]   StreamExecutor device (0): NVIDIA A100 80GB PCIe MIG 1g.10gb, Compute Capability 8.0
2025-05-06 12:43:34.469385: I tensorflow/compiler/mlir/tensorflow/utils/dump_mlir_util.cc:269] disabling MLIR crash reproducer, set env var `MLIR_CRASH_REPRODUCER_DIRECTORY` to enable.
I0000 00:00:1746535417.072028 2184346 cuda_dnn.cc:529] Loaded cuDNN version 90300
2025-05-06 12:43:39.255379: I external/local_xla/xla/stream_executor/cuda/subprocess_compilation.cc:346] ptxas warning : Registers are spilled to local memory in function 'gemm_fusion_dot_9669', 3696 bytes spill stores, 3696 bytes spill loads

I0000 00:00:1746535424.649671 2184346 device_compiler.h:188] Compiled cluster using XLA!  This line is logged at most once for the lifetime of the process.
2025-05-06 12:44:42.274118: I external/local_xla/xla/stream_executor/cuda/subprocess_compilation.cc:346] ptxas warning : Registers are spilled to local memory in function 'gemm_fusion_dot_9669', 800 bytes spill stores, 800 bytes spill loads

2025-05-06 12:45:09.403383: I external/local_xla/xla/stream_executor/cuda/subprocess_compilation.cc:346] ptxas warning : Registers are spilled to local memory in function 'gemm_fusion_dot_3296', 3112 bytes spill stores, 3112 bytes spill loads

2025-05-06 12:45:33.357077: I tensorflow/core/kernels/data/shuffle_dataset_op.cc:452] ShuffleDatasetV3:2: Filling up shuffle buffer (this may take a while): 1436 of 11303
2025-05-06 12:45:50.206563: I tensorflow/core/kernels/data/shuffle_dataset_op.cc:452] ShuffleDatasetV3:2: Filling up shuffle buffer (this may take a while): 4486 of 11303
2025-05-06 12:46:09.919498: I tensorflow/core/kernels/data/shuffle_dataset_op.cc:452] ShuffleDatasetV3:2: Filling up shuffle buffer (this may take a while): 7725 of 11303
2025-05-06 12:46:28.111218: I tensorflow/core/kernels/data/shuffle_dataset_op.cc:482] Shuffle buffer filled.
2025-05-06 12:47:50.647415: I tensorflow/core/kernels/data/shuffle_dataset_op.cc:452] ShuffleDatasetV3:2: Filling up shuffle buffer (this may take a while): 1436 of 11303
2025-05-06 12:48:10.090051: I tensorflow/core/kernels/data/shuffle_dataset_op.cc:452] ShuffleDatasetV3:2: Filling up shuffle buffer (this may take a while): 5137 of 11303
2025-05-06 12:48:20.708100: I tensorflow/core/kernels/data/shuffle_dataset_op.cc:452] ShuffleDatasetV3:2: Filling up shuffle buffer (this may take a while): 6465 of 11303
2025-05-06 12:48:42.021205: I tensorflow/core/kernels/data/shuffle_dataset_op.cc:452] ShuffleDatasetV3:2: Filling up shuffle buffer (this may take a while): 10227 of 11303
2025-05-06 12:48:45.815241: I tensorflow/core/kernels/data/shuffle_dataset_op.cc:482] Shuffle buffer filled.
2025-05-06 12:50:09.006063: I tensorflow/core/kernels/data/shuffle_dataset_op.cc:452] ShuffleDatasetV3:2: Filling up shuffle buffer (this may take a while): 1436 of 11303
2025-05-06 12:50:28.563157: I tensorflow/core/kernels/data/shuffle_dataset_op.cc:452] ShuffleDatasetV3:2: Filling up shuffle buffer (this may take a while): 5205 of 11303
2025-05-06 12:50:49.940644: I tensorflow/core/kernels/data/shuffle_dataset_op.cc:452] ShuffleDatasetV3:2: Filling up shuffle buffer (this may take a while): 8973 of 11303
2025-05-06 12:51:00.201963: I tensorflow/core/kernels/data/shuffle_dataset_op.cc:482] Shuffle buffer filled.
2025-05-06 12:52:22.307140: I tensorflow/core/kernels/data/shuffle_dataset_op.cc:452] ShuffleDatasetV3:2: Filling up shuffle buffer (this may take a while): 1436 of 11303
2025-05-06 12:52:41.999773: I tensorflow/core/kernels/data/shuffle_dataset_op.cc:452] ShuffleDatasetV3:2: Filling up shuffle buffer (this may take a while): 5205 of 11303
2025-05-06 12:53:03.777384: I tensorflow/core/kernels/data/shuffle_dataset_op.cc:452] ShuffleDatasetV3:2: Filling up shuffle buffer (this may take a while): 8973 of 11303
2025-05-06 12:53:14.610000: I tensorflow/core/kernels/data/shuffle_dataset_op.cc:482] Shuffle buffer filled.
2025-05-06 12:54:37.522488: I tensorflow/core/kernels/data/shuffle_dataset_op.cc:452] ShuffleDatasetV3:2: Filling up shuffle buffer (this may take a while): 1436 of 11303
2025-05-06 12:54:56.854125: I tensorflow/core/kernels/data/shuffle_dataset_op.cc:452] ShuffleDatasetV3:2: Filling up shuffle buffer (this may take a while): 5205 of 11303
2025-05-06 12:55:18.504442: I tensorflow/core/kernels/data/shuffle_dataset_op.cc:452] ShuffleDatasetV3:2: Filling up shuffle buffer (this may take a while): 8973 of 11303
2025-05-06 12:55:29.301747: I tensorflow/core/kernels/data/shuffle_dataset_op.cc:482] Shuffle buffer filled.
2025-05-06 12:56:53.557286: I tensorflow/core/kernels/data/shuffle_dataset_op.cc:452] ShuffleDatasetV3:2: Filling up shuffle buffer (this may take a while): 1436 of 11303
2025-05-06 12:57:03.778817: I tensorflow/core/kernels/data/shuffle_dataset_op.cc:452] ShuffleDatasetV3:2: Filling up shuffle buffer (this may take a while): 3514 of 11303
2025-05-06 12:57:14.923338: I tensorflow/core/kernels/data/shuffle_dataset_op.cc:452] ShuffleDatasetV3:2: Filling up shuffle buffer (this may take a while): 5205 of 11303
2025-05-06 12:57:36.967420: I tensorflow/core/kernels/data/shuffle_dataset_op.cc:452] ShuffleDatasetV3:2: Filling up shuffle buffer (this may take a while): 8973 of 11303
2025-05-06 12:57:49.007730: I tensorflow/core/kernels/data/shuffle_dataset_op.cc:482] Shuffle buffer filled.
2025-05-06 12:59:13.973880: I tensorflow/core/kernels/data/shuffle_dataset_op.cc:452] ShuffleDatasetV3:2: Filling up shuffle buffer (this may take a while): 1436 of 11303
2025-05-06 12:59:31.905984: I tensorflow/core/kernels/data/shuffle_dataset_op.cc:452] ShuffleDatasetV3:2: Filling up shuffle buffer (this may take a while): 4494 of 11303
2025-05-06 12:59:45.002247: I tensorflow/core/kernels/data/shuffle_dataset_op.cc:452] ShuffleDatasetV3:2: Filling up shuffle buffer (this may take a while): 6461 of 11303
2025-05-06 13:00:03.483892: I tensorflow/core/kernels/data/shuffle_dataset_op.cc:452] ShuffleDatasetV3:2: Filling up shuffle buffer (this may take a while): 8973 of 11303
2025-05-06 13:00:15.494814: I tensorflow/core/kernels/data/shuffle_dataset_op.cc:482] Shuffle buffer filled.
2025-05-06 13:01:44.694288: I tensorflow/core/kernels/data/shuffle_dataset_op.cc:452] ShuffleDatasetV3:2: Filling up shuffle buffer (this may take a while): 1436 of 11303
2025-05-06 13:02:02.242293: I tensorflow/core/kernels/data/shuffle_dataset_op.cc:452] ShuffleDatasetV3:2: Filling up shuffle buffer (this may take a while): 4427 of 11303
2025-05-06 13:02:21.597905: I tensorflow/core/kernels/data/shuffle_dataset_op.cc:452] ShuffleDatasetV3:2: Filling up shuffle buffer (this may take a while): 7717 of 11303
2025-05-06 13:02:32.182934: I tensorflow/core/kernels/data/shuffle_dataset_op.cc:452] ShuffleDatasetV3:2: Filling up shuffle buffer (this may take a while): 8978 of 11303
2025-05-06 13:02:43.505845: I tensorflow/core/kernels/data/shuffle_dataset_op.cc:482] Shuffle buffer filled.
2025-05-06 13:04:07.838913: I tensorflow/core/kernels/data/shuffle_dataset_op.cc:452] ShuffleDatasetV3:2: Filling up shuffle buffer (this may take a while): 1436 of 11303
2025-05-06 13:04:27.514014: I tensorflow/core/kernels/data/shuffle_dataset_op.cc:452] ShuffleDatasetV3:2: Filling up shuffle buffer (this may take a while): 5205 of 11303
2025-05-06 13:04:46.468010: I tensorflow/core/kernels/data/shuffle_dataset_op.cc:452] ShuffleDatasetV3:2: Filling up shuffle buffer (this may take a while): 8915 of 11303
2025-05-06 13:04:56.737180: I tensorflow/core/kernels/data/shuffle_dataset_op.cc:452] ShuffleDatasetV3:2: Filling up shuffle buffer (this may take a while): 10229 of 11303
2025-05-06 13:05:00.215449: I tensorflow/core/kernels/data/shuffle_dataset_op.cc:482] Shuffle buffer filled.
2025-05-06 13:06:23.780696: I tensorflow/core/kernels/data/shuffle_dataset_op.cc:452] ShuffleDatasetV3:2: Filling up shuffle buffer (this may take a while): 1436 of 11303
2025-05-06 13:06:44.475158: I tensorflow/core/kernels/data/shuffle_dataset_op.cc:452] ShuffleDatasetV3:2: Filling up shuffle buffer (this may take a while): 5205 of 11303
2025-05-06 13:07:02.588693: I tensorflow/core/kernels/data/shuffle_dataset_op.cc:452] ShuffleDatasetV3:2: Filling up shuffle buffer (this may take a while): 8601 of 11303
2025-05-06 13:07:13.966293: I tensorflow/core/kernels/data/shuffle_dataset_op.cc:452] ShuffleDatasetV3:2: Filling up shuffle buffer (this may take a while): 10227 of 11303
2025-05-06 13:07:17.298620: I tensorflow/core/kernels/data/shuffle_dataset_op.cc:482] Shuffle buffer filled.
2025-05-06 13:08:42.737993: I tensorflow/core/kernels/data/shuffle_dataset_op.cc:452] ShuffleDatasetV3:2: Filling up shuffle buffer (this may take a while): 1436 of 11303
2025-05-06 13:09:02.873914: I tensorflow/core/kernels/data/shuffle_dataset_op.cc:452] ShuffleDatasetV3:2: Filling up shuffle buffer (this may take a while): 5205 of 11303
2025-05-06 13:09:20.429682: I tensorflow/core/kernels/data/shuffle_dataset_op.cc:452] ShuffleDatasetV3:2: Filling up shuffle buffer (this may take a while): 8298 of 11303
2025-05-06 13:09:37.979556: I tensorflow/core/kernels/data/shuffle_dataset_op.cc:482] Shuffle buffer filled.
2025-05-06 13:11:04.815568: I tensorflow/core/kernels/data/shuffle_dataset_op.cc:452] ShuffleDatasetV3:2: Filling up shuffle buffer (this may take a while): 1436 of 11303
2025-05-06 13:11:21.967369: I tensorflow/core/kernels/data/shuffle_dataset_op.cc:452] ShuffleDatasetV3:2: Filling up shuffle buffer (this may take a while): 4467 of 11303
2025-05-06 13:11:34.837207: I tensorflow/core/kernels/data/shuffle_dataset_op.cc:452] ShuffleDatasetV3:2: Filling up shuffle buffer (this may take a while): 6461 of 11303
2025-05-06 13:11:52.276736: I tensorflow/core/kernels/data/shuffle_dataset_op.cc:452] ShuffleDatasetV3:2: Filling up shuffle buffer (this may take a while): 8973 of 11303
2025-05-06 13:12:05.410854: I tensorflow/core/kernels/data/shuffle_dataset_op.cc:482] Shuffle buffer filled.
2025-05-06 13:13:31.901745: I tensorflow/core/kernels/data/shuffle_dataset_op.cc:452] ShuffleDatasetV3:2: Filling up shuffle buffer (this may take a while): 1436 of 11303
2025-05-06 13:13:49.182108: I tensorflow/core/kernels/data/shuffle_dataset_op.cc:452] ShuffleDatasetV3:2: Filling up shuffle buffer (this may take a while): 4785 of 11303
2025-05-06 13:14:00.684944: I tensorflow/core/kernels/data/shuffle_dataset_op.cc:452] ShuffleDatasetV3:2: Filling up shuffle buffer (this may take a while): 6461 of 11303
2025-05-06 13:14:19.296358: I tensorflow/core/kernels/data/shuffle_dataset_op.cc:452] ShuffleDatasetV3:2: Filling up shuffle buffer (this may take a while): 8978 of 11303
2025-05-06 13:14:31.725278: I tensorflow/core/kernels/data/shuffle_dataset_op.cc:482] Shuffle buffer filled.
2025-05-06 13:15:55.635179: I tensorflow/core/kernels/data/shuffle_dataset_op.cc:452] ShuffleDatasetV3:2: Filling up shuffle buffer (this may take a while): 1436 of 11303
2025-05-06 13:16:14.979424: I tensorflow/core/kernels/data/shuffle_dataset_op.cc:452] ShuffleDatasetV3:2: Filling up shuffle buffer (this may take a while): 4866 of 11303
2025-05-06 13:16:25.607593: I tensorflow/core/kernels/data/shuffle_dataset_op.cc:452] ShuffleDatasetV3:2: Filling up shuffle buffer (this may take a while): 6461 of 11303
2025-05-06 13:16:45.289803: I tensorflow/core/kernels/data/shuffle_dataset_op.cc:452] ShuffleDatasetV3:2: Filling up shuffle buffer (this may take a while): 9463 of 11303
2025-05-06 13:16:54.894872: I tensorflow/core/kernels/data/shuffle_dataset_op.cc:482] Shuffle buffer filled.
2025-05-06 13:18:18.742126: I tensorflow/core/kernels/data/shuffle_dataset_op.cc:452] ShuffleDatasetV3:2: Filling up shuffle buffer (this may take a while): 1436 of 11303
2025-05-06 13:18:38.920257: I tensorflow/core/kernels/data/shuffle_dataset_op.cc:452] ShuffleDatasetV3:2: Filling up shuffle buffer (this may take a while): 5205 of 11303
2025-05-06 13:18:57.072364: I tensorflow/core/kernels/data/shuffle_dataset_op.cc:452] ShuffleDatasetV3:2: Filling up shuffle buffer (this may take a while): 8073 of 11303
2025-05-06 13:19:07.480441: I tensorflow/core/kernels/data/shuffle_dataset_op.cc:452] ShuffleDatasetV3:2: Filling up shuffle buffer (this may take a while): 9342 of 11303
2025-05-06 13:19:17.713539: I tensorflow/core/kernels/data/shuffle_dataset_op.cc:482] Shuffle buffer filled.
2025-05-06 13:20:43.582491: I tensorflow/core/kernels/data/shuffle_dataset_op.cc:452] ShuffleDatasetV3:2: Filling up shuffle buffer (this may take a while): 1436 of 11303
2025-05-06 13:21:01.568910: I tensorflow/core/kernels/data/shuffle_dataset_op.cc:452] ShuffleDatasetV3:2: Filling up shuffle buffer (this may take a while): 5002 of 11303
2025-05-06 13:21:12.410227: I tensorflow/core/kernels/data/shuffle_dataset_op.cc:452] ShuffleDatasetV3:2: Filling up shuffle buffer (this may take a while): 6461 of 11303
2025-05-06 13:21:31.572872: I tensorflow/core/kernels/data/shuffle_dataset_op.cc:452] ShuffleDatasetV3:2: Filling up shuffle buffer (this may take a while): 9293 of 11303
2025-05-06 13:21:41.771843: I tensorflow/core/kernels/data/shuffle_dataset_op.cc:452] ShuffleDatasetV3:2: Filling up shuffle buffer (this may take a while): 10741 of 11303
2025-05-06 13:21:43.004966: I tensorflow/core/kernels/data/shuffle_dataset_op.cc:482] Shuffle buffer filled.
2025-05-06 13:23:06.134975: I tensorflow/core/kernels/data/shuffle_dataset_op.cc:452] ShuffleDatasetV3:2: Filling up shuffle buffer (this may take a while): 1436 of 11303
2025-05-06 13:23:24.836180: I tensorflow/core/kernels/data/shuffle_dataset_op.cc:452] ShuffleDatasetV3:2: Filling up shuffle buffer (this may take a while): 4529 of 11303
2025-05-06 13:23:35.567050: I tensorflow/core/kernels/data/shuffle_dataset_op.cc:452] ShuffleDatasetV3:2: Filling up shuffle buffer (this may take a while): 6461 of 11303
2025-05-06 13:23:55.345264: I tensorflow/core/kernels/data/shuffle_dataset_op.cc:452] ShuffleDatasetV3:2: Filling up shuffle buffer (this may take a while): 9342 of 11303
2025-05-06 13:24:05.208880: I tensorflow/core/kernels/data/shuffle_dataset_op.cc:482] Shuffle buffer filled.
2025-05-06 13:25:31.475587: I tensorflow/core/kernels/data/shuffle_dataset_op.cc:452] ShuffleDatasetV3:2: Filling up shuffle buffer (this may take a while): 1436 of 11303
2025-05-06 13:25:49.072231: I tensorflow/core/kernels/data/shuffle_dataset_op.cc:452] ShuffleDatasetV3:2: Filling up shuffle buffer (this may take a while): 4781 of 11303
2025-05-06 13:26:01.037074: I tensorflow/core/kernels/data/shuffle_dataset_op.cc:452] ShuffleDatasetV3:2: Filling up shuffle buffer (this may take a while): 6461 of 11303
2025-05-06 13:26:19.259793: I tensorflow/core/kernels/data/shuffle_dataset_op.cc:452] ShuffleDatasetV3:2: Filling up shuffle buffer (this may take a while): 9342 of 11303
2025-05-06 13:26:29.001369: I tensorflow/core/kernels/data/shuffle_dataset_op.cc:482] Shuffle buffer filled.
2025-05-06 13:27:55.933541: I tensorflow/core/kernels/data/shuffle_dataset_op.cc:452] ShuffleDatasetV3:2: Filling up shuffle buffer (this may take a while): 1436 of 11303
2025-05-06 13:28:17.350610: I tensorflow/core/kernels/data/shuffle_dataset_op.cc:452] ShuffleDatasetV3:2: Filling up shuffle buffer (this may take a while): 5205 of 11303
2025-05-06 13:28:34.061343: I tensorflow/core/kernels/data/shuffle_dataset_op.cc:452] ShuffleDatasetV3:2: Filling up shuffle buffer (this may take a while): 7777 of 11303
2025-05-06 13:28:44.108059: I tensorflow/core/kernels/data/shuffle_dataset_op.cc:452] ShuffleDatasetV3:2: Filling up shuffle buffer (this may take a while): 9519 of 11303
2025-05-06 13:28:51.690680: I tensorflow/core/kernels/data/shuffle_dataset_op.cc:482] Shuffle buffer filled.
2025-05-06 13:30:17.660040: I tensorflow/core/kernels/data/shuffle_dataset_op.cc:452] ShuffleDatasetV3:2: Filling up shuffle buffer (this may take a while): 1436 of 11303
2025-05-06 13:30:35.770092: I tensorflow/core/kernels/data/shuffle_dataset_op.cc:452] ShuffleDatasetV3:2: Filling up shuffle buffer (this may take a while): 4751 of 11303
2025-05-06 13:30:46.500218: I tensorflow/core/kernels/data/shuffle_dataset_op.cc:452] ShuffleDatasetV3:2: Filling up shuffle buffer (this may take a while): 6461 of 11303
2025-05-06 13:31:05.767511: I tensorflow/core/kernels/data/shuffle_dataset_op.cc:452] ShuffleDatasetV3:2: Filling up shuffle buffer (this may take a while): 9893 of 11303
2025-05-06 13:31:13.571690: I tensorflow/core/kernels/data/shuffle_dataset_op.cc:482] Shuffle buffer filled.
2025-05-06 13:32:38.584805: I tensorflow/core/kernels/data/shuffle_dataset_op.cc:452] ShuffleDatasetV3:2: Filling up shuffle buffer (this may take a while): 1436 of 11303
2025-05-06 13:32:56.574742: I tensorflow/core/kernels/data/shuffle_dataset_op.cc:452] ShuffleDatasetV3:2: Filling up shuffle buffer (this may take a while): 5119 of 11303
2025-05-06 13:33:07.188462: I tensorflow/core/kernels/data/shuffle_dataset_op.cc:452] ShuffleDatasetV3:2: Filling up shuffle buffer (this may take a while): 6461 of 11303
2025-05-06 13:33:26.659541: I tensorflow/core/kernels/data/shuffle_dataset_op.cc:452] ShuffleDatasetV3:2: Filling up shuffle buffer (this may take a while): 9611 of 11303
2025-05-06 13:33:34.588152: I tensorflow/core/kernels/data/shuffle_dataset_op.cc:482] Shuffle buffer filled.
2025-05-06 13:35:01.127323: I tensorflow/core/kernels/data/shuffle_dataset_op.cc:452] ShuffleDatasetV3:2: Filling up shuffle buffer (this may take a while): 1436 of 11303
2025-05-06 13:35:18.566035: I tensorflow/core/kernels/data/shuffle_dataset_op.cc:452] ShuffleDatasetV3:2: Filling up shuffle buffer (this may take a while): 5037 of 11303
2025-05-06 13:35:38.582978: I tensorflow/core/kernels/data/shuffle_dataset_op.cc:452] ShuffleDatasetV3:2: Filling up shuffle buffer (this may take a while): 8044 of 11303
2025-05-06 13:35:48.636161: I tensorflow/core/kernels/data/shuffle_dataset_op.cc:452] ShuffleDatasetV3:2: Filling up shuffle buffer (this may take a while): 9463 of 11303
2025-05-06 13:35:57.406379: I tensorflow/core/kernels/data/shuffle_dataset_op.cc:482] Shuffle buffer filled.
2025-05-06 13:37:22.942735: I tensorflow/core/kernels/data/shuffle_dataset_op.cc:452] ShuffleDatasetV3:2: Filling up shuffle buffer (this may take a while): 1436 of 11303
2025-05-06 13:37:44.177311: I tensorflow/core/kernels/data/shuffle_dataset_op.cc:452] ShuffleDatasetV3:2: Filling up shuffle buffer (this may take a while): 5205 of 11303
2025-05-06 13:38:01.220845: I tensorflow/core/kernels/data/shuffle_dataset_op.cc:452] ShuffleDatasetV3:2: Filling up shuffle buffer (this may take a while): 8084 of 11303
2025-05-06 13:38:11.366487: I tensorflow/core/kernels/data/shuffle_dataset_op.cc:452] ShuffleDatasetV3:2: Filling up shuffle buffer (this may take a while): 10129 of 11303
2025-05-06 13:38:17.886470: I tensorflow/core/kernels/data/shuffle_dataset_op.cc:482] Shuffle buffer filled.
2025-05-06 13:39:42.817835: I tensorflow/core/kernels/data/shuffle_dataset_op.cc:452] ShuffleDatasetV3:2: Filling up shuffle buffer (this may take a while): 1436 of 11303
2025-05-06 13:40:05.315455: I tensorflow/core/kernels/data/shuffle_dataset_op.cc:452] ShuffleDatasetV3:2: Filling up shuffle buffer (this may take a while): 5205 of 11303
2025-05-06 13:40:22.409268: I tensorflow/core/kernels/data/shuffle_dataset_op.cc:452] ShuffleDatasetV3:2: Filling up shuffle buffer (this may take a while): 8211 of 11303
2025-05-06 13:40:32.483165: I tensorflow/core/kernels/data/shuffle_dataset_op.cc:452] ShuffleDatasetV3:2: Filling up shuffle buffer (this may take a while): 10135 of 11303
2025-05-06 13:40:38.916693: I tensorflow/core/kernels/data/shuffle_dataset_op.cc:482] Shuffle buffer filled.
2025-05-06 13:42:45.499786: I tensorflow/core/framework/local_rendezvous.cc:407] Local rendezvous is aborting with status: OUT_OF_RANGE: End of sequence
finished task with id:: 3732
