now processing task id:: 4740 on worker4.slurm.hj.se
2025-05-14 10:21:04.058721: I tensorflow/core/platform/cpu_feature_guard.cc:210] This TensorFlow binary is optimized to use available CPU instructions in performance-critical operations.
To enable the following instructions: AVX2 FMA, in other operations, rebuild TensorFlow with the appropriate compiler flags.
WARNING: All log messages before absl::InitializeLog() is called are written to STDERR
I0000 00:00:1747218066.912813 3278903 gpu_device.cc:2018] Created device /job:localhost/replica:0/task:0/device:GPU:0 with 8098 MB memory:  -> device: 0, name: NVIDIA A100 80GB PCIe MIG 1g.10gb, pci bus id: 0000:81:00.0, compute capability: 8.0
2025-05-14 10:21:26.098719: I tensorflow/core/kernels/data/shuffle_dataset_op.cc:453] ShuffleDatasetV3:2: Filling up shuffle buffer (this may take a while): 2175 of 6279
2025-05-14 10:21:36.168878: I tensorflow/core/kernels/data/shuffle_dataset_op.cc:453] ShuffleDatasetV3:2: Filling up shuffle buffer (this may take a while): 4942 of 6279
2025-05-14 10:21:40.401619: I tensorflow/core/kernels/data/shuffle_dataset_op.cc:483] Shuffle buffer filled.
2025-05-14 10:21:40.541043: I external/local_xla/xla/service/service.cc:152] XLA service 0x7fbe5c0031a0 initialized for platform CUDA (this does not guarantee that XLA will be used). Devices:
2025-05-14 10:21:40.541110: I external/local_xla/xla/service/service.cc:160]   StreamExecutor device (0): NVIDIA A100 80GB PCIe MIG 1g.10gb, Compute Capability 8.0
2025-05-14 10:21:40.865749: I tensorflow/compiler/mlir/tensorflow/utils/dump_mlir_util.cc:269] disabling MLIR crash reproducer, set env var `MLIR_CRASH_REPRODUCER_DIRECTORY` to enable.
I0000 00:00:1747218102.420803 3279546 cuda_dnn.cc:524] Loaded cuDNN version 90300
2025-05-14 10:21:47.071060: I external/local_xla/xla/stream_executor/cuda/subprocess_compilation.cc:346] ptxas warning : Registers are spilled to local memory in function 'gemm_fusion_dot_8531', 16 bytes spill stores, 16 bytes spill loads

2025-05-14 10:21:47.299420: I external/local_xla/xla/stream_executor/cuda/subprocess_compilation.cc:346] ptxas warning : Registers are spilled to local memory in function 'gemm_fusion_dot_8900', 4 bytes spill stores, 4 bytes spill loads

2025-05-14 10:21:48.057997: I external/local_xla/xla/stream_executor/cuda/subprocess_compilation.cc:346] ptxas warning : Registers are spilled to local memory in function 'gemm_fusion_dot_8531', 88 bytes spill stores, 88 bytes spill loads

I0000 00:00:1747218117.825632 3279546 device_compiler.h:196] Compiled cluster using XLA!  This line is logged at most once for the lifetime of the process.
2025-05-14 10:22:25.083326: I external/local_xla/xla/stream_executor/cuda/subprocess_compilation.cc:346] ptxas warning : Registers are spilled to local memory in function 'gemm_fusion_dot_8900', 4 bytes spill stores, 4 bytes spill loads

2025-05-14 10:22:26.070181: I external/local_xla/xla/stream_executor/cuda/subprocess_compilation.cc:346] ptxas warning : Registers are spilled to local memory in function 'gemm_fusion_dot_8531', 88 bytes spill stores, 88 bytes spill loads

2025-05-14 10:22:26.819141: I external/local_xla/xla/stream_executor/cuda/subprocess_compilation.cc:346] ptxas warning : Registers are spilled to local memory in function 'gemm_fusion_dot_8531', 16 bytes spill stores, 16 bytes spill loads

2025-05-14 10:22:47.940567: I external/local_xla/xla/stream_executor/cuda/subprocess_compilation.cc:346] ptxas warning : Registers are spilled to local memory in function 'gemm_fusion_dot_2466', 4 bytes spill stores, 4 bytes spill loads

2025-05-14 10:23:27.070131: I tensorflow/core/kernels/data/shuffle_dataset_op.cc:453] ShuffleDatasetV3:2: Filling up shuffle buffer (this may take a while): 2291 of 6279
2025-05-14 10:23:40.225700: I tensorflow/core/kernels/data/shuffle_dataset_op.cc:483] Shuffle buffer filled.
2025-05-14 10:24:47.673534: I tensorflow/core/kernels/data/shuffle_dataset_op.cc:453] ShuffleDatasetV3:2: Filling up shuffle buffer (this may take a while): 2300 of 6279
2025-05-14 10:24:57.677356: I tensorflow/core/kernels/data/shuffle_dataset_op.cc:453] ShuffleDatasetV3:2: Filling up shuffle buffer (this may take a while): 5048 of 6279
2025-05-14 10:25:01.318857: I tensorflow/core/kernels/data/shuffle_dataset_op.cc:483] Shuffle buffer filled.
2025-05-14 10:26:08.788166: I tensorflow/core/kernels/data/shuffle_dataset_op.cc:453] ShuffleDatasetV3:2: Filling up shuffle buffer (this may take a while): 2656 of 6279
2025-05-14 10:26:16.217022: I tensorflow/core/kernels/data/shuffle_dataset_op.cc:483] Shuffle buffer filled.
2025-05-14 10:27:16.388977: I tensorflow/core/kernels/data/shuffle_dataset_op.cc:453] ShuffleDatasetV3:2: Filling up shuffle buffer (this may take a while): 3787 of 6279
2025-05-14 10:27:21.512798: I tensorflow/core/kernels/data/shuffle_dataset_op.cc:483] Shuffle buffer filled.
2025-05-14 10:28:21.371128: I tensorflow/core/kernels/data/shuffle_dataset_op.cc:453] ShuffleDatasetV3:2: Filling up shuffle buffer (this may take a while): 2300 of 6279
2025-05-14 10:28:31.470813: I tensorflow/core/kernels/data/shuffle_dataset_op.cc:453] ShuffleDatasetV3:2: Filling up shuffle buffer (this may take a while): 5146 of 6279
2025-05-14 10:28:34.891561: I tensorflow/core/kernels/data/shuffle_dataset_op.cc:483] Shuffle buffer filled.
2025-05-14 10:29:41.087571: I tensorflow/core/kernels/data/shuffle_dataset_op.cc:453] ShuffleDatasetV3:2: Filling up shuffle buffer (this may take a while): 2335 of 6279
2025-05-14 10:29:51.094020: I tensorflow/core/kernels/data/shuffle_dataset_op.cc:453] ShuffleDatasetV3:2: Filling up shuffle buffer (this may take a while): 5148 of 6279
2025-05-14 10:29:54.380581: I tensorflow/core/kernels/data/shuffle_dataset_op.cc:483] Shuffle buffer filled.
2025-05-14 10:31:00.178198: I tensorflow/core/kernels/data/shuffle_dataset_op.cc:453] ShuffleDatasetV3:2: Filling up shuffle buffer (this may take a while): 2298 of 6279
2025-05-14 10:31:13.679818: I tensorflow/core/kernels/data/shuffle_dataset_op.cc:483] Shuffle buffer filled.
2025-05-14 10:32:19.793602: I tensorflow/core/kernels/data/shuffle_dataset_op.cc:453] ShuffleDatasetV3:2: Filling up shuffle buffer (this may take a while): 2407 of 6279
2025-05-14 10:32:29.869884: I tensorflow/core/kernels/data/shuffle_dataset_op.cc:453] ShuffleDatasetV3:2: Filling up shuffle buffer (this may take a while): 5247 of 6279
2025-05-14 10:32:32.699498: I tensorflow/core/kernels/data/shuffle_dataset_op.cc:483] Shuffle buffer filled.
2025-05-14 10:33:38.886259: I tensorflow/core/kernels/data/shuffle_dataset_op.cc:453] ShuffleDatasetV3:2: Filling up shuffle buffer (this may take a while): 2343 of 6279
2025-05-14 10:33:52.175126: I tensorflow/core/kernels/data/shuffle_dataset_op.cc:483] Shuffle buffer filled.
2025-05-14 10:34:57.482644: I tensorflow/core/kernels/data/shuffle_dataset_op.cc:453] ShuffleDatasetV3:2: Filling up shuffle buffer (this may take a while): 2411 of 6279
2025-05-14 10:35:07.493105: I tensorflow/core/kernels/data/shuffle_dataset_op.cc:453] ShuffleDatasetV3:2: Filling up shuffle buffer (this may take a while): 5221 of 6279
2025-05-14 10:35:10.013890: I tensorflow/core/kernels/data/shuffle_dataset_op.cc:483] Shuffle buffer filled.
2025-05-14 10:36:09.987633: I tensorflow/core/kernels/data/shuffle_dataset_op.cc:453] ShuffleDatasetV3:2: Filling up shuffle buffer (this may take a while): 3782 of 6279
2025-05-14 10:36:15.110887: I tensorflow/core/kernels/data/shuffle_dataset_op.cc:483] Shuffle buffer filled.
2025-05-14 10:37:15.685473: I tensorflow/core/kernels/data/shuffle_dataset_op.cc:453] ShuffleDatasetV3:2: Filling up shuffle buffer (this may take a while): 2842 of 6279
2025-05-14 10:37:25.813886: I tensorflow/core/kernels/data/shuffle_dataset_op.cc:453] ShuffleDatasetV3:2: Filling up shuffle buffer (this may take a while): 6003 of 6279
2025-05-14 10:37:26.119137: I tensorflow/core/kernels/data/shuffle_dataset_op.cc:483] Shuffle buffer filled.
2025-05-14 10:38:31.091928: I tensorflow/core/kernels/data/shuffle_dataset_op.cc:453] ShuffleDatasetV3:2: Filling up shuffle buffer (this may take a while): 2715 of 6279
2025-05-14 10:38:41.583026: I tensorflow/core/kernels/data/shuffle_dataset_op.cc:483] Shuffle buffer filled.
2025-05-14 10:39:45.591641: I tensorflow/core/kernels/data/shuffle_dataset_op.cc:453] ShuffleDatasetV3:2: Filling up shuffle buffer (this may take a while): 2917 of 6279
2025-05-14 10:39:54.769837: I tensorflow/core/kernels/data/shuffle_dataset_op.cc:483] Shuffle buffer filled.
2025-05-14 10:44:49.049002: I tensorflow/core/framework/local_rendezvous.cc:407] Local rendezvous is aborting with status: OUT_OF_RANGE: End of sequence
2025-05-14 10:45:08.000283: I tensorflow/core/kernels/data/shuffle_dataset_op.cc:453] ShuffleDatasetV3:11008: Filling up shuffle buffer (this may take a while): 2697 of 6280
2025-05-14 10:45:19.198654: I tensorflow/core/kernels/data/shuffle_dataset_op.cc:483] Shuffle buffer filled.
2025-05-14 10:46:22.260494: I external/local_xla/xla/stream_executor/cuda/subprocess_compilation.cc:346] ptxas warning : Registers are spilled to local memory in function 'gemm_fusion_dot_2466', 4 bytes spill stores, 4 bytes spill loads

2025-05-14 10:46:40.315605: I tensorflow/core/kernels/data/shuffle_dataset_op.cc:453] ShuffleDatasetV3:11008: Filling up shuffle buffer (this may take a while): 3200 of 6280
2025-05-14 10:46:49.018104: I tensorflow/core/kernels/data/shuffle_dataset_op.cc:483] Shuffle buffer filled.
2025-05-14 10:47:52.416468: I tensorflow/core/kernels/data/shuffle_dataset_op.cc:453] ShuffleDatasetV3:11008: Filling up shuffle buffer (this may take a while): 2889 of 6280
2025-05-14 10:48:02.476665: I tensorflow/core/kernels/data/shuffle_dataset_op.cc:453] ShuffleDatasetV3:11008: Filling up shuffle buffer (this may take a while): 5978 of 6280
2025-05-14 10:48:02.804505: I tensorflow/core/kernels/data/shuffle_dataset_op.cc:483] Shuffle buffer filled.
2025-05-14 10:49:06.699846: I tensorflow/core/kernels/data/shuffle_dataset_op.cc:453] ShuffleDatasetV3:11008: Filling up shuffle buffer (this may take a while): 2921 of 6280
2025-05-14 10:49:16.218855: I tensorflow/core/kernels/data/shuffle_dataset_op.cc:483] Shuffle buffer filled.
2025-05-14 10:50:19.974809: I tensorflow/core/kernels/data/shuffle_dataset_op.cc:453] ShuffleDatasetV3:11008: Filling up shuffle buffer (this may take a while): 2911 of 6280
2025-05-14 10:50:29.827082: I tensorflow/core/kernels/data/shuffle_dataset_op.cc:483] Shuffle buffer filled.
2025-05-14 10:51:33.193126: I tensorflow/core/kernels/data/shuffle_dataset_op.cc:453] ShuffleDatasetV3:11008: Filling up shuffle buffer (this may take a while): 2983 of 6280
2025-05-14 10:51:40.041687: I tensorflow/core/kernels/data/shuffle_dataset_op.cc:483] Shuffle buffer filled.
2025-05-14 10:52:39.895761: I tensorflow/core/kernels/data/shuffle_dataset_op.cc:453] ShuffleDatasetV3:11008: Filling up shuffle buffer (this may take a while): 3934 of 6280
2025-05-14 10:52:44.550934: I tensorflow/core/kernels/data/shuffle_dataset_op.cc:483] Shuffle buffer filled.
2025-05-14 10:53:44.266778: I tensorflow/core/kernels/data/shuffle_dataset_op.cc:453] ShuffleDatasetV3:11008: Filling up shuffle buffer (this may take a while): 3912 of 6280
2025-05-14 10:53:49.187477: I tensorflow/core/kernels/data/shuffle_dataset_op.cc:483] Shuffle buffer filled.
2025-05-14 10:54:50.384506: I tensorflow/core/kernels/data/shuffle_dataset_op.cc:453] ShuffleDatasetV3:11008: Filling up shuffle buffer (this may take a while): 3125 of 6280
2025-05-14 10:54:58.696598: I tensorflow/core/kernels/data/shuffle_dataset_op.cc:483] Shuffle buffer filled.
2025-05-14 10:56:01.579572: I tensorflow/core/kernels/data/shuffle_dataset_op.cc:453] ShuffleDatasetV3:11008: Filling up shuffle buffer (this may take a while): 3201 of 6280
2025-05-14 10:56:09.485602: I tensorflow/core/kernels/data/shuffle_dataset_op.cc:483] Shuffle buffer filled.
2025-05-14 10:57:13.109326: I tensorflow/core/kernels/data/shuffle_dataset_op.cc:453] ShuffleDatasetV3:11008: Filling up shuffle buffer (this may take a while): 3155 of 6280
2025-05-14 10:57:21.613353: I tensorflow/core/kernels/data/shuffle_dataset_op.cc:483] Shuffle buffer filled.
2025-05-14 10:58:25.116127: I tensorflow/core/kernels/data/shuffle_dataset_op.cc:453] ShuffleDatasetV3:11008: Filling up shuffle buffer (this may take a while): 3079 of 6280
2025-05-14 10:58:33.496672: I tensorflow/core/kernels/data/shuffle_dataset_op.cc:483] Shuffle buffer filled.
2025-05-14 10:59:36.966921: I tensorflow/core/kernels/data/shuffle_dataset_op.cc:453] ShuffleDatasetV3:11008: Filling up shuffle buffer (this may take a while): 2969 of 6280
2025-05-14 10:59:45.531707: I tensorflow/core/kernels/data/shuffle_dataset_op.cc:483] Shuffle buffer filled.
2025-05-14 11:00:49.402789: I tensorflow/core/kernels/data/shuffle_dataset_op.cc:453] ShuffleDatasetV3:11008: Filling up shuffle buffer (this may take a while): 3128 of 6280
2025-05-14 11:00:58.123704: I tensorflow/core/kernels/data/shuffle_dataset_op.cc:483] Shuffle buffer filled.
2025-05-14 11:02:01.406189: I tensorflow/core/kernels/data/shuffle_dataset_op.cc:453] ShuffleDatasetV3:11008: Filling up shuffle buffer (this may take a while): 3011 of 6280
2025-05-14 11:02:10.310078: I tensorflow/core/kernels/data/shuffle_dataset_op.cc:483] Shuffle buffer filled.
2025-05-14 11:07:09.043246: I tensorflow/core/framework/local_rendezvous.cc:407] Local rendezvous is aborting with status: OUT_OF_RANGE: End of sequence
2025-05-14 11:07:37.866476: I tensorflow/core/kernels/data/shuffle_dataset_op.cc:453] ShuffleDatasetV3:22014: Filling up shuffle buffer (this may take a while): 3834 of 6279
2025-05-14 11:07:42.781572: I tensorflow/core/kernels/data/shuffle_dataset_op.cc:483] Shuffle buffer filled.
2025-05-14 11:07:51.517687: I external/local_xla/xla/stream_executor/cuda/subprocess_compilation.cc:346] ptxas warning : Registers are spilled to local memory in function 'gemm_fusion_dot_21221', 680 bytes spill stores, 532 bytes spill loads

2025-05-14 11:07:51.678331: I external/local_xla/xla/stream_executor/cuda/subprocess_compilation.cc:346] ptxas warning : Registers are spilled to local memory in function 'gemm_fusion_dot_21221', 668 bytes spill stores, 524 bytes spill loads

2025-05-14 11:07:51.700927: I external/local_xla/xla/stream_executor/cuda/subprocess_compilation.cc:346] ptxas warning : Registers are spilled to local memory in function 'gemm_fusion_dot_21221', 312 bytes spill stores, 312 bytes spill loads

2025-05-14 11:08:31.181521: I external/local_xla/xla/stream_executor/cuda/subprocess_compilation.cc:346] ptxas warning : Registers are spilled to local memory in function 'gemm_fusion_dot_21221', 680 bytes spill stores, 532 bytes spill loads

2025-05-14 11:08:31.218150: I external/local_xla/xla/stream_executor/cuda/subprocess_compilation.cc:346] ptxas warning : Registers are spilled to local memory in function 'gemm_fusion_dot_21221', 668 bytes spill stores, 524 bytes spill loads

2025-05-14 11:08:31.267929: I external/local_xla/xla/stream_executor/cuda/subprocess_compilation.cc:346] ptxas warning : Registers are spilled to local memory in function 'gemm_fusion_dot_21221', 312 bytes spill stores, 312 bytes spill loads

2025-05-14 11:09:32.868632: I tensorflow/core/kernels/data/shuffle_dataset_op.cc:453] ShuffleDatasetV3:22014: Filling up shuffle buffer (this may take a while): 4006 of 6279
2025-05-14 11:09:37.531817: I tensorflow/core/kernels/data/shuffle_dataset_op.cc:483] Shuffle buffer filled.
2025-05-14 11:10:42.066203: I tensorflow/core/kernels/data/shuffle_dataset_op.cc:453] ShuffleDatasetV3:22014: Filling up shuffle buffer (this may take a while): 3878 of 6279
2025-05-14 11:10:46.926281: I tensorflow/core/kernels/data/shuffle_dataset_op.cc:483] Shuffle buffer filled.
2025-05-14 11:11:50.811561: I tensorflow/core/kernels/data/shuffle_dataset_op.cc:453] ShuffleDatasetV3:22014: Filling up shuffle buffer (this may take a while): 3941 of 6279
2025-05-14 11:11:55.517355: I tensorflow/core/kernels/data/shuffle_dataset_op.cc:483] Shuffle buffer filled.
2025-05-14 11:13:00.584595: I tensorflow/core/kernels/data/shuffle_dataset_op.cc:453] ShuffleDatasetV3:22014: Filling up shuffle buffer (this may take a while): 4159 of 6279
2025-05-14 11:13:04.912925: I tensorflow/core/kernels/data/shuffle_dataset_op.cc:483] Shuffle buffer filled.
2025-05-14 11:14:22.526289: I tensorflow/core/kernels/data/shuffle_dataset_op.cc:453] ShuffleDatasetV3:22014: Filling up shuffle buffer (this may take a while): 3975 of 6279
2025-05-14 11:14:27.303193: I tensorflow/core/kernels/data/shuffle_dataset_op.cc:483] Shuffle buffer filled.
2025-05-14 11:15:30.874754: I tensorflow/core/kernels/data/shuffle_dataset_op.cc:453] ShuffleDatasetV3:22014: Filling up shuffle buffer (this may take a while): 3926 of 6279
2025-05-14 11:15:35.497076: I tensorflow/core/kernels/data/shuffle_dataset_op.cc:483] Shuffle buffer filled.
2025-05-14 11:16:39.917473: I tensorflow/core/kernels/data/shuffle_dataset_op.cc:453] ShuffleDatasetV3:22014: Filling up shuffle buffer (this may take a while): 4069 of 6279
2025-05-14 11:16:44.180801: I tensorflow/core/kernels/data/shuffle_dataset_op.cc:483] Shuffle buffer filled.
2025-05-14 11:17:48.965993: I tensorflow/core/kernels/data/shuffle_dataset_op.cc:453] ShuffleDatasetV3:22014: Filling up shuffle buffer (this may take a while): 3900 of 6279
2025-05-14 11:17:53.779391: I tensorflow/core/kernels/data/shuffle_dataset_op.cc:483] Shuffle buffer filled.
2025-05-14 11:18:58.490374: I tensorflow/core/kernels/data/shuffle_dataset_op.cc:453] ShuffleDatasetV3:22014: Filling up shuffle buffer (this may take a while): 4108 of 6279
2025-05-14 11:19:02.779712: I tensorflow/core/kernels/data/shuffle_dataset_op.cc:483] Shuffle buffer filled.
2025-05-14 11:20:06.792196: I tensorflow/core/kernels/data/shuffle_dataset_op.cc:453] ShuffleDatasetV3:22014: Filling up shuffle buffer (this may take a while): 3941 of 6279
2025-05-14 11:20:11.524050: I tensorflow/core/kernels/data/shuffle_dataset_op.cc:483] Shuffle buffer filled.
2025-05-14 11:21:15.988313: I tensorflow/core/kernels/data/shuffle_dataset_op.cc:453] ShuffleDatasetV3:22014: Filling up shuffle buffer (this may take a while): 4073 of 6279
2025-05-14 11:21:20.328715: I tensorflow/core/kernels/data/shuffle_dataset_op.cc:483] Shuffle buffer filled.
2025-05-14 11:22:24.695706: I tensorflow/core/kernels/data/shuffle_dataset_op.cc:453] ShuffleDatasetV3:22014: Filling up shuffle buffer (this may take a while): 3955 of 6279
2025-05-14 11:22:29.491873: I tensorflow/core/kernels/data/shuffle_dataset_op.cc:483] Shuffle buffer filled.
2025-05-14 11:23:34.892493: I tensorflow/core/kernels/data/shuffle_dataset_op.cc:453] ShuffleDatasetV3:22014: Filling up shuffle buffer (this may take a while): 3993 of 6279
2025-05-14 11:23:39.225627: I tensorflow/core/kernels/data/shuffle_dataset_op.cc:483] Shuffle buffer filled.
2025-05-14 11:24:43.966089: I tensorflow/core/kernels/data/shuffle_dataset_op.cc:453] ShuffleDatasetV3:22014: Filling up shuffle buffer (this may take a while): 4098 of 6279
2025-05-14 11:24:48.318019: I tensorflow/core/kernels/data/shuffle_dataset_op.cc:483] Shuffle buffer filled.
2025-05-14 11:30:15.194258: I tensorflow/core/kernels/data/shuffle_dataset_op.cc:453] ShuffleDatasetV3:33020: Filling up shuffle buffer (this may take a while): 3976 of 6280
2025-05-14 11:30:19.827575: I tensorflow/core/kernels/data/shuffle_dataset_op.cc:483] Shuffle buffer filled.
2025-05-14 11:31:53.968497: I tensorflow/core/kernels/data/shuffle_dataset_op.cc:453] ShuffleDatasetV3:33020: Filling up shuffle buffer (this may take a while): 3940 of 6280
2025-05-14 11:31:58.828979: I tensorflow/core/kernels/data/shuffle_dataset_op.cc:483] Shuffle buffer filled.
2025-05-14 11:33:03.676299: I tensorflow/core/kernels/data/shuffle_dataset_op.cc:453] ShuffleDatasetV3:33020: Filling up shuffle buffer (this may take a while): 3898 of 6280
2025-05-14 11:33:08.578349: I tensorflow/core/kernels/data/shuffle_dataset_op.cc:483] Shuffle buffer filled.
2025-05-14 11:34:14.708296: I tensorflow/core/kernels/data/shuffle_dataset_op.cc:453] ShuffleDatasetV3:33020: Filling up shuffle buffer (this may take a while): 3852 of 6280
2025-05-14 11:34:19.532772: I tensorflow/core/kernels/data/shuffle_dataset_op.cc:483] Shuffle buffer filled.
2025-05-14 11:35:24.320573: I tensorflow/core/kernels/data/shuffle_dataset_op.cc:453] ShuffleDatasetV3:33020: Filling up shuffle buffer (this may take a while): 4146 of 6280
2025-05-14 11:35:28.491657: I tensorflow/core/kernels/data/shuffle_dataset_op.cc:483] Shuffle buffer filled.
2025-05-14 11:36:33.169720: I tensorflow/core/kernels/data/shuffle_dataset_op.cc:453] ShuffleDatasetV3:33020: Filling up shuffle buffer (this may take a while): 3961 of 6280
2025-05-14 11:36:37.602358: I tensorflow/core/kernels/data/shuffle_dataset_op.cc:483] Shuffle buffer filled.
2025-05-14 11:37:42.016107: I tensorflow/core/kernels/data/shuffle_dataset_op.cc:453] ShuffleDatasetV3:33020: Filling up shuffle buffer (this may take a while): 4078 of 6280
2025-05-14 11:37:46.484874: I tensorflow/core/kernels/data/shuffle_dataset_op.cc:483] Shuffle buffer filled.
2025-05-14 11:38:51.325660: I tensorflow/core/kernels/data/shuffle_dataset_op.cc:453] ShuffleDatasetV3:33020: Filling up shuffle buffer (this may take a while): 3958 of 6280
2025-05-14 11:38:56.026288: I tensorflow/core/kernels/data/shuffle_dataset_op.cc:483] Shuffle buffer filled.
2025-05-14 11:40:01.609140: I tensorflow/core/kernels/data/shuffle_dataset_op.cc:453] ShuffleDatasetV3:33020: Filling up shuffle buffer (this may take a while): 4029 of 6280
2025-05-14 11:40:05.792942: I tensorflow/core/kernels/data/shuffle_dataset_op.cc:483] Shuffle buffer filled.
2025-05-14 11:41:10.480905: I tensorflow/core/kernels/data/shuffle_dataset_op.cc:453] ShuffleDatasetV3:33020: Filling up shuffle buffer (this may take a while): 4142 of 6280
2025-05-14 11:41:14.996639: I tensorflow/core/kernels/data/shuffle_dataset_op.cc:483] Shuffle buffer filled.
2025-05-14 11:42:19.497039: I tensorflow/core/kernels/data/shuffle_dataset_op.cc:453] ShuffleDatasetV3:33020: Filling up shuffle buffer (this may take a while): 3967 of 6280
2025-05-14 11:42:24.040845: I tensorflow/core/kernels/data/shuffle_dataset_op.cc:483] Shuffle buffer filled.
2025-05-14 11:43:29.896213: I tensorflow/core/kernels/data/shuffle_dataset_op.cc:453] ShuffleDatasetV3:33020: Filling up shuffle buffer (this may take a while): 4179 of 6280
2025-05-14 11:43:34.115136: I tensorflow/core/kernels/data/shuffle_dataset_op.cc:483] Shuffle buffer filled.
2025-05-14 11:44:38.893082: I tensorflow/core/kernels/data/shuffle_dataset_op.cc:453] ShuffleDatasetV3:33020: Filling up shuffle buffer (this may take a while): 4094 of 6280
2025-05-14 11:44:43.392730: I tensorflow/core/kernels/data/shuffle_dataset_op.cc:483] Shuffle buffer filled.
2025-05-14 11:45:47.209846: I tensorflow/core/kernels/data/shuffle_dataset_op.cc:453] ShuffleDatasetV3:33020: Filling up shuffle buffer (this may take a while): 4246 of 6280
2025-05-14 11:45:51.498715: I tensorflow/core/kernels/data/shuffle_dataset_op.cc:483] Shuffle buffer filled.
2025-05-14 11:46:55.207915: I tensorflow/core/kernels/data/shuffle_dataset_op.cc:453] ShuffleDatasetV3:33020: Filling up shuffle buffer (this may take a while): 4212 of 6280
2025-05-14 11:46:59.533812: I tensorflow/core/kernels/data/shuffle_dataset_op.cc:483] Shuffle buffer filled.
2025-05-14 11:52:24.490387: I tensorflow/core/framework/local_rendezvous.cc:407] Local rendezvous is aborting with status: OUT_OF_RANGE: End of sequence
2025-05-14 11:52:43.189591: I tensorflow/core/kernels/data/shuffle_dataset_op.cc:453] ShuffleDatasetV3:44026: Filling up shuffle buffer (this may take a while): 3142 of 6279
2025-05-14 11:52:51.311402: I tensorflow/core/kernels/data/shuffle_dataset_op.cc:483] Shuffle buffer filled.
2025-05-14 11:54:12.619793: I tensorflow/core/kernels/data/shuffle_dataset_op.cc:453] ShuffleDatasetV3:44026: Filling up shuffle buffer (this may take a while): 3135 of 6279
2025-05-14 11:54:20.628832: I tensorflow/core/kernels/data/shuffle_dataset_op.cc:483] Shuffle buffer filled.
2025-05-14 11:55:24.511554: I tensorflow/core/kernels/data/shuffle_dataset_op.cc:453] ShuffleDatasetV3:44026: Filling up shuffle buffer (this may take a while): 3147 of 6279
2025-05-14 11:55:32.295086: I tensorflow/core/kernels/data/shuffle_dataset_op.cc:483] Shuffle buffer filled.
2025-05-14 11:56:35.295992: I tensorflow/core/kernels/data/shuffle_dataset_op.cc:453] ShuffleDatasetV3:44026: Filling up shuffle buffer (this may take a while): 3194 of 6279
2025-05-14 11:56:43.219538: I tensorflow/core/kernels/data/shuffle_dataset_op.cc:483] Shuffle buffer filled.
2025-05-14 11:57:46.912694: I tensorflow/core/kernels/data/shuffle_dataset_op.cc:453] ShuffleDatasetV3:44026: Filling up shuffle buffer (this may take a while): 3155 of 6279
2025-05-14 11:57:54.799883: I tensorflow/core/kernels/data/shuffle_dataset_op.cc:483] Shuffle buffer filled.
2025-05-14 11:58:58.511867: I tensorflow/core/kernels/data/shuffle_dataset_op.cc:453] ShuffleDatasetV3:44026: Filling up shuffle buffer (this may take a while): 3147 of 6279
2025-05-14 11:59:06.806561: I tensorflow/core/kernels/data/shuffle_dataset_op.cc:483] Shuffle buffer filled.
2025-05-14 12:00:09.991535: I tensorflow/core/kernels/data/shuffle_dataset_op.cc:453] ShuffleDatasetV3:44026: Filling up shuffle buffer (this may take a while): 3194 of 6279
2025-05-14 12:00:17.521283: I tensorflow/core/kernels/data/shuffle_dataset_op.cc:483] Shuffle buffer filled.
2025-05-14 12:01:20.800267: I tensorflow/core/kernels/data/shuffle_dataset_op.cc:453] ShuffleDatasetV3:44026: Filling up shuffle buffer (this may take a while): 3276 of 6279
2025-05-14 12:01:28.707484: I tensorflow/core/kernels/data/shuffle_dataset_op.cc:483] Shuffle buffer filled.
2025-05-14 12:02:31.872143: I tensorflow/core/kernels/data/shuffle_dataset_op.cc:453] ShuffleDatasetV3:44026: Filling up shuffle buffer (this may take a while): 3247 of 6279
2025-05-14 12:02:39.990398: I tensorflow/core/kernels/data/shuffle_dataset_op.cc:483] Shuffle buffer filled.
2025-05-14 12:03:43.106562: I tensorflow/core/kernels/data/shuffle_dataset_op.cc:453] ShuffleDatasetV3:44026: Filling up shuffle buffer (this may take a while): 3095 of 6279
2025-05-14 12:03:51.316502: I tensorflow/core/kernels/data/shuffle_dataset_op.cc:483] Shuffle buffer filled.
2025-05-14 12:04:54.676888: I tensorflow/core/kernels/data/shuffle_dataset_op.cc:453] ShuffleDatasetV3:44026: Filling up shuffle buffer (this may take a while): 3253 of 6279
2025-05-14 12:05:02.402059: I tensorflow/core/kernels/data/shuffle_dataset_op.cc:483] Shuffle buffer filled.
2025-05-14 12:06:03.977838: I tensorflow/core/kernels/data/shuffle_dataset_op.cc:453] ShuffleDatasetV3:44026: Filling up shuffle buffer (this may take a while): 4084 of 6279
2025-05-14 12:06:08.387904: I tensorflow/core/kernels/data/shuffle_dataset_op.cc:483] Shuffle buffer filled.
2025-05-14 12:07:12.269952: I tensorflow/core/kernels/data/shuffle_dataset_op.cc:453] ShuffleDatasetV3:44026: Filling up shuffle buffer (this may take a while): 3105 of 6279
2025-05-14 12:07:20.833309: I tensorflow/core/kernels/data/shuffle_dataset_op.cc:483] Shuffle buffer filled.
2025-05-14 12:08:24.591678: I tensorflow/core/kernels/data/shuffle_dataset_op.cc:453] ShuffleDatasetV3:44026: Filling up shuffle buffer (this may take a while): 3075 of 6279
2025-05-14 12:08:32.788629: I tensorflow/core/kernels/data/shuffle_dataset_op.cc:483] Shuffle buffer filled.
2025-05-14 12:09:36.803590: I tensorflow/core/kernels/data/shuffle_dataset_op.cc:453] ShuffleDatasetV3:44026: Filling up shuffle buffer (this may take a while): 3115 of 6279
2025-05-14 12:09:44.994236: I tensorflow/core/kernels/data/shuffle_dataset_op.cc:483] Shuffle buffer filled.
2025-05-14 12:15:00.988705: I tensorflow/core/kernels/data/shuffle_dataset_op.cc:453] ShuffleDatasetV3:55032: Filling up shuffle buffer (this may take a while): 3141 of 6280
2025-05-14 12:15:09.135586: I tensorflow/core/kernels/data/shuffle_dataset_op.cc:483] Shuffle buffer filled.
2025-05-14 12:16:28.716960: I tensorflow/core/kernels/data/shuffle_dataset_op.cc:453] ShuffleDatasetV3:55032: Filling up shuffle buffer (this may take a while): 2936 of 6280
2025-05-14 12:16:37.599022: I tensorflow/core/kernels/data/shuffle_dataset_op.cc:483] Shuffle buffer filled.
2025-05-14 12:17:55.474295: I tensorflow/core/kernels/data/shuffle_dataset_op.cc:453] ShuffleDatasetV3:55032: Filling up shuffle buffer (this may take a while): 3243 of 6280
2025-05-14 12:18:03.233127: I tensorflow/core/kernels/data/shuffle_dataset_op.cc:483] Shuffle buffer filled.
2025-05-14 12:19:07.019992: I tensorflow/core/kernels/data/shuffle_dataset_op.cc:453] ShuffleDatasetV3:55032: Filling up shuffle buffer (this may take a while): 3119 of 6280
2025-05-14 12:19:15.140466: I tensorflow/core/kernels/data/shuffle_dataset_op.cc:483] Shuffle buffer filled.
2025-05-14 12:20:28.998088: I tensorflow/core/kernels/data/shuffle_dataset_op.cc:453] ShuffleDatasetV3:55032: Filling up shuffle buffer (this may take a while): 3166 of 6280
2025-05-14 12:20:37.196372: I tensorflow/core/kernels/data/shuffle_dataset_op.cc:483] Shuffle buffer filled.
2025-05-14 12:21:41.105118: I tensorflow/core/kernels/data/shuffle_dataset_op.cc:453] ShuffleDatasetV3:55032: Filling up shuffle buffer (this may take a while): 3177 of 6280
2025-05-14 12:21:49.117772: I tensorflow/core/kernels/data/shuffle_dataset_op.cc:483] Shuffle buffer filled.
2025-05-14 12:22:53.666822: I tensorflow/core/kernels/data/shuffle_dataset_op.cc:453] ShuffleDatasetV3:55032: Filling up shuffle buffer (this may take a while): 3113 of 6280
2025-05-14 12:23:02.301191: I tensorflow/core/kernels/data/shuffle_dataset_op.cc:483] Shuffle buffer filled.
2025-05-14 12:24:06.478610: I tensorflow/core/kernels/data/shuffle_dataset_op.cc:453] ShuffleDatasetV3:55032: Filling up shuffle buffer (this may take a while): 3265 of 6280
2025-05-14 12:24:14.006520: I tensorflow/core/kernels/data/shuffle_dataset_op.cc:483] Shuffle buffer filled.
2025-05-14 12:25:17.602610: I tensorflow/core/kernels/data/shuffle_dataset_op.cc:453] ShuffleDatasetV3:55032: Filling up shuffle buffer (this may take a while): 3065 of 6280
2025-05-14 12:25:25.721663: I tensorflow/core/kernels/data/shuffle_dataset_op.cc:483] Shuffle buffer filled.
2025-05-14 12:26:29.683873: I tensorflow/core/kernels/data/shuffle_dataset_op.cc:453] ShuffleDatasetV3:55032: Filling up shuffle buffer (this may take a while): 3167 of 6280
2025-05-14 12:26:37.789412: I tensorflow/core/kernels/data/shuffle_dataset_op.cc:483] Shuffle buffer filled.
2025-05-14 12:27:41.691156: I tensorflow/core/kernels/data/shuffle_dataset_op.cc:453] ShuffleDatasetV3:55032: Filling up shuffle buffer (this may take a while): 3061 of 6280
2025-05-14 12:27:49.990465: I tensorflow/core/kernels/data/shuffle_dataset_op.cc:483] Shuffle buffer filled.
2025-05-14 12:28:53.393194: I tensorflow/core/kernels/data/shuffle_dataset_op.cc:453] ShuffleDatasetV3:55032: Filling up shuffle buffer (this may take a while): 3126 of 6280
2025-05-14 12:29:01.110888: I tensorflow/core/kernels/data/shuffle_dataset_op.cc:483] Shuffle buffer filled.
2025-05-14 12:30:05.107001: I tensorflow/core/kernels/data/shuffle_dataset_op.cc:453] ShuffleDatasetV3:55032: Filling up shuffle buffer (this may take a while): 3141 of 6280
2025-05-14 12:30:12.943263: I tensorflow/core/kernels/data/shuffle_dataset_op.cc:483] Shuffle buffer filled.
2025-05-14 12:31:16.715196: I tensorflow/core/kernels/data/shuffle_dataset_op.cc:453] ShuffleDatasetV3:55032: Filling up shuffle buffer (this may take a while): 3130 of 6280
2025-05-14 12:31:24.720921: I tensorflow/core/kernels/data/shuffle_dataset_op.cc:483] Shuffle buffer filled.
2025-05-14 12:32:28.869980: I tensorflow/core/kernels/data/shuffle_dataset_op.cc:453] ShuffleDatasetV3:55032: Filling up shuffle buffer (this may take a while): 3330 of 6280
2025-05-14 12:32:36.087368: I tensorflow/core/kernels/data/shuffle_dataset_op.cc:483] Shuffle buffer filled.
2025-05-14 12:38:07.698950: I tensorflow/core/kernels/data/shuffle_dataset_op.cc:453] ShuffleDatasetV3:66038: Filling up shuffle buffer (this may take a while): 4043 of 6279
2025-05-14 12:38:11.910154: I tensorflow/core/kernels/data/shuffle_dataset_op.cc:483] Shuffle buffer filled.
2025-05-14 12:39:50.295256: I tensorflow/core/kernels/data/shuffle_dataset_op.cc:453] ShuffleDatasetV3:66038: Filling up shuffle buffer (this may take a while): 4057 of 6279
2025-05-14 12:39:54.517978: I tensorflow/core/kernels/data/shuffle_dataset_op.cc:483] Shuffle buffer filled.
2025-05-14 12:40:59.129334: I tensorflow/core/kernels/data/shuffle_dataset_op.cc:453] ShuffleDatasetV3:66038: Filling up shuffle buffer (this may take a while): 4120 of 6279
2025-05-14 12:41:03.141615: I tensorflow/core/kernels/data/shuffle_dataset_op.cc:483] Shuffle buffer filled.
2025-05-14 12:42:06.979333: I tensorflow/core/kernels/data/shuffle_dataset_op.cc:453] ShuffleDatasetV3:66038: Filling up shuffle buffer (this may take a while): 3914 of 6279
2025-05-14 12:42:11.470826: I tensorflow/core/kernels/data/shuffle_dataset_op.cc:483] Shuffle buffer filled.
2025-05-14 12:43:17.797831: I tensorflow/core/kernels/data/shuffle_dataset_op.cc:453] ShuffleDatasetV3:66038: Filling up shuffle buffer (this may take a while): 4164 of 6279
2025-05-14 12:43:21.819538: I tensorflow/core/kernels/data/shuffle_dataset_op.cc:483] Shuffle buffer filled.
2025-05-14 12:44:26.300373: I tensorflow/core/kernels/data/shuffle_dataset_op.cc:453] ShuffleDatasetV3:66038: Filling up shuffle buffer (this may take a while): 3999 of 6279
2025-05-14 12:44:30.826409: I tensorflow/core/kernels/data/shuffle_dataset_op.cc:483] Shuffle buffer filled.
2025-05-14 12:45:36.309524: I tensorflow/core/kernels/data/shuffle_dataset_op.cc:453] ShuffleDatasetV3:66038: Filling up shuffle buffer (this may take a while): 4269 of 6279
2025-05-14 12:45:39.725485: I tensorflow/core/kernels/data/shuffle_dataset_op.cc:483] Shuffle buffer filled.
2025-05-14 12:46:44.279340: I tensorflow/core/kernels/data/shuffle_dataset_op.cc:453] ShuffleDatasetV3:66038: Filling up shuffle buffer (this may take a while): 3598 of 6279
2025-05-14 12:46:50.700794: I tensorflow/core/kernels/data/shuffle_dataset_op.cc:483] Shuffle buffer filled.
2025-05-14 12:48:01.375448: I tensorflow/core/kernels/data/shuffle_dataset_op.cc:453] ShuffleDatasetV3:66038: Filling up shuffle buffer (this may take a while): 3368 of 6279
2025-05-14 12:48:08.392267: I tensorflow/core/kernels/data/shuffle_dataset_op.cc:483] Shuffle buffer filled.
2025-05-14 12:49:18.799309: I tensorflow/core/kernels/data/shuffle_dataset_op.cc:453] ShuffleDatasetV3:66038: Filling up shuffle buffer (this may take a while): 3396 of 6279
2025-05-14 12:49:25.707012: I tensorflow/core/kernels/data/shuffle_dataset_op.cc:483] Shuffle buffer filled.
2025-05-14 12:50:35.202099: I tensorflow/core/kernels/data/shuffle_dataset_op.cc:453] ShuffleDatasetV3:66038: Filling up shuffle buffer (this may take a while): 3387 of 6279
2025-05-14 12:50:41.982943: I tensorflow/core/kernels/data/shuffle_dataset_op.cc:483] Shuffle buffer filled.
2025-05-14 12:51:50.801479: I tensorflow/core/kernels/data/shuffle_dataset_op.cc:453] ShuffleDatasetV3:66038: Filling up shuffle buffer (this may take a while): 3361 of 6279
2025-05-14 12:51:57.814120: I tensorflow/core/kernels/data/shuffle_dataset_op.cc:483] Shuffle buffer filled.
2025-05-14 12:53:07.383218: I tensorflow/core/kernels/data/shuffle_dataset_op.cc:453] ShuffleDatasetV3:66038: Filling up shuffle buffer (this may take a while): 3242 of 6279
2025-05-14 12:53:15.003661: I tensorflow/core/kernels/data/shuffle_dataset_op.cc:483] Shuffle buffer filled.
2025-05-14 12:54:24.779992: I tensorflow/core/kernels/data/shuffle_dataset_op.cc:453] ShuffleDatasetV3:66038: Filling up shuffle buffer (this may take a while): 3280 of 6279
2025-05-14 12:54:32.019647: I tensorflow/core/kernels/data/shuffle_dataset_op.cc:483] Shuffle buffer filled.
2025-05-14 12:55:41.508043: I tensorflow/core/kernels/data/shuffle_dataset_op.cc:453] ShuffleDatasetV3:66038: Filling up shuffle buffer (this may take a while): 3480 of 6279
2025-05-14 12:55:48.235746: I tensorflow/core/kernels/data/shuffle_dataset_op.cc:483] Shuffle buffer filled.
2025-05-14 13:01:50.011461: I tensorflow/core/kernels/data/shuffle_dataset_op.cc:453] ShuffleDatasetV3:77044: Filling up shuffle buffer (this may take a while): 3222 of 6280
2025-05-14 13:01:57.415936: I tensorflow/core/kernels/data/shuffle_dataset_op.cc:483] Shuffle buffer filled.
2025-05-14 13:03:36.869588: I tensorflow/core/kernels/data/shuffle_dataset_op.cc:453] ShuffleDatasetV3:77044: Filling up shuffle buffer (this may take a while): 3330 of 6280
2025-05-14 13:03:44.106888: I tensorflow/core/kernels/data/shuffle_dataset_op.cc:483] Shuffle buffer filled.
2025-05-14 13:04:52.094969: I tensorflow/core/kernels/data/shuffle_dataset_op.cc:453] ShuffleDatasetV3:77044: Filling up shuffle buffer (this may take a while): 3659 of 6280
2025-05-14 13:04:57.992868: I tensorflow/core/kernels/data/shuffle_dataset_op.cc:483] Shuffle buffer filled.
2025-05-14 13:06:07.504062: I tensorflow/core/kernels/data/shuffle_dataset_op.cc:453] ShuffleDatasetV3:77044: Filling up shuffle buffer (this may take a while): 3318 of 6280
2025-05-14 13:06:14.666767: I tensorflow/core/kernels/data/shuffle_dataset_op.cc:483] Shuffle buffer filled.
2025-05-14 13:07:26.196511: I tensorflow/core/kernels/data/shuffle_dataset_op.cc:453] ShuffleDatasetV3:77044: Filling up shuffle buffer (this may take a while): 3357 of 6280
2025-05-14 13:07:33.222267: I tensorflow/core/kernels/data/shuffle_dataset_op.cc:483] Shuffle buffer filled.
2025-05-14 13:08:44.703635: I tensorflow/core/kernels/data/shuffle_dataset_op.cc:453] ShuffleDatasetV3:77044: Filling up shuffle buffer (this may take a while): 3496 of 6280
2025-05-14 13:08:51.586610: I tensorflow/core/kernels/data/shuffle_dataset_op.cc:483] Shuffle buffer filled.
2025-05-14 13:10:01.377382: I tensorflow/core/kernels/data/shuffle_dataset_op.cc:453] ShuffleDatasetV3:77044: Filling up shuffle buffer (this may take a while): 3403 of 6280
2025-05-14 13:10:08.411452: I tensorflow/core/kernels/data/shuffle_dataset_op.cc:483] Shuffle buffer filled.
2025-05-14 13:11:18.174364: I tensorflow/core/kernels/data/shuffle_dataset_op.cc:453] ShuffleDatasetV3:77044: Filling up shuffle buffer (this may take a while): 3247 of 6280
2025-05-14 13:11:25.739949: I tensorflow/core/kernels/data/shuffle_dataset_op.cc:483] Shuffle buffer filled.
2025-05-14 13:12:35.566443: I tensorflow/core/kernels/data/shuffle_dataset_op.cc:453] ShuffleDatasetV3:77044: Filling up shuffle buffer (this may take a while): 3341 of 6280
2025-05-14 13:12:42.378607: I tensorflow/core/kernels/data/shuffle_dataset_op.cc:483] Shuffle buffer filled.
2025-05-14 13:13:52.730437: I tensorflow/core/kernels/data/shuffle_dataset_op.cc:453] ShuffleDatasetV3:77044: Filling up shuffle buffer (this may take a while): 3362 of 6280
2025-05-14 13:13:59.812680: I tensorflow/core/kernels/data/shuffle_dataset_op.cc:483] Shuffle buffer filled.
2025-05-14 13:15:09.492873: I tensorflow/core/kernels/data/shuffle_dataset_op.cc:453] ShuffleDatasetV3:77044: Filling up shuffle buffer (this may take a while): 3432 of 6280
2025-05-14 13:15:16.223639: I tensorflow/core/kernels/data/shuffle_dataset_op.cc:483] Shuffle buffer filled.
2025-05-14 13:16:28.096864: I tensorflow/core/kernels/data/shuffle_dataset_op.cc:453] ShuffleDatasetV3:77044: Filling up shuffle buffer (this may take a while): 3223 of 6280
2025-05-14 13:16:35.702856: I tensorflow/core/kernels/data/shuffle_dataset_op.cc:483] Shuffle buffer filled.
2025-05-14 13:17:45.066836: I tensorflow/core/kernels/data/shuffle_dataset_op.cc:453] ShuffleDatasetV3:77044: Filling up shuffle buffer (this may take a while): 3441 of 6280
2025-05-14 13:17:51.725917: I tensorflow/core/kernels/data/shuffle_dataset_op.cc:483] Shuffle buffer filled.
2025-05-14 13:19:01.272871: I tensorflow/core/kernels/data/shuffle_dataset_op.cc:453] ShuffleDatasetV3:77044: Filling up shuffle buffer (this may take a while): 3298 of 6280
2025-05-14 13:19:08.687370: I tensorflow/core/kernels/data/shuffle_dataset_op.cc:483] Shuffle buffer filled.
2025-05-14 13:20:17.600122: I tensorflow/core/kernels/data/shuffle_dataset_op.cc:453] ShuffleDatasetV3:77044: Filling up shuffle buffer (this may take a while): 3377 of 6280
2025-05-14 13:20:24.518490: I tensorflow/core/kernels/data/shuffle_dataset_op.cc:483] Shuffle buffer filled.
2025-05-14 13:25:55.463896: I tensorflow/core/framework/local_rendezvous.cc:407] Local rendezvous is aborting with status: OUT_OF_RANGE: End of sequence
2025-05-14 13:26:15.866481: I tensorflow/core/kernels/data/shuffle_dataset_op.cc:453] ShuffleDatasetV3:88050: Filling up shuffle buffer (this may take a while): 3058 of 6279
2025-05-14 13:26:24.409731: I tensorflow/core/kernels/data/shuffle_dataset_op.cc:483] Shuffle buffer filled.
2025-05-14 13:27:46.570427: I tensorflow/core/kernels/data/shuffle_dataset_op.cc:453] ShuffleDatasetV3:88050: Filling up shuffle buffer (this may take a while): 3051 of 6279
2025-05-14 13:27:54.918076: I tensorflow/core/kernels/data/shuffle_dataset_op.cc:483] Shuffle buffer filled.
2025-05-14 13:28:58.478695: I tensorflow/core/kernels/data/shuffle_dataset_op.cc:453] ShuffleDatasetV3:88050: Filling up shuffle buffer (this may take a while): 3100 of 6279
2025-05-14 13:29:06.631207: I tensorflow/core/kernels/data/shuffle_dataset_op.cc:483] Shuffle buffer filled.
2025-05-14 13:30:10.401473: I tensorflow/core/kernels/data/shuffle_dataset_op.cc:453] ShuffleDatasetV3:88050: Filling up shuffle buffer (this may take a while): 3143 of 6279
2025-05-14 13:30:18.646378: I tensorflow/core/kernels/data/shuffle_dataset_op.cc:483] Shuffle buffer filled.
2025-05-14 13:31:22.691370: I tensorflow/core/kernels/data/shuffle_dataset_op.cc:453] ShuffleDatasetV3:88050: Filling up shuffle buffer (this may take a while): 3182 of 6279
2025-05-14 13:31:30.538128: I tensorflow/core/kernels/data/shuffle_dataset_op.cc:483] Shuffle buffer filled.
2025-05-14 13:32:33.801215: I tensorflow/core/kernels/data/shuffle_dataset_op.cc:453] ShuffleDatasetV3:88050: Filling up shuffle buffer (this may take a while): 3129 of 6279
2025-05-14 13:32:41.828638: I tensorflow/core/kernels/data/shuffle_dataset_op.cc:483] Shuffle buffer filled.
2025-05-14 13:33:44.780738: I tensorflow/core/kernels/data/shuffle_dataset_op.cc:453] ShuffleDatasetV3:88050: Filling up shuffle buffer (this may take a while): 3338 of 6279
2025-05-14 13:33:52.475105: I tensorflow/core/kernels/data/shuffle_dataset_op.cc:483] Shuffle buffer filled.
2025-05-14 13:34:54.696156: I tensorflow/core/kernels/data/shuffle_dataset_op.cc:453] ShuffleDatasetV3:88050: Filling up shuffle buffer (this may take a while): 3022 of 6279
2025-05-14 13:35:03.229635: I tensorflow/core/kernels/data/shuffle_dataset_op.cc:483] Shuffle buffer filled.
2025-05-14 13:36:06.407327: I tensorflow/core/kernels/data/shuffle_dataset_op.cc:453] ShuffleDatasetV3:88050: Filling up shuffle buffer (this may take a while): 3223 of 6279
2025-05-14 13:36:14.104100: I tensorflow/core/kernels/data/shuffle_dataset_op.cc:483] Shuffle buffer filled.
2025-05-14 13:37:16.516075: I tensorflow/core/kernels/data/shuffle_dataset_op.cc:453] ShuffleDatasetV3:88050: Filling up shuffle buffer (this may take a while): 3049 of 6279
2025-05-14 13:37:24.719631: I tensorflow/core/kernels/data/shuffle_dataset_op.cc:483] Shuffle buffer filled.
2025-05-14 13:38:27.997110: I tensorflow/core/kernels/data/shuffle_dataset_op.cc:453] ShuffleDatasetV3:88050: Filling up shuffle buffer (this may take a while): 3202 of 6279
2025-05-14 13:38:35.641992: I tensorflow/core/kernels/data/shuffle_dataset_op.cc:483] Shuffle buffer filled.
2025-05-14 13:39:38.608312: I tensorflow/core/kernels/data/shuffle_dataset_op.cc:453] ShuffleDatasetV3:88050: Filling up shuffle buffer (this may take a while): 3222 of 6279
2025-05-14 13:39:46.703534: I tensorflow/core/kernels/data/shuffle_dataset_op.cc:483] Shuffle buffer filled.
2025-05-14 13:40:49.816630: I tensorflow/core/kernels/data/shuffle_dataset_op.cc:453] ShuffleDatasetV3:88050: Filling up shuffle buffer (this may take a while): 3092 of 6279
2025-05-14 13:40:57.743567: I tensorflow/core/kernels/data/shuffle_dataset_op.cc:483] Shuffle buffer filled.
2025-05-14 13:42:01.210725: I tensorflow/core/kernels/data/shuffle_dataset_op.cc:453] ShuffleDatasetV3:88050: Filling up shuffle buffer (this may take a while): 3081 of 6279
2025-05-14 13:42:09.630297: I tensorflow/core/kernels/data/shuffle_dataset_op.cc:483] Shuffle buffer filled.
2025-05-14 13:43:13.216872: I tensorflow/core/kernels/data/shuffle_dataset_op.cc:453] ShuffleDatasetV3:88050: Filling up shuffle buffer (this may take a while): 3090 of 6279
2025-05-14 13:43:21.125570: I tensorflow/core/kernels/data/shuffle_dataset_op.cc:483] Shuffle buffer filled.
2025-05-14 13:48:32.500242: I tensorflow/core/kernels/data/shuffle_dataset_op.cc:453] ShuffleDatasetV3:99056: Filling up shuffle buffer (this may take a while): 3083 of 6280
2025-05-14 13:48:40.788514: I tensorflow/core/kernels/data/shuffle_dataset_op.cc:483] Shuffle buffer filled.
2025-05-14 13:50:01.203273: I tensorflow/core/kernels/data/shuffle_dataset_op.cc:453] ShuffleDatasetV3:99056: Filling up shuffle buffer (this may take a while): 3342 of 6280
2025-05-14 13:50:08.446460: I tensorflow/core/kernels/data/shuffle_dataset_op.cc:483] Shuffle buffer filled.
2025-05-14 13:51:12.393104: I tensorflow/core/kernels/data/shuffle_dataset_op.cc:453] ShuffleDatasetV3:99056: Filling up shuffle buffer (this may take a while): 3267 of 6280
2025-05-14 13:51:20.038596: I tensorflow/core/kernels/data/shuffle_dataset_op.cc:483] Shuffle buffer filled.
2025-05-14 13:52:23.596102: I tensorflow/core/kernels/data/shuffle_dataset_op.cc:453] ShuffleDatasetV3:99056: Filling up shuffle buffer (this may take a while): 3228 of 6280
2025-05-14 13:52:31.540863: I tensorflow/core/kernels/data/shuffle_dataset_op.cc:483] Shuffle buffer filled.
2025-05-14 13:53:35.176255: I tensorflow/core/kernels/data/shuffle_dataset_op.cc:453] ShuffleDatasetV3:99056: Filling up shuffle buffer (this may take a while): 3224 of 6280
2025-05-14 13:53:42.590047: I tensorflow/core/kernels/data/shuffle_dataset_op.cc:483] Shuffle buffer filled.
2025-05-14 13:54:45.891831: I tensorflow/core/kernels/data/shuffle_dataset_op.cc:453] ShuffleDatasetV3:99056: Filling up shuffle buffer (this may take a while): 3313 of 6280
2025-05-14 13:54:53.288172: I tensorflow/core/kernels/data/shuffle_dataset_op.cc:483] Shuffle buffer filled.
2025-05-14 13:55:56.797416: I tensorflow/core/kernels/data/shuffle_dataset_op.cc:453] ShuffleDatasetV3:99056: Filling up shuffle buffer (this may take a while): 2583 of 6280
2025-05-14 13:56:08.121556: I tensorflow/core/kernels/data/shuffle_dataset_op.cc:483] Shuffle buffer filled.
2025-05-14 13:57:14.994998: I tensorflow/core/kernels/data/shuffle_dataset_op.cc:453] ShuffleDatasetV3:99056: Filling up shuffle buffer (this may take a while): 2586 of 6280
2025-05-14 13:57:26.689519: I tensorflow/core/kernels/data/shuffle_dataset_op.cc:483] Shuffle buffer filled.
2025-05-14 13:58:33.297391: I tensorflow/core/kernels/data/shuffle_dataset_op.cc:453] ShuffleDatasetV3:99056: Filling up shuffle buffer (this may take a while): 2629 of 6280
2025-05-14 13:58:44.528836: I tensorflow/core/kernels/data/shuffle_dataset_op.cc:483] Shuffle buffer filled.
2025-05-14 13:59:50.970247: I tensorflow/core/kernels/data/shuffle_dataset_op.cc:453] ShuffleDatasetV3:99056: Filling up shuffle buffer (this may take a while): 2752 of 6280
2025-05-14 14:00:01.498670: I tensorflow/core/kernels/data/shuffle_dataset_op.cc:483] Shuffle buffer filled.
2025-05-14 14:01:06.512722: I tensorflow/core/kernels/data/shuffle_dataset_op.cc:453] ShuffleDatasetV3:99056: Filling up shuffle buffer (this may take a while): 2675 of 6280
2025-05-14 14:01:16.569052: I tensorflow/core/kernels/data/shuffle_dataset_op.cc:453] ShuffleDatasetV3:99056: Filling up shuffle buffer (this may take a while): 5700 of 6280
2025-05-14 14:01:18.012108: I tensorflow/core/kernels/data/shuffle_dataset_op.cc:483] Shuffle buffer filled.
2025-05-14 14:02:24.089050: I tensorflow/core/kernels/data/shuffle_dataset_op.cc:453] ShuffleDatasetV3:99056: Filling up shuffle buffer (this may take a while): 2758 of 6280
2025-05-14 14:02:35.190603: I tensorflow/core/kernels/data/shuffle_dataset_op.cc:483] Shuffle buffer filled.
2025-05-14 14:03:42.366882: I tensorflow/core/kernels/data/shuffle_dataset_op.cc:453] ShuffleDatasetV3:99056: Filling up shuffle buffer (this may take a while): 2569 of 6280
2025-05-14 14:03:52.402468: I tensorflow/core/kernels/data/shuffle_dataset_op.cc:453] ShuffleDatasetV3:99056: Filling up shuffle buffer (this may take a while): 5619 of 6280
2025-05-14 14:03:53.902188: I tensorflow/core/kernels/data/shuffle_dataset_op.cc:483] Shuffle buffer filled.
2025-05-14 14:05:00.582639: I tensorflow/core/kernels/data/shuffle_dataset_op.cc:453] ShuffleDatasetV3:99056: Filling up shuffle buffer (this may take a while): 2708 of 6280
2025-05-14 14:05:11.612585: I tensorflow/core/kernels/data/shuffle_dataset_op.cc:483] Shuffle buffer filled.
2025-05-14 14:06:18.090137: I tensorflow/core/kernels/data/shuffle_dataset_op.cc:453] ShuffleDatasetV3:99056: Filling up shuffle buffer (this may take a while): 2653 of 6280
2025-05-14 14:06:29.417856: I tensorflow/core/kernels/data/shuffle_dataset_op.cc:483] Shuffle buffer filled.
2025-05-14 14:12:37.991261: I tensorflow/core/kernels/data/shuffle_dataset_op.cc:453] ShuffleDatasetV3:110062: Filling up shuffle buffer (this may take a while): 3145 of 6279
2025-05-14 14:12:45.468300: I tensorflow/core/kernels/data/shuffle_dataset_op.cc:483] Shuffle buffer filled.
2025-05-14 14:14:31.194938: I tensorflow/core/kernels/data/shuffle_dataset_op.cc:453] ShuffleDatasetV3:110062: Filling up shuffle buffer (this may take a while): 3350 of 6279
2025-05-14 14:14:38.199393: I tensorflow/core/kernels/data/shuffle_dataset_op.cc:483] Shuffle buffer filled.
2025-05-14 14:15:49.379826: I tensorflow/core/kernels/data/shuffle_dataset_op.cc:453] ShuffleDatasetV3:110062: Filling up shuffle buffer (this may take a while): 3493 of 6279
2025-05-14 14:15:56.032599: I tensorflow/core/kernels/data/shuffle_dataset_op.cc:483] Shuffle buffer filled.
2025-05-14 14:17:08.173758: I tensorflow/core/kernels/data/shuffle_dataset_op.cc:453] ShuffleDatasetV3:110062: Filling up shuffle buffer (this may take a while): 3344 of 6279
2025-05-14 14:17:15.198569: I tensorflow/core/kernels/data/shuffle_dataset_op.cc:483] Shuffle buffer filled.
2025-05-14 14:18:25.693807: I tensorflow/core/kernels/data/shuffle_dataset_op.cc:453] ShuffleDatasetV3:110062: Filling up shuffle buffer (this may take a while): 3613 of 6279
2025-05-14 14:18:32.289042: I tensorflow/core/kernels/data/shuffle_dataset_op.cc:483] Shuffle buffer filled.
2025-05-14 14:19:44.296734: I tensorflow/core/kernels/data/shuffle_dataset_op.cc:453] ShuffleDatasetV3:110062: Filling up shuffle buffer (this may take a while): 3347 of 6279
2025-05-14 14:19:51.519214: I tensorflow/core/kernels/data/shuffle_dataset_op.cc:483] Shuffle buffer filled.
2025-05-14 14:21:03.093734: I tensorflow/core/kernels/data/shuffle_dataset_op.cc:453] ShuffleDatasetV3:110062: Filling up shuffle buffer (this may take a while): 3305 of 6279
2025-05-14 14:21:10.388109: I tensorflow/core/kernels/data/shuffle_dataset_op.cc:483] Shuffle buffer filled.
2025-05-14 14:22:21.890175: I tensorflow/core/kernels/data/shuffle_dataset_op.cc:453] ShuffleDatasetV3:110062: Filling up shuffle buffer (this may take a while): 3244 of 6279
2025-05-14 14:22:29.221322: I tensorflow/core/kernels/data/shuffle_dataset_op.cc:483] Shuffle buffer filled.
2025-05-14 14:23:40.879661: I tensorflow/core/kernels/data/shuffle_dataset_op.cc:453] ShuffleDatasetV3:110062: Filling up shuffle buffer (this may take a while): 3356 of 6279
2025-05-14 14:23:47.687073: I tensorflow/core/kernels/data/shuffle_dataset_op.cc:483] Shuffle buffer filled.
2025-05-14 14:24:59.620501: I tensorflow/core/kernels/data/shuffle_dataset_op.cc:453] ShuffleDatasetV3:110062: Filling up shuffle buffer (this may take a while): 3283 of 6279
2025-05-14 14:25:06.908032: I tensorflow/core/kernels/data/shuffle_dataset_op.cc:483] Shuffle buffer filled.
2025-05-14 14:26:18.575284: I tensorflow/core/kernels/data/shuffle_dataset_op.cc:453] ShuffleDatasetV3:110062: Filling up shuffle buffer (this may take a while): 3401 of 6279
2025-05-14 14:26:25.649097: I tensorflow/core/kernels/data/shuffle_dataset_op.cc:483] Shuffle buffer filled.
2025-05-14 14:27:36.576704: I tensorflow/core/kernels/data/shuffle_dataset_op.cc:453] ShuffleDatasetV3:110062: Filling up shuffle buffer (this may take a while): 3403 of 6279
2025-05-14 14:27:43.582356: I tensorflow/core/kernels/data/shuffle_dataset_op.cc:483] Shuffle buffer filled.
2025-05-14 14:28:54.267164: I tensorflow/core/kernels/data/shuffle_dataset_op.cc:453] ShuffleDatasetV3:110062: Filling up shuffle buffer (this may take a while): 3629 of 6279
2025-05-14 14:29:00.242008: I tensorflow/core/kernels/data/shuffle_dataset_op.cc:483] Shuffle buffer filled.
2025-05-14 14:30:12.367395: I tensorflow/core/kernels/data/shuffle_dataset_op.cc:453] ShuffleDatasetV3:110062: Filling up shuffle buffer (this may take a while): 3481 of 6279
2025-05-14 14:30:19.080896: I tensorflow/core/kernels/data/shuffle_dataset_op.cc:483] Shuffle buffer filled.
2025-05-14 14:31:31.182431: I tensorflow/core/kernels/data/shuffle_dataset_op.cc:453] ShuffleDatasetV3:110062: Filling up shuffle buffer (this may take a while): 3486 of 6279
2025-05-14 14:31:37.735207: I tensorflow/core/kernels/data/shuffle_dataset_op.cc:483] Shuffle buffer filled.
2025-05-14 14:37:43.823391: I tensorflow/core/kernels/data/shuffle_dataset_op.cc:453] ShuffleDatasetV3:121068: Filling up shuffle buffer (this may take a while): 3421 of 6280
2025-05-14 14:37:50.307047: I tensorflow/core/kernels/data/shuffle_dataset_op.cc:483] Shuffle buffer filled.
2025-05-14 14:39:29.686861: I tensorflow/core/kernels/data/shuffle_dataset_op.cc:453] ShuffleDatasetV3:121068: Filling up shuffle buffer (this may take a while): 3400 of 6280
2025-05-14 14:39:36.215538: I tensorflow/core/kernels/data/shuffle_dataset_op.cc:483] Shuffle buffer filled.
2025-05-14 14:40:47.304539: I tensorflow/core/kernels/data/shuffle_dataset_op.cc:453] ShuffleDatasetV3:121068: Filling up shuffle buffer (this may take a while): 3396 of 6280
2025-05-14 14:40:54.444541: I tensorflow/core/kernels/data/shuffle_dataset_op.cc:483] Shuffle buffer filled.
2025-05-14 14:42:04.501966: I tensorflow/core/kernels/data/shuffle_dataset_op.cc:453] ShuffleDatasetV3:121068: Filling up shuffle buffer (this may take a while): 3332 of 6280
2025-05-14 14:42:11.410833: I tensorflow/core/kernels/data/shuffle_dataset_op.cc:483] Shuffle buffer filled.
2025-05-14 14:43:19.493882: I tensorflow/core/kernels/data/shuffle_dataset_op.cc:453] ShuffleDatasetV3:121068: Filling up shuffle buffer (this may take a while): 3508 of 6280
2025-05-14 14:43:25.996062: I tensorflow/core/kernels/data/shuffle_dataset_op.cc:483] Shuffle buffer filled.
2025-05-14 14:44:36.188391: I tensorflow/core/kernels/data/shuffle_dataset_op.cc:453] ShuffleDatasetV3:121068: Filling up shuffle buffer (this may take a while): 3431 of 6280
2025-05-14 14:44:43.046496: I tensorflow/core/kernels/data/shuffle_dataset_op.cc:483] Shuffle buffer filled.
2025-05-14 14:45:52.169474: I tensorflow/core/kernels/data/shuffle_dataset_op.cc:453] ShuffleDatasetV3:121068: Filling up shuffle buffer (this may take a while): 3346 of 6280
2025-05-14 14:45:59.283916: I tensorflow/core/kernels/data/shuffle_dataset_op.cc:483] Shuffle buffer filled.
2025-05-14 14:47:08.385974: I tensorflow/core/kernels/data/shuffle_dataset_op.cc:453] ShuffleDatasetV3:121068: Filling up shuffle buffer (this may take a while): 3430 of 6280
2025-05-14 14:47:15.210800: I tensorflow/core/kernels/data/shuffle_dataset_op.cc:483] Shuffle buffer filled.
2025-05-14 14:48:24.218830: I tensorflow/core/kernels/data/shuffle_dataset_op.cc:453] ShuffleDatasetV3:121068: Filling up shuffle buffer (this may take a while): 3565 of 6280
2025-05-14 14:48:30.738129: I tensorflow/core/kernels/data/shuffle_dataset_op.cc:483] Shuffle buffer filled.
2025-05-14 14:49:40.382635: I tensorflow/core/kernels/data/shuffle_dataset_op.cc:453] ShuffleDatasetV3:121068: Filling up shuffle buffer (this may take a while): 3334 of 6280
2025-05-14 14:49:47.214407: I tensorflow/core/kernels/data/shuffle_dataset_op.cc:483] Shuffle buffer filled.
2025-05-14 14:50:56.110523: I tensorflow/core/kernels/data/shuffle_dataset_op.cc:453] ShuffleDatasetV3:121068: Filling up shuffle buffer (this may take a while): 3320 of 6280
2025-05-14 14:51:03.294247: I tensorflow/core/kernels/data/shuffle_dataset_op.cc:483] Shuffle buffer filled.
2025-05-14 14:52:12.568388: I tensorflow/core/kernels/data/shuffle_dataset_op.cc:453] ShuffleDatasetV3:121068: Filling up shuffle buffer (this may take a while): 3391 of 6280
2025-05-14 14:52:19.030922: I tensorflow/core/kernels/data/shuffle_dataset_op.cc:483] Shuffle buffer filled.
2025-05-14 14:53:28.522623: I tensorflow/core/kernels/data/shuffle_dataset_op.cc:453] ShuffleDatasetV3:121068: Filling up shuffle buffer (this may take a while): 3469 of 6280
2025-05-14 14:53:34.844540: I tensorflow/core/kernels/data/shuffle_dataset_op.cc:483] Shuffle buffer filled.
2025-05-14 14:54:41.287605: I tensorflow/core/kernels/data/shuffle_dataset_op.cc:453] ShuffleDatasetV3:121068: Filling up shuffle buffer (this may take a while): 3523 of 6280
2025-05-14 14:54:47.910950: I tensorflow/core/kernels/data/shuffle_dataset_op.cc:483] Shuffle buffer filled.
2025-05-14 14:55:56.397636: I tensorflow/core/kernels/data/shuffle_dataset_op.cc:453] ShuffleDatasetV3:121068: Filling up shuffle buffer (this may take a while): 3387 of 6280
2025-05-14 14:56:03.204299: I tensorflow/core/kernels/data/shuffle_dataset_op.cc:483] Shuffle buffer filled.
2025-05-14 15:01:57.715795: I tensorflow/core/kernels/data/shuffle_dataset_op.cc:453] ShuffleDatasetV3:132074: Filling up shuffle buffer (this may take a while): 2475 of 6279
2025-05-14 15:02:08.839421: I tensorflow/core/kernels/data/shuffle_dataset_op.cc:483] Shuffle buffer filled.
2025-05-14 15:03:36.392141: I tensorflow/core/kernels/data/shuffle_dataset_op.cc:453] ShuffleDatasetV3:132074: Filling up shuffle buffer (this may take a while): 2642 of 6279
2025-05-14 15:03:47.716507: I tensorflow/core/kernels/data/shuffle_dataset_op.cc:483] Shuffle buffer filled.
2025-05-14 15:04:53.618614: I tensorflow/core/kernels/data/shuffle_dataset_op.cc:453] ShuffleDatasetV3:132074: Filling up shuffle buffer (this may take a while): 2575 of 6279
2025-05-14 15:05:05.123714: I tensorflow/core/kernels/data/shuffle_dataset_op.cc:483] Shuffle buffer filled.
2025-05-14 15:06:10.922294: I tensorflow/core/kernels/data/shuffle_dataset_op.cc:453] ShuffleDatasetV3:132074: Filling up shuffle buffer (this may take a while): 2705 of 6279
2025-05-14 15:06:21.128157: I tensorflow/core/kernels/data/shuffle_dataset_op.cc:453] ShuffleDatasetV3:132074: Filling up shuffle buffer (this may take a while): 6039 of 6279
2025-05-14 15:06:21.303812: I tensorflow/core/kernels/data/shuffle_dataset_op.cc:483] Shuffle buffer filled.
2025-05-14 15:07:27.381057: I tensorflow/core/kernels/data/shuffle_dataset_op.cc:453] ShuffleDatasetV3:132074: Filling up shuffle buffer (this may take a while): 2530 of 6279
2025-05-14 15:07:37.408955: I tensorflow/core/kernels/data/shuffle_dataset_op.cc:453] ShuffleDatasetV3:132074: Filling up shuffle buffer (this may take a while): 5561 of 6279
2025-05-14 15:07:39.101977: I tensorflow/core/kernels/data/shuffle_dataset_op.cc:483] Shuffle buffer filled.
2025-05-14 15:08:45.676287: I tensorflow/core/kernels/data/shuffle_dataset_op.cc:453] ShuffleDatasetV3:132074: Filling up shuffle buffer (this may take a while): 2686 of 6279
2025-05-14 15:08:55.789591: I tensorflow/core/kernels/data/shuffle_dataset_op.cc:453] ShuffleDatasetV3:132074: Filling up shuffle buffer (this may take a while): 5709 of 6279
2025-05-14 15:08:57.302104: I tensorflow/core/kernels/data/shuffle_dataset_op.cc:483] Shuffle buffer filled.
2025-05-14 15:10:03.300571: I tensorflow/core/kernels/data/shuffle_dataset_op.cc:453] ShuffleDatasetV3:132074: Filling up shuffle buffer (this may take a while): 2619 of 6279
2025-05-14 15:10:14.727210: I tensorflow/core/kernels/data/shuffle_dataset_op.cc:483] Shuffle buffer filled.
2025-05-14 15:11:21.095930: I tensorflow/core/kernels/data/shuffle_dataset_op.cc:453] ShuffleDatasetV3:132074: Filling up shuffle buffer (this may take a while): 2759 of 6279
2025-05-14 15:11:31.709194: I tensorflow/core/kernels/data/shuffle_dataset_op.cc:483] Shuffle buffer filled.
2025-05-14 15:12:37.604541: I tensorflow/core/kernels/data/shuffle_dataset_op.cc:453] ShuffleDatasetV3:132074: Filling up shuffle buffer (this may take a while): 2829 of 6279
2025-05-14 15:12:47.938188: I tensorflow/core/kernels/data/shuffle_dataset_op.cc:483] Shuffle buffer filled.
2025-05-14 15:13:54.281779: I tensorflow/core/kernels/data/shuffle_dataset_op.cc:453] ShuffleDatasetV3:132074: Filling up shuffle buffer (this may take a while): 2706 of 6279
2025-05-14 15:14:04.304996: I tensorflow/core/kernels/data/shuffle_dataset_op.cc:453] ShuffleDatasetV3:132074: Filling up shuffle buffer (this may take a while): 5805 of 6279
2025-05-14 15:14:05.208986: I tensorflow/core/kernels/data/shuffle_dataset_op.cc:483] Shuffle buffer filled.
2025-05-14 15:15:11.320489: I tensorflow/core/kernels/data/shuffle_dataset_op.cc:453] ShuffleDatasetV3:132074: Filling up shuffle buffer (this may take a while): 2663 of 6279
2025-05-14 15:15:21.401571: I tensorflow/core/kernels/data/shuffle_dataset_op.cc:453] ShuffleDatasetV3:132074: Filling up shuffle buffer (this may take a while): 5841 of 6279
2025-05-14 15:15:22.094299: I tensorflow/core/kernels/data/shuffle_dataset_op.cc:483] Shuffle buffer filled.
2025-05-14 15:16:29.066956: I tensorflow/core/kernels/data/shuffle_dataset_op.cc:453] ShuffleDatasetV3:132074: Filling up shuffle buffer (this may take a while): 2462 of 6279
2025-05-14 15:16:39.173127: I tensorflow/core/kernels/data/shuffle_dataset_op.cc:453] ShuffleDatasetV3:132074: Filling up shuffle buffer (this may take a while): 5362 of 6279
2025-05-14 15:16:41.629861: I tensorflow/core/kernels/data/shuffle_dataset_op.cc:483] Shuffle buffer filled.
2025-05-14 15:17:47.073824: I tensorflow/core/kernels/data/shuffle_dataset_op.cc:453] ShuffleDatasetV3:132074: Filling up shuffle buffer (this may take a while): 2509 of 6279
2025-05-14 15:17:59.505415: I tensorflow/core/kernels/data/shuffle_dataset_op.cc:483] Shuffle buffer filled.
2025-05-14 15:19:03.305805: I tensorflow/core/kernels/data/shuffle_dataset_op.cc:453] ShuffleDatasetV3:132074: Filling up shuffle buffer (this may take a while): 3601 of 6279
2025-05-14 15:19:11.115420: I tensorflow/core/kernels/data/shuffle_dataset_op.cc:483] Shuffle buffer filled.
2025-05-14 15:20:18.467752: I tensorflow/core/kernels/data/shuffle_dataset_op.cc:453] ShuffleDatasetV3:132074: Filling up shuffle buffer (this may take a while): 2470 of 6279
2025-05-14 15:20:28.588965: I tensorflow/core/kernels/data/shuffle_dataset_op.cc:453] ShuffleDatasetV3:132074: Filling up shuffle buffer (this may take a while): 5587 of 6279
2025-05-14 15:20:30.214908: I tensorflow/core/kernels/data/shuffle_dataset_op.cc:483] Shuffle buffer filled.
/home/foal20ym/micromamba/envs/t2/lib/python3.9/site-packages/sklearn/metrics/_ranking.py:1188: UndefinedMetricWarning: No positive samples in y_true, true positive value should be meaningless
  warnings.warn(
2025-05-14 15:26:22.394043: I tensorflow/core/kernels/data/shuffle_dataset_op.cc:453] ShuffleDatasetV3:143080: Filling up shuffle buffer (this may take a while): 2478 of 6280
2025-05-14 15:26:34.412842: I tensorflow/core/kernels/data/shuffle_dataset_op.cc:483] Shuffle buffer filled.
2025-05-14 15:27:57.705308: I tensorflow/core/kernels/data/shuffle_dataset_op.cc:453] ShuffleDatasetV3:143080: Filling up shuffle buffer (this may take a while): 2510 of 6280
2025-05-14 15:28:09.970107: I tensorflow/core/kernels/data/shuffle_dataset_op.cc:483] Shuffle buffer filled.
2025-05-14 15:29:17.985360: I tensorflow/core/kernels/data/shuffle_dataset_op.cc:453] ShuffleDatasetV3:143080: Filling up shuffle buffer (this may take a while): 2553 of 6280
2025-05-14 15:29:29.698400: I tensorflow/core/kernels/data/shuffle_dataset_op.cc:483] Shuffle buffer filled.
2025-05-14 15:30:37.086535: I tensorflow/core/kernels/data/shuffle_dataset_op.cc:453] ShuffleDatasetV3:143080: Filling up shuffle buffer (this may take a while): 2564 of 6280
2025-05-14 15:30:49.320596: I tensorflow/core/kernels/data/shuffle_dataset_op.cc:483] Shuffle buffer filled.
2025-05-14 15:31:56.165902: I tensorflow/core/kernels/data/shuffle_dataset_op.cc:453] ShuffleDatasetV3:143080: Filling up shuffle buffer (this may take a while): 2541 of 6280
2025-05-14 15:32:08.515450: I tensorflow/core/kernels/data/shuffle_dataset_op.cc:483] Shuffle buffer filled.
2025-05-14 15:33:14.771582: I tensorflow/core/kernels/data/shuffle_dataset_op.cc:453] ShuffleDatasetV3:143080: Filling up shuffle buffer (this may take a while): 2629 of 6280
2025-05-14 15:33:24.789438: I tensorflow/core/kernels/data/shuffle_dataset_op.cc:453] ShuffleDatasetV3:143080: Filling up shuffle buffer (this may take a while): 5491 of 6280
2025-05-14 15:33:26.941911: I tensorflow/core/kernels/data/shuffle_dataset_op.cc:483] Shuffle buffer filled.
2025-05-14 15:34:31.089396: I tensorflow/core/kernels/data/shuffle_dataset_op.cc:453] ShuffleDatasetV3:143080: Filling up shuffle buffer (this may take a while): 3320 of 6280
2025-05-14 15:34:38.226225: I tensorflow/core/kernels/data/shuffle_dataset_op.cc:483] Shuffle buffer filled.
2025-05-14 15:35:40.177738: I tensorflow/core/kernels/data/shuffle_dataset_op.cc:453] ShuffleDatasetV3:143080: Filling up shuffle buffer (this may take a while): 3376 of 6280
2025-05-14 15:35:47.238402: I tensorflow/core/kernels/data/shuffle_dataset_op.cc:483] Shuffle buffer filled.
2025-05-14 15:36:49.214178: I tensorflow/core/kernels/data/shuffle_dataset_op.cc:453] ShuffleDatasetV3:143080: Filling up shuffle buffer (this may take a while): 3413 of 6280
2025-05-14 15:36:56.236418: I tensorflow/core/kernels/data/shuffle_dataset_op.cc:483] Shuffle buffer filled.
2025-05-14 15:37:58.420573: I tensorflow/core/kernels/data/shuffle_dataset_op.cc:453] ShuffleDatasetV3:143080: Filling up shuffle buffer (this may take a while): 3384 of 6280
2025-05-14 15:38:05.395111: I tensorflow/core/kernels/data/shuffle_dataset_op.cc:483] Shuffle buffer filled.
2025-05-14 15:39:07.603696: I tensorflow/core/kernels/data/shuffle_dataset_op.cc:453] ShuffleDatasetV3:143080: Filling up shuffle buffer (this may take a while): 3376 of 6280
2025-05-14 15:39:14.899454: I tensorflow/core/kernels/data/shuffle_dataset_op.cc:483] Shuffle buffer filled.
2025-05-14 15:40:16.797769: I tensorflow/core/kernels/data/shuffle_dataset_op.cc:453] ShuffleDatasetV3:143080: Filling up shuffle buffer (this may take a while): 3252 of 6280
2025-05-14 15:40:24.027004: I tensorflow/core/kernels/data/shuffle_dataset_op.cc:483] Shuffle buffer filled.
2025-05-14 15:41:38.890810: I tensorflow/core/kernels/data/shuffle_dataset_op.cc:453] ShuffleDatasetV3:143080: Filling up shuffle buffer (this may take a while): 3347 of 6280
2025-05-14 15:41:45.911188: I tensorflow/core/kernels/data/shuffle_dataset_op.cc:483] Shuffle buffer filled.
2025-05-14 15:42:48.295434: I tensorflow/core/kernels/data/shuffle_dataset_op.cc:453] ShuffleDatasetV3:143080: Filling up shuffle buffer (this may take a while): 3310 of 6280
2025-05-14 15:42:55.432935: I tensorflow/core/kernels/data/shuffle_dataset_op.cc:483] Shuffle buffer filled.
2025-05-14 15:43:58.183099: I tensorflow/core/kernels/data/shuffle_dataset_op.cc:453] ShuffleDatasetV3:143080: Filling up shuffle buffer (this may take a while): 3393 of 6280
2025-05-14 15:44:05.234370: I tensorflow/core/kernels/data/shuffle_dataset_op.cc:483] Shuffle buffer filled.
2025-05-14 15:49:35.278797: I tensorflow/core/kernels/data/shuffle_dataset_op.cc:453] ShuffleDatasetV3:154086: Filling up shuffle buffer (this may take a while): 4708 of 6279
2025-05-14 15:49:37.923417: I tensorflow/core/kernels/data/shuffle_dataset_op.cc:483] Shuffle buffer filled.
2025-05-14 15:51:19.666012: I tensorflow/core/kernels/data/shuffle_dataset_op.cc:453] ShuffleDatasetV3:154086: Filling up shuffle buffer (this may take a while): 3347 of 6279
2025-05-14 15:51:26.869968: I tensorflow/core/kernels/data/shuffle_dataset_op.cc:483] Shuffle buffer filled.
2025-05-14 15:52:37.475945: I tensorflow/core/kernels/data/shuffle_dataset_op.cc:453] ShuffleDatasetV3:154086: Filling up shuffle buffer (this may take a while): 3203 of 6279
2025-05-14 15:52:44.991012: I tensorflow/core/kernels/data/shuffle_dataset_op.cc:483] Shuffle buffer filled.
2025-05-14 15:53:56.969322: I tensorflow/core/kernels/data/shuffle_dataset_op.cc:453] ShuffleDatasetV3:154086: Filling up shuffle buffer (this may take a while): 3282 of 6279
2025-05-14 15:54:03.998421: I tensorflow/core/kernels/data/shuffle_dataset_op.cc:483] Shuffle buffer filled.
2025-05-14 15:55:15.819854: I tensorflow/core/kernels/data/shuffle_dataset_op.cc:453] ShuffleDatasetV3:154086: Filling up shuffle buffer (this may take a while): 3377 of 6279
2025-05-14 15:55:22.833847: I tensorflow/core/kernels/data/shuffle_dataset_op.cc:483] Shuffle buffer filled.
2025-05-14 15:56:33.707980: I tensorflow/core/kernels/data/shuffle_dataset_op.cc:453] ShuffleDatasetV3:154086: Filling up shuffle buffer (this may take a while): 3459 of 6279
2025-05-14 15:56:40.400501: I tensorflow/core/kernels/data/shuffle_dataset_op.cc:483] Shuffle buffer filled.
2025-05-14 15:57:50.881256: I tensorflow/core/kernels/data/shuffle_dataset_op.cc:453] ShuffleDatasetV3:154086: Filling up shuffle buffer (this may take a while): 3399 of 6279
2025-05-14 15:57:57.807722: I tensorflow/core/kernels/data/shuffle_dataset_op.cc:483] Shuffle buffer filled.
2025-05-14 15:59:08.376709: I tensorflow/core/kernels/data/shuffle_dataset_op.cc:453] ShuffleDatasetV3:154086: Filling up shuffle buffer (this may take a while): 3361 of 6279
2025-05-14 15:59:15.329189: I tensorflow/core/kernels/data/shuffle_dataset_op.cc:483] Shuffle buffer filled.
2025-05-14 16:00:25.393394: I tensorflow/core/kernels/data/shuffle_dataset_op.cc:453] ShuffleDatasetV3:154086: Filling up shuffle buffer (this may take a while): 3386 of 6279
2025-05-14 16:00:32.498700: I tensorflow/core/kernels/data/shuffle_dataset_op.cc:483] Shuffle buffer filled.
2025-05-14 16:01:42.269581: I tensorflow/core/kernels/data/shuffle_dataset_op.cc:453] ShuffleDatasetV3:154086: Filling up shuffle buffer (this may take a while): 3402 of 6279
2025-05-14 16:01:49.139009: I tensorflow/core/kernels/data/shuffle_dataset_op.cc:483] Shuffle buffer filled.
2025-05-14 16:02:58.679946: I tensorflow/core/kernels/data/shuffle_dataset_op.cc:453] ShuffleDatasetV3:154086: Filling up shuffle buffer (this may take a while): 3349 of 6279
2025-05-14 16:03:05.801009: I tensorflow/core/kernels/data/shuffle_dataset_op.cc:483] Shuffle buffer filled.
2025-05-14 16:04:16.584691: I tensorflow/core/kernels/data/shuffle_dataset_op.cc:453] ShuffleDatasetV3:154086: Filling up shuffle buffer (this may take a while): 3341 of 6279
2025-05-14 16:04:23.738862: I tensorflow/core/kernels/data/shuffle_dataset_op.cc:483] Shuffle buffer filled.
2025-05-14 16:05:33.572175: I tensorflow/core/kernels/data/shuffle_dataset_op.cc:453] ShuffleDatasetV3:154086: Filling up shuffle buffer (this may take a while): 3343 of 6279
2025-05-14 16:05:40.684379: I tensorflow/core/kernels/data/shuffle_dataset_op.cc:483] Shuffle buffer filled.
2025-05-14 16:06:50.570650: I tensorflow/core/kernels/data/shuffle_dataset_op.cc:453] ShuffleDatasetV3:154086: Filling up shuffle buffer (this may take a while): 3277 of 6279
2025-05-14 16:06:57.714374: I tensorflow/core/kernels/data/shuffle_dataset_op.cc:483] Shuffle buffer filled.
2025-05-14 16:08:07.591867: I tensorflow/core/kernels/data/shuffle_dataset_op.cc:453] ShuffleDatasetV3:154086: Filling up shuffle buffer (this may take a while): 3240 of 6279
2025-05-14 16:08:15.019796: I tensorflow/core/kernels/data/shuffle_dataset_op.cc:483] Shuffle buffer filled.
/home/foal20ym/micromamba/envs/t2/lib/python3.9/site-packages/sklearn/metrics/_ranking.py:1188: UndefinedMetricWarning: No positive samples in y_true, true positive value should be meaningless
  warnings.warn(
2025-05-14 16:14:26.696584: I tensorflow/core/kernels/data/shuffle_dataset_op.cc:453] ShuffleDatasetV3:165092: Filling up shuffle buffer (this may take a while): 3251 of 6280
2025-05-14 16:14:34.187648: I tensorflow/core/kernels/data/shuffle_dataset_op.cc:483] Shuffle buffer filled.
2025-05-14 16:16:14.285430: I tensorflow/core/kernels/data/shuffle_dataset_op.cc:453] ShuffleDatasetV3:165092: Filling up shuffle buffer (this may take a while): 3270 of 6280
2025-05-14 16:16:21.493942: I tensorflow/core/kernels/data/shuffle_dataset_op.cc:483] Shuffle buffer filled.
2025-05-14 16:17:30.971623: I tensorflow/core/kernels/data/shuffle_dataset_op.cc:453] ShuffleDatasetV3:165092: Filling up shuffle buffer (this may take a while): 3275 of 6280
2025-05-14 16:17:38.541804: I tensorflow/core/kernels/data/shuffle_dataset_op.cc:483] Shuffle buffer filled.
2025-05-14 16:18:49.981151: I tensorflow/core/kernels/data/shuffle_dataset_op.cc:453] ShuffleDatasetV3:165092: Filling up shuffle buffer (this may take a while): 3193 of 6280
2025-05-14 16:18:57.904931: I tensorflow/core/kernels/data/shuffle_dataset_op.cc:483] Shuffle buffer filled.
2025-05-14 16:20:06.779685: I tensorflow/core/kernels/data/shuffle_dataset_op.cc:453] ShuffleDatasetV3:165092: Filling up shuffle buffer (this may take a while): 3299 of 6280
2025-05-14 16:20:14.387595: I tensorflow/core/kernels/data/shuffle_dataset_op.cc:483] Shuffle buffer filled.
2025-05-14 16:21:23.601282: I tensorflow/core/kernels/data/shuffle_dataset_op.cc:453] ShuffleDatasetV3:165092: Filling up shuffle buffer (this may take a while): 3143 of 6280
2025-05-14 16:21:31.627699: I tensorflow/core/kernels/data/shuffle_dataset_op.cc:483] Shuffle buffer filled.
2025-05-14 16:22:40.700598: I tensorflow/core/kernels/data/shuffle_dataset_op.cc:453] ShuffleDatasetV3:165092: Filling up shuffle buffer (this may take a while): 4743 of 6280
2025-05-14 16:22:43.257115: I tensorflow/core/kernels/data/shuffle_dataset_op.cc:483] Shuffle buffer filled.
2025-05-14 16:23:52.129542: I tensorflow/core/kernels/data/shuffle_dataset_op.cc:453] ShuffleDatasetV3:165092: Filling up shuffle buffer (this may take a while): 3175 of 6280
2025-05-14 16:24:00.014430: I tensorflow/core/kernels/data/shuffle_dataset_op.cc:483] Shuffle buffer filled.
2025-05-14 16:25:09.318573: I tensorflow/core/kernels/data/shuffle_dataset_op.cc:453] ShuffleDatasetV3:165092: Filling up shuffle buffer (this may take a while): 3224 of 6280
2025-05-14 16:25:16.928827: I tensorflow/core/kernels/data/shuffle_dataset_op.cc:483] Shuffle buffer filled.
2025-05-14 16:26:26.371157: I tensorflow/core/kernels/data/shuffle_dataset_op.cc:453] ShuffleDatasetV3:165092: Filling up shuffle buffer (this may take a while): 3187 of 6280
2025-05-14 16:26:34.143670: I tensorflow/core/kernels/data/shuffle_dataset_op.cc:483] Shuffle buffer filled.
2025-05-14 16:27:43.278672: I tensorflow/core/kernels/data/shuffle_dataset_op.cc:453] ShuffleDatasetV3:165092: Filling up shuffle buffer (this may take a while): 3303 of 6280
2025-05-14 16:27:50.729810: I tensorflow/core/kernels/data/shuffle_dataset_op.cc:483] Shuffle buffer filled.
2025-05-14 16:29:01.611076: I tensorflow/core/kernels/data/shuffle_dataset_op.cc:453] ShuffleDatasetV3:165092: Filling up shuffle buffer (this may take a while): 3321 of 6280
2025-05-14 16:29:09.192055: I tensorflow/core/kernels/data/shuffle_dataset_op.cc:483] Shuffle buffer filled.
2025-05-14 16:30:19.825847: I tensorflow/core/kernels/data/shuffle_dataset_op.cc:453] ShuffleDatasetV3:165092: Filling up shuffle buffer (this may take a while): 3227 of 6280
2025-05-14 16:30:27.418651: I tensorflow/core/kernels/data/shuffle_dataset_op.cc:483] Shuffle buffer filled.
2025-05-14 16:31:37.779139: I tensorflow/core/kernels/data/shuffle_dataset_op.cc:453] ShuffleDatasetV3:165092: Filling up shuffle buffer (this may take a while): 3311 of 6280
2025-05-14 16:31:45.080135: I tensorflow/core/kernels/data/shuffle_dataset_op.cc:483] Shuffle buffer filled.
2025-05-14 16:32:54.565904: I tensorflow/core/kernels/data/shuffle_dataset_op.cc:453] ShuffleDatasetV3:165092: Filling up shuffle buffer (this may take a while): 3369 of 6280
2025-05-14 16:33:01.721636: I tensorflow/core/kernels/data/shuffle_dataset_op.cc:483] Shuffle buffer filled.
2025-05-14 16:38:55.706830: I tensorflow/core/framework/local_rendezvous.cc:407] Local rendezvous is aborting with status: OUT_OF_RANGE: End of sequence
2025-05-14 16:39:17.873693: I tensorflow/core/kernels/data/shuffle_dataset_op.cc:453] ShuffleDatasetV3:176098: Filling up shuffle buffer (this may take a while): 2469 of 6279
2025-05-14 16:39:29.821016: I tensorflow/core/kernels/data/shuffle_dataset_op.cc:483] Shuffle buffer filled.
2025-05-14 16:40:54.978743: I tensorflow/core/kernels/data/shuffle_dataset_op.cc:453] ShuffleDatasetV3:176098: Filling up shuffle buffer (this may take a while): 2486 of 6279
2025-05-14 16:41:07.601988: I tensorflow/core/kernels/data/shuffle_dataset_op.cc:483] Shuffle buffer filled.
2025-05-14 16:42:13.980076: I tensorflow/core/kernels/data/shuffle_dataset_op.cc:453] ShuffleDatasetV3:176098: Filling up shuffle buffer (this may take a while): 2452 of 6279
2025-05-14 16:42:26.504820: I tensorflow/core/kernels/data/shuffle_dataset_op.cc:483] Shuffle buffer filled.
2025-05-14 16:43:33.080510: I tensorflow/core/kernels/data/shuffle_dataset_op.cc:453] ShuffleDatasetV3:176098: Filling up shuffle buffer (this may take a while): 2482 of 6279
2025-05-14 16:43:45.424815: I tensorflow/core/kernels/data/shuffle_dataset_op.cc:483] Shuffle buffer filled.
2025-05-14 16:44:51.366874: I tensorflow/core/kernels/data/shuffle_dataset_op.cc:453] ShuffleDatasetV3:176098: Filling up shuffle buffer (this may take a while): 2435 of 6279
2025-05-14 16:45:04.031579: I tensorflow/core/kernels/data/shuffle_dataset_op.cc:483] Shuffle buffer filled.
2025-05-14 16:46:10.877165: I tensorflow/core/kernels/data/shuffle_dataset_op.cc:453] ShuffleDatasetV3:176098: Filling up shuffle buffer (this may take a while): 2469 of 6279
2025-05-14 16:46:21.081668: I tensorflow/core/kernels/data/shuffle_dataset_op.cc:453] ShuffleDatasetV3:176098: Filling up shuffle buffer (this may take a while): 5414 of 6279
2025-05-14 16:46:22.930326: I tensorflow/core/kernels/data/shuffle_dataset_op.cc:483] Shuffle buffer filled.
2025-05-14 16:47:29.586431: I tensorflow/core/kernels/data/shuffle_dataset_op.cc:453] ShuffleDatasetV3:176098: Filling up shuffle buffer (this may take a while): 2478 of 6279
2025-05-14 16:47:41.833331: I tensorflow/core/kernels/data/shuffle_dataset_op.cc:483] Shuffle buffer filled.
2025-05-14 16:48:47.766881: I tensorflow/core/kernels/data/shuffle_dataset_op.cc:453] ShuffleDatasetV3:176098: Filling up shuffle buffer (this may take a while): 2432 of 6279
2025-05-14 16:48:57.772715: I tensorflow/core/kernels/data/shuffle_dataset_op.cc:453] ShuffleDatasetV3:176098: Filling up shuffle buffer (this may take a while): 5432 of 6279
2025-05-14 16:49:00.025056: I tensorflow/core/kernels/data/shuffle_dataset_op.cc:483] Shuffle buffer filled.
2025-05-14 16:50:06.681007: I tensorflow/core/kernels/data/shuffle_dataset_op.cc:453] ShuffleDatasetV3:176098: Filling up shuffle buffer (this may take a while): 2474 of 6279
2025-05-14 16:50:16.714690: I tensorflow/core/kernels/data/shuffle_dataset_op.cc:453] ShuffleDatasetV3:176098: Filling up shuffle buffer (this may take a while): 5497 of 6279
2025-05-14 16:50:18.728469: I tensorflow/core/kernels/data/shuffle_dataset_op.cc:483] Shuffle buffer filled.
2025-05-14 16:51:25.078321: I tensorflow/core/kernels/data/shuffle_dataset_op.cc:453] ShuffleDatasetV3:176098: Filling up shuffle buffer (this may take a while): 2476 of 6279
2025-05-14 16:51:35.078931: I tensorflow/core/kernels/data/shuffle_dataset_op.cc:453] ShuffleDatasetV3:176098: Filling up shuffle buffer (this may take a while): 5333 of 6279
2025-05-14 16:51:37.598052: I tensorflow/core/kernels/data/shuffle_dataset_op.cc:483] Shuffle buffer filled.
2025-05-14 16:52:43.194132: I tensorflow/core/kernels/data/shuffle_dataset_op.cc:453] ShuffleDatasetV3:176098: Filling up shuffle buffer (this may take a while): 2460 of 6279
2025-05-14 16:52:55.719020: I tensorflow/core/kernels/data/shuffle_dataset_op.cc:483] Shuffle buffer filled.
2025-05-14 16:54:01.495543: I tensorflow/core/kernels/data/shuffle_dataset_op.cc:453] ShuffleDatasetV3:176098: Filling up shuffle buffer (this may take a while): 2609 of 6279
2025-05-14 16:54:11.497258: I tensorflow/core/kernels/data/shuffle_dataset_op.cc:453] ShuffleDatasetV3:176098: Filling up shuffle buffer (this may take a while): 5662 of 6279
2025-05-14 16:54:12.973551: I tensorflow/core/kernels/data/shuffle_dataset_op.cc:483] Shuffle buffer filled.
2025-05-14 16:55:19.009434: I tensorflow/core/kernels/data/shuffle_dataset_op.cc:453] ShuffleDatasetV3:176098: Filling up shuffle buffer (this may take a while): 2790 of 6279
2025-05-14 16:55:29.410585: I tensorflow/core/kernels/data/shuffle_dataset_op.cc:483] Shuffle buffer filled.
2025-05-14 16:56:33.279797: I tensorflow/core/kernels/data/shuffle_dataset_op.cc:453] ShuffleDatasetV3:176098: Filling up shuffle buffer (this may take a while): 2997 of 6279
2025-05-14 16:56:42.243485: I tensorflow/core/kernels/data/shuffle_dataset_op.cc:483] Shuffle buffer filled.
2025-05-14 16:57:46.615851: I tensorflow/core/kernels/data/shuffle_dataset_op.cc:453] ShuffleDatasetV3:176098: Filling up shuffle buffer (this may take a while): 2869 of 6279
2025-05-14 16:57:56.190546: I tensorflow/core/kernels/data/shuffle_dataset_op.cc:483] Shuffle buffer filled.
/home/foal20ym/micromamba/envs/t2/lib/python3.9/site-packages/sklearn/metrics/_ranking.py:1188: UndefinedMetricWarning: No positive samples in y_true, true positive value should be meaningless
  warnings.warn(
2025-05-14 17:03:17.374087: I tensorflow/core/kernels/data/shuffle_dataset_op.cc:453] ShuffleDatasetV3:187104: Filling up shuffle buffer (this may take a while): 2650 of 6280
2025-05-14 17:03:27.384867: I tensorflow/core/kernels/data/shuffle_dataset_op.cc:453] ShuffleDatasetV3:187104: Filling up shuffle buffer (this may take a while): 5530 of 6280
2025-05-14 17:03:29.234028: I tensorflow/core/kernels/data/shuffle_dataset_op.cc:483] Shuffle buffer filled.
2025-05-14 17:04:51.666455: I tensorflow/core/kernels/data/shuffle_dataset_op.cc:453] ShuffleDatasetV3:187104: Filling up shuffle buffer (this may take a while): 2471 of 6280
2025-05-14 17:05:01.689172: I tensorflow/core/kernels/data/shuffle_dataset_op.cc:453] ShuffleDatasetV3:187104: Filling up shuffle buffer (this may take a while): 5361 of 6280
2025-05-14 17:05:04.196686: I tensorflow/core/kernels/data/shuffle_dataset_op.cc:483] Shuffle buffer filled.
2025-05-14 17:06:08.874262: I tensorflow/core/kernels/data/shuffle_dataset_op.cc:453] ShuffleDatasetV3:187104: Filling up shuffle buffer (this may take a while): 3232 of 6280
2025-05-14 17:06:16.693303: I tensorflow/core/kernels/data/shuffle_dataset_op.cc:483] Shuffle buffer filled.
2025-05-14 17:07:33.402546: I tensorflow/core/kernels/data/shuffle_dataset_op.cc:453] ShuffleDatasetV3:187104: Filling up shuffle buffer (this may take a while): 3293 of 6280
2025-05-14 17:07:41.011909: I tensorflow/core/kernels/data/shuffle_dataset_op.cc:483] Shuffle buffer filled.
2025-05-14 17:08:43.570472: I tensorflow/core/kernels/data/shuffle_dataset_op.cc:453] ShuffleDatasetV3:187104: Filling up shuffle buffer (this may take a while): 3492 of 6280
2025-05-14 17:08:50.900194: I tensorflow/core/kernels/data/shuffle_dataset_op.cc:483] Shuffle buffer filled.
2025-05-14 17:09:53.182741: I tensorflow/core/kernels/data/shuffle_dataset_op.cc:453] ShuffleDatasetV3:187104: Filling up shuffle buffer (this may take a while): 3164 of 6280
2025-05-14 17:10:01.022153: I tensorflow/core/kernels/data/shuffle_dataset_op.cc:483] Shuffle buffer filled.
2025-05-14 17:11:02.874725: I tensorflow/core/kernels/data/shuffle_dataset_op.cc:453] ShuffleDatasetV3:187104: Filling up shuffle buffer (this may take a while): 3207 of 6280
2025-05-14 17:11:10.892414: I tensorflow/core/kernels/data/shuffle_dataset_op.cc:483] Shuffle buffer filled.
2025-05-14 17:12:12.778146: I tensorflow/core/kernels/data/shuffle_dataset_op.cc:453] ShuffleDatasetV3:187104: Filling up shuffle buffer (this may take a while): 3213 of 6280
2025-05-14 17:12:20.823739: I tensorflow/core/kernels/data/shuffle_dataset_op.cc:483] Shuffle buffer filled.
2025-05-14 17:13:21.773365: I tensorflow/core/kernels/data/shuffle_dataset_op.cc:453] ShuffleDatasetV3:187104: Filling up shuffle buffer (this may take a while): 3165 of 6280
2025-05-14 17:13:29.529149: I tensorflow/core/kernels/data/shuffle_dataset_op.cc:483] Shuffle buffer filled.
2025-05-14 17:14:31.671722: I tensorflow/core/kernels/data/shuffle_dataset_op.cc:453] ShuffleDatasetV3:187104: Filling up shuffle buffer (this may take a while): 3253 of 6280
2025-05-14 17:14:39.097848: I tensorflow/core/kernels/data/shuffle_dataset_op.cc:483] Shuffle buffer filled.
2025-05-14 17:15:55.488343: I tensorflow/core/kernels/data/shuffle_dataset_op.cc:453] ShuffleDatasetV3:187104: Filling up shuffle buffer (this may take a while): 3158 of 6280
2025-05-14 17:16:03.504771: I tensorflow/core/kernels/data/shuffle_dataset_op.cc:483] Shuffle buffer filled.
2025-05-14 17:17:09.586695: I tensorflow/core/kernels/data/shuffle_dataset_op.cc:453] ShuffleDatasetV3:187104: Filling up shuffle buffer (this may take a while): 2453 of 6280
2025-05-14 17:17:19.701851: I tensorflow/core/kernels/data/shuffle_dataset_op.cc:453] ShuffleDatasetV3:187104: Filling up shuffle buffer (this may take a while): 5344 of 6280
2025-05-14 17:17:22.415424: I tensorflow/core/kernels/data/shuffle_dataset_op.cc:483] Shuffle buffer filled.
2025-05-14 17:18:27.799073: I tensorflow/core/kernels/data/shuffle_dataset_op.cc:453] ShuffleDatasetV3:187104: Filling up shuffle buffer (this may take a while): 2566 of 6280
2025-05-14 17:18:38.008931: I tensorflow/core/kernels/data/shuffle_dataset_op.cc:453] ShuffleDatasetV3:187104: Filling up shuffle buffer (this may take a while): 5493 of 6280
2025-05-14 17:18:39.917476: I tensorflow/core/kernels/data/shuffle_dataset_op.cc:483] Shuffle buffer filled.
2025-05-14 17:19:46.281323: I tensorflow/core/kernels/data/shuffle_dataset_op.cc:453] ShuffleDatasetV3:187104: Filling up shuffle buffer (this may take a while): 2474 of 6280
2025-05-14 17:19:58.705670: I tensorflow/core/kernels/data/shuffle_dataset_op.cc:483] Shuffle buffer filled.
2025-05-14 17:21:04.089698: I tensorflow/core/kernels/data/shuffle_dataset_op.cc:453] ShuffleDatasetV3:187104: Filling up shuffle buffer (this may take a while): 2620 of 6280
2025-05-14 17:21:14.999173: I tensorflow/core/kernels/data/shuffle_dataset_op.cc:483] Shuffle buffer filled.
2025-05-14 17:27:00.677368: I tensorflow/core/kernels/data/shuffle_dataset_op.cc:453] ShuffleDatasetV3:198110: Filling up shuffle buffer (this may take a while): 3394 of 6279
2025-05-14 17:27:07.322965: I tensorflow/core/kernels/data/shuffle_dataset_op.cc:483] Shuffle buffer filled.
2025-05-14 17:28:50.871984: I tensorflow/core/kernels/data/shuffle_dataset_op.cc:453] ShuffleDatasetV3:198110: Filling up shuffle buffer (this may take a while): 3547 of 6279
2025-05-14 17:28:57.231206: I tensorflow/core/kernels/data/shuffle_dataset_op.cc:483] Shuffle buffer filled.
2025-05-14 17:30:07.492447: I tensorflow/core/kernels/data/shuffle_dataset_op.cc:453] ShuffleDatasetV3:198110: Filling up shuffle buffer (this may take a while): 3546 of 6279
2025-05-14 17:30:13.716275: I tensorflow/core/kernels/data/shuffle_dataset_op.cc:483] Shuffle buffer filled.
2025-05-14 17:31:23.481748: I tensorflow/core/kernels/data/shuffle_dataset_op.cc:453] ShuffleDatasetV3:198110: Filling up shuffle buffer (this may take a while): 3528 of 6279
2025-05-14 17:31:29.805262: I tensorflow/core/kernels/data/shuffle_dataset_op.cc:483] Shuffle buffer filled.
2025-05-14 17:32:39.081266: I tensorflow/core/kernels/data/shuffle_dataset_op.cc:453] ShuffleDatasetV3:198110: Filling up shuffle buffer (this may take a while): 3487 of 6279
2025-05-14 17:32:45.496571: I tensorflow/core/kernels/data/shuffle_dataset_op.cc:483] Shuffle buffer filled.
2025-05-14 17:33:54.098233: I tensorflow/core/kernels/data/shuffle_dataset_op.cc:453] ShuffleDatasetV3:198110: Filling up shuffle buffer (this may take a while): 3438 of 6279
2025-05-14 17:34:00.513653: I tensorflow/core/kernels/data/shuffle_dataset_op.cc:483] Shuffle buffer filled.
2025-05-14 17:35:16.090233: I tensorflow/core/kernels/data/shuffle_dataset_op.cc:453] ShuffleDatasetV3:198110: Filling up shuffle buffer (this may take a while): 3513 of 6279
2025-05-14 17:35:22.304658: I tensorflow/core/kernels/data/shuffle_dataset_op.cc:483] Shuffle buffer filled.
2025-05-14 17:36:32.068179: I tensorflow/core/kernels/data/shuffle_dataset_op.cc:453] ShuffleDatasetV3:198110: Filling up shuffle buffer (this may take a while): 3589 of 6279
2025-05-14 17:36:38.044234: I tensorflow/core/kernels/data/shuffle_dataset_op.cc:483] Shuffle buffer filled.
2025-05-14 17:37:46.428646: I tensorflow/core/kernels/data/shuffle_dataset_op.cc:453] ShuffleDatasetV3:198110: Filling up shuffle buffer (this may take a while): 3505 of 6279
2025-05-14 17:37:52.864426: I tensorflow/core/kernels/data/shuffle_dataset_op.cc:483] Shuffle buffer filled.
2025-05-14 17:39:00.799534: I tensorflow/core/kernels/data/shuffle_dataset_op.cc:453] ShuffleDatasetV3:198110: Filling up shuffle buffer (this may take a while): 3515 of 6279
2025-05-14 17:39:07.111822: I tensorflow/core/kernels/data/shuffle_dataset_op.cc:483] Shuffle buffer filled.
2025-05-14 17:40:16.681537: I tensorflow/core/kernels/data/shuffle_dataset_op.cc:453] ShuffleDatasetV3:198110: Filling up shuffle buffer (this may take a while): 3629 of 6279
2025-05-14 17:40:22.757693: I tensorflow/core/kernels/data/shuffle_dataset_op.cc:483] Shuffle buffer filled.
2025-05-14 17:41:31.578771: I tensorflow/core/kernels/data/shuffle_dataset_op.cc:453] ShuffleDatasetV3:198110: Filling up shuffle buffer (this may take a while): 3577 of 6279
2025-05-14 17:41:37.819410: I tensorflow/core/kernels/data/shuffle_dataset_op.cc:483] Shuffle buffer filled.
2025-05-14 17:42:45.882217: I tensorflow/core/kernels/data/shuffle_dataset_op.cc:453] ShuffleDatasetV3:198110: Filling up shuffle buffer (this may take a while): 3484 of 6279
2025-05-14 17:42:52.283718: I tensorflow/core/kernels/data/shuffle_dataset_op.cc:483] Shuffle buffer filled.
2025-05-14 17:44:00.886971: I tensorflow/core/kernels/data/shuffle_dataset_op.cc:453] ShuffleDatasetV3:198110: Filling up shuffle buffer (this may take a while): 3454 of 6279
2025-05-14 17:44:07.086568: I tensorflow/core/kernels/data/shuffle_dataset_op.cc:483] Shuffle buffer filled.
2025-05-14 17:45:14.989298: I tensorflow/core/kernels/data/shuffle_dataset_op.cc:453] ShuffleDatasetV3:198110: Filling up shuffle buffer (this may take a while): 3557 of 6279
2025-05-14 17:45:20.997074: I tensorflow/core/kernels/data/shuffle_dataset_op.cc:483] Shuffle buffer filled.
/home/foal20ym/micromamba/envs/t2/lib/python3.9/site-packages/sklearn/metrics/_ranking.py:1188: UndefinedMetricWarning: No positive samples in y_true, true positive value should be meaningless
  warnings.warn(
2025-05-14 17:51:06.598932: I tensorflow/core/kernels/data/shuffle_dataset_op.cc:453] ShuffleDatasetV3:209116: Filling up shuffle buffer (this may take a while): 3507 of 6280
2025-05-14 17:51:12.809193: I tensorflow/core/kernels/data/shuffle_dataset_op.cc:483] Shuffle buffer filled.
2025-05-14 17:52:50.468614: I tensorflow/core/kernels/data/shuffle_dataset_op.cc:453] ShuffleDatasetV3:209116: Filling up shuffle buffer (this may take a while): 3449 of 6280
2025-05-14 17:52:56.791387: I tensorflow/core/kernels/data/shuffle_dataset_op.cc:483] Shuffle buffer filled.
2025-05-14 17:54:04.578231: I tensorflow/core/kernels/data/shuffle_dataset_op.cc:453] ShuffleDatasetV3:209116: Filling up shuffle buffer (this may take a while): 3600 of 6280
2025-05-14 17:54:10.738923: I tensorflow/core/kernels/data/shuffle_dataset_op.cc:483] Shuffle buffer filled.
2025-05-14 17:55:18.677831: I tensorflow/core/kernels/data/shuffle_dataset_op.cc:453] ShuffleDatasetV3:209116: Filling up shuffle buffer (this may take a while): 3576 of 6280
2025-05-14 17:55:24.837727: I tensorflow/core/kernels/data/shuffle_dataset_op.cc:483] Shuffle buffer filled.
2025-05-14 17:56:25.930927: I tensorflow/core/kernels/data/shuffle_dataset_op.cc:453] ShuffleDatasetV3:209116: Filling up shuffle buffer (this may take a while): 5096 of 6280
2025-05-14 17:56:27.618408: I tensorflow/core/kernels/data/shuffle_dataset_op.cc:483] Shuffle buffer filled.
2025-05-14 17:57:28.168589: I tensorflow/core/kernels/data/shuffle_dataset_op.cc:453] ShuffleDatasetV3:209116: Filling up shuffle buffer (this may take a while): 5112 of 6280
2025-05-14 17:57:29.878078: I tensorflow/core/kernels/data/shuffle_dataset_op.cc:483] Shuffle buffer filled.
2025-05-14 17:58:50.114450: I tensorflow/core/kernels/data/shuffle_dataset_op.cc:453] ShuffleDatasetV3:209116: Filling up shuffle buffer (this may take a while): 5021 of 6280
2025-05-14 17:58:52.018043: I tensorflow/core/kernels/data/shuffle_dataset_op.cc:483] Shuffle buffer filled.
2025-05-14 17:59:53.224225: I tensorflow/core/kernels/data/shuffle_dataset_op.cc:453] ShuffleDatasetV3:209116: Filling up shuffle buffer (this may take a while): 5058 of 6280
2025-05-14 17:59:55.144022: I tensorflow/core/kernels/data/shuffle_dataset_op.cc:483] Shuffle buffer filled.
2025-05-14 18:00:55.404944: I tensorflow/core/kernels/data/shuffle_dataset_op.cc:453] ShuffleDatasetV3:209116: Filling up shuffle buffer (this may take a while): 5007 of 6280
2025-05-14 18:00:57.294117: I tensorflow/core/kernels/data/shuffle_dataset_op.cc:483] Shuffle buffer filled.
2025-05-14 18:01:57.095410: I tensorflow/core/kernels/data/shuffle_dataset_op.cc:453] ShuffleDatasetV3:209116: Filling up shuffle buffer (this may take a while): 5037 of 6280
2025-05-14 18:01:58.947706: I tensorflow/core/kernels/data/shuffle_dataset_op.cc:483] Shuffle buffer filled.
2025-05-14 18:03:15.998157: I tensorflow/core/kernels/data/shuffle_dataset_op.cc:453] ShuffleDatasetV3:209116: Filling up shuffle buffer (this may take a while): 4966 of 6280
2025-05-14 18:03:17.948466: I tensorflow/core/kernels/data/shuffle_dataset_op.cc:483] Shuffle buffer filled.
2025-05-14 18:04:22.317081: I tensorflow/core/kernels/data/shuffle_dataset_op.cc:453] ShuffleDatasetV3:209116: Filling up shuffle buffer (this may take a while): 4131 of 6280
2025-05-14 18:04:26.204390: I tensorflow/core/kernels/data/shuffle_dataset_op.cc:483] Shuffle buffer filled.
2025-05-14 18:05:29.968219: I tensorflow/core/kernels/data/shuffle_dataset_op.cc:453] ShuffleDatasetV3:209116: Filling up shuffle buffer (this may take a while): 4182 of 6280
2025-05-14 18:05:33.839856: I tensorflow/core/kernels/data/shuffle_dataset_op.cc:483] Shuffle buffer filled.
2025-05-14 18:06:37.694403: I tensorflow/core/kernels/data/shuffle_dataset_op.cc:453] ShuffleDatasetV3:209116: Filling up shuffle buffer (this may take a while): 4406 of 6280
2025-05-14 18:06:41.094196: I tensorflow/core/kernels/data/shuffle_dataset_op.cc:483] Shuffle buffer filled.
2025-05-14 18:07:42.391444: I tensorflow/core/kernels/data/shuffle_dataset_op.cc:453] ShuffleDatasetV3:209116: Filling up shuffle buffer (this may take a while): 4396 of 6280
2025-05-14 18:07:45.754162: I tensorflow/core/kernels/data/shuffle_dataset_op.cc:483] Shuffle buffer filled.
finished task with id:: 4740
