now processing task id:: 5361 on worker7.slurm.hj.se
2025-05-17 19:51:54.439792: I tensorflow/core/platform/cpu_feature_guard.cc:210] This TensorFlow binary is optimized to use available CPU instructions in performance-critical operations.
To enable the following instructions: AVX2 FMA, in other operations, rebuild TensorFlow with the appropriate compiler flags.
WARNING: All log messages before absl::InitializeLog() is called are written to STDERR
I0000 00:00:1747511517.884830 1027377 gpu_device.cc:2018] Created device /job:localhost/replica:0/task:0/device:GPU:0 with 8098 MB memory:  -> device: 0, name: NVIDIA A100 80GB PCIe MIG 1g.10gb, pci bus id: 0000:81:00.0, compute capability: 8.0
2025-05-17 19:52:29.682558: I tensorflow/core/kernels/data/shuffle_dataset_op.cc:453] ShuffleDatasetV3:2: Filling up shuffle buffer (this may take a while): 1528 of 11303
2025-05-17 19:52:39.702671: I tensorflow/core/kernels/data/shuffle_dataset_op.cc:453] ShuffleDatasetV3:2: Filling up shuffle buffer (this may take a while): 3698 of 11303
2025-05-17 19:52:49.770558: I tensorflow/core/kernels/data/shuffle_dataset_op.cc:453] ShuffleDatasetV3:2: Filling up shuffle buffer (this may take a while): 5661 of 11303
2025-05-17 19:52:59.771728: I tensorflow/core/kernels/data/shuffle_dataset_op.cc:453] ShuffleDatasetV3:2: Filling up shuffle buffer (this may take a while): 7661 of 11303
2025-05-17 19:53:09.775929: I tensorflow/core/kernels/data/shuffle_dataset_op.cc:453] ShuffleDatasetV3:2: Filling up shuffle buffer (this may take a while): 9559 of 11303
2025-05-17 19:53:17.028662: I tensorflow/core/kernels/data/shuffle_dataset_op.cc:483] Shuffle buffer filled.
2025-05-17 19:53:17.298664: I external/local_xla/xla/service/service.cc:152] XLA service 0x7fa300003460 initialized for platform CUDA (this does not guarantee that XLA will be used). Devices:
2025-05-17 19:53:17.298773: I external/local_xla/xla/service/service.cc:160]   StreamExecutor device (0): NVIDIA A100 80GB PCIe MIG 1g.10gb, Compute Capability 8.0
2025-05-17 19:53:18.093340: I tensorflow/compiler/mlir/tensorflow/utils/dump_mlir_util.cc:269] disabling MLIR crash reproducer, set env var `MLIR_CRASH_REPRODUCER_DIRECTORY` to enable.
I0000 00:00:1747511600.978380 1028021 cuda_dnn.cc:529] Loaded cuDNN version 90300
2025-05-17 19:53:29.972256: I external/local_xla/xla/stream_executor/cuda/subprocess_compilation.cc:346] ptxas warning : Registers are spilled to local memory in function 'gemm_fusion_dot_23802', 4 bytes spill stores, 4 bytes spill loads

2025-05-17 19:53:31.418650: I external/local_xla/xla/stream_executor/cuda/subprocess_compilation.cc:346] ptxas warning : Registers are spilled to local memory in function 'gemm_fusion_dot_23700', 192 bytes spill stores, 192 bytes spill loads

2025-05-17 19:53:31.590717: I external/local_xla/xla/stream_executor/cuda/subprocess_compilation.cc:346] ptxas warning : Registers are spilled to local memory in function 'gemm_fusion_dot_23700', 16 bytes spill stores, 16 bytes spill loads

2025-05-17 19:53:33.651231: I external/local_xla/xla/stream_executor/cuda/subprocess_compilation.cc:346] ptxas warning : Registers are spilled to local memory in function 'gemm_fusion_dot_23700', 16 bytes spill stores, 16 bytes spill loads

I0000 00:00:1747511636.940133 1028021 device_compiler.h:196] Compiled cluster using XLA!  This line is logged at most once for the lifetime of the process.
2025-05-17 19:55:25.644502: I external/local_xla/xla/stream_executor/cuda/subprocess_compilation.cc:346] ptxas warning : Registers are spilled to local memory in function 'gemm_fusion_dot_23802', 4 bytes spill stores, 4 bytes spill loads

2025-05-17 19:55:28.747814: I external/local_xla/xla/stream_executor/cuda/subprocess_compilation.cc:346] ptxas warning : Registers are spilled to local memory in function 'gemm_fusion_dot_23700', 16 bytes spill stores, 16 bytes spill loads

2025-05-17 19:55:28.777423: I external/local_xla/xla/stream_executor/cuda/subprocess_compilation.cc:346] ptxas warning : Registers are spilled to local memory in function 'gemm_fusion_dot_23700', 192 bytes spill stores, 192 bytes spill loads

2025-05-17 19:55:28.848287: I external/local_xla/xla/stream_executor/cuda/subprocess_compilation.cc:346] ptxas warning : Registers are spilled to local memory in function 'gemm_fusion_dot_23700', 16 bytes spill stores, 16 bytes spill loads

2025-05-17 19:56:01.381507: I external/local_xla/xla/stream_executor/cuda/subprocess_compilation.cc:346] ptxas warning : Registers are spilled to local memory in function 'gemm_fusion_dot_4269', 188 bytes spill stores, 188 bytes spill loads

2025-05-17 19:56:01.516179: I external/local_xla/xla/stream_executor/cuda/subprocess_compilation.cc:346] ptxas warning : Registers are spilled to local memory in function 'gemm_fusion_dot_4269', 220 bytes spill stores, 220 bytes spill loads

2025-05-17 19:56:31.366920: I tensorflow/core/kernels/data/shuffle_dataset_op.cc:453] ShuffleDatasetV3:2: Filling up shuffle buffer (this may take a while): 1756 of 11303
2025-05-17 19:56:41.378932: I tensorflow/core/kernels/data/shuffle_dataset_op.cc:453] ShuffleDatasetV3:2: Filling up shuffle buffer (this may take a while): 3828 of 11303
2025-05-17 19:57:01.481576: I tensorflow/core/kernels/data/shuffle_dataset_op.cc:453] ShuffleDatasetV3:2: Filling up shuffle buffer (this may take a while): 7725 of 11303
2025-05-17 19:57:18.088415: I tensorflow/core/kernels/data/shuffle_dataset_op.cc:483] Shuffle buffer filled.
2025-05-17 19:58:59.284587: I tensorflow/core/kernels/data/shuffle_dataset_op.cc:453] ShuffleDatasetV3:2: Filling up shuffle buffer (this may take a while): 1736 of 11303
2025-05-17 19:59:09.373014: I tensorflow/core/kernels/data/shuffle_dataset_op.cc:453] ShuffleDatasetV3:2: Filling up shuffle buffer (this may take a while): 3807 of 11303
2025-05-17 19:59:29.283748: I tensorflow/core/kernels/data/shuffle_dataset_op.cc:453] ShuffleDatasetV3:2: Filling up shuffle buffer (this may take a while): 7923 of 11303
2025-05-17 19:59:39.295659: I tensorflow/core/kernels/data/shuffle_dataset_op.cc:453] ShuffleDatasetV3:2: Filling up shuffle buffer (this may take a while): 10013 of 11303
2025-05-17 19:59:45.325594: I tensorflow/core/kernels/data/shuffle_dataset_op.cc:483] Shuffle buffer filled.
2025-05-17 20:01:28.779035: I tensorflow/core/kernels/data/shuffle_dataset_op.cc:453] ShuffleDatasetV3:2: Filling up shuffle buffer (this may take a while): 1891 of 11303
2025-05-17 20:01:38.783449: I tensorflow/core/kernels/data/shuffle_dataset_op.cc:453] ShuffleDatasetV3:2: Filling up shuffle buffer (this may take a while): 3934 of 11303
2025-05-17 20:01:48.872113: I tensorflow/core/kernels/data/shuffle_dataset_op.cc:453] ShuffleDatasetV3:2: Filling up shuffle buffer (this may take a while): 6162 of 11303
2025-05-17 20:02:08.873493: I tensorflow/core/kernels/data/shuffle_dataset_op.cc:453] ShuffleDatasetV3:2: Filling up shuffle buffer (this may take a while): 10168 of 11303
2025-05-17 20:02:13.635383: I tensorflow/core/kernels/data/shuffle_dataset_op.cc:483] Shuffle buffer filled.
2025-05-17 20:03:53.592380: I tensorflow/core/kernels/data/shuffle_dataset_op.cc:453] ShuffleDatasetV3:2: Filling up shuffle buffer (this may take a while): 1761 of 11303
2025-05-17 20:04:03.610468: I tensorflow/core/kernels/data/shuffle_dataset_op.cc:453] ShuffleDatasetV3:2: Filling up shuffle buffer (this may take a while): 3964 of 11303
2025-05-17 20:04:23.685994: I tensorflow/core/kernels/data/shuffle_dataset_op.cc:453] ShuffleDatasetV3:2: Filling up shuffle buffer (this may take a while): 8080 of 11303
2025-05-17 20:04:38.699481: I tensorflow/core/kernels/data/shuffle_dataset_op.cc:483] Shuffle buffer filled.
2025-05-17 20:06:19.977864: I tensorflow/core/kernels/data/shuffle_dataset_op.cc:453] ShuffleDatasetV3:2: Filling up shuffle buffer (this may take a while): 1829 of 11303
2025-05-17 20:06:29.992990: I tensorflow/core/kernels/data/shuffle_dataset_op.cc:453] ShuffleDatasetV3:2: Filling up shuffle buffer (this may take a while): 3941 of 11303
2025-05-17 20:06:39.996657: I tensorflow/core/kernels/data/shuffle_dataset_op.cc:453] ShuffleDatasetV3:2: Filling up shuffle buffer (this may take a while): 6064 of 11303
2025-05-17 20:06:50.095386: I tensorflow/core/kernels/data/shuffle_dataset_op.cc:453] ShuffleDatasetV3:2: Filling up shuffle buffer (this may take a while): 8035 of 11303
2025-05-17 20:07:00.174189: I tensorflow/core/kernels/data/shuffle_dataset_op.cc:453] ShuffleDatasetV3:2: Filling up shuffle buffer (this may take a while): 10096 of 11303
2025-05-17 20:07:05.575601: I tensorflow/core/kernels/data/shuffle_dataset_op.cc:483] Shuffle buffer filled.
2025-05-17 20:08:48.068347: I tensorflow/core/kernels/data/shuffle_dataset_op.cc:453] ShuffleDatasetV3:2: Filling up shuffle buffer (this may take a while): 1847 of 11303
2025-05-17 20:09:08.077154: I tensorflow/core/kernels/data/shuffle_dataset_op.cc:453] ShuffleDatasetV3:2: Filling up shuffle buffer (this may take a while): 6153 of 11303
2025-05-17 20:09:18.295713: I tensorflow/core/kernels/data/shuffle_dataset_op.cc:453] ShuffleDatasetV3:2: Filling up shuffle buffer (this may take a while): 8163 of 11303
2025-05-17 20:09:33.432931: I tensorflow/core/kernels/data/shuffle_dataset_op.cc:483] Shuffle buffer filled.
2025-05-17 20:11:14.790142: I tensorflow/core/kernels/data/shuffle_dataset_op.cc:453] ShuffleDatasetV3:2: Filling up shuffle buffer (this may take a while): 1759 of 11303
2025-05-17 20:11:34.466203: I tensorflow/core/kernels/data/shuffle_dataset_op.cc:453] ShuffleDatasetV3:2: Filling up shuffle buffer (this may take a while): 6089 of 11303
2025-05-17 20:11:44.486328: I tensorflow/core/kernels/data/shuffle_dataset_op.cc:453] ShuffleDatasetV3:2: Filling up shuffle buffer (this may take a while): 8000 of 11303
2025-05-17 20:12:00.303575: I tensorflow/core/kernels/data/shuffle_dataset_op.cc:483] Shuffle buffer filled.
2025-05-17 20:13:39.969869: I tensorflow/core/kernels/data/shuffle_dataset_op.cc:453] ShuffleDatasetV3:2: Filling up shuffle buffer (this may take a while): 1636 of 11303
2025-05-17 20:13:49.979453: I tensorflow/core/kernels/data/shuffle_dataset_op.cc:453] ShuffleDatasetV3:2: Filling up shuffle buffer (this may take a while): 3842 of 11303
2025-05-17 20:14:00.096871: I tensorflow/core/kernels/data/shuffle_dataset_op.cc:453] ShuffleDatasetV3:2: Filling up shuffle buffer (this may take a while): 6280 of 11303
2025-05-17 20:14:20.174399: I tensorflow/core/kernels/data/shuffle_dataset_op.cc:453] ShuffleDatasetV3:2: Filling up shuffle buffer (this may take a while): 10229 of 11303
2025-05-17 20:14:24.199949: I tensorflow/core/kernels/data/shuffle_dataset_op.cc:483] Shuffle buffer filled.
2025-05-17 20:16:04.801909: I tensorflow/core/kernels/data/shuffle_dataset_op.cc:453] ShuffleDatasetV3:2: Filling up shuffle buffer (this may take a while): 1710 of 11303
2025-05-17 20:16:14.867097: I tensorflow/core/kernels/data/shuffle_dataset_op.cc:453] ShuffleDatasetV3:2: Filling up shuffle buffer (this may take a while): 3821 of 11303
2025-05-17 20:16:35.267257: I tensorflow/core/kernels/data/shuffle_dataset_op.cc:453] ShuffleDatasetV3:2: Filling up shuffle buffer (this may take a while): 8193 of 11303
2025-05-17 20:16:50.030686: I tensorflow/core/kernels/data/shuffle_dataset_op.cc:483] Shuffle buffer filled.
2025-05-17 20:18:39.391786: I tensorflow/core/kernels/data/shuffle_dataset_op.cc:453] ShuffleDatasetV3:2: Filling up shuffle buffer (this may take a while): 1863 of 11303
2025-05-17 20:18:49.466162: I tensorflow/core/kernels/data/shuffle_dataset_op.cc:453] ShuffleDatasetV3:2: Filling up shuffle buffer (this may take a while): 4219 of 11303
2025-05-17 20:18:59.474288: I tensorflow/core/kernels/data/shuffle_dataset_op.cc:453] ShuffleDatasetV3:2: Filling up shuffle buffer (this may take a while): 6352 of 11303
2025-05-17 20:19:09.567476: I tensorflow/core/kernels/data/shuffle_dataset_op.cc:453] ShuffleDatasetV3:2: Filling up shuffle buffer (this may take a while): 8302 of 11303
2025-05-17 20:19:25.347972: I tensorflow/core/kernels/data/shuffle_dataset_op.cc:483] Shuffle buffer filled.
2025-05-17 20:21:06.273845: I tensorflow/core/kernels/data/shuffle_dataset_op.cc:453] ShuffleDatasetV3:2: Filling up shuffle buffer (this may take a while): 1705 of 11303
2025-05-17 20:21:25.986575: I tensorflow/core/kernels/data/shuffle_dataset_op.cc:453] ShuffleDatasetV3:2: Filling up shuffle buffer (this may take a while): 5522 of 11303
2025-05-17 20:21:36.391418: I tensorflow/core/kernels/data/shuffle_dataset_op.cc:453] ShuffleDatasetV3:2: Filling up shuffle buffer (this may take a while): 7722 of 11303
2025-05-17 20:21:54.619280: I tensorflow/core/kernels/data/shuffle_dataset_op.cc:483] Shuffle buffer filled.
2025-05-17 20:23:31.183433: I tensorflow/core/kernels/data/shuffle_dataset_op.cc:453] ShuffleDatasetV3:2: Filling up shuffle buffer (this may take a while): 1804 of 11303
2025-05-17 20:23:51.195678: I tensorflow/core/kernels/data/shuffle_dataset_op.cc:453] ShuffleDatasetV3:2: Filling up shuffle buffer (this may take a while): 6038 of 11303
2025-05-17 20:24:11.086191: I tensorflow/core/kernels/data/shuffle_dataset_op.cc:453] ShuffleDatasetV3:2: Filling up shuffle buffer (this may take a while): 9954 of 11303
2025-05-17 20:24:17.505625: I tensorflow/core/kernels/data/shuffle_dataset_op.cc:483] Shuffle buffer filled.
2025-05-17 20:25:56.676647: I tensorflow/core/kernels/data/shuffle_dataset_op.cc:453] ShuffleDatasetV3:2: Filling up shuffle buffer (this may take a while): 2046 of 11303
2025-05-17 20:26:06.685052: I tensorflow/core/kernels/data/shuffle_dataset_op.cc:453] ShuffleDatasetV3:2: Filling up shuffle buffer (this may take a while): 4317 of 11303
2025-05-17 20:26:27.078043: I tensorflow/core/kernels/data/shuffle_dataset_op.cc:453] ShuffleDatasetV3:2: Filling up shuffle buffer (this may take a while): 8286 of 11303
2025-05-17 20:26:42.204504: I tensorflow/core/kernels/data/shuffle_dataset_op.cc:483] Shuffle buffer filled.
2025-05-17 20:28:24.474717: I tensorflow/core/kernels/data/shuffle_dataset_op.cc:453] ShuffleDatasetV3:2: Filling up shuffle buffer (this may take a while): 1636 of 11303
2025-05-17 20:28:34.491762: I tensorflow/core/kernels/data/shuffle_dataset_op.cc:453] ShuffleDatasetV3:2: Filling up shuffle buffer (this may take a while): 3959 of 11303
2025-05-17 20:28:54.491640: I tensorflow/core/kernels/data/shuffle_dataset_op.cc:453] ShuffleDatasetV3:2: Filling up shuffle buffer (this may take a while): 7763 of 11303
2025-05-17 20:29:11.139128: I tensorflow/core/kernels/data/shuffle_dataset_op.cc:483] Shuffle buffer filled.
2025-05-17 20:30:48.574042: I tensorflow/core/kernels/data/shuffle_dataset_op.cc:453] ShuffleDatasetV3:2: Filling up shuffle buffer (this may take a while): 1870 of 11303
2025-05-17 20:30:58.888276: I tensorflow/core/kernels/data/shuffle_dataset_op.cc:453] ShuffleDatasetV3:2: Filling up shuffle buffer (this may take a while): 3757 of 11303
2025-05-17 20:31:18.588302: I tensorflow/core/kernels/data/shuffle_dataset_op.cc:453] ShuffleDatasetV3:2: Filling up shuffle buffer (this may take a while): 7564 of 11303
2025-05-17 20:31:38.514268: I tensorflow/core/kernels/data/shuffle_dataset_op.cc:483] Shuffle buffer filled.
2025-05-17 20:33:14.780234: I tensorflow/core/kernels/data/shuffle_dataset_op.cc:453] ShuffleDatasetV3:2: Filling up shuffle buffer (this may take a while): 1742 of 11303
2025-05-17 20:33:34.988221: I tensorflow/core/kernels/data/shuffle_dataset_op.cc:453] ShuffleDatasetV3:2: Filling up shuffle buffer (this may take a while): 6070 of 11303
2025-05-17 20:33:54.775935: I tensorflow/core/kernels/data/shuffle_dataset_op.cc:453] ShuffleDatasetV3:2: Filling up shuffle buffer (this may take a while): 9855 of 11303
2025-05-17 20:34:01.303441: I tensorflow/core/kernels/data/shuffle_dataset_op.cc:483] Shuffle buffer filled.
2025-05-17 20:35:40.781183: I tensorflow/core/kernels/data/shuffle_dataset_op.cc:453] ShuffleDatasetV3:2: Filling up shuffle buffer (this may take a while): 1765 of 11303
2025-05-17 20:35:50.781757: I tensorflow/core/kernels/data/shuffle_dataset_op.cc:453] ShuffleDatasetV3:2: Filling up shuffle buffer (this may take a while): 3758 of 11303
2025-05-17 20:36:00.981817: I tensorflow/core/kernels/data/shuffle_dataset_op.cc:453] ShuffleDatasetV3:2: Filling up shuffle buffer (this may take a while): 5826 of 11303
2025-05-17 20:36:11.015725: I tensorflow/core/kernels/data/shuffle_dataset_op.cc:453] ShuffleDatasetV3:2: Filling up shuffle buffer (this may take a while): 7729 of 11303
2025-05-17 20:36:28.611704: I tensorflow/core/kernels/data/shuffle_dataset_op.cc:483] Shuffle buffer filled.
2025-05-17 20:38:09.490635: I tensorflow/core/kernels/data/shuffle_dataset_op.cc:453] ShuffleDatasetV3:2: Filling up shuffle buffer (this may take a while): 1986 of 11303
2025-05-17 20:38:29.491932: I tensorflow/core/kernels/data/shuffle_dataset_op.cc:453] ShuffleDatasetV3:2: Filling up shuffle buffer (this may take a while): 6221 of 11303
2025-05-17 20:38:39.699604: I tensorflow/core/kernels/data/shuffle_dataset_op.cc:453] ShuffleDatasetV3:2: Filling up shuffle buffer (this may take a while): 8255 of 11303
2025-05-17 20:38:54.623322: I tensorflow/core/kernels/data/shuffle_dataset_op.cc:483] Shuffle buffer filled.
2025-05-17 20:40:35.507803: I tensorflow/core/kernels/data/shuffle_dataset_op.cc:453] ShuffleDatasetV3:2: Filling up shuffle buffer (this may take a while): 1707 of 11303
2025-05-17 20:40:55.382376: I tensorflow/core/kernels/data/shuffle_dataset_op.cc:453] ShuffleDatasetV3:2: Filling up shuffle buffer (this may take a while): 5751 of 11303
2025-05-17 20:41:05.389900: I tensorflow/core/kernels/data/shuffle_dataset_op.cc:453] ShuffleDatasetV3:2: Filling up shuffle buffer (this may take a while): 7717 of 11303
2025-05-17 20:41:15.697922: I tensorflow/core/kernels/data/shuffle_dataset_op.cc:453] ShuffleDatasetV3:2: Filling up shuffle buffer (this may take a while): 9820 of 11303
2025-05-17 20:41:22.501619: I tensorflow/core/kernels/data/shuffle_dataset_op.cc:483] Shuffle buffer filled.
2025-05-17 20:43:02.882982: I tensorflow/core/kernels/data/shuffle_dataset_op.cc:453] ShuffleDatasetV3:2: Filling up shuffle buffer (this may take a while): 1699 of 11303
2025-05-17 20:43:22.873730: I tensorflow/core/kernels/data/shuffle_dataset_op.cc:453] ShuffleDatasetV3:2: Filling up shuffle buffer (this may take a while): 5693 of 11303
2025-05-17 20:43:32.877861: I tensorflow/core/kernels/data/shuffle_dataset_op.cc:453] ShuffleDatasetV3:2: Filling up shuffle buffer (this may take a while): 7679 of 11303
2025-05-17 20:43:42.881587: I tensorflow/core/kernels/data/shuffle_dataset_op.cc:453] ShuffleDatasetV3:2: Filling up shuffle buffer (this may take a while): 9441 of 11303
2025-05-17 20:43:51.792671: I tensorflow/core/kernels/data/shuffle_dataset_op.cc:483] Shuffle buffer filled.
2025-05-17 20:45:31.595933: I tensorflow/core/kernels/data/shuffle_dataset_op.cc:453] ShuffleDatasetV3:2: Filling up shuffle buffer (this may take a while): 1998 of 11303
2025-05-17 20:45:41.767204: I tensorflow/core/kernels/data/shuffle_dataset_op.cc:453] ShuffleDatasetV3:2: Filling up shuffle buffer (this may take a while): 4143 of 11303
2025-05-17 20:46:01.584148: I tensorflow/core/kernels/data/shuffle_dataset_op.cc:453] ShuffleDatasetV3:2: Filling up shuffle buffer (this may take a while): 8257 of 11303
2025-05-17 20:46:11.678741: I tensorflow/core/kernels/data/shuffle_dataset_op.cc:453] ShuffleDatasetV3:2: Filling up shuffle buffer (this may take a while): 10227 of 11303
2025-05-17 20:46:16.403765: I tensorflow/core/kernels/data/shuffle_dataset_op.cc:483] Shuffle buffer filled.
2025-05-17 20:47:55.579330: I tensorflow/core/kernels/data/shuffle_dataset_op.cc:453] ShuffleDatasetV3:2: Filling up shuffle buffer (this may take a while): 1710 of 11303
2025-05-17 20:48:15.495056: I tensorflow/core/kernels/data/shuffle_dataset_op.cc:453] ShuffleDatasetV3:2: Filling up shuffle buffer (this may take a while): 6055 of 11303
2025-05-17 20:48:25.565874: I tensorflow/core/kernels/data/shuffle_dataset_op.cc:453] ShuffleDatasetV3:2: Filling up shuffle buffer (this may take a while): 8008 of 11303
2025-05-17 20:48:42.067524: I tensorflow/core/kernels/data/shuffle_dataset_op.cc:483] Shuffle buffer filled.
2025-05-17 20:50:22.704466: I tensorflow/core/kernels/data/shuffle_dataset_op.cc:453] ShuffleDatasetV3:2: Filling up shuffle buffer (this may take a while): 1769 of 11303
2025-05-17 20:50:32.774661: I tensorflow/core/kernels/data/shuffle_dataset_op.cc:453] ShuffleDatasetV3:2: Filling up shuffle buffer (this may take a while): 3855 of 11303
2025-05-17 20:50:52.878742: I tensorflow/core/kernels/data/shuffle_dataset_op.cc:453] ShuffleDatasetV3:2: Filling up shuffle buffer (this may take a while): 7721 of 11303
2025-05-17 20:51:11.207588: I tensorflow/core/kernels/data/shuffle_dataset_op.cc:483] Shuffle buffer filled.
2025-05-17 20:52:49.880565: I tensorflow/core/kernels/data/shuffle_dataset_op.cc:453] ShuffleDatasetV3:2: Filling up shuffle buffer (this may take a while): 1942 of 11303
2025-05-17 20:53:10.066564: I tensorflow/core/kernels/data/shuffle_dataset_op.cc:453] ShuffleDatasetV3:2: Filling up shuffle buffer (this may take a while): 6218 of 11303
2025-05-17 20:53:30.299962: I tensorflow/core/kernels/data/shuffle_dataset_op.cc:453] ShuffleDatasetV3:2: Filling up shuffle buffer (this may take a while): 10227 of 11303
2025-05-17 20:53:34.937443: I tensorflow/core/kernels/data/shuffle_dataset_op.cc:483] Shuffle buffer filled.
2025-05-17 20:55:16.476628: I tensorflow/core/kernels/data/shuffle_dataset_op.cc:453] ShuffleDatasetV3:2: Filling up shuffle buffer (this may take a while): 1733 of 11303
2025-05-17 20:55:26.676402: I tensorflow/core/kernels/data/shuffle_dataset_op.cc:453] ShuffleDatasetV3:2: Filling up shuffle buffer (this may take a while): 3809 of 11303
2025-05-17 20:55:46.690595: I tensorflow/core/kernels/data/shuffle_dataset_op.cc:453] ShuffleDatasetV3:2: Filling up shuffle buffer (this may take a while): 7715 of 11303
2025-05-17 20:56:05.222419: I tensorflow/core/kernels/data/shuffle_dataset_op.cc:483] Shuffle buffer filled.
2025-05-17 20:57:46.870438: I tensorflow/core/kernels/data/shuffle_dataset_op.cc:453] ShuffleDatasetV3:2: Filling up shuffle buffer (this may take a while): 1930 of 11303
2025-05-17 20:57:56.889011: I tensorflow/core/kernels/data/shuffle_dataset_op.cc:453] ShuffleDatasetV3:2: Filling up shuffle buffer (this may take a while): 4225 of 11303
2025-05-17 20:58:16.791676: I tensorflow/core/kernels/data/shuffle_dataset_op.cc:453] ShuffleDatasetV3:2: Filling up shuffle buffer (this may take a while): 8348 of 11303
2025-05-17 20:58:27.371113: I tensorflow/core/kernels/data/shuffle_dataset_op.cc:453] ShuffleDatasetV3:2: Filling up shuffle buffer (this may take a while): 10227 of 11303
2025-05-17 20:58:31.784947: I tensorflow/core/kernels/data/shuffle_dataset_op.cc:483] Shuffle buffer filled.
2025-05-17 21:00:10.972564: I tensorflow/core/kernels/data/shuffle_dataset_op.cc:453] ShuffleDatasetV3:2: Filling up shuffle buffer (this may take a while): 1789 of 11303
2025-05-17 21:00:20.991200: I tensorflow/core/kernels/data/shuffle_dataset_op.cc:453] ShuffleDatasetV3:2: Filling up shuffle buffer (this may take a while): 4009 of 11303
2025-05-17 21:00:40.900330: I tensorflow/core/kernels/data/shuffle_dataset_op.cc:453] ShuffleDatasetV3:2: Filling up shuffle buffer (this may take a while): 8096 of 11303
2025-05-17 21:00:50.997848: I tensorflow/core/kernels/data/shuffle_dataset_op.cc:453] ShuffleDatasetV3:2: Filling up shuffle buffer (this may take a while): 10099 of 11303
2025-05-17 21:00:56.740001: I tensorflow/core/kernels/data/shuffle_dataset_op.cc:483] Shuffle buffer filled.
2025-05-17 21:02:36.592750: I tensorflow/core/kernels/data/shuffle_dataset_op.cc:453] ShuffleDatasetV3:2: Filling up shuffle buffer (this may take a while): 1747 of 11303
2025-05-17 21:02:46.592739: I tensorflow/core/kernels/data/shuffle_dataset_op.cc:453] ShuffleDatasetV3:2: Filling up shuffle buffer (this may take a while): 3822 of 11303
2025-05-17 21:03:07.174893: I tensorflow/core/kernels/data/shuffle_dataset_op.cc:453] ShuffleDatasetV3:2: Filling up shuffle buffer (this may take a while): 7725 of 11303
2025-05-17 21:03:25.023981: I tensorflow/core/kernels/data/shuffle_dataset_op.cc:483] Shuffle buffer filled.
2025-05-17 21:05:03.567362: I tensorflow/core/kernels/data/shuffle_dataset_op.cc:453] ShuffleDatasetV3:2: Filling up shuffle buffer (this may take a while): 1715 of 11303
2025-05-17 21:05:23.683995: I tensorflow/core/kernels/data/shuffle_dataset_op.cc:453] ShuffleDatasetV3:2: Filling up shuffle buffer (this may take a while): 6328 of 11303
2025-05-17 21:05:33.970200: I tensorflow/core/kernels/data/shuffle_dataset_op.cc:453] ShuffleDatasetV3:2: Filling up shuffle buffer (this may take a while): 8537 of 11303
2025-05-17 21:05:47.111578: I tensorflow/core/kernels/data/shuffle_dataset_op.cc:483] Shuffle buffer filled.
2025-05-17 21:07:27.779004: I tensorflow/core/kernels/data/shuffle_dataset_op.cc:453] ShuffleDatasetV3:2: Filling up shuffle buffer (this may take a while): 1720 of 11303
2025-05-17 21:07:47.591222: I tensorflow/core/kernels/data/shuffle_dataset_op.cc:453] ShuffleDatasetV3:2: Filling up shuffle buffer (this may take a while): 5667 of 11303
2025-05-17 21:08:07.665922: I tensorflow/core/kernels/data/shuffle_dataset_op.cc:453] ShuffleDatasetV3:2: Filling up shuffle buffer (this may take a while): 9550 of 11303
2025-05-17 21:08:16.681920: I tensorflow/core/kernels/data/shuffle_dataset_op.cc:483] Shuffle buffer filled.
2025-05-17 21:09:55.583664: I tensorflow/core/kernels/data/shuffle_dataset_op.cc:453] ShuffleDatasetV3:2: Filling up shuffle buffer (this may take a while): 1894 of 11303
2025-05-17 21:10:05.593449: I tensorflow/core/kernels/data/shuffle_dataset_op.cc:453] ShuffleDatasetV3:2: Filling up shuffle buffer (this may take a while): 4128 of 11303
2025-05-17 21:10:25.581115: I tensorflow/core/kernels/data/shuffle_dataset_op.cc:453] ShuffleDatasetV3:2: Filling up shuffle buffer (this may take a while): 8034 of 11303
2025-05-17 21:10:35.676177: I tensorflow/core/kernels/data/shuffle_dataset_op.cc:453] ShuffleDatasetV3:2: Filling up shuffle buffer (this may take a while): 9933 of 11303
2025-05-17 21:10:42.226510: I tensorflow/core/kernels/data/shuffle_dataset_op.cc:483] Shuffle buffer filled.
2025-05-17 21:12:19.373084: I tensorflow/core/kernels/data/shuffle_dataset_op.cc:453] ShuffleDatasetV3:2: Filling up shuffle buffer (this may take a while): 1727 of 11303
2025-05-17 21:12:29.393130: I tensorflow/core/kernels/data/shuffle_dataset_op.cc:453] ShuffleDatasetV3:2: Filling up shuffle buffer (this may take a while): 3791 of 11303
2025-05-17 21:12:49.470015: I tensorflow/core/kernels/data/shuffle_dataset_op.cc:453] ShuffleDatasetV3:2: Filling up shuffle buffer (this may take a while): 8056 of 11303
2025-05-17 21:13:05.531242: I tensorflow/core/kernels/data/shuffle_dataset_op.cc:483] Shuffle buffer filled.
2025-05-17 21:14:47.070018: I tensorflow/core/kernels/data/shuffle_dataset_op.cc:453] ShuffleDatasetV3:2: Filling up shuffle buffer (this may take a while): 1720 of 11303
2025-05-17 21:15:07.092450: I tensorflow/core/kernels/data/shuffle_dataset_op.cc:453] ShuffleDatasetV3:2: Filling up shuffle buffer (this may take a while): 5677 of 11303
2025-05-17 21:15:26.970969: I tensorflow/core/kernels/data/shuffle_dataset_op.cc:453] ShuffleDatasetV3:2: Filling up shuffle buffer (this may take a while): 9318 of 11303
2025-05-17 21:15:36.918929: I tensorflow/core/kernels/data/shuffle_dataset_op.cc:483] Shuffle buffer filled.
2025-05-17 21:17:15.688834: I tensorflow/core/kernels/data/shuffle_dataset_op.cc:453] ShuffleDatasetV3:2: Filling up shuffle buffer (this may take a while): 1886 of 11303
2025-05-17 21:17:35.689132: I tensorflow/core/kernels/data/shuffle_dataset_op.cc:453] ShuffleDatasetV3:2: Filling up shuffle buffer (this may take a while): 6206 of 11303
2025-05-17 21:17:55.695769: I tensorflow/core/kernels/data/shuffle_dataset_op.cc:453] ShuffleDatasetV3:2: Filling up shuffle buffer (this may take a while): 10335 of 11303
2025-05-17 21:17:59.182545: I tensorflow/core/kernels/data/shuffle_dataset_op.cc:483] Shuffle buffer filled.
2025-05-17 21:19:38.690898: I tensorflow/core/kernels/data/shuffle_dataset_op.cc:453] ShuffleDatasetV3:2: Filling up shuffle buffer (this may take a while): 1696 of 11303
2025-05-17 21:19:58.582690: I tensorflow/core/kernels/data/shuffle_dataset_op.cc:453] ShuffleDatasetV3:2: Filling up shuffle buffer (this may take a while): 5613 of 11303
2025-05-17 21:20:08.882670: I tensorflow/core/kernels/data/shuffle_dataset_op.cc:453] ShuffleDatasetV3:2: Filling up shuffle buffer (this may take a while): 7709 of 11303
2025-05-17 21:20:27.319878: I tensorflow/core/kernels/data/shuffle_dataset_op.cc:483] Shuffle buffer filled.
2025-05-17 21:22:07.993532: I tensorflow/core/kernels/data/shuffle_dataset_op.cc:453] ShuffleDatasetV3:2: Filling up shuffle buffer (this may take a while): 1920 of 11303
2025-05-17 21:22:27.914628: I tensorflow/core/kernels/data/shuffle_dataset_op.cc:453] ShuffleDatasetV3:2: Filling up shuffle buffer (this may take a while): 6270 of 11303
2025-05-17 21:22:37.984687: I tensorflow/core/kernels/data/shuffle_dataset_op.cc:453] ShuffleDatasetV3:2: Filling up shuffle buffer (this may take a while): 8263 of 11303
2025-05-17 21:22:47.997608: I tensorflow/core/kernels/data/shuffle_dataset_op.cc:453] ShuffleDatasetV3:2: Filling up shuffle buffer (this may take a while): 10171 of 11303
2025-05-17 21:22:52.537670: I tensorflow/core/kernels/data/shuffle_dataset_op.cc:483] Shuffle buffer filled.
2025-05-17 21:24:30.473926: I tensorflow/core/kernels/data/shuffle_dataset_op.cc:453] ShuffleDatasetV3:2: Filling up shuffle buffer (this may take a while): 1745 of 11303
2025-05-17 21:24:40.507762: I tensorflow/core/kernels/data/shuffle_dataset_op.cc:453] ShuffleDatasetV3:2: Filling up shuffle buffer (this may take a while): 3976 of 11303
2025-05-17 21:24:50.600323: I tensorflow/core/kernels/data/shuffle_dataset_op.cc:453] ShuffleDatasetV3:2: Filling up shuffle buffer (this may take a while): 6317 of 11303
2025-05-17 21:25:10.493807: I tensorflow/core/kernels/data/shuffle_dataset_op.cc:453] ShuffleDatasetV3:2: Filling up shuffle buffer (this may take a while): 10450 of 11303
2025-05-17 21:25:13.703653: I tensorflow/core/kernels/data/shuffle_dataset_op.cc:483] Shuffle buffer filled.
2025-05-17 21:26:54.994315: I tensorflow/core/kernels/data/shuffle_dataset_op.cc:453] ShuffleDatasetV3:2: Filling up shuffle buffer (this may take a while): 1714 of 11303
2025-05-17 21:27:14.982161: I tensorflow/core/kernels/data/shuffle_dataset_op.cc:453] ShuffleDatasetV3:2: Filling up shuffle buffer (this may take a while): 5775 of 11303
2025-05-17 21:27:25.478065: I tensorflow/core/kernels/data/shuffle_dataset_op.cc:453] ShuffleDatasetV3:2: Filling up shuffle buffer (this may take a while): 7721 of 11303
2025-05-17 21:27:43.525743: I tensorflow/core/kernels/data/shuffle_dataset_op.cc:483] Shuffle buffer filled.
2025-05-17 21:29:21.991437: I tensorflow/core/kernels/data/shuffle_dataset_op.cc:453] ShuffleDatasetV3:2: Filling up shuffle buffer (this may take a while): 2069 of 11303
2025-05-17 21:29:41.983940: I tensorflow/core/kernels/data/shuffle_dataset_op.cc:453] ShuffleDatasetV3:2: Filling up shuffle buffer (this may take a while): 6461 of 11303
2025-05-17 21:29:52.291437: I tensorflow/core/kernels/data/shuffle_dataset_op.cc:453] ShuffleDatasetV3:2: Filling up shuffle buffer (this may take a while): 8769 of 11303
2025-05-17 21:30:02.579412: I tensorflow/core/kernels/data/shuffle_dataset_op.cc:453] ShuffleDatasetV3:2: Filling up shuffle buffer (this may take a while): 10772 of 11303
2025-05-17 21:30:03.924857: I tensorflow/core/kernels/data/shuffle_dataset_op.cc:483] Shuffle buffer filled.
2025-05-17 21:31:41.878126: I tensorflow/core/kernels/data/shuffle_dataset_op.cc:453] ShuffleDatasetV3:2: Filling up shuffle buffer (this may take a while): 1641 of 11303
2025-05-17 21:31:51.892962: I tensorflow/core/kernels/data/shuffle_dataset_op.cc:453] ShuffleDatasetV3:2: Filling up shuffle buffer (this may take a while): 3661 of 11303
2025-05-17 21:32:02.075400: I tensorflow/core/kernels/data/shuffle_dataset_op.cc:453] ShuffleDatasetV3:2: Filling up shuffle buffer (this may take a while): 5656 of 11303
2025-05-17 21:32:21.866570: I tensorflow/core/kernels/data/shuffle_dataset_op.cc:453] ShuffleDatasetV3:2: Filling up shuffle buffer (this may take a while): 9383 of 11303
2025-05-17 21:32:31.137883: I tensorflow/core/kernels/data/shuffle_dataset_op.cc:483] Shuffle buffer filled.
2025-05-17 21:34:12.187837: I tensorflow/core/kernels/data/shuffle_dataset_op.cc:453] ShuffleDatasetV3:2: Filling up shuffle buffer (this may take a while): 1837 of 11303
2025-05-17 21:34:32.287082: I tensorflow/core/kernels/data/shuffle_dataset_op.cc:453] ShuffleDatasetV3:2: Filling up shuffle buffer (this may take a while): 6277 of 11303
2025-05-17 21:34:42.470083: I tensorflow/core/kernels/data/shuffle_dataset_op.cc:453] ShuffleDatasetV3:2: Filling up shuffle buffer (this may take a while): 8075 of 11303
2025-05-17 21:34:52.579742: I tensorflow/core/kernels/data/shuffle_dataset_op.cc:453] ShuffleDatasetV3:2: Filling up shuffle buffer (this may take a while): 9885 of 11303
2025-05-17 21:34:59.139670: I tensorflow/core/kernels/data/shuffle_dataset_op.cc:483] Shuffle buffer filled.
2025-05-17 21:36:36.593190: I tensorflow/core/kernels/data/shuffle_dataset_op.cc:453] ShuffleDatasetV3:2: Filling up shuffle buffer (this may take a while): 1765 of 11303
2025-05-17 21:36:56.483302: I tensorflow/core/kernels/data/shuffle_dataset_op.cc:453] ShuffleDatasetV3:2: Filling up shuffle buffer (this may take a while): 6017 of 11303
2025-05-17 21:37:16.489457: I tensorflow/core/kernels/data/shuffle_dataset_op.cc:453] ShuffleDatasetV3:2: Filling up shuffle buffer (this may take a while): 9829 of 11303
2025-05-17 21:37:22.769466: I tensorflow/core/kernels/data/shuffle_dataset_op.cc:483] Shuffle buffer filled.
2025-05-17 21:39:04.983434: I tensorflow/core/kernels/data/shuffle_dataset_op.cc:453] ShuffleDatasetV3:2: Filling up shuffle buffer (this may take a while): 1637 of 11303
2025-05-17 21:39:24.990831: I tensorflow/core/kernels/data/shuffle_dataset_op.cc:453] ShuffleDatasetV3:2: Filling up shuffle buffer (this may take a while): 5675 of 11303
2025-05-17 21:39:44.987668: I tensorflow/core/kernels/data/shuffle_dataset_op.cc:453] ShuffleDatasetV3:2: Filling up shuffle buffer (this may take a while): 9294 of 11303
2025-05-17 21:39:55.049280: I tensorflow/core/kernels/data/shuffle_dataset_op.cc:483] Shuffle buffer filled.
2025-05-17 21:41:31.869470: I tensorflow/core/kernels/data/shuffle_dataset_op.cc:453] ShuffleDatasetV3:2: Filling up shuffle buffer (this may take a while): 1818 of 11303
2025-05-17 21:41:51.888903: I tensorflow/core/kernels/data/shuffle_dataset_op.cc:453] ShuffleDatasetV3:2: Filling up shuffle buffer (this may take a while): 6202 of 11303
2025-05-17 21:42:11.965943: I tensorflow/core/kernels/data/shuffle_dataset_op.cc:453] ShuffleDatasetV3:2: Filling up shuffle buffer (this may take a while): 10228 of 11303
2025-05-17 21:42:16.139994: I tensorflow/core/kernels/data/shuffle_dataset_op.cc:483] Shuffle buffer filled.
2025-05-17 21:43:57.594118: I tensorflow/core/kernels/data/shuffle_dataset_op.cc:453] ShuffleDatasetV3:2: Filling up shuffle buffer (this may take a while): 1753 of 11303
2025-05-17 21:44:17.286399: I tensorflow/core/kernels/data/shuffle_dataset_op.cc:453] ShuffleDatasetV3:2: Filling up shuffle buffer (this may take a while): 5676 of 11303
2025-05-17 21:44:37.269724: I tensorflow/core/kernels/data/shuffle_dataset_op.cc:453] ShuffleDatasetV3:2: Filling up shuffle buffer (this may take a while): 9503 of 11303
2025-05-17 21:44:45.387606: I tensorflow/core/kernels/data/shuffle_dataset_op.cc:483] Shuffle buffer filled.
2025-05-17 21:46:24.768059: I tensorflow/core/kernels/data/shuffle_dataset_op.cc:453] ShuffleDatasetV3:2: Filling up shuffle buffer (this may take a while): 1964 of 11303
2025-05-17 21:46:34.867026: I tensorflow/core/kernels/data/shuffle_dataset_op.cc:453] ShuffleDatasetV3:2: Filling up shuffle buffer (this may take a while): 4096 of 11303
2025-05-17 21:46:44.897096: I tensorflow/core/kernels/data/shuffle_dataset_op.cc:453] ShuffleDatasetV3:2: Filling up shuffle buffer (this may take a while): 6202 of 11303
2025-05-17 21:47:04.869545: I tensorflow/core/kernels/data/shuffle_dataset_op.cc:453] ShuffleDatasetV3:2: Filling up shuffle buffer (this may take a while): 9837 of 11303
2025-05-17 21:47:11.735622: I tensorflow/core/kernels/data/shuffle_dataset_op.cc:483] Shuffle buffer filled.
2025-05-17 21:48:48.076537: I tensorflow/core/kernels/data/shuffle_dataset_op.cc:453] ShuffleDatasetV3:2: Filling up shuffle buffer (this may take a while): 1822 of 11303
2025-05-17 21:48:58.290676: I tensorflow/core/kernels/data/shuffle_dataset_op.cc:453] ShuffleDatasetV3:2: Filling up shuffle buffer (this may take a while): 4430 of 11303
2025-05-17 21:49:08.379188: I tensorflow/core/kernels/data/shuffle_dataset_op.cc:453] ShuffleDatasetV3:2: Filling up shuffle buffer (this may take a while): 6484 of 11303
2025-05-17 21:49:28.186540: I tensorflow/core/kernels/data/shuffle_dataset_op.cc:453] ShuffleDatasetV3:2: Filling up shuffle buffer (this may take a while): 10231 of 11303
2025-05-17 21:49:31.798631: I tensorflow/core/kernels/data/shuffle_dataset_op.cc:483] Shuffle buffer filled.
2025-05-17 21:51:12.690084: I tensorflow/core/kernels/data/shuffle_dataset_op.cc:453] ShuffleDatasetV3:2: Filling up shuffle buffer (this may take a while): 1736 of 11303
2025-05-17 21:51:32.769188: I tensorflow/core/kernels/data/shuffle_dataset_op.cc:453] ShuffleDatasetV3:2: Filling up shuffle buffer (this may take a while): 5795 of 11303
2025-05-17 21:51:42.979054: I tensorflow/core/kernels/data/shuffle_dataset_op.cc:453] ShuffleDatasetV3:2: Filling up shuffle buffer (this may take a while): 7721 of 11303
2025-05-17 21:52:01.108301: I tensorflow/core/kernels/data/shuffle_dataset_op.cc:483] Shuffle buffer filled.
2025-05-17 21:53:39.873651: I tensorflow/core/kernels/data/shuffle_dataset_op.cc:453] ShuffleDatasetV3:2: Filling up shuffle buffer (this may take a while): 2029 of 11303
2025-05-17 21:53:59.893383: I tensorflow/core/kernels/data/shuffle_dataset_op.cc:453] ShuffleDatasetV3:2: Filling up shuffle buffer (this may take a while): 6520 of 11303
2025-05-17 21:54:20.106279: I tensorflow/core/kernels/data/shuffle_dataset_op.cc:453] ShuffleDatasetV3:2: Filling up shuffle buffer (this may take a while): 10547 of 11303
2025-05-17 21:54:22.644562: I tensorflow/core/kernels/data/shuffle_dataset_op.cc:483] Shuffle buffer filled.
2025-05-17 21:56:02.165957: I tensorflow/core/kernels/data/shuffle_dataset_op.cc:453] ShuffleDatasetV3:2: Filling up shuffle buffer (this may take a while): 1719 of 11303
2025-05-17 21:56:12.491167: I tensorflow/core/kernels/data/shuffle_dataset_op.cc:453] ShuffleDatasetV3:2: Filling up shuffle buffer (this may take a while): 3754 of 11303
2025-05-17 21:56:32.184599: I tensorflow/core/kernels/data/shuffle_dataset_op.cc:453] ShuffleDatasetV3:2: Filling up shuffle buffer (this may take a while): 7721 of 11303
2025-05-17 21:56:49.112055: I tensorflow/core/kernels/data/shuffle_dataset_op.cc:483] Shuffle buffer filled.
2025-05-17 21:58:29.583259: I tensorflow/core/kernels/data/shuffle_dataset_op.cc:453] ShuffleDatasetV3:2: Filling up shuffle buffer (this may take a while): 2178 of 11303
2025-05-17 21:58:49.582122: I tensorflow/core/kernels/data/shuffle_dataset_op.cc:453] ShuffleDatasetV3:2: Filling up shuffle buffer (this may take a while): 6745 of 11303
2025-05-17 21:59:09.880010: I tensorflow/core/kernels/data/shuffle_dataset_op.cc:453] ShuffleDatasetV3:2: Filling up shuffle buffer (this may take a while): 10423 of 11303
2025-05-17 21:59:13.338776: I tensorflow/core/kernels/data/shuffle_dataset_op.cc:483] Shuffle buffer filled.
2025-05-17 22:00:49.676306: I tensorflow/core/kernels/data/shuffle_dataset_op.cc:453] ShuffleDatasetV3:2: Filling up shuffle buffer (this may take a while): 2027 of 11303
2025-05-17 22:01:09.666911: I tensorflow/core/kernels/data/shuffle_dataset_op.cc:453] ShuffleDatasetV3:2: Filling up shuffle buffer (this may take a while): 6576 of 11303
2025-05-17 22:01:19.684768: I tensorflow/core/kernels/data/shuffle_dataset_op.cc:453] ShuffleDatasetV3:2: Filling up shuffle buffer (this may take a while): 8703 of 11303
2025-05-17 22:01:31.819967: I tensorflow/core/kernels/data/shuffle_dataset_op.cc:483] Shuffle buffer filled.
2025-05-17 22:03:11.294714: I tensorflow/core/kernels/data/shuffle_dataset_op.cc:453] ShuffleDatasetV3:2: Filling up shuffle buffer (this may take a while): 1792 of 11303
2025-05-17 22:03:31.166418: I tensorflow/core/kernels/data/shuffle_dataset_op.cc:453] ShuffleDatasetV3:2: Filling up shuffle buffer (this may take a while): 5814 of 11303
2025-05-17 22:03:41.184966: I tensorflow/core/kernels/data/shuffle_dataset_op.cc:453] ShuffleDatasetV3:2: Filling up shuffle buffer (this may take a while): 7622 of 11303
2025-05-17 22:03:51.297393: I tensorflow/core/kernels/data/shuffle_dataset_op.cc:453] ShuffleDatasetV3:2: Filling up shuffle buffer (this may take a while): 9555 of 11303
2025-05-17 22:03:59.910471: I tensorflow/core/kernels/data/shuffle_dataset_op.cc:483] Shuffle buffer filled.
2025-05-17 22:05:38.574235: I tensorflow/core/kernels/data/shuffle_dataset_op.cc:453] ShuffleDatasetV3:2: Filling up shuffle buffer (this may take a while): 2011 of 11303
2025-05-17 22:05:48.697259: I tensorflow/core/kernels/data/shuffle_dataset_op.cc:453] ShuffleDatasetV3:2: Filling up shuffle buffer (this may take a while): 4280 of 11303
2025-05-17 22:06:08.571767: I tensorflow/core/kernels/data/shuffle_dataset_op.cc:453] ShuffleDatasetV3:2: Filling up shuffle buffer (this may take a while): 8308 of 11303
2025-05-17 22:06:19.000154: I tensorflow/core/kernels/data/shuffle_dataset_op.cc:453] ShuffleDatasetV3:2: Filling up shuffle buffer (this may take a while): 10228 of 11303
2025-05-17 22:06:23.118713: I tensorflow/core/kernels/data/shuffle_dataset_op.cc:483] Shuffle buffer filled.
2025-05-17 22:08:03.565970: I tensorflow/core/kernels/data/shuffle_dataset_op.cc:453] ShuffleDatasetV3:2: Filling up shuffle buffer (this may take a while): 1714 of 11303
2025-05-17 22:08:13.565938: I tensorflow/core/kernels/data/shuffle_dataset_op.cc:453] ShuffleDatasetV3:2: Filling up shuffle buffer (this may take a while): 3762 of 11303
2025-05-17 22:08:23.678380: I tensorflow/core/kernels/data/shuffle_dataset_op.cc:453] ShuffleDatasetV3:2: Filling up shuffle buffer (this may take a while): 5962 of 11303
2025-05-17 22:08:43.689341: I tensorflow/core/kernels/data/shuffle_dataset_op.cc:453] ShuffleDatasetV3:2: Filling up shuffle buffer (this may take a while): 10098 of 11303
2025-05-17 22:08:48.838847: I tensorflow/core/kernels/data/shuffle_dataset_op.cc:483] Shuffle buffer filled.
2025-05-17 22:10:29.071117: I tensorflow/core/kernels/data/shuffle_dataset_op.cc:453] ShuffleDatasetV3:2: Filling up shuffle buffer (this may take a while): 1874 of 11303
2025-05-17 22:10:39.073998: I tensorflow/core/kernels/data/shuffle_dataset_op.cc:453] ShuffleDatasetV3:2: Filling up shuffle buffer (this may take a while): 4308 of 11303
2025-05-17 22:10:49.088049: I tensorflow/core/kernels/data/shuffle_dataset_op.cc:453] ShuffleDatasetV3:2: Filling up shuffle buffer (this may take a while): 6412 of 11303
2025-05-17 22:10:59.289041: I tensorflow/core/kernels/data/shuffle_dataset_op.cc:453] ShuffleDatasetV3:2: Filling up shuffle buffer (this may take a while): 8456 of 11303
2025-05-17 22:11:12.721937: I tensorflow/core/kernels/data/shuffle_dataset_op.cc:483] Shuffle buffer filled.
2025-05-17 22:12:49.467911: I tensorflow/core/kernels/data/shuffle_dataset_op.cc:453] ShuffleDatasetV3:2: Filling up shuffle buffer (this may take a while): 2047 of 11303
2025-05-17 22:12:59.470417: I tensorflow/core/kernels/data/shuffle_dataset_op.cc:453] ShuffleDatasetV3:2: Filling up shuffle buffer (this may take a while): 4825 of 11303
2025-05-17 22:13:09.496142: I tensorflow/core/kernels/data/shuffle_dataset_op.cc:453] ShuffleDatasetV3:2: Filling up shuffle buffer (this may take a while): 7655 of 11303
2025-05-17 22:13:23.618601: I tensorflow/core/kernels/data/shuffle_dataset_op.cc:483] Shuffle buffer filled.
2025-05-17 22:15:02.271058: I tensorflow/core/kernels/data/shuffle_dataset_op.cc:453] ShuffleDatasetV3:2: Filling up shuffle buffer (this may take a while): 1782 of 11303
2025-05-17 22:15:12.389871: I tensorflow/core/kernels/data/shuffle_dataset_op.cc:453] ShuffleDatasetV3:2: Filling up shuffle buffer (this may take a while): 3968 of 11303
2025-05-17 22:15:32.177157: I tensorflow/core/kernels/data/shuffle_dataset_op.cc:453] ShuffleDatasetV3:2: Filling up shuffle buffer (this may take a while): 7984 of 11303
2025-05-17 22:15:42.286924: I tensorflow/core/kernels/data/shuffle_dataset_op.cc:453] ShuffleDatasetV3:2: Filling up shuffle buffer (this may take a while): 9991 of 11303
2025-05-17 22:15:48.206174: I tensorflow/core/kernels/data/shuffle_dataset_op.cc:483] Shuffle buffer filled.
2025-05-17 22:17:26.868049: I tensorflow/core/kernels/data/shuffle_dataset_op.cc:453] ShuffleDatasetV3:2: Filling up shuffle buffer (this may take a while): 1863 of 11303
2025-05-17 22:17:36.996300: I tensorflow/core/kernels/data/shuffle_dataset_op.cc:453] ShuffleDatasetV3:2: Filling up shuffle buffer (this may take a while): 4069 of 11303
2025-05-17 22:17:56.991504: I tensorflow/core/kernels/data/shuffle_dataset_op.cc:453] ShuffleDatasetV3:2: Filling up shuffle buffer (this may take a while): 8007 of 11303
2025-05-17 22:18:13.221055: I tensorflow/core/kernels/data/shuffle_dataset_op.cc:483] Shuffle buffer filled.
2025-05-17 22:19:53.480255: I tensorflow/core/kernels/data/shuffle_dataset_op.cc:453] ShuffleDatasetV3:2: Filling up shuffle buffer (this may take a while): 1739 of 11303
2025-05-17 22:20:14.170892: I tensorflow/core/kernels/data/shuffle_dataset_op.cc:453] ShuffleDatasetV3:2: Filling up shuffle buffer (this may take a while): 6812 of 11303
2025-05-17 22:20:33.493652: I tensorflow/core/kernels/data/shuffle_dataset_op.cc:453] ShuffleDatasetV3:2: Filling up shuffle buffer (this may take a while): 11053 of 11303
2025-05-17 22:20:33.701562: I tensorflow/core/kernels/data/shuffle_dataset_op.cc:483] Shuffle buffer filled.
2025-05-17 22:22:13.872712: I tensorflow/core/kernels/data/shuffle_dataset_op.cc:453] ShuffleDatasetV3:2: Filling up shuffle buffer (this may take a while): 1912 of 11303
2025-05-17 22:22:23.897663: I tensorflow/core/kernels/data/shuffle_dataset_op.cc:453] ShuffleDatasetV3:2: Filling up shuffle buffer (this may take a while): 4443 of 11303
2025-05-17 22:22:43.975138: I tensorflow/core/kernels/data/shuffle_dataset_op.cc:453] ShuffleDatasetV3:2: Filling up shuffle buffer (this may take a while): 8868 of 11303
2025-05-17 22:22:55.755118: I tensorflow/core/kernels/data/shuffle_dataset_op.cc:483] Shuffle buffer filled.
2025-05-17 22:24:34.688471: I tensorflow/core/kernels/data/shuffle_dataset_op.cc:453] ShuffleDatasetV3:2: Filling up shuffle buffer (this may take a while): 2490 of 11303
2025-05-17 22:24:44.704474: I tensorflow/core/kernels/data/shuffle_dataset_op.cc:453] ShuffleDatasetV3:2: Filling up shuffle buffer (this may take a while): 5319 of 11303
2025-05-17 22:24:54.901136: I tensorflow/core/kernels/data/shuffle_dataset_op.cc:453] ShuffleDatasetV3:2: Filling up shuffle buffer (this may take a while): 7721 of 11303
2025-05-17 22:25:04.975091: I tensorflow/core/kernels/data/shuffle_dataset_op.cc:453] ShuffleDatasetV3:2: Filling up shuffle buffer (this may take a while): 9813 of 11303
2025-05-17 22:25:12.100820: I tensorflow/core/kernels/data/shuffle_dataset_op.cc:483] Shuffle buffer filled.
2025-05-17 22:26:49.187327: I tensorflow/core/kernels/data/shuffle_dataset_op.cc:453] ShuffleDatasetV3:2: Filling up shuffle buffer (this may take a while): 1864 of 11303
2025-05-17 22:27:09.176389: I tensorflow/core/kernels/data/shuffle_dataset_op.cc:453] ShuffleDatasetV3:2: Filling up shuffle buffer (this may take a while): 6095 of 11303
2025-05-17 22:27:19.382916: I tensorflow/core/kernels/data/shuffle_dataset_op.cc:453] ShuffleDatasetV3:2: Filling up shuffle buffer (this may take a while): 8010 of 11303
2025-05-17 22:27:29.495455: I tensorflow/core/kernels/data/shuffle_dataset_op.cc:453] ShuffleDatasetV3:2: Filling up shuffle buffer (this may take a while): 10074 of 11303
2025-05-17 22:27:34.526329: I tensorflow/core/kernels/data/shuffle_dataset_op.cc:483] Shuffle buffer filled.
2025-05-17 22:29:15.089679: I tensorflow/core/kernels/data/shuffle_dataset_op.cc:453] ShuffleDatasetV3:2: Filling up shuffle buffer (this may take a while): 1817 of 11303
2025-05-17 22:29:25.176118: I tensorflow/core/kernels/data/shuffle_dataset_op.cc:453] ShuffleDatasetV3:2: Filling up shuffle buffer (this may take a while): 3924 of 11303
2025-05-17 22:29:44.992044: I tensorflow/core/kernels/data/shuffle_dataset_op.cc:453] ShuffleDatasetV3:2: Filling up shuffle buffer (this may take a while): 7928 of 11303
2025-05-17 22:30:00.511632: I tensorflow/core/kernels/data/shuffle_dataset_op.cc:483] Shuffle buffer filled.
2025-05-17 22:31:40.084241: I tensorflow/core/kernels/data/shuffle_dataset_op.cc:453] ShuffleDatasetV3:2: Filling up shuffle buffer (this may take a while): 1948 of 11303
2025-05-17 22:31:59.871239: I tensorflow/core/kernels/data/shuffle_dataset_op.cc:453] ShuffleDatasetV3:2: Filling up shuffle buffer (this may take a while): 6481 of 11303
2025-05-17 22:32:09.885968: I tensorflow/core/kernels/data/shuffle_dataset_op.cc:453] ShuffleDatasetV3:2: Filling up shuffle buffer (this may take a while): 8498 of 11303
2025-05-17 22:32:22.491065: I tensorflow/core/kernels/data/shuffle_dataset_op.cc:483] Shuffle buffer filled.
2025-05-17 22:33:59.474688: I tensorflow/core/kernels/data/shuffle_dataset_op.cc:453] ShuffleDatasetV3:2: Filling up shuffle buffer (this may take a while): 2081 of 11303
2025-05-17 22:34:19.570320: I tensorflow/core/kernels/data/shuffle_dataset_op.cc:453] ShuffleDatasetV3:2: Filling up shuffle buffer (this may take a while): 6936 of 11303
2025-05-17 22:34:29.592119: I tensorflow/core/kernels/data/shuffle_dataset_op.cc:453] ShuffleDatasetV3:2: Filling up shuffle buffer (this may take a while): 9236 of 11303
2025-05-17 22:34:38.636028: I tensorflow/core/kernels/data/shuffle_dataset_op.cc:483] Shuffle buffer filled.
2025-05-17 22:36:18.988128: I tensorflow/core/kernels/data/shuffle_dataset_op.cc:453] ShuffleDatasetV3:2: Filling up shuffle buffer (this may take a while): 1817 of 11303
2025-05-17 22:36:29.068779: I tensorflow/core/kernels/data/shuffle_dataset_op.cc:453] ShuffleDatasetV3:2: Filling up shuffle buffer (this may take a while): 4054 of 11303
2025-05-17 22:36:49.174899: I tensorflow/core/kernels/data/shuffle_dataset_op.cc:453] ShuffleDatasetV3:2: Filling up shuffle buffer (this may take a while): 8212 of 11303
2025-05-17 22:36:59.269026: I tensorflow/core/kernels/data/shuffle_dataset_op.cc:453] ShuffleDatasetV3:2: Filling up shuffle buffer (this may take a while): 10076 of 11303
2025-05-17 22:37:05.383901: I tensorflow/core/kernels/data/shuffle_dataset_op.cc:483] Shuffle buffer filled.
2025-05-17 22:38:40.620541: I tensorflow/core/kernels/data/shuffle_dataset_op.cc:453] ShuffleDatasetV3:2: Filling up shuffle buffer (this may take a while): 1969 of 11303
2025-05-17 22:38:50.873777: I tensorflow/core/kernels/data/shuffle_dataset_op.cc:453] ShuffleDatasetV3:2: Filling up shuffle buffer (this may take a while): 4222 of 11303
2025-05-17 22:39:10.819579: I tensorflow/core/kernels/data/shuffle_dataset_op.cc:453] ShuffleDatasetV3:2: Filling up shuffle buffer (this may take a while): 8447 of 11303
2025-05-17 22:39:23.711011: I tensorflow/core/kernels/data/shuffle_dataset_op.cc:483] Shuffle buffer filled.
2025-05-17 22:41:03.181263: I tensorflow/core/kernels/data/shuffle_dataset_op.cc:453] ShuffleDatasetV3:2: Filling up shuffle buffer (this may take a while): 1705 of 11303
2025-05-17 22:41:13.380579: I tensorflow/core/kernels/data/shuffle_dataset_op.cc:453] ShuffleDatasetV3:2: Filling up shuffle buffer (this may take a while): 3808 of 11303
2025-05-17 22:41:33.271530: I tensorflow/core/kernels/data/shuffle_dataset_op.cc:453] ShuffleDatasetV3:2: Filling up shuffle buffer (this may take a while): 7705 of 11303
2025-05-17 22:41:43.273799: I tensorflow/core/kernels/data/shuffle_dataset_op.cc:453] ShuffleDatasetV3:2: Filling up shuffle buffer (this may take a while): 9565 of 11303
2025-05-17 22:41:51.694332: I tensorflow/core/kernels/data/shuffle_dataset_op.cc:483] Shuffle buffer filled.
2025-05-17 22:43:30.093506: I tensorflow/core/kernels/data/shuffle_dataset_op.cc:453] ShuffleDatasetV3:2: Filling up shuffle buffer (this may take a while): 1812 of 11303
2025-05-17 22:43:50.085381: I tensorflow/core/kernels/data/shuffle_dataset_op.cc:453] ShuffleDatasetV3:2: Filling up shuffle buffer (this may take a while): 6269 of 11303
2025-05-17 22:44:00.185310: I tensorflow/core/kernels/data/shuffle_dataset_op.cc:453] ShuffleDatasetV3:2: Filling up shuffle buffer (this may take a while): 8298 of 11303
2025-05-17 22:44:13.824082: I tensorflow/core/kernels/data/shuffle_dataset_op.cc:483] Shuffle buffer filled.
2025-05-17 22:45:50.877402: I tensorflow/core/kernels/data/shuffle_dataset_op.cc:453] ShuffleDatasetV3:2: Filling up shuffle buffer (this may take a while): 1772 of 11303
2025-05-17 22:46:10.901622: I tensorflow/core/kernels/data/shuffle_dataset_op.cc:453] ShuffleDatasetV3:2: Filling up shuffle buffer (this may take a while): 5966 of 11303
2025-05-17 22:46:21.072685: I tensorflow/core/kernels/data/shuffle_dataset_op.cc:453] ShuffleDatasetV3:2: Filling up shuffle buffer (this may take a while): 7922 of 11303
2025-05-17 22:46:36.851795: I tensorflow/core/kernels/data/shuffle_dataset_op.cc:483] Shuffle buffer filled.
2025-05-17 22:48:15.196623: I tensorflow/core/kernels/data/shuffle_dataset_op.cc:453] ShuffleDatasetV3:2: Filling up shuffle buffer (this may take a while): 1816 of 11303
2025-05-17 22:48:35.287734: I tensorflow/core/kernels/data/shuffle_dataset_op.cc:453] ShuffleDatasetV3:2: Filling up shuffle buffer (this may take a while): 6238 of 11303
2025-05-17 22:48:55.267523: I tensorflow/core/kernels/data/shuffle_dataset_op.cc:453] ShuffleDatasetV3:2: Filling up shuffle buffer (this may take a while): 10032 of 11303
2025-05-17 22:49:01.860833: I tensorflow/core/kernels/data/shuffle_dataset_op.cc:483] Shuffle buffer filled.
2025-05-17 22:50:40.312378: I tensorflow/core/kernels/data/shuffle_dataset_op.cc:453] ShuffleDatasetV3:2: Filling up shuffle buffer (this may take a while): 1972 of 11303
2025-05-17 22:51:00.377207: I tensorflow/core/kernels/data/shuffle_dataset_op.cc:453] ShuffleDatasetV3:2: Filling up shuffle buffer (this may take a while): 6384 of 11303
2025-05-17 22:51:10.692026: I tensorflow/core/kernels/data/shuffle_dataset_op.cc:453] ShuffleDatasetV3:2: Filling up shuffle buffer (this may take a while): 8507 of 11303
2025-05-17 22:51:24.425224: I tensorflow/core/kernels/data/shuffle_dataset_op.cc:483] Shuffle buffer filled.
2025-05-17 22:53:03.686940: I tensorflow/core/kernels/data/shuffle_dataset_op.cc:453] ShuffleDatasetV3:2: Filling up shuffle buffer (this may take a while): 1754 of 11303
2025-05-17 22:53:23.585040: I tensorflow/core/kernels/data/shuffle_dataset_op.cc:453] ShuffleDatasetV3:2: Filling up shuffle buffer (this may take a while): 5825 of 11303
2025-05-17 22:53:43.772573: I tensorflow/core/kernels/data/shuffle_dataset_op.cc:453] ShuffleDatasetV3:2: Filling up shuffle buffer (this may take a while): 9818 of 11303
2025-05-17 22:53:51.214278: I tensorflow/core/kernels/data/shuffle_dataset_op.cc:483] Shuffle buffer filled.
2025-05-17 22:55:30.493106: I tensorflow/core/kernels/data/shuffle_dataset_op.cc:453] ShuffleDatasetV3:2: Filling up shuffle buffer (this may take a while): 1909 of 11303
2025-05-17 22:55:50.476075: I tensorflow/core/kernels/data/shuffle_dataset_op.cc:453] ShuffleDatasetV3:2: Filling up shuffle buffer (this may take a while): 6436 of 11303
2025-05-17 22:56:00.574075: I tensorflow/core/kernels/data/shuffle_dataset_op.cc:453] ShuffleDatasetV3:2: Filling up shuffle buffer (this may take a while): 8693 of 11303
2025-05-17 22:56:10.868221: I tensorflow/core/kernels/data/shuffle_dataset_op.cc:453] ShuffleDatasetV3:2: Filling up shuffle buffer (this may take a while): 10777 of 11303
2025-05-17 22:56:12.336696: I tensorflow/core/kernels/data/shuffle_dataset_op.cc:483] Shuffle buffer filled.
2025-05-17 22:57:50.475381: I tensorflow/core/kernels/data/shuffle_dataset_op.cc:453] ShuffleDatasetV3:2: Filling up shuffle buffer (this may take a while): 1796 of 11303
2025-05-17 22:58:10.379521: I tensorflow/core/kernels/data/shuffle_dataset_op.cc:453] ShuffleDatasetV3:2: Filling up shuffle buffer (this may take a while): 6131 of 11303
2025-05-17 22:58:30.278805: I tensorflow/core/kernels/data/shuffle_dataset_op.cc:453] ShuffleDatasetV3:2: Filling up shuffle buffer (this may take a while): 10101 of 11303
2025-05-17 22:58:35.115866: I tensorflow/core/kernels/data/shuffle_dataset_op.cc:483] Shuffle buffer filled.
2025-05-17 23:00:15.584109: I tensorflow/core/kernels/data/shuffle_dataset_op.cc:453] ShuffleDatasetV3:2: Filling up shuffle buffer (this may take a while): 1795 of 11303
2025-05-17 23:00:35.472231: I tensorflow/core/kernels/data/shuffle_dataset_op.cc:453] ShuffleDatasetV3:2: Filling up shuffle buffer (this may take a while): 6136 of 11303
2025-05-17 23:00:45.493211: I tensorflow/core/kernels/data/shuffle_dataset_op.cc:453] ShuffleDatasetV3:2: Filling up shuffle buffer (this may take a while): 8053 of 11303
2025-05-17 23:00:56.094770: I tensorflow/core/kernels/data/shuffle_dataset_op.cc:453] ShuffleDatasetV3:2: Filling up shuffle buffer (this may take a while): 10091 of 11303
2025-05-17 23:01:01.511703: I tensorflow/core/kernels/data/shuffle_dataset_op.cc:483] Shuffle buffer filled.
2025-05-17 23:02:38.787946: I tensorflow/core/kernels/data/shuffle_dataset_op.cc:453] ShuffleDatasetV3:2: Filling up shuffle buffer (this may take a while): 1977 of 11303
2025-05-17 23:02:58.793482: I tensorflow/core/kernels/data/shuffle_dataset_op.cc:453] ShuffleDatasetV3:2: Filling up shuffle buffer (this may take a while): 6691 of 11303
2025-05-17 23:03:08.866038: I tensorflow/core/kernels/data/shuffle_dataset_op.cc:453] ShuffleDatasetV3:2: Filling up shuffle buffer (this may take a while): 8885 of 11303
2025-05-17 23:03:18.907555: I tensorflow/core/kernels/data/shuffle_dataset_op.cc:453] ShuffleDatasetV3:2: Filling up shuffle buffer (this may take a while): 10728 of 11303
2025-05-17 23:03:20.620439: I tensorflow/core/kernels/data/shuffle_dataset_op.cc:483] Shuffle buffer filled.
2025-05-17 23:05:01.496930: I tensorflow/core/kernels/data/shuffle_dataset_op.cc:453] ShuffleDatasetV3:2: Filling up shuffle buffer (this may take a while): 1800 of 11303
2025-05-17 23:05:21.481401: I tensorflow/core/kernels/data/shuffle_dataset_op.cc:453] ShuffleDatasetV3:2: Filling up shuffle buffer (this may take a while): 5956 of 11303
2025-05-17 23:05:41.884795: I tensorflow/core/kernels/data/shuffle_dataset_op.cc:453] ShuffleDatasetV3:2: Filling up shuffle buffer (this may take a while): 10098 of 11303
2025-05-17 23:05:47.444945: I tensorflow/core/kernels/data/shuffle_dataset_op.cc:483] Shuffle buffer filled.
2025-05-17 23:07:26.301297: I tensorflow/core/kernels/data/shuffle_dataset_op.cc:453] ShuffleDatasetV3:2: Filling up shuffle buffer (this may take a while): 1997 of 11303
2025-05-17 23:07:46.273118: I tensorflow/core/kernels/data/shuffle_dataset_op.cc:453] ShuffleDatasetV3:2: Filling up shuffle buffer (this may take a while): 6524 of 11303
2025-05-17 23:07:56.397729: I tensorflow/core/kernels/data/shuffle_dataset_op.cc:453] ShuffleDatasetV3:2: Filling up shuffle buffer (this may take a while): 8543 of 11303
2025-05-17 23:08:08.725979: I tensorflow/core/kernels/data/shuffle_dataset_op.cc:483] Shuffle buffer filled.
2025-05-17 23:09:46.595519: I tensorflow/core/kernels/data/shuffle_dataset_op.cc:453] ShuffleDatasetV3:2: Filling up shuffle buffer (this may take a while): 1713 of 11303
2025-05-17 23:09:56.667562: I tensorflow/core/kernels/data/shuffle_dataset_op.cc:453] ShuffleDatasetV3:2: Filling up shuffle buffer (this may take a while): 3881 of 11303
2025-05-17 23:10:16.589463: I tensorflow/core/kernels/data/shuffle_dataset_op.cc:453] ShuffleDatasetV3:2: Filling up shuffle buffer (this may take a while): 7930 of 11303
2025-05-17 23:10:33.223726: I tensorflow/core/kernels/data/shuffle_dataset_op.cc:483] Shuffle buffer filled.
2025-05-17 23:12:13.679238: I tensorflow/core/kernels/data/shuffle_dataset_op.cc:453] ShuffleDatasetV3:2: Filling up shuffle buffer (this may take a while): 1948 of 11303
2025-05-17 23:12:33.497946: I tensorflow/core/kernels/data/shuffle_dataset_op.cc:453] ShuffleDatasetV3:2: Filling up shuffle buffer (this may take a while): 6045 of 11303
2025-05-17 23:12:53.471193: I tensorflow/core/kernels/data/shuffle_dataset_op.cc:453] ShuffleDatasetV3:2: Filling up shuffle buffer (this may take a while): 9777 of 11303
2025-05-17 23:13:00.510762: I tensorflow/core/kernels/data/shuffle_dataset_op.cc:483] Shuffle buffer filled.
2025-05-17 23:14:37.896145: I tensorflow/core/kernels/data/shuffle_dataset_op.cc:453] ShuffleDatasetV3:2: Filling up shuffle buffer (this may take a while): 1847 of 11303
2025-05-17 23:14:58.001257: I tensorflow/core/kernels/data/shuffle_dataset_op.cc:453] ShuffleDatasetV3:2: Filling up shuffle buffer (this may take a while): 6745 of 11303
2025-05-17 23:15:08.090650: I tensorflow/core/kernels/data/shuffle_dataset_op.cc:453] ShuffleDatasetV3:2: Filling up shuffle buffer (this may take a while): 8830 of 11303
2025-05-17 23:15:18.384875: I tensorflow/core/kernels/data/shuffle_dataset_op.cc:453] ShuffleDatasetV3:2: Filling up shuffle buffer (this may take a while): 11111 of 11303
2025-05-17 23:15:18.635148: I tensorflow/core/kernels/data/shuffle_dataset_op.cc:483] Shuffle buffer filled.
2025-05-17 23:16:57.988907: I tensorflow/core/kernels/data/shuffle_dataset_op.cc:453] ShuffleDatasetV3:2: Filling up shuffle buffer (this may take a while): 1840 of 11303
2025-05-17 23:17:08.072742: I tensorflow/core/kernels/data/shuffle_dataset_op.cc:453] ShuffleDatasetV3:2: Filling up shuffle buffer (this may take a while): 3925 of 11303
2025-05-17 23:17:28.067517: I tensorflow/core/kernels/data/shuffle_dataset_op.cc:453] ShuffleDatasetV3:2: Filling up shuffle buffer (this may take a while): 8030 of 11303
2025-05-17 23:17:44.703172: I tensorflow/core/kernels/data/shuffle_dataset_op.cc:483] Shuffle buffer filled.
2025-05-17 23:19:23.408896: I tensorflow/core/kernels/data/shuffle_dataset_op.cc:453] ShuffleDatasetV3:2: Filling up shuffle buffer (this may take a while): 2067 of 11303
2025-05-17 23:19:43.375234: I tensorflow/core/kernels/data/shuffle_dataset_op.cc:453] ShuffleDatasetV3:2: Filling up shuffle buffer (this may take a while): 6583 of 11303
2025-05-17 23:20:03.399625: I tensorflow/core/kernels/data/shuffle_dataset_op.cc:453] ShuffleDatasetV3:2: Filling up shuffle buffer (this may take a while): 10711 of 11303
2025-05-17 23:20:05.428200: I tensorflow/core/kernels/data/shuffle_dataset_op.cc:483] Shuffle buffer filled.
2025-05-17 23:21:44.671627: I tensorflow/core/kernels/data/shuffle_dataset_op.cc:453] ShuffleDatasetV3:2: Filling up shuffle buffer (this may take a while): 1736 of 11303
2025-05-17 23:22:04.668875: I tensorflow/core/kernels/data/shuffle_dataset_op.cc:453] ShuffleDatasetV3:2: Filling up shuffle buffer (this may take a while): 5846 of 11303
2025-05-17 23:22:15.394361: I tensorflow/core/kernels/data/shuffle_dataset_op.cc:453] ShuffleDatasetV3:2: Filling up shuffle buffer (this may take a while): 8025 of 11303
2025-05-17 23:22:31.098979: I tensorflow/core/kernels/data/shuffle_dataset_op.cc:483] Shuffle buffer filled.
2025-05-17 23:24:10.979839: I tensorflow/core/kernels/data/shuffle_dataset_op.cc:453] ShuffleDatasetV3:2: Filling up shuffle buffer (this may take a while): 1776 of 11303
2025-05-17 23:24:30.873715: I tensorflow/core/kernels/data/shuffle_dataset_op.cc:453] ShuffleDatasetV3:2: Filling up shuffle buffer (this may take a while): 5932 of 11303
2025-05-17 23:24:41.592715: I tensorflow/core/kernels/data/shuffle_dataset_op.cc:453] ShuffleDatasetV3:2: Filling up shuffle buffer (this may take a while): 8000 of 11303
2025-05-17 23:24:57.705811: I tensorflow/core/kernels/data/shuffle_dataset_op.cc:483] Shuffle buffer filled.
2025-05-17 23:26:33.688548: I tensorflow/core/kernels/data/shuffle_dataset_op.cc:453] ShuffleDatasetV3:2: Filling up shuffle buffer (this may take a while): 1787 of 11303
2025-05-17 23:26:53.571509: I tensorflow/core/kernels/data/shuffle_dataset_op.cc:453] ShuffleDatasetV3:2: Filling up shuffle buffer (this may take a while): 6584 of 11303
2025-05-17 23:27:03.595091: I tensorflow/core/kernels/data/shuffle_dataset_op.cc:453] ShuffleDatasetV3:2: Filling up shuffle buffer (this may take a while): 8835 of 11303
2025-05-17 23:27:14.102346: I tensorflow/core/kernels/data/shuffle_dataset_op.cc:483] Shuffle buffer filled.
2025-05-17 23:28:53.177048: I tensorflow/core/kernels/data/shuffle_dataset_op.cc:453] ShuffleDatasetV3:2: Filling up shuffle buffer (this may take a while): 1813 of 11303
2025-05-17 23:29:13.093054: I tensorflow/core/kernels/data/shuffle_dataset_op.cc:453] ShuffleDatasetV3:2: Filling up shuffle buffer (this may take a while): 5939 of 11303
2025-05-17 23:29:23.104109: I tensorflow/core/kernels/data/shuffle_dataset_op.cc:453] ShuffleDatasetV3:2: Filling up shuffle buffer (this may take a while): 7747 of 11303
2025-05-17 23:29:33.275101: I tensorflow/core/kernels/data/shuffle_dataset_op.cc:453] ShuffleDatasetV3:2: Filling up shuffle buffer (this may take a while): 9818 of 11303
2025-05-17 23:29:40.221695: I tensorflow/core/kernels/data/shuffle_dataset_op.cc:483] Shuffle buffer filled.
2025-05-17 23:31:18.673898: I tensorflow/core/kernels/data/shuffle_dataset_op.cc:453] ShuffleDatasetV3:2: Filling up shuffle buffer (this may take a while): 1963 of 11303
2025-05-17 23:31:38.873296: I tensorflow/core/kernels/data/shuffle_dataset_op.cc:453] ShuffleDatasetV3:2: Filling up shuffle buffer (this may take a while): 6520 of 11303
2025-05-17 23:31:58.696625: I tensorflow/core/kernels/data/shuffle_dataset_op.cc:453] ShuffleDatasetV3:2: Filling up shuffle buffer (this may take a while): 10765 of 11303
2025-05-17 23:32:01.281125: I tensorflow/core/kernels/data/shuffle_dataset_op.cc:483] Shuffle buffer filled.
2025-05-17 23:33:39.272383: I tensorflow/core/kernels/data/shuffle_dataset_op.cc:453] ShuffleDatasetV3:2: Filling up shuffle buffer (this may take a while): 1804 of 11303
2025-05-17 23:33:49.370470: I tensorflow/core/kernels/data/shuffle_dataset_op.cc:453] ShuffleDatasetV3:2: Filling up shuffle buffer (this may take a while): 3862 of 11303
2025-05-17 23:34:09.211234: I tensorflow/core/kernels/data/shuffle_dataset_op.cc:453] ShuffleDatasetV3:2: Filling up shuffle buffer (this may take a while): 7756 of 11303
2025-05-17 23:34:26.111873: I tensorflow/core/kernels/data/shuffle_dataset_op.cc:483] Shuffle buffer filled.
2025-05-17 23:36:05.470367: I tensorflow/core/kernels/data/shuffle_dataset_op.cc:453] ShuffleDatasetV3:2: Filling up shuffle buffer (this may take a while): 1745 of 11303
2025-05-17 23:36:25.290699: I tensorflow/core/kernels/data/shuffle_dataset_op.cc:453] ShuffleDatasetV3:2: Filling up shuffle buffer (this may take a while): 5975 of 11303
2025-05-17 23:36:35.295782: I tensorflow/core/kernels/data/shuffle_dataset_op.cc:453] ShuffleDatasetV3:2: Filling up shuffle buffer (this may take a while): 7987 of 11303
2025-05-17 23:36:51.519829: I tensorflow/core/kernels/data/shuffle_dataset_op.cc:483] Shuffle buffer filled.
2025-05-17 23:38:29.697883: I tensorflow/core/kernels/data/shuffle_dataset_op.cc:453] ShuffleDatasetV3:2: Filling up shuffle buffer (this may take a while): 1940 of 11303
2025-05-17 23:38:49.694400: I tensorflow/core/kernels/data/shuffle_dataset_op.cc:453] ShuffleDatasetV3:2: Filling up shuffle buffer (this may take a while): 6565 of 11303
2025-05-17 23:38:59.991869: I tensorflow/core/kernels/data/shuffle_dataset_op.cc:453] ShuffleDatasetV3:2: Filling up shuffle buffer (this may take a while): 8827 of 11303
2025-05-17 23:39:10.625358: I tensorflow/core/kernels/data/shuffle_dataset_op.cc:483] Shuffle buffer filled.
2025-05-17 23:41:06.974490: I tensorflow/core/kernels/data/shuffle_dataset_op.cc:453] ShuffleDatasetV3:2: Filling up shuffle buffer (this may take a while): 1785 of 11303
2025-05-17 23:41:17.070073: I tensorflow/core/kernels/data/shuffle_dataset_op.cc:453] ShuffleDatasetV3:2: Filling up shuffle buffer (this may take a while): 3767 of 11303
2025-05-17 23:41:36.980117: I tensorflow/core/kernels/data/shuffle_dataset_op.cc:453] ShuffleDatasetV3:2: Filling up shuffle buffer (this may take a while): 7777 of 11303
2025-05-17 23:41:54.641868: I tensorflow/core/kernels/data/shuffle_dataset_op.cc:483] Shuffle buffer filled.
2025-05-17 23:42:07.266181: I external/local_xla/xla/stream_executor/cuda/subprocess_compilation.cc:346] ptxas warning : Registers are spilled to local memory in function 'gemm_fusion_dot_23971', 4 bytes spill stores, 4 bytes spill loads

2025-05-17 23:42:08.030116: I external/local_xla/xla/stream_executor/cuda/subprocess_compilation.cc:346] ptxas warning : Registers are spilled to local memory in function 'gemm_fusion_dot_23869', 16 bytes spill stores, 16 bytes spill loads

2025-05-17 23:42:08.041504: I external/local_xla/xla/stream_executor/cuda/subprocess_compilation.cc:346] ptxas warning : Registers are spilled to local memory in function 'gemm_fusion_dot_23869', 16 bytes spill stores, 16 bytes spill loads

2025-05-17 23:42:08.505992: I external/local_xla/xla/stream_executor/cuda/subprocess_compilation.cc:346] ptxas warning : Registers are spilled to local memory in function 'gemm_fusion_dot_23869', 192 bytes spill stores, 192 bytes spill loads

2025-05-17 23:43:57.398289: I external/local_xla/xla/stream_executor/cuda/subprocess_compilation.cc:346] ptxas warning : Registers are spilled to local memory in function 'gemm_fusion_dot_23971', 4 bytes spill stores, 4 bytes spill loads

2025-05-17 23:43:57.799426: I external/local_xla/xla/stream_executor/cuda/subprocess_compilation.cc:346] ptxas warning : Registers are spilled to local memory in function 'gemm_fusion_dot_23869', 16 bytes spill stores, 16 bytes spill loads

2025-05-17 23:43:57.976104: I external/local_xla/xla/stream_executor/cuda/subprocess_compilation.cc:346] ptxas warning : Registers are spilled to local memory in function 'gemm_fusion_dot_23869', 16 bytes spill stores, 16 bytes spill loads

2025-05-17 23:43:58.112458: I external/local_xla/xla/stream_executor/cuda/subprocess_compilation.cc:346] ptxas warning : Registers are spilled to local memory in function 'gemm_fusion_dot_23869', 192 bytes spill stores, 192 bytes spill loads

2025-05-17 23:44:24.213939: I external/local_xla/xla/stream_executor/cuda/subprocess_compilation.cc:346] ptxas warning : Registers are spilled to local memory in function 'gemm_fusion_dot_4276', 4 bytes spill stores, 4 bytes spill loads

2025-05-17 23:44:48.991429: I tensorflow/core/kernels/data/shuffle_dataset_op.cc:453] ShuffleDatasetV3:2: Filling up shuffle buffer (this may take a while): 1740 of 11303
2025-05-17 23:44:59.071060: I tensorflow/core/kernels/data/shuffle_dataset_op.cc:453] ShuffleDatasetV3:2: Filling up shuffle buffer (this may take a while): 3818 of 11303
2025-05-17 23:45:19.401428: I tensorflow/core/kernels/data/shuffle_dataset_op.cc:453] ShuffleDatasetV3:2: Filling up shuffle buffer (this may take a while): 7749 of 11303
2025-05-17 23:45:37.498597: I tensorflow/core/kernels/data/shuffle_dataset_op.cc:483] Shuffle buffer filled.
2025-05-17 23:47:18.475237: I tensorflow/core/kernels/data/shuffle_dataset_op.cc:453] ShuffleDatasetV3:2: Filling up shuffle buffer (this may take a while): 1869 of 11303
2025-05-17 23:47:38.574205: I tensorflow/core/kernels/data/shuffle_dataset_op.cc:453] ShuffleDatasetV3:2: Filling up shuffle buffer (this may take a while): 6334 of 11303
2025-05-17 23:47:58.579996: I tensorflow/core/kernels/data/shuffle_dataset_op.cc:453] ShuffleDatasetV3:2: Filling up shuffle buffer (this may take a while): 10181 of 11303
2025-05-17 23:48:03.416746: I tensorflow/core/kernels/data/shuffle_dataset_op.cc:483] Shuffle buffer filled.
2025-05-17 23:49:43.582355: I tensorflow/core/kernels/data/shuffle_dataset_op.cc:453] ShuffleDatasetV3:2: Filling up shuffle buffer (this may take a while): 1772 of 11303
2025-05-17 23:50:03.367695: I tensorflow/core/kernels/data/shuffle_dataset_op.cc:453] ShuffleDatasetV3:2: Filling up shuffle buffer (this may take a while): 5837 of 11303
2025-05-17 23:50:13.397341: I tensorflow/core/kernels/data/shuffle_dataset_op.cc:453] ShuffleDatasetV3:2: Filling up shuffle buffer (this may take a while): 7941 of 11303
2025-05-17 23:50:28.554727: I tensorflow/core/kernels/data/shuffle_dataset_op.cc:483] Shuffle buffer filled.
2025-05-17 23:52:10.565920: I tensorflow/core/kernels/data/shuffle_dataset_op.cc:453] ShuffleDatasetV3:2: Filling up shuffle buffer (this may take a while): 1846 of 11303
2025-05-17 23:52:20.572295: I tensorflow/core/kernels/data/shuffle_dataset_op.cc:453] ShuffleDatasetV3:2: Filling up shuffle buffer (this may take a while): 3932 of 11303
2025-05-17 23:52:30.594518: I tensorflow/core/kernels/data/shuffle_dataset_op.cc:453] ShuffleDatasetV3:2: Filling up shuffle buffer (this may take a while): 5941 of 11303
2025-05-17 23:52:40.889890: I tensorflow/core/kernels/data/shuffle_dataset_op.cc:453] ShuffleDatasetV3:2: Filling up shuffle buffer (this may take a while): 7936 of 11303
2025-05-17 23:52:58.499093: I tensorflow/core/kernels/data/shuffle_dataset_op.cc:483] Shuffle buffer filled.
2025-05-17 23:54:39.489520: I tensorflow/core/kernels/data/shuffle_dataset_op.cc:453] ShuffleDatasetV3:2: Filling up shuffle buffer (this may take a while): 1899 of 11303
2025-05-17 23:54:49.603030: I tensorflow/core/kernels/data/shuffle_dataset_op.cc:453] ShuffleDatasetV3:2: Filling up shuffle buffer (this may take a while): 4145 of 11303
2025-05-17 23:54:59.667438: I tensorflow/core/kernels/data/shuffle_dataset_op.cc:453] ShuffleDatasetV3:2: Filling up shuffle buffer (this may take a while): 6290 of 11303
2025-05-17 23:55:09.668498: I tensorflow/core/kernels/data/shuffle_dataset_op.cc:453] ShuffleDatasetV3:2: Filling up shuffle buffer (this may take a while): 8268 of 11303
2025-05-17 23:55:24.425523: I tensorflow/core/kernels/data/shuffle_dataset_op.cc:483] Shuffle buffer filled.
2025-05-17 23:57:03.977253: I tensorflow/core/kernels/data/shuffle_dataset_op.cc:453] ShuffleDatasetV3:2: Filling up shuffle buffer (this may take a while): 1769 of 11303
2025-05-17 23:57:23.866494: I tensorflow/core/kernels/data/shuffle_dataset_op.cc:453] ShuffleDatasetV3:2: Filling up shuffle buffer (this may take a while): 5866 of 11303
2025-05-17 23:57:34.266937: I tensorflow/core/kernels/data/shuffle_dataset_op.cc:453] ShuffleDatasetV3:2: Filling up shuffle buffer (this may take a while): 7872 of 11303
2025-05-17 23:57:51.124946: I tensorflow/core/kernels/data/shuffle_dataset_op.cc:483] Shuffle buffer filled.
2025-05-17 23:59:33.481472: I tensorflow/core/kernels/data/shuffle_dataset_op.cc:453] ShuffleDatasetV3:2: Filling up shuffle buffer (this may take a while): 1789 of 11303
2025-05-17 23:59:53.397919: I tensorflow/core/kernels/data/shuffle_dataset_op.cc:453] ShuffleDatasetV3:2: Filling up shuffle buffer (this may take a while): 5799 of 11303
2025-05-18 00:00:13.283542: I tensorflow/core/kernels/data/shuffle_dataset_op.cc:453] ShuffleDatasetV3:2: Filling up shuffle buffer (this may take a while): 9784 of 11303
2025-05-18 00:00:20.803415: I tensorflow/core/kernels/data/shuffle_dataset_op.cc:483] Shuffle buffer filled.
2025-05-18 00:02:00.970739: I tensorflow/core/kernels/data/shuffle_dataset_op.cc:453] ShuffleDatasetV3:2: Filling up shuffle buffer (this may take a while): 1851 of 11303
2025-05-18 00:02:11.092830: I tensorflow/core/kernels/data/shuffle_dataset_op.cc:453] ShuffleDatasetV3:2: Filling up shuffle buffer (this may take a while): 3992 of 11303
2025-05-18 00:02:31.067420: I tensorflow/core/kernels/data/shuffle_dataset_op.cc:453] ShuffleDatasetV3:2: Filling up shuffle buffer (this may take a while): 8252 of 11303
2025-05-18 00:02:46.219167: I tensorflow/core/kernels/data/shuffle_dataset_op.cc:483] Shuffle buffer filled.
2025-05-18 00:04:29.070663: I tensorflow/core/kernels/data/shuffle_dataset_op.cc:453] ShuffleDatasetV3:2: Filling up shuffle buffer (this may take a while): 1782 of 11303
2025-05-18 00:04:39.072906: I tensorflow/core/kernels/data/shuffle_dataset_op.cc:453] ShuffleDatasetV3:2: Filling up shuffle buffer (this may take a while): 3856 of 11303
2025-05-18 00:04:59.002518: I tensorflow/core/kernels/data/shuffle_dataset_op.cc:453] ShuffleDatasetV3:2: Filling up shuffle buffer (this may take a while): 7818 of 11303
2025-05-18 00:05:09.084975: I tensorflow/core/kernels/data/shuffle_dataset_op.cc:453] ShuffleDatasetV3:2: Filling up shuffle buffer (this may take a while): 9833 of 11303
2025-05-18 00:05:15.940895: I tensorflow/core/kernels/data/shuffle_dataset_op.cc:483] Shuffle buffer filled.
2025-05-18 00:06:57.274763: I tensorflow/core/kernels/data/shuffle_dataset_op.cc:453] ShuffleDatasetV3:2: Filling up shuffle buffer (this may take a while): 1847 of 11303
2025-05-18 00:07:07.290461: I tensorflow/core/kernels/data/shuffle_dataset_op.cc:453] ShuffleDatasetV3:2: Filling up shuffle buffer (this may take a while): 3984 of 11303
2025-05-18 00:07:17.386489: I tensorflow/core/kernels/data/shuffle_dataset_op.cc:453] ShuffleDatasetV3:2: Filling up shuffle buffer (this may take a while): 6134 of 11303
2025-05-18 00:07:37.279702: I tensorflow/core/kernels/data/shuffle_dataset_op.cc:453] ShuffleDatasetV3:2: Filling up shuffle buffer (this may take a while): 9824 of 11303
2025-05-18 00:07:44.623917: I tensorflow/core/kernels/data/shuffle_dataset_op.cc:483] Shuffle buffer filled.
2025-05-18 00:09:23.766749: I tensorflow/core/kernels/data/shuffle_dataset_op.cc:453] ShuffleDatasetV3:2: Filling up shuffle buffer (this may take a while): 1747 of 11303
2025-05-18 00:09:33.796043: I tensorflow/core/kernels/data/shuffle_dataset_op.cc:453] ShuffleDatasetV3:2: Filling up shuffle buffer (this may take a while): 3886 of 11303
2025-05-18 00:09:53.585012: I tensorflow/core/kernels/data/shuffle_dataset_op.cc:453] ShuffleDatasetV3:2: Filling up shuffle buffer (this may take a while): 8219 of 11303
2025-05-18 00:10:03.683810: I tensorflow/core/kernels/data/shuffle_dataset_op.cc:453] ShuffleDatasetV3:2: Filling up shuffle buffer (this may take a while): 10098 of 11303
2025-05-18 00:10:08.519405: I tensorflow/core/kernels/data/shuffle_dataset_op.cc:483] Shuffle buffer filled.
2025-05-18 00:11:51.478610: I tensorflow/core/kernels/data/shuffle_dataset_op.cc:453] ShuffleDatasetV3:2: Filling up shuffle buffer (this may take a while): 1825 of 11303
2025-05-18 00:12:10.967109: I tensorflow/core/kernels/data/shuffle_dataset_op.cc:453] ShuffleDatasetV3:2: Filling up shuffle buffer (this may take a while): 5891 of 11303
2025-05-18 00:12:30.786753: I tensorflow/core/kernels/data/shuffle_dataset_op.cc:453] ShuffleDatasetV3:2: Filling up shuffle buffer (this may take a while): 9845 of 11303
2025-05-18 00:12:37.726205: I tensorflow/core/kernels/data/shuffle_dataset_op.cc:483] Shuffle buffer filled.
2025-05-18 00:14:16.773178: I tensorflow/core/kernels/data/shuffle_dataset_op.cc:453] ShuffleDatasetV3:2: Filling up shuffle buffer (this may take a while): 1922 of 11303
2025-05-18 00:14:26.873960: I tensorflow/core/kernels/data/shuffle_dataset_op.cc:453] ShuffleDatasetV3:2: Filling up shuffle buffer (this may take a while): 4386 of 11303
2025-05-18 00:14:47.175016: I tensorflow/core/kernels/data/shuffle_dataset_op.cc:453] ShuffleDatasetV3:2: Filling up shuffle buffer (this may take a while): 8700 of 11303
2025-05-18 00:14:59.561841: I tensorflow/core/kernels/data/shuffle_dataset_op.cc:483] Shuffle buffer filled.
2025-05-18 00:16:38.371522: I tensorflow/core/kernels/data/shuffle_dataset_op.cc:453] ShuffleDatasetV3:2: Filling up shuffle buffer (this may take a while): 1718 of 11303
2025-05-18 00:16:58.372281: I tensorflow/core/kernels/data/shuffle_dataset_op.cc:453] ShuffleDatasetV3:2: Filling up shuffle buffer (this may take a while): 5875 of 11303
2025-05-18 00:17:08.476592: I tensorflow/core/kernels/data/shuffle_dataset_op.cc:453] ShuffleDatasetV3:2: Filling up shuffle buffer (this may take a while): 7860 of 11303
2025-05-18 00:17:25.325672: I tensorflow/core/kernels/data/shuffle_dataset_op.cc:483] Shuffle buffer filled.
2025-05-18 00:19:05.871922: I tensorflow/core/kernels/data/shuffle_dataset_op.cc:453] ShuffleDatasetV3:2: Filling up shuffle buffer (this may take a while): 1835 of 11303
2025-05-18 00:19:15.888163: I tensorflow/core/kernels/data/shuffle_dataset_op.cc:453] ShuffleDatasetV3:2: Filling up shuffle buffer (this may take a while): 3894 of 11303
2025-05-18 00:19:25.890239: I tensorflow/core/kernels/data/shuffle_dataset_op.cc:453] ShuffleDatasetV3:2: Filling up shuffle buffer (this may take a while): 6002 of 11303
2025-05-18 00:19:45.872136: I tensorflow/core/kernels/data/shuffle_dataset_op.cc:453] ShuffleDatasetV3:2: Filling up shuffle buffer (this may take a while): 9846 of 11303
2025-05-18 00:19:53.004072: I tensorflow/core/kernels/data/shuffle_dataset_op.cc:483] Shuffle buffer filled.
2025-05-18 00:21:31.173254: I tensorflow/core/kernels/data/shuffle_dataset_op.cc:453] ShuffleDatasetV3:2: Filling up shuffle buffer (this may take a while): 1760 of 11303
2025-05-18 00:21:51.072182: I tensorflow/core/kernels/data/shuffle_dataset_op.cc:453] ShuffleDatasetV3:2: Filling up shuffle buffer (this may take a while): 6168 of 11303
2025-05-18 00:22:01.074242: I tensorflow/core/kernels/data/shuffle_dataset_op.cc:453] ShuffleDatasetV3:2: Filling up shuffle buffer (this may take a while): 8245 of 11303
2025-05-18 00:22:11.469118: I tensorflow/core/kernels/data/shuffle_dataset_op.cc:453] ShuffleDatasetV3:2: Filling up shuffle buffer (this may take a while): 10229 of 11303
2025-05-18 00:22:15.229001: I tensorflow/core/kernels/data/shuffle_dataset_op.cc:483] Shuffle buffer filled.
2025-05-18 00:23:56.292211: I tensorflow/core/kernels/data/shuffle_dataset_op.cc:453] ShuffleDatasetV3:2: Filling up shuffle buffer (this may take a while): 1761 of 11303
2025-05-18 00:24:06.373123: I tensorflow/core/kernels/data/shuffle_dataset_op.cc:453] ShuffleDatasetV3:2: Filling up shuffle buffer (this may take a while): 3841 of 11303
2025-05-18 00:24:16.376868: I tensorflow/core/kernels/data/shuffle_dataset_op.cc:453] ShuffleDatasetV3:2: Filling up shuffle buffer (this may take a while): 5799 of 11303
2025-05-18 00:24:26.804064: I tensorflow/core/kernels/data/shuffle_dataset_op.cc:453] ShuffleDatasetV3:2: Filling up shuffle buffer (this may take a while): 7722 of 11303
2025-05-18 00:24:45.098864: I tensorflow/core/kernels/data/shuffle_dataset_op.cc:483] Shuffle buffer filled.
2025-05-18 00:26:24.766050: I tensorflow/core/kernels/data/shuffle_dataset_op.cc:453] ShuffleDatasetV3:2: Filling up shuffle buffer (this may take a while): 2002 of 11303
2025-05-18 00:26:44.781599: I tensorflow/core/kernels/data/shuffle_dataset_op.cc:453] ShuffleDatasetV3:2: Filling up shuffle buffer (this may take a while): 6635 of 11303
2025-05-18 00:27:04.880019: I tensorflow/core/kernels/data/shuffle_dataset_op.cc:453] ShuffleDatasetV3:2: Filling up shuffle buffer (this may take a while): 10705 of 11303
2025-05-18 00:27:06.730573: I tensorflow/core/kernels/data/shuffle_dataset_op.cc:483] Shuffle buffer filled.
2025-05-18 00:28:46.295102: I tensorflow/core/kernels/data/shuffle_dataset_op.cc:453] ShuffleDatasetV3:2: Filling up shuffle buffer (this may take a while): 1759 of 11303
2025-05-18 00:28:56.374971: I tensorflow/core/kernels/data/shuffle_dataset_op.cc:453] ShuffleDatasetV3:2: Filling up shuffle buffer (this may take a while): 3874 of 11303
2025-05-18 00:29:06.575329: I tensorflow/core/kernels/data/shuffle_dataset_op.cc:453] ShuffleDatasetV3:2: Filling up shuffle buffer (this may take a while): 5942 of 11303
2025-05-18 00:29:16.689958: I tensorflow/core/kernels/data/shuffle_dataset_op.cc:453] ShuffleDatasetV3:2: Filling up shuffle buffer (this may take a while): 7721 of 11303
2025-05-18 00:29:33.649924: I tensorflow/core/kernels/data/shuffle_dataset_op.cc:483] Shuffle buffer filled.
2025-05-18 00:31:32.087581: I tensorflow/core/kernels/data/shuffle_dataset_op.cc:453] ShuffleDatasetV3:2: Filling up shuffle buffer (this may take a while): 1719 of 11303
2025-05-18 00:31:52.095460: I tensorflow/core/kernels/data/shuffle_dataset_op.cc:453] ShuffleDatasetV3:2: Filling up shuffle buffer (this may take a while): 6111 of 11303
2025-05-18 00:32:02.183106: I tensorflow/core/kernels/data/shuffle_dataset_op.cc:453] ShuffleDatasetV3:2: Filling up shuffle buffer (this may take a while): 7913 of 11303
2025-05-18 00:32:19.613155: I tensorflow/core/kernels/data/shuffle_dataset_op.cc:483] Shuffle buffer filled.
2025-05-18 00:34:55.084212: I tensorflow/core/kernels/data/shuffle_dataset_op.cc:453] ShuffleDatasetV3:2: Filling up shuffle buffer (this may take a while): 1704 of 11303
2025-05-18 00:35:15.076678: I tensorflow/core/kernels/data/shuffle_dataset_op.cc:453] ShuffleDatasetV3:2: Filling up shuffle buffer (this may take a while): 5891 of 11303
2025-05-18 00:35:25.076727: I tensorflow/core/kernels/data/shuffle_dataset_op.cc:453] ShuffleDatasetV3:2: Filling up shuffle buffer (this may take a while): 7954 of 11303
2025-05-18 00:35:42.925673: I tensorflow/core/kernels/data/shuffle_dataset_op.cc:483] Shuffle buffer filled.
2025-05-18 00:37:22.986498: I tensorflow/core/kernels/data/shuffle_dataset_op.cc:453] ShuffleDatasetV3:2: Filling up shuffle buffer (this may take a while): 1750 of 11303
2025-05-18 00:37:42.792995: I tensorflow/core/kernels/data/shuffle_dataset_op.cc:453] ShuffleDatasetV3:2: Filling up shuffle buffer (this may take a while): 6046 of 11303
2025-05-18 00:37:53.102363: I tensorflow/core/kernels/data/shuffle_dataset_op.cc:453] ShuffleDatasetV3:2: Filling up shuffle buffer (this may take a while): 8066 of 11303
2025-05-18 00:38:10.432077: I tensorflow/core/kernels/data/shuffle_dataset_op.cc:483] Shuffle buffer filled.
2025-05-18 00:39:51.901134: I tensorflow/core/kernels/data/shuffle_dataset_op.cc:453] ShuffleDatasetV3:2: Filling up shuffle buffer (this may take a while): 1827 of 11303
2025-05-18 00:40:11.889998: I tensorflow/core/kernels/data/shuffle_dataset_op.cc:453] ShuffleDatasetV3:2: Filling up shuffle buffer (this may take a while): 6129 of 11303
2025-05-18 00:40:22.068944: I tensorflow/core/kernels/data/shuffle_dataset_op.cc:453] ShuffleDatasetV3:2: Filling up shuffle buffer (this may take a while): 8188 of 11303
2025-05-18 00:40:37.416391: I tensorflow/core/kernels/data/shuffle_dataset_op.cc:483] Shuffle buffer filled.
2025-05-18 00:42:17.278697: I tensorflow/core/kernels/data/shuffle_dataset_op.cc:453] ShuffleDatasetV3:2: Filling up shuffle buffer (this may take a while): 1635 of 11303
2025-05-18 00:42:27.279505: I tensorflow/core/kernels/data/shuffle_dataset_op.cc:453] ShuffleDatasetV3:2: Filling up shuffle buffer (this may take a while): 3663 of 11303
2025-05-18 00:42:47.367381: I tensorflow/core/kernels/data/shuffle_dataset_op.cc:453] ShuffleDatasetV3:2: Filling up shuffle buffer (this may take a while): 7634 of 11303
2025-05-18 00:42:57.380502: I tensorflow/core/kernels/data/shuffle_dataset_op.cc:453] ShuffleDatasetV3:2: Filling up shuffle buffer (this may take a while): 9550 of 11303
2025-05-18 00:43:06.932609: I tensorflow/core/kernels/data/shuffle_dataset_op.cc:483] Shuffle buffer filled.
2025-05-18 00:44:45.270391: I tensorflow/core/kernels/data/shuffle_dataset_op.cc:453] ShuffleDatasetV3:2: Filling up shuffle buffer (this may take a while): 1745 of 11303
2025-05-18 00:45:05.170023: I tensorflow/core/kernels/data/shuffle_dataset_op.cc:453] ShuffleDatasetV3:2: Filling up shuffle buffer (this may take a while): 6138 of 11303
2025-05-18 00:45:25.167916: I tensorflow/core/kernels/data/shuffle_dataset_op.cc:453] ShuffleDatasetV3:2: Filling up shuffle buffer (this may take a while): 10177 of 11303
2025-05-18 00:45:29.489243: I tensorflow/core/kernels/data/shuffle_dataset_op.cc:483] Shuffle buffer filled.
2025-05-18 00:47:10.670771: I tensorflow/core/kernels/data/shuffle_dataset_op.cc:453] ShuffleDatasetV3:2: Filling up shuffle buffer (this may take a while): 1727 of 11303
2025-05-18 00:47:20.671797: I tensorflow/core/kernels/data/shuffle_dataset_op.cc:453] ShuffleDatasetV3:2: Filling up shuffle buffer (this may take a while): 3786 of 11303
2025-05-18 00:47:30.674310: I tensorflow/core/kernels/data/shuffle_dataset_op.cc:453] ShuffleDatasetV3:2: Filling up shuffle buffer (this may take a while): 6045 of 11303
2025-05-18 00:47:40.798134: I tensorflow/core/kernels/data/shuffle_dataset_op.cc:453] ShuffleDatasetV3:2: Filling up shuffle buffer (this may take a while): 8066 of 11303
2025-05-18 00:47:57.412964: I tensorflow/core/kernels/data/shuffle_dataset_op.cc:483] Shuffle buffer filled.
2025-05-18 00:49:35.965972: I tensorflow/core/kernels/data/shuffle_dataset_op.cc:453] ShuffleDatasetV3:2: Filling up shuffle buffer (this may take a while): 1773 of 11303
2025-05-18 00:49:55.691657: I tensorflow/core/kernels/data/shuffle_dataset_op.cc:453] ShuffleDatasetV3:2: Filling up shuffle buffer (this may take a while): 5989 of 11303
2025-05-18 00:50:05.871505: I tensorflow/core/kernels/data/shuffle_dataset_op.cc:453] ShuffleDatasetV3:2: Filling up shuffle buffer (this may take a while): 7884 of 11303
2025-05-18 00:50:22.932980: I tensorflow/core/kernels/data/shuffle_dataset_op.cc:483] Shuffle buffer filled.
2025-05-18 00:52:00.279013: I tensorflow/core/kernels/data/shuffle_dataset_op.cc:453] ShuffleDatasetV3