now processing task id:: 5271 on worker1.slurm.hj.se
2025-05-16 23:31:26.464430: I tensorflow/core/platform/cpu_feature_guard.cc:210] This TensorFlow binary is optimized to use available CPU instructions in performance-critical operations.
To enable the following instructions: AVX2 FMA, in other operations, rebuild TensorFlow with the appropriate compiler flags.
WARNING: All log messages before absl::InitializeLog() is called are written to STDERR
I0000 00:00:1747438290.502337   17793 gpu_device.cc:2018] Created device /job:localhost/replica:0/task:0/device:GPU:0 with 8098 MB memory:  -> device: 0, name: NVIDIA A100 80GB PCIe MIG 1g.10gb, pci bus id: 0000:81:00.0, compute capability: 8.0
2025-05-16 23:31:50.691871: I tensorflow/core/kernels/data/shuffle_dataset_op.cc:453] ShuffleDatasetV3:2: Filling up shuffle buffer (this may take a while): 1843 of 11303
2025-05-16 23:32:10.601007: I tensorflow/core/kernels/data/shuffle_dataset_op.cc:453] ShuffleDatasetV3:2: Filling up shuffle buffer (this may take a while): 6785 of 11303
2025-05-16 23:32:20.687632: I tensorflow/core/kernels/data/shuffle_dataset_op.cc:453] ShuffleDatasetV3:2: Filling up shuffle buffer (this may take a while): 9036 of 11303
2025-05-16 23:32:29.093497: I tensorflow/core/kernels/data/shuffle_dataset_op.cc:483] Shuffle buffer filled.
2025-05-16 23:32:29.270884: I external/local_xla/xla/service/service.cc:152] XLA service 0x7f1e340045c0 initialized for platform CUDA (this does not guarantee that XLA will be used). Devices:
2025-05-16 23:32:29.270965: I external/local_xla/xla/service/service.cc:160]   StreamExecutor device (0): NVIDIA A100 80GB PCIe MIG 1g.10gb, Compute Capability 8.0
2025-05-16 23:32:29.688114: I tensorflow/compiler/mlir/tensorflow/utils/dump_mlir_util.cc:269] disabling MLIR crash reproducer, set env var `MLIR_CRASH_REPRODUCER_DIRECTORY` to enable.
I0000 00:00:1747438351.675644   18437 cuda_dnn.cc:529] Loaded cuDNN version 90300
2025-05-16 23:32:41.578697: I external/local_xla/xla/stream_executor/cuda/subprocess_compilation.cc:346] ptxas warning : Registers are spilled to local memory in function 'gemm_fusion_dot_8694', 88 bytes spill stores, 88 bytes spill loads

2025-05-16 23:32:41.692679: I external/local_xla/xla/stream_executor/cuda/subprocess_compilation.cc:346] ptxas warning : Registers are spilled to local memory in function 'gemm_fusion_dot_8694', 16 bytes spill stores, 16 bytes spill loads

I0000 00:00:1747438377.510405   18437 device_compiler.h:196] Compiled cluster using XLA!  This line is logged at most once for the lifetime of the process.
2025-05-16 23:34:20.848383: I external/local_xla/xla/stream_executor/cuda/subprocess_compilation.cc:346] ptxas warning : Registers are spilled to local memory in function 'gemm_fusion_dot_8694', 88 bytes spill stores, 88 bytes spill loads

2025-05-16 23:34:21.000068: I external/local_xla/xla/stream_executor/cuda/subprocess_compilation.cc:346] ptxas warning : Registers are spilled to local memory in function 'gemm_fusion_dot_8694', 16 bytes spill stores, 16 bytes spill loads

2025-05-16 23:34:41.859628: I external/local_xla/xla/stream_executor/cuda/subprocess_compilation.cc:346] ptxas warning : Registers are spilled to local memory in function 'gemm_fusion_dot_2460', 188 bytes spill stores, 188 bytes spill loads

2025-05-16 23:34:41.890373: I external/local_xla/xla/stream_executor/cuda/subprocess_compilation.cc:346] ptxas warning : Registers are spilled to local memory in function 'gemm_fusion_dot_2467', 220 bytes spill stores, 220 bytes spill loads

2025-05-16 23:34:41.940978: I external/local_xla/xla/stream_executor/cuda/subprocess_compilation.cc:346] ptxas warning : Registers are spilled to local memory in function 'gemm_fusion_dot_2467', 188 bytes spill stores, 188 bytes spill loads

2025-05-16 23:34:41.984251: I external/local_xla/xla/stream_executor/cuda/subprocess_compilation.cc:346] ptxas warning : Registers are spilled to local memory in function 'gemm_fusion_dot_2460', 220 bytes spill stores, 220 bytes spill loads

