now processing task id:: 3570 on worker1.slurm.hj.se
2025-05-05 10:05:41.263050: E external/local_xla/xla/stream_executor/cuda/cuda_fft.cc:467] Unable to register cuFFT factory: Attempting to register factory for plugin cuFFT when one has already been registered
WARNING: All log messages before absl::InitializeLog() is called are written to STDERR
E0000 00:00:1746439541.285438  683227 cuda_dnn.cc:8579] Unable to register cuDNN factory: Attempting to register factory for plugin cuDNN when one has already been registered
E0000 00:00:1746439541.292029  683227 cuda_blas.cc:1407] Unable to register cuBLAS factory: Attempting to register factory for plugin cuBLAS when one has already been registered
W0000 00:00:1746439541.310169  683227 computation_placer.cc:177] computation placer already registered. Please check linkage and avoid linking the same target more than once.
W0000 00:00:1746439541.310208  683227 computation_placer.cc:177] computation placer already registered. Please check linkage and avoid linking the same target more than once.
W0000 00:00:1746439541.310214  683227 computation_placer.cc:177] computation placer already registered. Please check linkage and avoid linking the same target more than once.
W0000 00:00:1746439541.310219  683227 computation_placer.cc:177] computation placer already registered. Please check linkage and avoid linking the same target more than once.
2025-05-05 10:05:41.315307: I tensorflow/core/platform/cpu_feature_guard.cc:210] This TensorFlow binary is optimized to use available CPU instructions in performance-critical operations.
To enable the following instructions: AVX2 FMA, in other operations, rebuild TensorFlow with the appropriate compiler flags.
I0000 00:00:1746439544.664422  683227 gpu_device.cc:2019] Created device /job:localhost/replica:0/task:0/device:GPU:0 with 8098 MB memory:  -> device: 0, name: NVIDIA A100 80GB PCIe MIG 1g.10gb, pci bus id: 0000:81:00.0, compute capability: 8.0
2025-05-05 10:06:12.589442: I tensorflow/core/kernels/data/shuffle_dataset_op.cc:452] ShuffleDatasetV3:2: Filling up shuffle buffer (this may take a while): 1357 of 11303
2025-05-05 10:06:32.814875: I tensorflow/core/kernels/data/shuffle_dataset_op.cc:452] ShuffleDatasetV3:2: Filling up shuffle buffer (this may take a while): 3949 of 11303
2025-05-05 10:06:52.467657: I tensorflow/core/kernels/data/shuffle_dataset_op.cc:452] ShuffleDatasetV3:2: Filling up shuffle buffer (this may take a while): 7098 of 11303
2025-05-05 10:07:02.666388: I tensorflow/core/kernels/data/shuffle_dataset_op.cc:452] ShuffleDatasetV3:2: Filling up shuffle buffer (this may take a while): 8956 of 11303
2025-05-05 10:07:14.017773: I tensorflow/core/kernels/data/shuffle_dataset_op.cc:452] ShuffleDatasetV3:2: Filling up shuffle buffer (this may take a while): 10227 of 11303
2025-05-05 10:07:18.610498: I tensorflow/core/kernels/data/shuffle_dataset_op.cc:482] Shuffle buffer filled.
WARNING: All log messages before absl::InitializeLog() is called are written to STDERR
I0000 00:00:1746439638.729353  683872 service.cc:152] XLA service 0x7f4d04004730 initialized for platform CUDA (this does not guarantee that XLA will be used). Devices:
I0000 00:00:1746439638.732711  683872 service.cc:160]   StreamExecutor device (0): NVIDIA A100 80GB PCIe MIG 1g.10gb, Compute Capability 8.0
2025-05-05 10:07:19.311473: I tensorflow/compiler/mlir/tensorflow/utils/dump_mlir_util.cc:269] disabling MLIR crash reproducer, set env var `MLIR_CRASH_REPRODUCER_DIRECTORY` to enable.
I0000 00:00:1746439642.748006  683872 cuda_dnn.cc:529] Loaded cuDNN version 90300
2025-05-05 10:07:24.435786: E external/local_xla/xla/stream_executor/cuda/cuda_timer.cc:86] Delay kernel timed out: measured time has sub-optimal accuracy. There may be a missing warmup execution, please investigate in Nsight Systems.
2025-05-05 10:07:24.600900: E external/local_xla/xla/stream_executor/cuda/cuda_timer.cc:86] Delay kernel timed out: measured time has sub-optimal accuracy. There may be a missing warmup execution, please investigate in Nsight Systems.
I0000 00:00:1746439650.813234  683872 device_compiler.h:188] Compiled cluster using XLA!  This line is logged at most once for the lifetime of the process.
2025-05-05 10:09:01.008246: I tensorflow/core/kernels/data/shuffle_dataset_op.cc:452] ShuffleDatasetV3:2: Filling up shuffle buffer (this may take a while): 1436 of 11303
2025-05-05 10:09:18.680498: I tensorflow/core/kernels/data/shuffle_dataset_op.cc:452] ShuffleDatasetV3:2: Filling up shuffle buffer (this may take a while): 5124 of 11303
2025-05-05 10:09:29.614164: I tensorflow/core/kernels/data/shuffle_dataset_op.cc:452] ShuffleDatasetV3:2: Filling up shuffle buffer (this may take a while): 6461 of 11303
2025-05-05 10:09:48.875114: I tensorflow/core/kernels/data/shuffle_dataset_op.cc:452] ShuffleDatasetV3:2: Filling up shuffle buffer (this may take a while): 9463 of 11303
2025-05-05 10:09:57.935340: I tensorflow/core/kernels/data/shuffle_dataset_op.cc:482] Shuffle buffer filled.
2025-05-05 10:10:57.982491: I tensorflow/core/kernels/data/shuffle_dataset_op.cc:452] ShuffleDatasetV3:2: Filling up shuffle buffer (this may take a while): 1436 of 11303
2025-05-05 10:11:16.998227: I tensorflow/core/kernels/data/shuffle_dataset_op.cc:452] ShuffleDatasetV3:2: Filling up shuffle buffer (this may take a while): 5205 of 11303
2025-05-05 10:11:36.244779: I tensorflow/core/kernels/data/shuffle_dataset_op.cc:452] ShuffleDatasetV3:2: Filling up shuffle buffer (this may take a while): 8344 of 11303
2025-05-05 10:11:47.285650: I tensorflow/core/kernels/data/shuffle_dataset_op.cc:452] ShuffleDatasetV3:2: Filling up shuffle buffer (this may take a while): 10227 of 11303
2025-05-05 10:11:52.474802: I tensorflow/core/kernels/data/shuffle_dataset_op.cc:482] Shuffle buffer filled.
2025-05-05 10:13:01.746559: I tensorflow/core/kernels/data/shuffle_dataset_op.cc:452] ShuffleDatasetV3:2: Filling up shuffle buffer (this may take a while): 1436 of 11303
2025-05-05 10:13:22.003920: I tensorflow/core/kernels/data/shuffle_dataset_op.cc:452] ShuffleDatasetV3:2: Filling up shuffle buffer (this may take a while): 5205 of 11303
2025-05-05 10:13:43.494999: I tensorflow/core/kernels/data/shuffle_dataset_op.cc:452] ShuffleDatasetV3:2: Filling up shuffle buffer (this may take a while): 8973 of 11303
2025-05-05 10:13:54.676886: I tensorflow/core/kernels/data/shuffle_dataset_op.cc:482] Shuffle buffer filled.
2025-05-05 10:14:53.698386: I tensorflow/core/kernels/data/shuffle_dataset_op.cc:452] ShuffleDatasetV3:2: Filling up shuffle buffer (this may take a while): 1436 of 11303
2025-05-05 10:15:13.028063: I tensorflow/core/kernels/data/shuffle_dataset_op.cc:452] ShuffleDatasetV3:2: Filling up shuffle buffer (this may take a while): 5205 of 11303
2025-05-05 10:15:32.376613: I tensorflow/core/kernels/data/shuffle_dataset_op.cc:452] ShuffleDatasetV3:2: Filling up shuffle buffer (this may take a while): 8899 of 11303
2025-05-05 10:15:42.532670: I tensorflow/core/kernels/data/shuffle_dataset_op.cc:452] ShuffleDatasetV3:2: Filling up shuffle buffer (this may take a while): 10229 of 11303
2025-05-05 10:15:45.900463: I tensorflow/core/kernels/data/shuffle_dataset_op.cc:482] Shuffle buffer filled.
2025-05-05 10:16:44.213174: I tensorflow/core/kernels/data/shuffle_dataset_op.cc:452] ShuffleDatasetV3:2: Filling up shuffle buffer (this may take a while): 1436 of 11303
2025-05-05 10:17:04.661911: I tensorflow/core/kernels/data/shuffle_dataset_op.cc:452] ShuffleDatasetV3:2: Filling up shuffle buffer (this may take a while): 5205 of 11303
2025-05-05 10:17:25.214085: I tensorflow/core/kernels/data/shuffle_dataset_op.cc:452] ShuffleDatasetV3:2: Filling up shuffle buffer (this may take a while): 8973 of 11303
2025-05-05 10:17:35.724866: I tensorflow/core/kernels/data/shuffle_dataset_op.cc:482] Shuffle buffer filled.
2025-05-05 10:18:34.841968: I tensorflow/core/kernels/data/shuffle_dataset_op.cc:452] ShuffleDatasetV3:2: Filling up shuffle buffer (this may take a while): 1436 of 11303
2025-05-05 10:18:53.873937: I tensorflow/core/kernels/data/shuffle_dataset_op.cc:452] ShuffleDatasetV3:2: Filling up shuffle buffer (this may take a while): 5161 of 11303
2025-05-05 10:19:05.806903: I tensorflow/core/kernels/data/shuffle_dataset_op.cc:452] ShuffleDatasetV3:2: Filling up shuffle buffer (this may take a while): 6461 of 11303
2025-05-05 10:19:23.844058: I tensorflow/core/kernels/data/shuffle_dataset_op.cc:452] ShuffleDatasetV3:2: Filling up shuffle buffer (this may take a while): 9018 of 11303
2025-05-05 10:19:34.260968: I tensorflow/core/kernels/data/shuffle_dataset_op.cc:452] ShuffleDatasetV3:2: Filling up shuffle buffer (this may take a while): 10772 of 11303
2025-05-05 10:19:35.171385: I tensorflow/core/kernels/data/shuffle_dataset_op.cc:482] Shuffle buffer filled.
2025-05-05 10:20:34.136469: I tensorflow/core/kernels/data/shuffle_dataset_op.cc:452] ShuffleDatasetV3:2: Filling up shuffle buffer (this may take a while): 1436 of 11303
2025-05-05 10:20:56.807501: I tensorflow/core/kernels/data/shuffle_dataset_op.cc:452] ShuffleDatasetV3:2: Filling up shuffle buffer (this may take a while): 5205 of 11303
2025-05-05 10:21:14.333401: I tensorflow/core/kernels/data/shuffle_dataset_op.cc:452] ShuffleDatasetV3:2: Filling up shuffle buffer (this may take a while): 7721 of 11303
2025-05-05 10:21:33.519951: I tensorflow/core/kernels/data/shuffle_dataset_op.cc:452] ShuffleDatasetV3:2: Filling up shuffle buffer (this may take a while): 10632 of 11303
2025-05-05 10:21:35.212257: I tensorflow/core/kernels/data/shuffle_dataset_op.cc:482] Shuffle buffer filled.
2025-05-05 10:22:33.675312: I tensorflow/core/kernels/data/shuffle_dataset_op.cc:452] ShuffleDatasetV3:2: Filling up shuffle buffer (this may take a while): 1436 of 11303
2025-05-05 10:22:56.687334: I tensorflow/core/kernels/data/shuffle_dataset_op.cc:452] ShuffleDatasetV3:2: Filling up shuffle buffer (this may take a while): 5205 of 11303
2025-05-05 10:23:13.422177: I tensorflow/core/kernels/data/shuffle_dataset_op.cc:452] ShuffleDatasetV3:2: Filling up shuffle buffer (this may take a while): 7721 of 11303
2025-05-05 10:23:33.359771: I tensorflow/core/kernels/data/shuffle_dataset_op.cc:452] ShuffleDatasetV3:2: Filling up shuffle buffer (this may take a while): 10772 of 11303
2025-05-05 10:23:34.197221: I tensorflow/core/kernels/data/shuffle_dataset_op.cc:482] Shuffle buffer filled.
2025-05-05 10:24:33.189093: I tensorflow/core/kernels/data/shuffle_dataset_op.cc:452] ShuffleDatasetV3:2: Filling up shuffle buffer (this may take a while): 1436 of 11303
2025-05-05 10:24:52.267489: I tensorflow/core/kernels/data/shuffle_dataset_op.cc:452] ShuffleDatasetV3:2: Filling up shuffle buffer (this may take a while): 5139 of 11303
2025-05-05 10:25:04.249143: I tensorflow/core/kernels/data/shuffle_dataset_op.cc:452] ShuffleDatasetV3:2: Filling up shuffle buffer (this may take a while): 6461 of 11303
2025-05-05 10:25:22.349475: I tensorflow/core/kernels/data/shuffle_dataset_op.cc:452] ShuffleDatasetV3:2: Filling up shuffle buffer (this may take a while): 8976 of 11303
2025-05-05 10:25:35.479880: I tensorflow/core/kernels/data/shuffle_dataset_op.cc:482] Shuffle buffer filled.
2025-05-05 10:26:33.869110: I tensorflow/core/kernels/data/shuffle_dataset_op.cc:452] ShuffleDatasetV3:2: Filling up shuffle buffer (this may take a while): 1436 of 11303
2025-05-05 10:26:53.379705: I tensorflow/core/kernels/data/shuffle_dataset_op.cc:452] ShuffleDatasetV3:2: Filling up shuffle buffer (this may take a while): 5045 of 11303
2025-05-05 10:27:05.588015: I tensorflow/core/kernels/data/shuffle_dataset_op.cc:452] ShuffleDatasetV3:2: Filling up shuffle buffer (this may take a while): 6461 of 11303
2025-05-05 10:27:23.645887: I tensorflow/core/kernels/data/shuffle_dataset_op.cc:452] ShuffleDatasetV3:2: Filling up shuffle buffer (this may take a while): 8979 of 11303
2025-05-05 10:27:35.903429: I tensorflow/core/kernels/data/shuffle_dataset_op.cc:482] Shuffle buffer filled.
2025-05-05 10:28:36.550880: I tensorflow/core/kernels/data/shuffle_dataset_op.cc:452] ShuffleDatasetV3:2: Filling up shuffle buffer (this may take a while): 1436 of 11303
2025-05-05 10:28:54.750420: I tensorflow/core/kernels/data/shuffle_dataset_op.cc:452] ShuffleDatasetV3:2: Filling up shuffle buffer (this may take a while): 4518 of 11303
2025-05-05 10:29:04.786805: I tensorflow/core/kernels/data/shuffle_dataset_op.cc:452] ShuffleDatasetV3:2: Filling up shuffle buffer (this may take a while): 6412 of 11303
2025-05-05 10:29:15.600400: I tensorflow/core/kernels/data/shuffle_dataset_op.cc:452] ShuffleDatasetV3:2: Filling up shuffle buffer (this may take a while): 7717 of 11303
2025-05-05 10:29:25.833882: I tensorflow/core/kernels/data/shuffle_dataset_op.cc:452] ShuffleDatasetV3:2: Filling up shuffle buffer (this may take a while): 8973 of 11303
2025-05-05 10:29:38.671750: I tensorflow/core/kernels/data/shuffle_dataset_op.cc:482] Shuffle buffer filled.
2025-05-05 10:30:38.487057: I tensorflow/core/kernels/data/shuffle_dataset_op.cc:452] ShuffleDatasetV3:2: Filling up shuffle buffer (this may take a while): 1436 of 11303
2025-05-05 10:31:00.965254: I tensorflow/core/kernels/data/shuffle_dataset_op.cc:452] ShuffleDatasetV3:2: Filling up shuffle buffer (this may take a while): 5205 of 11303
2025-05-05 10:31:18.137036: I tensorflow/core/kernels/data/shuffle_dataset_op.cc:452] ShuffleDatasetV3:2: Filling up shuffle buffer (this may take a while): 7721 of 11303
2025-05-05 10:31:37.569294: I tensorflow/core/kernels/data/shuffle_dataset_op.cc:452] ShuffleDatasetV3:2: Filling up shuffle buffer (this may take a while): 10549 of 11303
2025-05-05 10:31:40.014541: I tensorflow/core/kernels/data/shuffle_dataset_op.cc:482] Shuffle buffer filled.
2025-05-05 10:32:40.040450: I tensorflow/core/kernels/data/shuffle_dataset_op.cc:452] ShuffleDatasetV3:2: Filling up shuffle buffer (this may take a while): 1436 of 11303
2025-05-05 10:32:58.572626: I tensorflow/core/kernels/data/shuffle_dataset_op.cc:452] ShuffleDatasetV3:2: Filling up shuffle buffer (this may take a while): 5197 of 11303
2025-05-05 10:33:10.609464: I tensorflow/core/kernels/data/shuffle_dataset_op.cc:452] ShuffleDatasetV3:2: Filling up shuffle buffer (this may take a while): 6461 of 11303
2025-05-05 10:33:28.831088: I tensorflow/core/kernels/data/shuffle_dataset_op.cc:452] ShuffleDatasetV3:2: Filling up shuffle buffer (this may take a while): 8973 of 11303
2025-05-05 10:33:38.968247: I tensorflow/core/kernels/data/shuffle_dataset_op.cc:452] ShuffleDatasetV3:2: Filling up shuffle buffer (this may take a while): 10598 of 11303
2025-05-05 10:33:40.918750: I tensorflow/core/kernels/data/shuffle_dataset_op.cc:482] Shuffle buffer filled.
2025-05-05 10:34:40.725260: I tensorflow/core/kernels/data/shuffle_dataset_op.cc:452] ShuffleDatasetV3:2: Filling up shuffle buffer (this may take a while): 1436 of 11303
2025-05-05 10:34:59.165970: I tensorflow/core/kernels/data/shuffle_dataset_op.cc:452] ShuffleDatasetV3:2: Filling up shuffle buffer (this may take a while): 4846 of 11303
2025-05-05 10:35:11.706973: I tensorflow/core/kernels/data/shuffle_dataset_op.cc:452] ShuffleDatasetV3:2: Filling up shuffle buffer (this may take a while): 6461 of 11303
2025-05-05 10:35:29.464378: I tensorflow/core/kernels/data/shuffle_dataset_op.cc:452] ShuffleDatasetV3:2: Filling up shuffle buffer (this may take a while): 8973 of 11303
2025-05-05 10:35:41.720588: I tensorflow/core/kernels/data/shuffle_dataset_op.cc:482] Shuffle buffer filled.
2025-05-05 10:36:40.910002: I tensorflow/core/kernels/data/shuffle_dataset_op.cc:452] ShuffleDatasetV3:2: Filling up shuffle buffer (this may take a while): 1436 of 11303
2025-05-05 10:37:00.471645: I tensorflow/core/kernels/data/shuffle_dataset_op.cc:452] ShuffleDatasetV3:2: Filling up shuffle buffer (this may take a while): 5161 of 11303
2025-05-05 10:37:12.082914: I tensorflow/core/kernels/data/shuffle_dataset_op.cc:452] ShuffleDatasetV3:2: Filling up shuffle buffer (this may take a while): 6461 of 11303
2025-05-05 10:37:30.643662: I tensorflow/core/kernels/data/shuffle_dataset_op.cc:452] ShuffleDatasetV3:2: Filling up shuffle buffer (this may take a while): 8979 of 11303
2025-05-05 10:37:40.695388: I tensorflow/core/kernels/data/shuffle_dataset_op.cc:452] ShuffleDatasetV3:2: Filling up shuffle buffer (this may take a while): 10598 of 11303
2025-05-05 10:37:42.618304: I tensorflow/core/kernels/data/shuffle_dataset_op.cc:482] Shuffle buffer filled.
2025-05-05 10:38:41.253728: I tensorflow/core/kernels/data/shuffle_dataset_op.cc:452] ShuffleDatasetV3:2: Filling up shuffle buffer (this may take a while): 1436 of 11303
2025-05-05 10:39:00.671899: I tensorflow/core/kernels/data/shuffle_dataset_op.cc:452] ShuffleDatasetV3:2: Filling up shuffle buffer (this may take a while): 5130 of 11303
2025-05-05 10:39:12.061883: I tensorflow/core/kernels/data/shuffle_dataset_op.cc:452] ShuffleDatasetV3:2: Filling up shuffle buffer (this may take a while): 6461 of 11303
2025-05-05 10:39:30.892385: I tensorflow/core/kernels/data/shuffle_dataset_op.cc:452] ShuffleDatasetV3:2: Filling up shuffle buffer (this may take a while): 9293 of 11303
2025-05-05 10:39:42.287300: I tensorflow/core/kernels/data/shuffle_dataset_op.cc:482] Shuffle buffer filled.
2025-05-05 10:40:43.218919: I tensorflow/core/kernels/data/shuffle_dataset_op.cc:452] ShuffleDatasetV3:2: Filling up shuffle buffer (this may take a while): 1436 of 11303
2025-05-05 10:41:01.707406: I tensorflow/core/kernels/data/shuffle_dataset_op.cc:452] ShuffleDatasetV3:2: Filling up shuffle buffer (this may take a while): 4494 of 11303
2025-05-05 10:41:13.166148: I tensorflow/core/kernels/data/shuffle_dataset_op.cc:452] ShuffleDatasetV3:2: Filling up shuffle buffer (this may take a while): 6461 of 11303
2025-05-05 10:41:31.641078: I tensorflow/core/kernels/data/shuffle_dataset_op.cc:452] ShuffleDatasetV3:2: Filling up shuffle buffer (this may take a while): 8978 of 11303
2025-05-05 10:41:43.714055: I tensorflow/core/kernels/data/shuffle_dataset_op.cc:482] Shuffle buffer filled.
2025-05-05 10:42:43.456248: I tensorflow/core/kernels/data/shuffle_dataset_op.cc:452] ShuffleDatasetV3:2: Filling up shuffle buffer (this may take a while): 1436 of 11303
2025-05-05 10:43:02.372857: I tensorflow/core/kernels/data/shuffle_dataset_op.cc:452] ShuffleDatasetV3:2: Filling up shuffle buffer (this may take a while): 4759 of 11303
2025-05-05 10:43:12.374170: I tensorflow/core/kernels/data/shuffle_dataset_op.cc:452] ShuffleDatasetV3:2: Filling up shuffle buffer (this may take a while): 6263 of 11303
2025-05-05 10:43:22.984383: I tensorflow/core/kernels/data/shuffle_dataset_op.cc:452] ShuffleDatasetV3:2: Filling up shuffle buffer (this may take a while): 7717 of 11303
2025-05-05 10:43:42.388505: I tensorflow/core/kernels/data/shuffle_dataset_op.cc:452] ShuffleDatasetV3:2: Filling up shuffle buffer (this may take a while): 10537 of 11303
2025-05-05 10:43:44.489505: I tensorflow/core/kernels/data/shuffle_dataset_op.cc:482] Shuffle buffer filled.
2025-05-05 10:44:43.616134: I tensorflow/core/kernels/data/shuffle_dataset_op.cc:452] ShuffleDatasetV3:2: Filling up shuffle buffer (this may take a while): 1436 of 11303
2025-05-05 10:45:02.573651: I tensorflow/core/kernels/data/shuffle_dataset_op.cc:452] ShuffleDatasetV3:2: Filling up shuffle buffer (this may take a while): 4813 of 11303
2025-05-05 10:45:15.072556: I tensorflow/core/kernels/data/shuffle_dataset_op.cc:452] ShuffleDatasetV3:2: Filling up shuffle buffer (this may take a while): 6461 of 11303
2025-05-05 10:45:33.079836: I tensorflow/core/kernels/data/shuffle_dataset_op.cc:452] ShuffleDatasetV3:2: Filling up shuffle buffer (this may take a while): 8973 of 11303
2025-05-05 10:45:45.600756: I tensorflow/core/kernels/data/shuffle_dataset_op.cc:482] Shuffle buffer filled.
2025-05-05 10:46:45.184820: I tensorflow/core/kernels/data/shuffle_dataset_op.cc:452] ShuffleDatasetV3:2: Filling up shuffle buffer (this may take a while): 1436 of 11303
2025-05-05 10:47:04.419144: I tensorflow/core/kernels/data/shuffle_dataset_op.cc:452] ShuffleDatasetV3:2: Filling up shuffle buffer (this may take a while): 4486 of 11303
2025-05-05 10:47:24.207269: I tensorflow/core/kernels/data/shuffle_dataset_op.cc:452] ShuffleDatasetV3:2: Filling up shuffle buffer (this may take a while): 7717 of 11303
2025-05-05 10:47:34.657690: I tensorflow/core/kernels/data/shuffle_dataset_op.cc:452] ShuffleDatasetV3:2: Filling up shuffle buffer (this may take a while): 8973 of 11303
2025-05-05 10:47:46.490976: I tensorflow/core/kernels/data/shuffle_dataset_op.cc:482] Shuffle buffer filled.
2025-05-05 10:48:47.465708: I tensorflow/core/kernels/data/shuffle_dataset_op.cc:452] ShuffleDatasetV3:2: Filling up shuffle buffer (this may take a while): 1436 of 11303
2025-05-05 10:49:05.363300: I tensorflow/core/kernels/data/shuffle_dataset_op.cc:452] ShuffleDatasetV3:2: Filling up shuffle buffer (this may take a while): 4508 of 11303
2025-05-05 10:49:17.155864: I tensorflow/core/kernels/data/shuffle_dataset_op.cc:452] ShuffleDatasetV3:2: Filling up shuffle buffer (this may take a while): 6461 of 11303
2025-05-05 10:49:35.598795: I tensorflow/core/kernels/data/shuffle_dataset_op.cc:452] ShuffleDatasetV3:2: Filling up shuffle buffer (this may take a while): 8978 of 11303
2025-05-05 10:49:46.892500: I tensorflow/core/kernels/data/shuffle_dataset_op.cc:482] Shuffle buffer filled.
2025-05-05 10:50:45.329127: I tensorflow/core/kernels/data/shuffle_dataset_op.cc:452] ShuffleDatasetV3:2: Filling up shuffle buffer (this may take a while): 1436 of 11303
2025-05-05 10:50:55.347608: I tensorflow/core/kernels/data/shuffle_dataset_op.cc:452] ShuffleDatasetV3:2: Filling up shuffle buffer (this may take a while): 3236 of 11303
2025-05-05 10:51:07.505098: I tensorflow/core/kernels/data/shuffle_dataset_op.cc:452] ShuffleDatasetV3:2: Filling up shuffle buffer (this may take a while): 5205 of 11303
2025-05-05 10:51:25.128475: I tensorflow/core/kernels/data/shuffle_dataset_op.cc:452] ShuffleDatasetV3:2: Filling up shuffle buffer (this may take a while): 8108 of 11303
2025-05-05 10:51:35.148520: I tensorflow/core/kernels/data/shuffle_dataset_op.cc:452] ShuffleDatasetV3:2: Filling up shuffle buffer (this may take a while): 9342 of 11303
2025-05-05 10:51:45.499195: I tensorflow/core/kernels/data/shuffle_dataset_op.cc:482] Shuffle buffer filled.
2025-05-05 10:52:48.280735: I tensorflow/core/kernels/data/shuffle_dataset_op.cc:452] ShuffleDatasetV3:2: Filling up shuffle buffer (this may take a while): 1436 of 11303
2025-05-05 10:53:05.369049: I tensorflow/core/kernels/data/shuffle_dataset_op.cc:452] ShuffleDatasetV3:2: Filling up shuffle buffer (this may take a while): 4212 of 11303
2025-05-05 10:53:15.683069: I tensorflow/core/kernels/data/shuffle_dataset_op.cc:452] ShuffleDatasetV3:2: Filling up shuffle buffer (this may take a while): 5569 of 11303
2025-05-05 10:53:35.359954: I tensorflow/core/kernels/data/shuffle_dataset_op.cc:452] ShuffleDatasetV3:2: Filling up shuffle buffer (this may take a while): 8257 of 11303
2025-05-05 10:53:45.490172: I tensorflow/core/kernels/data/shuffle_dataset_op.cc:452] ShuffleDatasetV3:2: Filling up shuffle buffer (this may take a while): 9869 of 11303
2025-05-05 10:53:54.505300: I tensorflow/core/kernels/data/shuffle_dataset_op.cc:482] Shuffle buffer filled.
2025-05-05 10:54:56.237487: I tensorflow/core/kernels/data/shuffle_dataset_op.cc:452] ShuffleDatasetV3:2: Filling up shuffle buffer (this may take a while): 1436 of 11303
2025-05-05 10:55:13.386121: I tensorflow/core/kernels/data/shuffle_dataset_op.cc:452] ShuffleDatasetV3:2: Filling up shuffle buffer (this may take a while): 3968 of 11303
2025-05-05 10:55:23.478558: I tensorflow/core/kernels/data/shuffle_dataset_op.cc:452] ShuffleDatasetV3:2: Filling up shuffle buffer (this may take a while): 5522 of 11303
2025-05-05 10:55:43.552262: I tensorflow/core/kernels/data/shuffle_dataset_op.cc:452] ShuffleDatasetV3:2: Filling up shuffle buffer (this may take a while): 8207 of 11303
2025-05-05 10:55:53.724430: I tensorflow/core/kernels/data/shuffle_dataset_op.cc:452] ShuffleDatasetV3:2: Filling up shuffle buffer (this may take a while): 9463 of 11303
2025-05-05 10:56:03.999236: I tensorflow/core/kernels/data/shuffle_dataset_op.cc:482] Shuffle buffer filled.
2025-05-05 10:57:05.692869: I tensorflow/core/kernels/data/shuffle_dataset_op.cc:452] ShuffleDatasetV3:2: Filling up shuffle buffer (this may take a while): 1436 of 11303
2025-05-05 10:57:23.232705: I tensorflow/core/kernels/data/shuffle_dataset_op.cc:452] ShuffleDatasetV3:2: Filling up shuffle buffer (this may take a while): 3974 of 11303
2025-05-05 10:57:33.579532: I tensorflow/core/kernels/data/shuffle_dataset_op.cc:452] ShuffleDatasetV3:2: Filling up shuffle buffer (this may take a while): 5744 of 11303
2025-05-05 10:57:53.193608: I tensorflow/core/kernels/data/shuffle_dataset_op.cc:452] ShuffleDatasetV3:2: Filling up shuffle buffer (this may take a while): 8237 of 11303
2025-05-05 10:58:12.997369: I tensorflow/core/kernels/data/shuffle_dataset_op.cc:482] Shuffle buffer filled.
2025-05-05 10:59:13.371203: I tensorflow/core/kernels/data/shuffle_dataset_op.cc:452] ShuffleDatasetV3:2: Filling up shuffle buffer (this may take a while): 1436 of 11303
2025-05-05 10:59:31.468508: I tensorflow/core/kernels/data/shuffle_dataset_op.cc:452] ShuffleDatasetV3:2: Filling up shuffle buffer (this may take a while): 4249 of 11303
2025-05-05 10:59:41.760936: I tensorflow/core/kernels/data/shuffle_dataset_op.cc:452] ShuffleDatasetV3:2: Filling up shuffle buffer (this may take a while): 5744 of 11303
2025-05-05 10:59:52.879903: I tensorflow/core/kernels/data/shuffle_dataset_op.cc:452] ShuffleDatasetV3:2: Filling up shuffle buffer (this may take a while): 7717 of 11303
2025-05-05 11:00:04.384319: I tensorflow/core/kernels/data/shuffle_dataset_op.cc:452] ShuffleDatasetV3:2: Filling up shuffle buffer (this may take a while): 8973 of 11303
2025-05-05 11:00:17.497745: I tensorflow/core/kernels/data/shuffle_dataset_op.cc:482] Shuffle buffer filled.
2025-05-05 11:01:18.821739: I tensorflow/core/kernels/data/shuffle_dataset_op.cc:452] ShuffleDatasetV3:2: Filling up shuffle buffer (this may take a while): 1436 of 11303
2025-05-05 11:01:36.207744: I tensorflow/core/kernels/data/shuffle_dataset_op.cc:452] ShuffleDatasetV3:2: Filling up shuffle buffer (this may take a while): 4321 of 11303
