now processing task id:: 3673 on worker1.slurm.hj.se
2025-05-06 07:22:49.576868: E external/local_xla/xla/stream_executor/cuda/cuda_fft.cc:467] Unable to register cuFFT factory: Attempting to register factory for plugin cuFFT when one has already been registered
WARNING: All log messages before absl::InitializeLog() is called are written to STDERR
E0000 00:00:1746516169.598052 1022235 cuda_dnn.cc:8579] Unable to register cuDNN factory: Attempting to register factory for plugin cuDNN when one has already been registered
E0000 00:00:1746516169.604678 1022235 cuda_blas.cc:1407] Unable to register cuBLAS factory: Attempting to register factory for plugin cuBLAS when one has already been registered
W0000 00:00:1746516169.622887 1022235 computation_placer.cc:177] computation placer already registered. Please check linkage and avoid linking the same target more than once.
W0000 00:00:1746516169.622923 1022235 computation_placer.cc:177] computation placer already registered. Please check linkage and avoid linking the same target more than once.
W0000 00:00:1746516169.622928 1022235 computation_placer.cc:177] computation placer already registered. Please check linkage and avoid linking the same target more than once.
W0000 00:00:1746516169.622933 1022235 computation_placer.cc:177] computation placer already registered. Please check linkage and avoid linking the same target more than once.
2025-05-06 07:22:49.627834: I tensorflow/core/platform/cpu_feature_guard.cc:210] This TensorFlow binary is optimized to use available CPU instructions in performance-critical operations.
To enable the following instructions: AVX2 FMA, in other operations, rebuild TensorFlow with the appropriate compiler flags.
I0000 00:00:1746516172.973068 1022235 gpu_device.cc:2019] Created device /job:localhost/replica:0/task:0/device:GPU:0 with 8098 MB memory:  -> device: 0, name: NVIDIA A100 80GB PCIe MIG 1g.10gb, pci bus id: 0000:81:00.0, compute capability: 8.0
2025-05-06 07:23:21.766141: I tensorflow/core/kernels/data/shuffle_dataset_op.cc:452] ShuffleDatasetV3:2: Filling up shuffle buffer (this may take a while): 1437 of 11303
2025-05-06 07:23:40.077450: I tensorflow/core/kernels/data/shuffle_dataset_op.cc:452] ShuffleDatasetV3:2: Filling up shuffle buffer (this may take a while): 5149 of 11303
2025-05-06 07:23:50.309656: I tensorflow/core/kernels/data/shuffle_dataset_op.cc:452] ShuffleDatasetV3:2: Filling up shuffle buffer (this may take a while): 6461 of 11303
2025-05-06 07:24:00.389610: I tensorflow/core/kernels/data/shuffle_dataset_op.cc:452] ShuffleDatasetV3:2: Filling up shuffle buffer (this may take a while): 8039 of 11303
2025-05-06 07:24:19.973703: I tensorflow/core/kernels/data/shuffle_dataset_op.cc:452] ShuffleDatasetV3:2: Filling up shuffle buffer (this may take a while): 11041 of 11303
2025-05-06 07:24:20.001514: I tensorflow/core/kernels/data/shuffle_dataset_op.cc:482] Shuffle buffer filled.
WARNING: All log messages before absl::InitializeLog() is called are written to STDERR
I0000 00:00:1746516260.091763 1022875 service.cc:152] XLA service 0x7f78a40036f0 initialized for platform CUDA (this does not guarantee that XLA will be used). Devices:
I0000 00:00:1746516260.091877 1022875 service.cc:160]   StreamExecutor device (0): NVIDIA A100 80GB PCIe MIG 1g.10gb, Compute Capability 8.0
2025-05-06 07:24:20.648680: I tensorflow/compiler/mlir/tensorflow/utils/dump_mlir_util.cc:269] disabling MLIR crash reproducer, set env var `MLIR_CRASH_REPRODUCER_DIRECTORY` to enable.
I0000 00:00:1746516264.269669 1022875 cuda_dnn.cc:529] Loaded cuDNN version 90300
2025-05-06 07:24:27.284158: E external/local_xla/xla/stream_executor/cuda/cuda_timer.cc:86] Delay kernel timed out: measured time has sub-optimal accuracy. There may be a missing warmup execution, please investigate in Nsight Systems.
2025-05-06 07:24:27.453581: E external/local_xla/xla/stream_executor/cuda/cuda_timer.cc:86] Delay kernel timed out: measured time has sub-optimal accuracy. There may be a missing warmup execution, please investigate in Nsight Systems.
2025-05-06 07:24:34.284894: I external/local_xla/xla/stream_executor/cuda/subprocess_compilation.cc:346] ptxas warning : Registers are spilled to local memory in function 'input_concatenate_fusion', 8 bytes spill stores, 8 bytes spill loads

I0000 00:00:1746516274.396684 1022875 device_compiler.h:188] Compiled cluster using XLA!  This line is logged at most once for the lifetime of the process.
2025-05-06 07:25:33.066107: I external/local_xla/xla/stream_executor/cuda/subprocess_compilation.cc:346] ptxas warning : Registers are spilled to local memory in function 'gemm_fusion_dot_5903', 64 bytes spill stores, 64 bytes spill loads

2025-05-06 07:25:33.348718: I external/local_xla/xla/stream_executor/cuda/subprocess_compilation.cc:346] ptxas warning : Registers are spilled to local memory in function 'gemm_fusion_dot_5903', 648 bytes spill stores, 648 bytes spill loads

2025-05-06 07:25:43.961860: I external/local_xla/xla/stream_executor/cuda/subprocess_compilation.cc:346] ptxas warning : Registers are spilled to local memory in function 'gemm_fusion_dot_5903', 56 bytes spill stores, 56 bytes spill loads

2025-05-06 07:25:44.243422: I external/local_xla/xla/stream_executor/cuda/subprocess_compilation.cc:346] ptxas warning : Registers are spilled to local memory in function 'gemm_fusion_dot_5903', 3500 bytes spill stores, 3528 bytes spill loads

2025-05-06 07:26:06.379260: I tensorflow/core/kernels/data/shuffle_dataset_op.cc:452] ShuffleDatasetV3:2: Filling up shuffle buffer (this may take a while): 1366 of 11303
2025-05-06 07:26:16.381092: I tensorflow/core/kernels/data/shuffle_dataset_op.cc:452] ShuffleDatasetV3:2: Filling up shuffle buffer (this may take a while): 2702 of 11303
2025-05-06 07:26:37.503954: I tensorflow/core/kernels/data/shuffle_dataset_op.cc:452] ShuffleDatasetV3:2: Filling up shuffle buffer (this may take a while): 6465 of 11303
2025-05-06 07:26:56.383972: I tensorflow/core/kernels/data/shuffle_dataset_op.cc:452] ShuffleDatasetV3:2: Filling up shuffle buffer (this may take a while): 10132 of 11303
2025-05-06 07:27:02.728665: I tensorflow/core/kernels/data/shuffle_dataset_op.cc:482] Shuffle buffer filled.
2025-05-06 07:28:00.403799: I tensorflow/core/kernels/data/shuffle_dataset_op.cc:452] ShuffleDatasetV3:2: Filling up shuffle buffer (this may take a while): 1437 of 11303
2025-05-06 07:28:10.540600: I tensorflow/core/kernels/data/shuffle_dataset_op.cc:452] ShuffleDatasetV3:2: Filling up shuffle buffer (this may take a while): 3196 of 11303
2025-05-06 07:28:21.843210: I tensorflow/core/kernels/data/shuffle_dataset_op.cc:452] ShuffleDatasetV3:2: Filling up shuffle buffer (this may take a while): 5205 of 11303
2025-05-06 07:28:40.829582: I tensorflow/core/kernels/data/shuffle_dataset_op.cc:452] ShuffleDatasetV3:2: Filling up shuffle buffer (this may take a while): 8973 of 11303
2025-05-06 07:28:51.089993: I tensorflow/core/kernels/data/shuffle_dataset_op.cc:482] Shuffle buffer filled.
2025-05-06 07:29:47.293908: I tensorflow/core/kernels/data/shuffle_dataset_op.cc:452] ShuffleDatasetV3:2: Filling up shuffle buffer (this may take a while): 1804 of 11303
2025-05-06 07:29:58.618059: I tensorflow/core/kernels/data/shuffle_dataset_op.cc:452] ShuffleDatasetV3:2: Filling up shuffle buffer (this may take a while): 3948 of 11303
2025-05-06 07:30:17.211563: I tensorflow/core/kernels/data/shuffle_dataset_op.cc:452] ShuffleDatasetV3:2: Filling up shuffle buffer (this may take a while): 7926 of 11303
2025-05-06 07:30:27.270067: I tensorflow/core/kernels/data/shuffle_dataset_op.cc:452] ShuffleDatasetV3:2: Filling up shuffle buffer (this may take a while): 10141 of 11303
2025-05-06 07:30:32.724274: I tensorflow/core/kernels/data/shuffle_dataset_op.cc:482] Shuffle buffer filled.
2025-05-06 07:31:28.489796: I tensorflow/core/kernels/data/shuffle_dataset_op.cc:452] ShuffleDatasetV3:2: Filling up shuffle buffer (this may take a while): 1849 of 11303
2025-05-06 07:31:39.095978: I tensorflow/core/kernels/data/shuffle_dataset_op.cc:452] ShuffleDatasetV3:2: Filling up shuffle buffer (this may take a while): 3951 of 11303
2025-05-06 07:31:58.677939: I tensorflow/core/kernels/data/shuffle_dataset_op.cc:452] ShuffleDatasetV3:2: Filling up shuffle buffer (this may take a while): 7717 of 11303
2025-05-06 07:32:17.594693: I tensorflow/core/kernels/data/shuffle_dataset_op.cc:482] Shuffle buffer filled.
2025-05-06 07:33:13.225172: I tensorflow/core/kernels/data/shuffle_dataset_op.cc:452] ShuffleDatasetV3:2: Filling up shuffle buffer (this may take a while): 1440 of 11303
2025-05-06 07:33:33.299756: I tensorflow/core/kernels/data/shuffle_dataset_op.cc:452] ShuffleDatasetV3:2: Filling up shuffle buffer (this may take a while): 6132 of 11303
2025-05-06 07:33:53.192315: I tensorflow/core/kernels/data/shuffle_dataset_op.cc:452] ShuffleDatasetV3:2: Filling up shuffle buffer (this may take a while): 10175 of 11303
2025-05-06 07:33:58.986185: I tensorflow/core/kernels/data/shuffle_dataset_op.cc:482] Shuffle buffer filled.
2025-05-06 07:34:53.793512: I tensorflow/core/kernels/data/shuffle_dataset_op.cc:452] ShuffleDatasetV3:2: Filling up shuffle buffer (this may take a while): 1838 of 11303
2025-05-06 07:35:03.914502: I tensorflow/core/kernels/data/shuffle_dataset_op.cc:452] ShuffleDatasetV3:2: Filling up shuffle buffer (this may take a while): 3948 of 11303
2025-05-06 07:35:23.961587: I tensorflow/core/kernels/data/shuffle_dataset_op.cc:452] ShuffleDatasetV3:2: Filling up shuffle buffer (this may take a while): 7721 of 11303
2025-05-06 07:35:40.598477: I tensorflow/core/kernels/data/shuffle_dataset_op.cc:482] Shuffle buffer filled.
2025-05-06 07:36:38.641532: I tensorflow/core/kernels/data/shuffle_dataset_op.cc:452] ShuffleDatasetV3:2: Filling up shuffle buffer (this may take a while): 1440 of 11303
2025-05-06 07:36:58.397544: I tensorflow/core/kernels/data/shuffle_dataset_op.cc:452] ShuffleDatasetV3:2: Filling up shuffle buffer (this may take a while): 5478 of 11303
2025-05-06 07:37:09.705424: I tensorflow/core/kernels/data/shuffle_dataset_op.cc:452] ShuffleDatasetV3:2: Filling up shuffle buffer (this may take a while): 7717 of 11303
2025-05-06 07:37:28.242477: I tensorflow/core/kernels/data/shuffle_dataset_op.cc:452] ShuffleDatasetV3:2: Filling up shuffle buffer (this may take a while): 10797 of 11303
2025-05-06 07:37:28.624920: I tensorflow/core/kernels/data/shuffle_dataset_op.cc:482] Shuffle buffer filled.
2025-05-06 07:38:25.273885: I tensorflow/core/kernels/data/shuffle_dataset_op.cc:452] ShuffleDatasetV3:2: Filling up shuffle buffer (this may take a while): 1560 of 11303
2025-05-06 07:38:36.538791: I tensorflow/core/kernels/data/shuffle_dataset_op.cc:452] ShuffleDatasetV3:2: Filling up shuffle buffer (this may take a while): 3948 of 11303
2025-05-06 07:38:56.827083: I tensorflow/core/kernels/data/shuffle_dataset_op.cc:452] ShuffleDatasetV3:2: Filling up shuffle buffer (this may take a while): 7717 of 11303
2025-05-06 07:39:15.272355: I tensorflow/core/kernels/data/shuffle_dataset_op.cc:452] ShuffleDatasetV3:2: Filling up shuffle buffer (this may take a while): 11040 of 11303
2025-05-06 07:39:15.302699: I tensorflow/core/kernels/data/shuffle_dataset_op.cc:482] Shuffle buffer filled.
2025-05-06 07:40:12.753296: I tensorflow/core/kernels/data/shuffle_dataset_op.cc:452] ShuffleDatasetV3:2: Filling up shuffle buffer (this may take a while): 1437 of 11303
2025-05-06 07:40:22.789568: I tensorflow/core/kernels/data/shuffle_dataset_op.cc:452] ShuffleDatasetV3:2: Filling up shuffle buffer (this may take a while): 3242 of 11303
2025-05-06 07:40:33.086589: I tensorflow/core/kernels/data/shuffle_dataset_op.cc:452] ShuffleDatasetV3:2: Filling up shuffle buffer (this may take a while): 5205 of 11303
2025-05-06 07:40:53.988138: I tensorflow/core/kernels/data/shuffle_dataset_op.cc:452] ShuffleDatasetV3:2: Filling up shuffle buffer (this may take a while): 8973 of 11303
2025-05-06 07:41:04.285908: I tensorflow/core/kernels/data/shuffle_dataset_op.cc:482] Shuffle buffer filled.
2025-05-06 07:42:00.960755: I tensorflow/core/kernels/data/shuffle_dataset_op.cc:452] ShuffleDatasetV3:2: Filling up shuffle buffer (this may take a while): 1480 of 11303
2025-05-06 07:42:10.981035: I tensorflow/core/kernels/data/shuffle_dataset_op.cc:452] ShuffleDatasetV3:2: Filling up shuffle buffer (this may take a while): 3948 of 11303
2025-05-06 07:42:31.582448: I tensorflow/core/kernels/data/shuffle_dataset_op.cc:452] ShuffleDatasetV3:2: Filling up shuffle buffer (this may take a while): 7721 of 11303
2025-05-06 07:42:50.101816: I tensorflow/core/kernels/data/shuffle_dataset_op.cc:482] Shuffle buffer filled.
2025-05-06 07:43:45.792661: I tensorflow/core/kernels/data/shuffle_dataset_op.cc:452] ShuffleDatasetV3:2: Filling up shuffle buffer (this may take a while): 1795 of 11303
2025-05-06 07:43:56.771326: I tensorflow/core/kernels/data/shuffle_dataset_op.cc:452] ShuffleDatasetV3:2: Filling up shuffle buffer (this may take a while): 3948 of 11303
2025-05-06 07:44:15.600099: I tensorflow/core/kernels/data/shuffle_dataset_op.cc:452] ShuffleDatasetV3:2: Filling up shuffle buffer (this may take a while): 7717 of 11303
2025-05-06 07:44:25.811759: I tensorflow/core/kernels/data/shuffle_dataset_op.cc:452] ShuffleDatasetV3:2: Filling up shuffle buffer (this may take a while): 9342 of 11303
2025-05-06 07:44:33.710448: I tensorflow/core/kernels/data/shuffle_dataset_op.cc:482] Shuffle buffer filled.
2025-05-06 07:45:28.699387: I tensorflow/core/kernels/data/shuffle_dataset_op.cc:452] ShuffleDatasetV3:2: Filling up shuffle buffer (this may take a while): 1915 of 11303
2025-05-06 07:45:38.887250: I tensorflow/core/kernels/data/shuffle_dataset_op.cc:452] ShuffleDatasetV3:2: Filling up shuffle buffer (this may take a while): 3948 of 11303
2025-05-06 07:45:58.698445: I tensorflow/core/kernels/data/shuffle_dataset_op.cc:452] ShuffleDatasetV3:2: Filling up shuffle buffer (this may take a while): 8084 of 11303
2025-05-06 07:46:12.528083: I tensorflow/core/kernels/data/shuffle_dataset_op.cc:482] Shuffle buffer filled.
2025-05-06 07:47:08.010295: I tensorflow/core/kernels/data/shuffle_dataset_op.cc:452] ShuffleDatasetV3:2: Filling up shuffle buffer (this may take a while): 1804 of 11303
2025-05-06 07:47:18.618328: I tensorflow/core/kernels/data/shuffle_dataset_op.cc:452] ShuffleDatasetV3:2: Filling up shuffle buffer (this may take a while): 3948 of 11303
2025-05-06 07:47:38.189520: I tensorflow/core/kernels/data/shuffle_dataset_op.cc:452] ShuffleDatasetV3:2: Filling up shuffle buffer (this may take a while): 8084 of 11303
2025-05-06 07:47:54.620612: I tensorflow/core/kernels/data/shuffle_dataset_op.cc:482] Shuffle buffer filled.
2025-05-06 07:48:50.689462: I tensorflow/core/kernels/data/shuffle_dataset_op.cc:452] ShuffleDatasetV3:2: Filling up shuffle buffer (this may take a while): 1849 of 11303
2025-05-06 07:49:01.128035: I tensorflow/core/kernels/data/shuffle_dataset_op.cc:452] ShuffleDatasetV3:2: Filling up shuffle buffer (this may take a while): 3951 of 11303
2025-05-06 07:49:20.616274: I tensorflow/core/kernels/data/shuffle_dataset_op.cc:452] ShuffleDatasetV3:2: Filling up shuffle buffer (this may take a while): 7747 of 11303
2025-05-06 07:49:32.731415: I tensorflow/core/kernels/data/shuffle_dataset_op.cc:452] ShuffleDatasetV3:2: Filling up shuffle buffer (this may take a while): 10227 of 11303
2025-05-06 07:49:36.203745: I tensorflow/core/kernels/data/shuffle_dataset_op.cc:482] Shuffle buffer filled.
2025-05-06 07:51:12.741856: I tensorflow/core/kernels/data/shuffle_dataset_op.cc:452] ShuffleDatasetV3:2: Filling up shuffle buffer (this may take a while): 1439 of 11303
2025-05-06 07:51:24.093996: I tensorflow/core/kernels/data/shuffle_dataset_op.cc:452] ShuffleDatasetV3:2: Filling up shuffle buffer (this may take a while): 3948 of 11303
2025-05-06 07:51:44.078965: I tensorflow/core/kernels/data/shuffle_dataset_op.cc:452] ShuffleDatasetV3:2: Filling up shuffle buffer (this may take a while): 7721 of 11303
2025-05-06 07:52:02.792691: I tensorflow/core/kernels/data/shuffle_dataset_op.cc:452] ShuffleDatasetV3:2: Filling up shuffle buffer (this may take a while): 11129 of 11303
2025-05-06 07:52:02.808031: I tensorflow/core/kernels/data/shuffle_dataset_op.cc:482] Shuffle buffer filled.
2025-05-06 07:53:01.207476: I tensorflow/core/kernels/data/shuffle_dataset_op.cc:452] ShuffleDatasetV3:2: Filling up shuffle buffer (this may take a while): 1481 of 11303
2025-05-06 07:53:11.398617: I tensorflow/core/kernels/data/shuffle_dataset_op.cc:452] ShuffleDatasetV3:2: Filling up shuffle buffer (this may take a while): 3949 of 11303
2025-05-06 07:53:31.975297: I tensorflow/core/kernels/data/shuffle_dataset_op.cc:452] ShuffleDatasetV3:2: Filling up shuffle buffer (this may take a while): 7717 of 11303
2025-05-06 07:53:50.501236: I tensorflow/core/kernels/data/shuffle_dataset_op.cc:482] Shuffle buffer filled.
2025-05-06 07:54:46.620195: I tensorflow/core/kernels/data/shuffle_dataset_op.cc:452] ShuffleDatasetV3:2: Filling up shuffle buffer (this may take a while): 1464 of 11303
2025-05-06 07:55:07.149527: I tensorflow/core/kernels/data/shuffle_dataset_op.cc:452] ShuffleDatasetV3:2: Filling up shuffle buffer (this may take a while): 5205 of 11303
2025-05-06 07:55:26.396586: I tensorflow/core/kernels/data/shuffle_dataset_op.cc:452] ShuffleDatasetV3:2: Filling up shuffle buffer (this may take a while): 8344 of 11303
2025-05-06 07:55:44.111590: I tensorflow/core/kernels/data/shuffle_dataset_op.cc:482] Shuffle buffer filled.
2025-05-06 07:56:45.278641: I tensorflow/core/kernels/data/shuffle_dataset_op.cc:452] ShuffleDatasetV3:2: Filling up shuffle buffer (this may take a while): 1437 of 11303
2025-05-06 07:57:03.689899: I tensorflow/core/kernels/data/shuffle_dataset_op.cc:452] ShuffleDatasetV3:2: Filling up shuffle buffer (this may take a while): 3951 of 11303
2025-05-06 07:57:13.696378: I tensorflow/core/kernels/data/shuffle_dataset_op.cc:452] ShuffleDatasetV3:2: Filling up shuffle buffer (this may take a while): 5744 of 11303
2025-05-06 07:57:25.781770: I tensorflow/core/kernels/data/shuffle_dataset_op.cc:452] ShuffleDatasetV3:2: Filling up shuffle buffer (this may take a while): 7717 of 11303
2025-05-06 07:57:36.656605: I tensorflow/core/kernels/data/shuffle_dataset_op.cc:452] ShuffleDatasetV3:2: Filling up shuffle buffer (this may take a while): 8973 of 11303
2025-05-06 07:57:50.603999: I tensorflow/core/kernels/data/shuffle_dataset_op.cc:482] Shuffle buffer filled.
2025-05-06 07:58:53.881091: I tensorflow/core/kernels/data/shuffle_dataset_op.cc:452] ShuffleDatasetV3:2: Filling up shuffle buffer (this may take a while): 1437 of 11303
2025-05-06 07:59:11.674959: I tensorflow/core/kernels/data/shuffle_dataset_op.cc:452] ShuffleDatasetV3:2: Filling up shuffle buffer (this may take a while): 4330 of 11303
2025-05-06 07:59:21.671468: I tensorflow/core/kernels/data/shuffle_dataset_op.cc:452] ShuffleDatasetV3:2: Filling up shuffle buffer (this may take a while): 6390 of 11303
2025-05-06 07:59:32.534275: I tensorflow/core/kernels/data/shuffle_dataset_op.cc:452] ShuffleDatasetV3:2: Filling up shuffle buffer (this may take a while): 7717 of 11303
2025-05-06 07:59:51.741075: I tensorflow/core/kernels/data/shuffle_dataset_op.cc:452] ShuffleDatasetV3:2: Filling up shuffle buffer (this may take a while): 10603 of 11303
2025-05-06 07:59:53.217579: I tensorflow/core/kernels/data/shuffle_dataset_op.cc:482] Shuffle buffer filled.
2025-05-06 08:00:52.921435: I tensorflow/core/kernels/data/shuffle_dataset_op.cc:452] ShuffleDatasetV3:2: Filling up shuffle buffer (this may take a while): 1437 of 11303
2025-05-06 08:01:11.885001: I tensorflow/core/kernels/data/shuffle_dataset_op.cc:452] ShuffleDatasetV3:2: Filling up shuffle buffer (this may take a while): 4786 of 11303
2025-05-06 08:01:22.839520: I tensorflow/core/kernels/data/shuffle_dataset_op.cc:452] ShuffleDatasetV3:2: Filling up shuffle buffer (this may take a while): 6461 of 11303
2025-05-06 08:01:41.968935: I tensorflow/core/kernels/data/shuffle_dataset_op.cc:452] ShuffleDatasetV3:2: Filling up shuffle buffer (this may take a while): 9293 of 11303
2025-05-06 08:01:51.930192: I tensorflow/core/kernels/data/shuffle_dataset_op.cc:482] Shuffle buffer filled.
2025-05-06 08:02:51.441418: I tensorflow/core/kernels/data/shuffle_dataset_op.cc:452] ShuffleDatasetV3:2: Filling up shuffle buffer (this may take a while): 1437 of 11303
2025-05-06 08:03:01.594881: I tensorflow/core/kernels/data/shuffle_dataset_op.cc:452] ShuffleDatasetV3:2: Filling up shuffle buffer (this may take a while): 2692 of 11303
2025-05-06 08:03:22.718585: I tensorflow/core/kernels/data/shuffle_dataset_op.cc:452] ShuffleDatasetV3:2: Filling up shuffle buffer (this may take a while): 6461 of 11303
2025-05-06 08:03:41.405312: I tensorflow/core/kernels/data/shuffle_dataset_op.cc:452] ShuffleDatasetV3:2: Filling up shuffle buffer (this may take a while): 9342 of 11303
2025-05-06 08:03:51.180037: I tensorflow/core/kernels/data/shuffle_dataset_op.cc:482] Shuffle buffer filled.
2025-05-06 08:04:50.488705: I tensorflow/core/kernels/data/shuffle_dataset_op.cc:452] ShuffleDatasetV3:2: Filling up shuffle buffer (this may take a while): 1437 of 11303
2025-05-06 08:05:09.539728: I tensorflow/core/kernels/data/shuffle_dataset_op.cc:452] ShuffleDatasetV3:2: Filling up shuffle buffer (this may take a while): 4467 of 11303
2025-05-06 08:05:21.091134: I tensorflow/core/kernels/data/shuffle_dataset_op.cc:452] ShuffleDatasetV3:2: Filling up shuffle buffer (this may take a while): 6461 of 11303
2025-05-06 08:05:40.011136: I tensorflow/core/kernels/data/shuffle_dataset_op.cc:452] ShuffleDatasetV3:2: Filling up shuffle buffer (this may take a while): 9342 of 11303
2025-05-06 08:05:50.411938: I tensorflow/core/kernels/data/shuffle_dataset_op.cc:482] Shuffle buffer filled.
2025-05-06 08:06:51.992809: I tensorflow/core/kernels/data/shuffle_dataset_op.cc:452] ShuffleDatasetV3:2: Filling up shuffle buffer (this may take a while): 1437 of 11303
2025-05-06 08:07:10.133370: I tensorflow/core/kernels/data/shuffle_dataset_op.cc:452] ShuffleDatasetV3:2: Filling up shuffle buffer (this may take a while): 4321 of 11303
2025-05-06 08:07:32.616339: I tensorflow/core/kernels/data/shuffle_dataset_op.cc:452] ShuffleDatasetV3:2: Filling up shuffle buffer (this may take a while): 7717 of 11303
2025-05-06 08:07:43.440471: I tensorflow/core/kernels/data/shuffle_dataset_op.cc:452] ShuffleDatasetV3:2: Filling up shuffle buffer (this may take a while): 8973 of 11303
2025-05-06 08:07:55.991692: I tensorflow/core/kernels/data/shuffle_dataset_op.cc:482] Shuffle buffer filled.
2025-05-06 08:08:57.754121: I tensorflow/core/kernels/data/shuffle_dataset_op.cc:452] ShuffleDatasetV3:2: Filling up shuffle buffer (this may take a while): 1437 of 11303
2025-05-06 08:09:15.488210: I tensorflow/core/kernels/data/shuffle_dataset_op.cc:452] ShuffleDatasetV3:2: Filling up shuffle buffer (this may take a while): 4258 of 11303
2025-05-06 08:09:36.438169: I tensorflow/core/kernels/data/shuffle_dataset_op.cc:452] ShuffleDatasetV3:2: Filling up shuffle buffer (this may take a while): 7717 of 11303
2025-05-06 08:09:55.233391: I tensorflow/core/kernels/data/shuffle_dataset_op.cc:452] ShuffleDatasetV3:2: Filling up shuffle buffer (this may take a while): 10235 of 11303
2025-05-06 08:09:58.942432: I tensorflow/core/kernels/data/shuffle_dataset_op.cc:482] Shuffle buffer filled.
2025-05-06 08:10:58.861062: I tensorflow/core/kernels/data/shuffle_dataset_op.cc:452] ShuffleDatasetV3:2: Filling up shuffle buffer (this may take a while): 1437 of 11303
2025-05-06 08:11:17.985431: I tensorflow/core/kernels/data/shuffle_dataset_op.cc:452] ShuffleDatasetV3:2: Filling up shuffle buffer (this may take a while): 4486 of 11303
2025-05-06 08:11:30.066644: I tensorflow/core/kernels/data/shuffle_dataset_op.cc:452] ShuffleDatasetV3:2: Filling up shuffle buffer (this may take a while): 6461 of 11303
2025-05-06 08:11:49.575805: I tensorflow/core/kernels/data/shuffle_dataset_op.cc:452] ShuffleDatasetV3:2: Filling up shuffle buffer (this may take a while): 8973 of 11303
2025-05-06 08:12:01.195323: I tensorflow/core/kernels/data/shuffle_dataset_op.cc:482] Shuffle buffer filled.
2025-05-06 08:12:58.709046: I tensorflow/core/kernels/data/shuffle_dataset_op.cc:452] ShuffleDatasetV3:2: Filling up shuffle buffer (this may take a while): 1454 of 11303
2025-05-06 08:13:19.334723: I tensorflow/core/kernels/data/shuffle_dataset_op.cc:452] ShuffleDatasetV3:2: Filling up shuffle buffer (this may take a while): 5205 of 11303
2025-05-06 08:13:39.805246: I tensorflow/core/kernels/data/shuffle_dataset_op.cc:452] ShuffleDatasetV3:2: Filling up shuffle buffer (this may take a while): 8973 of 11303
2025-05-06 08:13:50.019176: I tensorflow/core/kernels/data/shuffle_dataset_op.cc:482] Shuffle buffer filled.
2025-05-06 08:14:46.232590: I tensorflow/core/kernels/data/shuffle_dataset_op.cc:452] ShuffleDatasetV3:2: Filling up shuffle buffer (this may take a while): 1491 of 11303
2025-05-06 08:14:56.809202: I tensorflow/core/kernels/data/shuffle_dataset_op.cc:452] ShuffleDatasetV3:2: Filling up shuffle buffer (this may take a while): 3948 of 11303
2025-05-06 08:15:16.186210: I tensorflow/core/kernels/data/shuffle_dataset_op.cc:452] ShuffleDatasetV3:2: Filling up shuffle buffer (this may take a while): 7769 of 11303
2025-05-06 08:15:26.194931: I tensorflow/core/kernels/data/shuffle_dataset_op.cc:452] ShuffleDatasetV3:2: Filling up shuffle buffer (this may take a while): 10134 of 11303
2025-05-06 08:15:32.408430: I tensorflow/core/kernels/data/shuffle_dataset_op.cc:482] Shuffle buffer filled.
2025-05-06 08:16:29.310509: I tensorflow/core/kernels/data/shuffle_dataset_op.cc:452] ShuffleDatasetV3:2: Filling up shuffle buffer (this may take a while): 1437 of 11303
2025-05-06 08:16:49.828482: I tensorflow/core/kernels/data/shuffle_dataset_op.cc:452] ShuffleDatasetV3:2: Filling up shuffle buffer (this may take a while): 5205 of 11303
2025-05-06 08:17:12.288368: I tensorflow/core/kernels/data/shuffle_dataset_op.cc:452] ShuffleDatasetV3:2: Filling up shuffle buffer (this may take a while): 8973 of 11303
2025-05-06 08:17:24.890983: I tensorflow/core/kernels/data/shuffle_dataset_op.cc:482] Shuffle buffer filled.
2025-05-06 08:18:21.374560: I tensorflow/core/kernels/data/shuffle_dataset_op.cc:452] ShuffleDatasetV3:2: Filling up shuffle buffer (this may take a while): 1439 of 11303
2025-05-06 08:18:31.593307: I tensorflow/core/kernels/data/shuffle_dataset_op.cc:452] ShuffleDatasetV3:2: Filling up shuffle buffer (this may take a while): 3233 of 11303
2025-05-06 08:18:44.102347: I tensorflow/core/kernels/data/shuffle_dataset_op.cc:452] ShuffleDatasetV3:2: Filling up shuffle buffer (this may take a while): 5205 of 11303
2025-05-06 08:19:01.914561: I tensorflow/core/kernels/data/shuffle_dataset_op.cc:452] ShuffleDatasetV3:2: Filling up shuffle buffer (this may take a while): 8197 of 11303
2025-05-06 08:19:19.507617: I tensorflow/core/kernels/data/shuffle_dataset_op.cc:482] Shuffle buffer filled.
2025-05-06 08:20:16.722532: I tensorflow/core/kernels/data/shuffle_dataset_op.cc:452] ShuffleDatasetV3:2: Filling up shuffle buffer (this may take a while): 1440 of 11303
2025-05-06 08:20:26.897639: I tensorflow/core/kernels/data/shuffle_dataset_op.cc:452] ShuffleDatasetV3:2: Filling up shuffle buffer (this may take a while): 3227 of 11303
2025-05-06 08:20:48.167378: I tensorflow/core/kernels/data/shuffle_dataset_op.cc:452] ShuffleDatasetV3:2: Filling up shuffle buffer (this may take a while): 6461 of 11303
2025-05-06 08:21:07.260387: I tensorflow/core/kernels/data/shuffle_dataset_op.cc:452] ShuffleDatasetV3:2: Filling up shuffle buffer (this may take a while): 9342 of 11303
2025-05-06 08:21:17.390851: I tensorflow/core/kernels/data/shuffle_dataset_op.cc:482] Shuffle buffer filled.
2025-05-06 08:22:17.332538: I tensorflow/core/kernels/data/shuffle_dataset_op.cc:452] ShuffleDatasetV3:2: Filling up shuffle buffer (this may take a while): 1440 of 11303
2025-05-06 08:22:37.276869: I tensorflow/core/kernels/data/shuffle_dataset_op.cc:452] ShuffleDatasetV3:2: Filling up shuffle buffer (this may take a while): 4787 of 11303
2025-05-06 08:22:49.125802: I tensorflow/core/kernels/data/shuffle_dataset_op.cc:452] ShuffleDatasetV3:2: Filling up shuffle buffer (this may take a while): 6461 of 11303
2025-05-06 08:23:07.831661: I tensorflow/core/kernels/data/shuffle_dataset_op.cc:452] ShuffleDatasetV3:2: Filling up shuffle buffer (this may take a while): 8973 of 11303
2025-05-06 08:23:20.093344: I tensorflow/core/kernels/data/shuffle_dataset_op.cc:482] Shuffle buffer filled.
2025-05-06 08:24:21.602777: I tensorflow/core/kernels/data/shuffle_dataset_op.cc:452] ShuffleDatasetV3:2: Filling up shuffle buffer (this may take a while): 1439 of 11303
2025-05-06 08:24:31.702506: I tensorflow/core/kernels/data/shuffle_dataset_op.cc:452] ShuffleDatasetV3:2: Filling up shuffle buffer (this may take a while): 3171 of 11303
2025-05-06 08:24:53.237689: I tensorflow/core/kernels/data/shuffle_dataset_op.cc:452] ShuffleDatasetV3:2: Filling up shuffle buffer (this may take a while): 6461 of 11303
2025-05-06 08:25:11.579814: I tensorflow/core/kernels/data/shuffle_dataset_op.cc:452] ShuffleDatasetV3:2: Filling up shuffle buffer (this may take a while): 8978 of 11303
2025-05-06 08:25:23.283470: I tensorflow/core/kernels/data/shuffle_dataset_op.cc:482] Shuffle buffer filled.
2025-05-06 08:26:22.833838: I tensorflow/core/kernels/data/shuffle_dataset_op.cc:452] ShuffleDatasetV3:2: Filling up shuffle buffer (this may take a while): 1439 of 11303
2025-05-06 08:26:42.768600: I tensorflow/core/kernels/data/shuffle_dataset_op.cc:452] ShuffleDatasetV3:2: Filling up shuffle buffer (this may take a while): 4876 of 11303
2025-05-06 08:26:54.072678: I tensorflow/core/kernels/data/shuffle_dataset_op.cc:452] ShuffleDatasetV3:2: Filling up shuffle buffer (this may take a while): 6461 of 11303
2025-05-06 08:27:12.969504: I tensorflow/core/kernels/data/shuffle_dataset_op.cc:452] ShuffleDatasetV3:2: Filling up shuffle buffer (this may take a while): 9294 of 11303
2025-05-06 08:27:23.715116: I tensorflow/core/kernels/data/shuffle_dataset_op.cc:482] Shuffle buffer filled.
2025-05-06 08:28:25.518352: I tensorflow/core/kernels/data/shuffle_dataset_op.cc:452] ShuffleDatasetV3:2: Filling up shuffle buffer (this may take a while): 1437 of 11303
2025-05-06 08:28:44.898680: I tensorflow/core/kernels/data/shuffle_dataset_op.cc:452] ShuffleDatasetV3:2: Filling up shuffle buffer (this may take a while): 4486 of 11303
2025-05-06 08:29:05.286221: I tensorflow/core/kernels/data/shuffle_dataset_op.cc:452] ShuffleDatasetV3:2: Filling up shuffle buffer (this may take a while): 7721 of 11303
2025-05-06 08:29:15.434616: I tensorflow/core/kernels/data/shuffle_dataset_op.cc:452] ShuffleDatasetV3:2: Filling up shuffle buffer (this may take a while): 8973 of 11303
2025-05-06 08:29:26.714900: I tensorflow/core/kernels/data/shuffle_dataset_op.cc:482] Shuffle buffer filled.
2025-05-06 08:30:26.480683: I tensorflow/core/kernels/data/shuffle_dataset_op.cc:452] ShuffleDatasetV3:2: Filling up shuffle buffer (this may take a while): 1437 of 11303
2025-05-06 08:30:46.580814: I tensorflow/core/kernels/data/shuffle_dataset_op.cc:452] ShuffleDatasetV3:2: Filling up shuffle buffer (this may take a while): 4861 of 11303
2025-05-06 08:30:57.187458: I tensorflow/core/kernels/data/shuffle_dataset_op.cc:452] ShuffleDatasetV3:2: Filling up shuffle buffer (this may take a while): 6461 of 11303
2025-05-06 08:31:16.508349: I tensorflow/core/kernels/data/shuffle_dataset_op.cc:452] ShuffleDatasetV3:2: Filling up shuffle buffer (this may take a while): 9561 of 11303
2025-05-06 08:31:24.018693: I tensorflow/core/kernels/data/shuffle_dataset_op.cc:482] Shuffle buffer filled.
2025-05-06 08:32:22.305797: I tensorflow/core/kernels/data/shuffle_dataset_op.cc:452] ShuffleDatasetV3:2: Filling up shuffle buffer (this may take a while): 1437 of 11303
2025-05-06 08:32:32.605759: I tensorflow/core/kernels/data/shuffle_dataset_op.cc:452] ShuffleDatasetV3:2: Filling up shuffle buffer (this may take a while): 3074 of 11303
2025-05-06 08:32:52.297943: I tensorflow/core/kernels/data/shuffle_dataset_op.cc:452] ShuffleDatasetV3:2: Filling up shuffle buffer (this may take a while): 6461 of 11303
2025-05-06 08:33:02.603951: I tensorflow/core/kernels/data/shuffle_dataset_op.cc:452] ShuffleDatasetV3:2: Filling up shuffle buffer (this may take a while): 8084 of 11303
2025-05-06 08:33:19.690878: I tensorflow/core/kernels/data/shuffle_dataset_op.cc:482] Shuffle buffer filled.
2025-05-06 08:34:17.671099: I tensorflow/core/kernels/data/shuffle_dataset_op.cc:452] ShuffleDatasetV3:2: Filling up shuffle buffer (this may take a while): 1437 of 11303
2025-05-06 08:34:37.353006: I tensorflow/core/kernels/data/shuffle_dataset_op.cc:452] ShuffleDatasetV3:2: Filling up shuffle buffer (this may take a while): 4486 of 11303
2025-05-06 08:34:47.581581: I tensorflow/core/kernels/data/shuffle_dataset_op.cc:452] ShuffleDatasetV3:2: Filling up shuffle buffer (this may take a while): 6461 of 11303
2025-05-06 08:35:07.236877: I tensorflow/core/kernels/data/shuffle_dataset_op.cc:452] ShuffleDatasetV3:2: Filling up shuffle buffer (this may take a while): 9468 of 11303
2025-05-06 08:35:15.493490: I tensorflow/core/kernels/data/shuffle_dataset_op.cc:482] Shuffle buffer filled.
2025-05-06 08:36:17.806158: I tensorflow/core/kernels/data/shuffle_dataset_op.cc:452] ShuffleDatasetV3:2: Filling up shuffle buffer (this may take a while): 1437 of 11303
2025-05-06 08:36:36.435863: I tensorflow/core/kernels/data/shuffle_dataset_op.cc:452] ShuffleDatasetV3:2: Filling up shuffle buffer (this may take a while): 4486 of 11303
2025-05-06 08:36:48.414464: I tensorflow/core/kernels/data/shuffle_dataset_op.cc:452] ShuffleDatasetV3:2: Filling up shuffle buffer (this may take a while): 6461 of 11303
2025-05-06 08:37:06.675052: I tensorflow/core/kernels/data/shuffle_dataset_op.cc:452] ShuffleDatasetV3:2: Filling up shuffle buffer (this may take a while): 8979 of 11303
2025-05-06 08:37:18.897116: I tensorflow/core/kernels/data/shuffle_dataset_op.cc:482] Shuffle buffer filled.
2025-05-06 08:38:18.908246: I tensorflow/core/kernels/data/shuffle_dataset_op.cc:452] ShuffleDatasetV3:2: Filling up shuffle buffer (this may take a while): 1437 of 11303
2025-05-06 08:38:37.967821: I tensorflow/core/kernels/data/shuffle_dataset_op.cc:452] ShuffleDatasetV3:2: Filling up shuffle buffer (this may take a while): 4486 of 11303
2025-05-06 08:38:59.002267: I tensorflow/core/kernels/data/shuffle_dataset_op.cc:452] ShuffleDatasetV3:2: Filling up shuffle buffer (this may take a while): 7717 of 11303
2025-05-06 08:39:17.794002: I tensorflow/core/kernels/data/shuffle_dataset_op.cc:452] ShuffleDatasetV3:2: Filling up shuffle buffer (this may take a while): 10603 of 11303
2025-05-06 08:39:19.878068: I tensorflow/core/kernels/data/shuffle_dataset_op.cc:482] Shuffle buffer filled.
2025-05-06 08:40:21.196930: I tensorflow/core/kernels/data/shuffle_dataset_op.cc:452] ShuffleDatasetV3:2: Filling up shuffle buffer (this may take a while): 1437 of 11303
2025-05-06 08:40:40.385084: I tensorflow/core/kernels/data/shuffle_dataset_op.cc:452] ShuffleDatasetV3:2: Filling up shuffle buffer (this may take a while): 4427 of 11303
2025-05-06 08:40:50.476452: I tensorflow/core/kernels/data/shuffle_dataset_op.cc:452] ShuffleDatasetV3:2: Filling up shuffle buffer (this may take a while): 6391 of 11303
2025-05-06 08:41:00.671974: I tensorflow/core/kernels/data/shuffle_dataset_op.cc:452] ShuffleDatasetV3:2: Filling up shuffle buffer (this may take a while): 7717 of 11303
2025-05-06 08:41:11.199037: I tensorflow/core/kernels/data/shuffle_dataset_op.cc:452] ShuffleDatasetV3:2: Filling up shuffle buffer (this may take a while): 8973 of 11303
2025-05-06 08:41:22.986521: I tensorflow/core/kernels/data/shuffle_dataset_op.cc:482] Shuffle buffer filled.
2025-05-06 08:42:25.507411: I tensorflow/core/kernels/data/shuffle_dataset_op.cc:452] ShuffleDatasetV3:2: Filling up shuffle buffer (this may take a while): 1437 of 11303
2025-05-06 08:42:44.116909: I tensorflow/core/kernels/data/shuffle_dataset_op.cc:452] ShuffleDatasetV3:2: Filling up shuffle buffer (this may take a while): 4486 of 11303
2025-05-06 08:43:04.910132: I tensorflow/core/kernels/data/shuffle_dataset_op.cc:452] ShuffleDatasetV3:2: Filling up shuffle buffer (this may take a while): 7717 of 11303
2025-05-06 08:43:23.976550: I tensorflow/core/kernels/data/shuffle_dataset_op.cc:452] ShuffleDatasetV3:2: Filling up shuffle buffer (this may take a while): 10640 of 11303
2025-05-06 08:43:25.578902: I tensorflow/core/kernels/data/shuffle_dataset_op.cc:482] Shuffle buffer filled.
2025-05-06 08:44:26.754696: I tensorflow/core/kernels/data/shuffle_dataset_op.cc:452] ShuffleDatasetV3:2: Filling up shuffle buffer (this may take a while): 1440 of 11303
2025-05-06 08:44:48.796783: I tensorflow/core/kernels/data/shuffle_dataset_op.cc:452] ShuffleDatasetV3:2: Filling up shuffle buffer (this may take a while): 5205 of 11303
2025-05-06 08:45:05.903138: I tensorflow/core/kernels/data/shuffle_dataset_op.cc:452] ShuffleDatasetV3:2: Filling up shuffle buffer (this may take a while): 8199 of 11303
2025-05-06 08:45:24.111114: I tensorflow/core/kernels/data/shuffle_dataset_op.cc:482] Shuffle buffer filled.
2025-05-06 08:46:25.314036: I tensorflow/core/kernels/data/shuffle_dataset_op.cc:452] ShuffleDatasetV3:2: Filling up shuffle buffer (this may take a while): 1437 of 11303
2025-05-06 08:46:35.535665: I tensorflow/core/kernels/data/shuffle_dataset_op.cc:452] ShuffleDatasetV3:2: Filling up shuffle buffer (this may take a while): 3196 of 11303
2025-05-06 08:46:48.099183: I tensorflow/core/kernels/data/shuffle_dataset_op.cc:452] ShuffleDatasetV3:2: Filling up shuffle buffer (this may take a while): 5205 of 11303
2025-05-06 08:47:05.191886: I tensorflow/core/kernels/data/shuffle_dataset_op.cc:452] ShuffleDatasetV3:2: Filling up shuffle buffer (this may take a while): 8032 of 11303
2025-05-06 08:47:25.067205: I tensorflow/core/kernels/data/shuffle_dataset_op.cc:452] ShuffleDatasetV3:2: Filling up shuffle buffer (this may take a while): 11085 of 11303
2025-05-06 08:47:25.107235: I tensorflow/core/kernels/data/shuffle_dataset_op.cc:482] Shuffle buffer filled.
2025-05-06 08:48:21.859903: I tensorflow/core/kernels/data/shuffle_dataset_op.cc:452] ShuffleDatasetV3:2: Filling up shuffle buffer (this may take a while): 1437 of 11303
2025-05-06 08:48:44.984896: I tensorflow/core/kernels/data/shuffle_dataset_op.cc:452] ShuffleDatasetV3:2: Filling up shuffle buffer (this may take a while): 5205 of 11303
2025-05-06 08:49:02.177870: I tensorflow/core/kernels/data/shuffle_dataset_op.cc:452] ShuffleDatasetV3:2: Filling up shuffle buffer (this may take a while): 8084 of 11303
2025-05-06 08:49:17.892765: I tensorflow/core/kernels/data/shuffle_dataset_op.cc:482] Shuffle buffer filled.
2025-05-06 08:51:11.651701: I tensorflow/core/framework/local_rendezvous.cc:407] Local rendezvous is aborting with status: OUT_OF_RANGE: End of sequence
/home/anjo19go/micromamba/envs/tf_new/lib/python3.10/site-packages/sklearn/metrics/_ranking.py:1188: UndefinedMetricWarning: No positive samples in y_true, true positive value should be meaningless
  warnings.warn(
finished task with id:: 3673
