now processing task id:: 3765 on worker5.slurm.hj.se
2025-05-06 14:58:18.876865: I tensorflow/core/platform/cpu_feature_guard.cc:142] This TensorFlow binary is optimized with oneAPI Deep Neural Network Library (oneDNN) to use the following CPU instructions in performance-critical operations:  SSE4.1 SSE4.2 AVX AVX2 FMA
To enable them in other operations, rebuild TensorFlow with the appropriate compiler flags.
2025-05-06 14:58:19.709687: I tensorflow/core/common_runtime/gpu/gpu_device.cc:1510] Created device /job:localhost/replica:0/task:0/device:GPU:0 with 7988 MB memory:  -> device: 0, name: NVIDIA A100 80GB PCIe MIG 1g.10gb, pci bus id: 0000:81:00.0, compute capability: 8.0
2025-05-06 14:58:22.391982: I tensorflow/core/profiler/lib/profiler_session.cc:131] Profiler session initializing.
2025-05-06 14:58:22.392265: I tensorflow/core/profiler/lib/profiler_session.cc:146] Profiler session started.
2025-05-06 14:58:22.392345: I tensorflow/core/profiler/internal/gpu/cupti_tracer.cc:1614] Profiler found 1 GPUs
2025-05-06 14:58:23.151230: I tensorflow/core/profiler/lib/profiler_session.cc:164] Profiler session tear down.
2025-05-06 14:58:23.152368: I tensorflow/core/profiler/internal/gpu/cupti_tracer.cc:1748] CUPTI activity buffer flushed
2025-05-06 14:58:26.079259: I tensorflow/compiler/mlir/mlir_graph_optimization_pass.cc:185] None of the MLIR Optimization Passes are enabled (registered 2)
2025-05-06 14:58:36.568421: I tensorflow/core/kernels/data/shuffle_dataset_op.cc:175] Filling up shuffle buffer (this may take a while): 1076 of 11303
2025-05-06 14:58:48.228700: I tensorflow/core/kernels/data/shuffle_dataset_op.cc:175] Filling up shuffle buffer (this may take a while): 2695 of 11303
2025-05-06 14:58:56.599931: I tensorflow/core/kernels/data/shuffle_dataset_op.cc:175] Filling up shuffle buffer (this may take a while): 3951 of 11303
2025-05-06 14:59:06.709438: I tensorflow/core/kernels/data/shuffle_dataset_op.cc:175] Filling up shuffle buffer (this may take a while): 6079 of 11303
2025-05-06 14:59:17.113958: I tensorflow/core/kernels/data/shuffle_dataset_op.cc:175] Filling up shuffle buffer (this may take a while): 7717 of 11303
2025-05-06 14:59:26.816297: I tensorflow/core/kernels/data/shuffle_dataset_op.cc:175] Filling up shuffle buffer (this may take a while): 8979 of 11303
2025-05-06 14:59:36.913546: I tensorflow/core/kernels/data/shuffle_dataset_op.cc:175] Filling up shuffle buffer (this may take a while): 10598 of 11303
2025-05-06 14:59:39.042487: I tensorflow/core/kernels/data/shuffle_dataset_op.cc:228] Shuffle buffer filled.
2025-05-06 14:59:40.186193: I tensorflow/stream_executor/cuda/cuda_dnn.cc:369] Loaded cuDNN version 8800
2025-05-06 14:59:40.403597: I tensorflow/core/platform/default/subprocess.cc:304] Start cannot spawn child process: No such file or directory
2025-05-06 14:59:45.333437: I tensorflow/stream_executor/cuda/cuda_blas.cc:1760] TensorFloat-32 will be used for the matrix multiplication. This will only be logged once.
2025-05-06 14:59:45.430944: I tensorflow/core/profiler/lib/profiler_session.cc:131] Profiler session initializing.
2025-05-06 14:59:45.431056: I tensorflow/core/profiler/lib/profiler_session.cc:146] Profiler session started.
2025-05-06 14:59:46.232283: I tensorflow/core/profiler/lib/profiler_session.cc:66] Profiler session collecting data.
2025-05-06 14:59:46.233628: I tensorflow/core/profiler/internal/gpu/cupti_tracer.cc:1748] CUPTI activity buffer flushed
2025-05-06 14:59:46.307842: I tensorflow/core/profiler/internal/gpu/cupti_collector.cc:673]  GpuTracer has collected 522 callback api events and 563 activity events. 
2025-05-06 14:59:46.323510: I tensorflow/core/profiler/lib/profiler_session.cc:164] Profiler session tear down.
2025-05-06 14:59:46.335325: I tensorflow/core/profiler/rpc/client/save_profile.cc:136] Creating directory: logs/tensorboard/fit_2025-05-06_14:58:19_InceptionV3_fit_fold0/train/plugins/profile/2025_05_06_14_59_46

2025-05-06 14:59:46.342464: I tensorflow/core/profiler/rpc/client/save_profile.cc:142] Dumped gzipped tool data for trace.json.gz to logs/tensorboard/fit_2025-05-06_14:58:19_InceptionV3_fit_fold0/train/plugins/profile/2025_05_06_14_59_46/worker5.trace.json.gz
2025-05-06 14:59:46.394349: I tensorflow/core/profiler/rpc/client/save_profile.cc:136] Creating directory: logs/tensorboard/fit_2025-05-06_14:58:19_InceptionV3_fit_fold0/train/plugins/profile/2025_05_06_14_59_46

2025-05-06 14:59:46.399151: I tensorflow/core/profiler/rpc/client/save_profile.cc:142] Dumped gzipped tool data for memory_profile.json.gz to logs/tensorboard/fit_2025-05-06_14:58:19_InceptionV3_fit_fold0/train/plugins/profile/2025_05_06_14_59_46/worker5.memory_profile.json.gz
2025-05-06 14:59:46.401351: I tensorflow/core/profiler/rpc/client/capture_profile.cc:251] Creating directory: logs/tensorboard/fit_2025-05-06_14:58:19_InceptionV3_fit_fold0/train/plugins/profile/2025_05_06_14_59_46
Dumped tool data for xplane.pb to logs/tensorboard/fit_2025-05-06_14:58:19_InceptionV3_fit_fold0/train/plugins/profile/2025_05_06_14_59_46/worker5.xplane.pb
Dumped tool data for overview_page.pb to logs/tensorboard/fit_2025-05-06_14:58:19_InceptionV3_fit_fold0/train/plugins/profile/2025_05_06_14_59_46/worker5.overview_page.pb
Dumped tool data for input_pipeline.pb to logs/tensorboard/fit_2025-05-06_14:58:19_InceptionV3_fit_fold0/train/plugins/profile/2025_05_06_14_59_46/worker5.input_pipeline.pb
Dumped tool data for tensorflow_stats.pb to logs/tensorboard/fit_2025-05-06_14:58:19_InceptionV3_fit_fold0/train/plugins/profile/2025_05_06_14_59_46/worker5.tensorflow_stats.pb
Dumped tool data for kernel_stats.pb to logs/tensorboard/fit_2025-05-06_14:58:19_InceptionV3_fit_fold0/train/plugins/profile/2025_05_06_14_59_46/worker5.kernel_stats.pb

2025-05-06 15:01:09.110275: I tensorflow/core/kernels/data/shuffle_dataset_op.cc:175] Filling up shuffle buffer (this may take a while): 1436 of 11303
2025-05-06 15:01:17.237510: I tensorflow/core/kernels/data/shuffle_dataset_op.cc:175] Filling up shuffle buffer (this may take a while): 2706 of 11303
2025-05-06 15:01:27.552331: I tensorflow/core/kernels/data/shuffle_dataset_op.cc:175] Filling up shuffle buffer (this may take a while): 4486 of 11303
2025-05-06 15:01:36.960506: I tensorflow/core/kernels/data/shuffle_dataset_op.cc:175] Filling up shuffle buffer (this may take a while): 5744 of 11303
2025-05-06 15:01:46.901957: I tensorflow/core/kernels/data/shuffle_dataset_op.cc:175] Filling up shuffle buffer (this may take a while): 7436 of 11303
2025-05-06 15:01:59.432677: I tensorflow/core/kernels/data/shuffle_dataset_op.cc:175] Filling up shuffle buffer (this may take a while): 8973 of 11303
2025-05-06 15:02:07.927612: I tensorflow/core/kernels/data/shuffle_dataset_op.cc:175] Filling up shuffle buffer (this may take a while): 10227 of 11303
2025-05-06 15:02:13.111996: I tensorflow/core/kernels/data/shuffle_dataset_op.cc:228] Shuffle buffer filled.
2025-05-06 15:03:28.972636: I tensorflow/core/kernels/data/shuffle_dataset_op.cc:175] Filling up shuffle buffer (this may take a while): 1041 of 11303
2025-05-06 15:03:41.054322: I tensorflow/core/kernels/data/shuffle_dataset_op.cc:175] Filling up shuffle buffer (this may take a while): 2695 of 11303
2025-05-06 15:03:49.945303: I tensorflow/core/kernels/data/shuffle_dataset_op.cc:175] Filling up shuffle buffer (this may take a while): 3951 of 11303
2025-05-06 15:03:59.096263: I tensorflow/core/kernels/data/shuffle_dataset_op.cc:175] Filling up shuffle buffer (this may take a while): 5478 of 11303
2025-05-06 15:04:09.058819: I tensorflow/core/kernels/data/shuffle_dataset_op.cc:175] Filling up shuffle buffer (this may take a while): 6852 of 11303
2025-05-06 15:04:18.982650: I tensorflow/core/kernels/data/shuffle_dataset_op.cc:175] Filling up shuffle buffer (this may take a while): 8603 of 11303
2025-05-06 15:04:29.082120: I tensorflow/core/kernels/data/shuffle_dataset_op.cc:175] Filling up shuffle buffer (this may take a while): 10146 of 11303
2025-05-06 15:04:37.615125: I tensorflow/core/kernels/data/shuffle_dataset_op.cc:228] Shuffle buffer filled.
2025-05-06 15:05:51.550129: I tensorflow/core/kernels/data/shuffle_dataset_op.cc:175] Filling up shuffle buffer (this may take a while): 1436 of 11303
2025-05-06 15:05:59.643978: I tensorflow/core/kernels/data/shuffle_dataset_op.cc:175] Filling up shuffle buffer (this may take a while): 2710 of 11303
2025-05-06 15:06:10.064635: I tensorflow/core/kernels/data/shuffle_dataset_op.cc:175] Filling up shuffle buffer (this may take a while): 4486 of 11303
2025-05-06 15:06:19.405663: I tensorflow/core/kernels/data/shuffle_dataset_op.cc:175] Filling up shuffle buffer (this may take a while): 6138 of 11303
2025-05-06 15:06:29.369919: I tensorflow/core/kernels/data/shuffle_dataset_op.cc:175] Filling up shuffle buffer (this may take a while): 7707 of 11303
2025-05-06 15:06:40.755131: I tensorflow/core/kernels/data/shuffle_dataset_op.cc:175] Filling up shuffle buffer (this may take a while): 8973 of 11303
2025-05-06 15:06:49.469804: I tensorflow/core/kernels/data/shuffle_dataset_op.cc:175] Filling up shuffle buffer (this may take a while): 10229 of 11303
2025-05-06 15:06:53.908850: I tensorflow/core/kernels/data/shuffle_dataset_op.cc:228] Shuffle buffer filled.
2025-05-06 15:08:05.812786: I tensorflow/core/kernels/data/shuffle_dataset_op.cc:175] Filling up shuffle buffer (this may take a while): 1436 of 11303
2025-05-06 15:08:14.367907: I tensorflow/core/kernels/data/shuffle_dataset_op.cc:175] Filling up shuffle buffer (this may take a while): 2710 of 11303
2025-05-06 15:08:24.163023: I tensorflow/core/kernels/data/shuffle_dataset_op.cc:175] Filling up shuffle buffer (this may take a while): 4321 of 11303
2025-05-06 15:08:33.990487: I tensorflow/core/kernels/data/shuffle_dataset_op.cc:175] Filling up shuffle buffer (this may take a while): 6392 of 11303
2025-05-06 15:08:45.902659: I tensorflow/core/kernels/data/shuffle_dataset_op.cc:175] Filling up shuffle buffer (this may take a while): 7717 of 11303
2025-05-06 15:08:54.628057: I tensorflow/core/kernels/data/shuffle_dataset_op.cc:175] Filling up shuffle buffer (this may take a while): 8973 of 11303
2025-05-06 15:09:04.252256: I tensorflow/core/kernels/data/shuffle_dataset_op.cc:175] Filling up shuffle buffer (this may take a while): 10231 of 11303
2025-05-06 15:09:08.167394: I tensorflow/core/kernels/data/shuffle_dataset_op.cc:228] Shuffle buffer filled.
2025-05-06 15:10:21.584900: I tensorflow/core/kernels/data/shuffle_dataset_op.cc:175] Filling up shuffle buffer (this may take a while): 1436 of 11303
2025-05-06 15:10:29.298877: I tensorflow/core/kernels/data/shuffle_dataset_op.cc:175] Filling up shuffle buffer (this may take a while): 2699 of 11303
2025-05-06 15:10:39.075267: I tensorflow/core/kernels/data/shuffle_dataset_op.cc:175] Filling up shuffle buffer (this may take a while): 4464 of 11303
2025-05-06 15:10:49.069950: I tensorflow/core/kernels/data/shuffle_dataset_op.cc:175] Filling up shuffle buffer (this may take a while): 6101 of 11303
2025-05-06 15:11:00.790144: I tensorflow/core/kernels/data/shuffle_dataset_op.cc:175] Filling up shuffle buffer (this may take a while): 7717 of 11303
2025-05-06 15:11:10.517986: I tensorflow/core/kernels/data/shuffle_dataset_op.cc:175] Filling up shuffle buffer (this may take a while): 8973 of 11303
2025-05-06 15:11:19.193099: I tensorflow/core/kernels/data/shuffle_dataset_op.cc:175] Filling up shuffle buffer (this may take a while): 10227 of 11303
2025-05-06 15:11:23.979534: I tensorflow/core/kernels/data/shuffle_dataset_op.cc:228] Shuffle buffer filled.
2025-05-06 15:12:37.213511: I tensorflow/core/kernels/data/shuffle_dataset_op.cc:175] Filling up shuffle buffer (this may take a while): 1436 of 11303
2025-05-06 15:12:45.592600: I tensorflow/core/kernels/data/shuffle_dataset_op.cc:175] Filling up shuffle buffer (this may take a while): 2695 of 11303
2025-05-06 15:12:56.000722: I tensorflow/core/kernels/data/shuffle_dataset_op.cc:175] Filling up shuffle buffer (this may take a while): 4486 of 11303
2025-05-06 15:13:05.476120: I tensorflow/core/kernels/data/shuffle_dataset_op.cc:175] Filling up shuffle buffer (this may take a while): 6132 of 11303
2025-05-06 15:13:17.266995: I tensorflow/core/kernels/data/shuffle_dataset_op.cc:175] Filling up shuffle buffer (this may take a while): 7717 of 11303
2025-05-06 15:13:26.967443: I tensorflow/core/kernels/data/shuffle_dataset_op.cc:175] Filling up shuffle buffer (this may take a while): 8973 of 11303
2025-05-06 15:13:35.638241: I tensorflow/core/kernels/data/shuffle_dataset_op.cc:175] Filling up shuffle buffer (this may take a while): 10227 of 11303
2025-05-06 15:13:41.549367: I tensorflow/core/kernels/data/shuffle_dataset_op.cc:228] Shuffle buffer filled.
2025-05-06 15:14:54.354325: I tensorflow/core/kernels/data/shuffle_dataset_op.cc:175] Filling up shuffle buffer (this may take a while): 1436 of 11303
2025-05-06 15:15:01.648169: I tensorflow/core/kernels/data/shuffle_dataset_op.cc:175] Filling up shuffle buffer (this may take a while): 2695 of 11303
2025-05-06 15:15:11.827236: I tensorflow/core/kernels/data/shuffle_dataset_op.cc:175] Filling up shuffle buffer (this may take a while): 4427 of 11303
2025-05-06 15:15:21.651667: I tensorflow/core/kernels/data/shuffle_dataset_op.cc:175] Filling up shuffle buffer (this may take a while): 5822 of 11303
2025-05-06 15:15:33.379151: I tensorflow/core/kernels/data/shuffle_dataset_op.cc:175] Filling up shuffle buffer (this may take a while): 7717 of 11303
2025-05-06 15:15:43.418712: I tensorflow/core/kernels/data/shuffle_dataset_op.cc:175] Filling up shuffle buffer (this may take a while): 8973 of 11303
2025-05-06 15:15:53.186824: I tensorflow/core/kernels/data/shuffle_dataset_op.cc:175] Filling up shuffle buffer (this may take a while): 10227 of 11303
2025-05-06 15:15:57.932706: I tensorflow/core/kernels/data/shuffle_dataset_op.cc:228] Shuffle buffer filled.
2025-05-06 15:17:10.681557: I tensorflow/core/kernels/data/shuffle_dataset_op.cc:175] Filling up shuffle buffer (this may take a while): 1436 of 11303
2025-05-06 15:17:19.048480: I tensorflow/core/kernels/data/shuffle_dataset_op.cc:175] Filling up shuffle buffer (this may take a while): 2699 of 11303
2025-05-06 15:17:29.233427: I tensorflow/core/kernels/data/shuffle_dataset_op.cc:175] Filling up shuffle buffer (this may take a while): 4456 of 11303
2025-05-06 15:17:38.793227: I tensorflow/core/kernels/data/shuffle_dataset_op.cc:175] Filling up shuffle buffer (this may take a while): 6193 of 11303
2025-05-06 15:17:49.905506: I tensorflow/core/kernels/data/shuffle_dataset_op.cc:175] Filling up shuffle buffer (this may take a while): 7717 of 11303
2025-05-06 15:17:59.741704: I tensorflow/core/kernels/data/shuffle_dataset_op.cc:175] Filling up shuffle buffer (this may take a while): 8973 of 11303
2025-05-06 15:18:09.030406: I tensorflow/core/kernels/data/shuffle_dataset_op.cc:175] Filling up shuffle buffer (this may take a while): 10231 of 11303
2025-05-06 15:18:13.064127: I tensorflow/core/kernels/data/shuffle_dataset_op.cc:228] Shuffle buffer filled.
2025-05-06 15:19:24.223287: I tensorflow/core/kernels/data/shuffle_dataset_op.cc:175] Filling up shuffle buffer (this may take a while): 1436 of 11303
2025-05-06 15:19:32.440525: I tensorflow/core/kernels/data/shuffle_dataset_op.cc:175] Filling up shuffle buffer (this may take a while): 2699 of 11303
2025-05-06 15:19:42.589891: I tensorflow/core/kernels/data/shuffle_dataset_op.cc:175] Filling up shuffle buffer (this may take a while): 4341 of 11303
2025-05-06 15:19:52.600417: I tensorflow/core/kernels/data/shuffle_dataset_op.cc:175] Filling up shuffle buffer (this may take a while): 5875 of 11303
2025-05-06 15:20:03.813416: I tensorflow/core/kernels/data/shuffle_dataset_op.cc:175] Filling up shuffle buffer (this may take a while): 7717 of 11303
2025-05-06 15:20:13.795014: I tensorflow/core/kernels/data/shuffle_dataset_op.cc:175] Filling up shuffle buffer (this may take a while): 8973 of 11303
2025-05-06 15:20:22.759881: I tensorflow/core/kernels/data/shuffle_dataset_op.cc:175] Filling up shuffle buffer (this may take a while): 10228 of 11303
2025-05-06 15:20:27.393684: I tensorflow/core/kernels/data/shuffle_dataset_op.cc:228] Shuffle buffer filled.
2025-05-06 15:21:35.933138: I tensorflow/core/kernels/data/shuffle_dataset_op.cc:175] Filling up shuffle buffer (this may take a while): 1436 of 11303
2025-05-06 15:21:44.889009: I tensorflow/core/kernels/data/shuffle_dataset_op.cc:175] Filling up shuffle buffer (this may take a while): 3193 of 11303
2025-05-06 15:21:55.366953: I tensorflow/core/kernels/data/shuffle_dataset_op.cc:175] Filling up shuffle buffer (this may take a while): 5188 of 11303
2025-05-06 15:22:05.451519: I tensorflow/core/kernels/data/shuffle_dataset_op.cc:175] Filling up shuffle buffer (this may take a while): 6465 of 11303
2025-05-06 15:22:14.893354: I tensorflow/core/kernels/data/shuffle_dataset_op.cc:175] Filling up shuffle buffer (this may take a while): 8197 of 11303
2025-05-06 15:22:24.902658: I tensorflow/core/kernels/data/shuffle_dataset_op.cc:175] Filling up shuffle buffer (this may take a while): 9826 of 11303
2025-05-06 15:22:32.736982: I tensorflow/core/kernels/data/shuffle_dataset_op.cc:228] Shuffle buffer filled.
2025-05-06 15:23:38.170285: I tensorflow/core/kernels/data/shuffle_dataset_op.cc:175] Filling up shuffle buffer (this may take a while): 1436 of 11303
2025-05-06 15:23:48.101491: I tensorflow/core/kernels/data/shuffle_dataset_op.cc:175] Filling up shuffle buffer (this may take a while): 3190 of 11303
2025-05-06 15:23:59.845747: I tensorflow/core/kernels/data/shuffle_dataset_op.cc:175] Filling up shuffle buffer (this may take a while): 5205 of 11303
2025-05-06 15:24:08.086349: I tensorflow/core/kernels/data/shuffle_dataset_op.cc:175] Filling up shuffle buffer (this may take a while): 6660 of 11303
2025-05-06 15:24:18.199130: I tensorflow/core/kernels/data/shuffle_dataset_op.cc:175] Filling up shuffle buffer (this may take a while): 8602 of 11303
2025-05-06 15:24:30.191235: I tensorflow/core/kernels/data/shuffle_dataset_op.cc:175] Filling up shuffle buffer (this may take a while): 10227 of 11303
2025-05-06 15:24:34.059990: I tensorflow/core/kernels/data/shuffle_dataset_op.cc:228] Shuffle buffer filled.
2025-05-06 15:25:43.806914: I tensorflow/core/kernels/data/shuffle_dataset_op.cc:175] Filling up shuffle buffer (this may take a while): 1436 of 11303
2025-05-06 15:25:52.671209: I tensorflow/core/kernels/data/shuffle_dataset_op.cc:175] Filling up shuffle buffer (this may take a while): 2891 of 11303
2025-05-06 15:26:02.571288: I tensorflow/core/kernels/data/shuffle_dataset_op.cc:175] Filling up shuffle buffer (this may take a while): 4844 of 11303
2025-05-06 15:26:13.490954: I tensorflow/core/kernels/data/shuffle_dataset_op.cc:175] Filling up shuffle buffer (this may take a while): 6461 of 11303
2025-05-06 15:26:22.790267: I tensorflow/core/kernels/data/shuffle_dataset_op.cc:175] Filling up shuffle buffer (this may take a while): 8066 of 11303
2025-05-06 15:26:32.548376: I tensorflow/core/kernels/data/shuffle_dataset_op.cc:175] Filling up shuffle buffer (this may take a while): 9561 of 11303
2025-05-06 15:26:41.147422: I tensorflow/core/kernels/data/shuffle_dataset_op.cc:228] Shuffle buffer filled.
2025-05-06 15:27:47.617900: I tensorflow/core/kernels/data/shuffle_dataset_op.cc:175] Filling up shuffle buffer (this may take a while): 1436 of 11303
2025-05-06 15:27:57.058754: I tensorflow/core/kernels/data/shuffle_dataset_op.cc:175] Filling up shuffle buffer (this may take a while): 3201 of 11303
2025-05-06 15:28:09.045750: I tensorflow/core/kernels/data/shuffle_dataset_op.cc:175] Filling up shuffle buffer (this may take a while): 5205 of 11303
2025-05-06 15:28:16.902346: I tensorflow/core/kernels/data/shuffle_dataset_op.cc:175] Filling up shuffle buffer (this may take a while): 6471 of 11303
2025-05-06 15:28:27.294294: I tensorflow/core/kernels/data/shuffle_dataset_op.cc:175] Filling up shuffle buffer (this may take a while): 8601 of 11303
2025-05-06 15:28:36.966311: I tensorflow/core/kernels/data/shuffle_dataset_op.cc:175] Filling up shuffle buffer (this may take a while): 10134 of 11303
2025-05-06 15:28:43.735517: I tensorflow/core/kernels/data/shuffle_dataset_op.cc:228] Shuffle buffer filled.
2025-05-06 15:29:50.105389: I tensorflow/core/kernels/data/shuffle_dataset_op.cc:175] Filling up shuffle buffer (this may take a while): 1436 of 11303
2025-05-06 15:29:59.286685: I tensorflow/core/kernels/data/shuffle_dataset_op.cc:175] Filling up shuffle buffer (this may take a while): 3177 of 11303
2025-05-06 15:30:12.044949: I tensorflow/core/kernels/data/shuffle_dataset_op.cc:175] Filling up shuffle buffer (this may take a while): 5205 of 11303
2025-05-06 15:30:19.433820: I tensorflow/core/kernels/data/shuffle_dataset_op.cc:175] Filling up shuffle buffer (this may take a while): 6486 of 11303
2025-05-06 15:30:29.271624: I tensorflow/core/kernels/data/shuffle_dataset_op.cc:175] Filling up shuffle buffer (this may take a while): 8601 of 11303
2025-05-06 15:30:40.922794: I tensorflow/core/kernels/data/shuffle_dataset_op.cc:175] Filling up shuffle buffer (this may take a while): 10227 of 11303
2025-05-06 15:30:45.157619: I tensorflow/core/kernels/data/shuffle_dataset_op.cc:228] Shuffle buffer filled.
2025-05-06 15:31:51.727152: I tensorflow/core/kernels/data/shuffle_dataset_op.cc:175] Filling up shuffle buffer (this may take a while): 1436 of 11303
2025-05-06 15:32:00.297268: I tensorflow/core/kernels/data/shuffle_dataset_op.cc:175] Filling up shuffle buffer (this may take a while): 3177 of 11303
2025-05-06 15:32:12.286673: I tensorflow/core/kernels/data/shuffle_dataset_op.cc:175] Filling up shuffle buffer (this may take a while): 5205 of 11303
2025-05-06 15:32:20.182707: I tensorflow/core/kernels/data/shuffle_dataset_op.cc:175] Filling up shuffle buffer (this may take a while): 6520 of 11303
2025-05-06 15:32:30.289831: I tensorflow/core/kernels/data/shuffle_dataset_op.cc:175] Filling up shuffle buffer (this may take a while): 8237 of 11303
2025-05-06 15:32:40.588401: I tensorflow/core/kernels/data/shuffle_dataset_op.cc:175] Filling up shuffle buffer (this may take a while): 10133 of 11303
2025-05-06 15:32:47.498232: I tensorflow/core/kernels/data/shuffle_dataset_op.cc:228] Shuffle buffer filled.
2025-05-06 15:33:52.525739: I tensorflow/core/kernels/data/shuffle_dataset_op.cc:175] Filling up shuffle buffer (this may take a while): 1436 of 11303
2025-05-06 15:34:02.409901: I tensorflow/core/kernels/data/shuffle_dataset_op.cc:175] Filling up shuffle buffer (this may take a while): 3201 of 11303
2025-05-06 15:34:14.118087: I tensorflow/core/kernels/data/shuffle_dataset_op.cc:175] Filling up shuffle buffer (this may take a while): 5205 of 11303
2025-05-06 15:34:21.851863: I tensorflow/core/kernels/data/shuffle_dataset_op.cc:175] Filling up shuffle buffer (this may take a while): 6465 of 11303
2025-05-06 15:34:31.778755: I tensorflow/core/kernels/data/shuffle_dataset_op.cc:175] Filling up shuffle buffer (this may take a while): 8270 of 11303
2025-05-06 15:34:42.205727: I tensorflow/core/kernels/data/shuffle_dataset_op.cc:175] Filling up shuffle buffer (this may take a while): 10133 of 11303
2025-05-06 15:34:49.202820: I tensorflow/core/kernels/data/shuffle_dataset_op.cc:228] Shuffle buffer filled.
2025-05-06 15:35:55.879252: I tensorflow/core/kernels/data/shuffle_dataset_op.cc:175] Filling up shuffle buffer (this may take a while): 1436 of 11303
2025-05-06 15:36:04.801919: I tensorflow/core/kernels/data/shuffle_dataset_op.cc:175] Filling up shuffle buffer (this may take a while): 3083 of 11303
2025-05-06 15:36:16.999012: I tensorflow/core/kernels/data/shuffle_dataset_op.cc:175] Filling up shuffle buffer (this may take a while): 5205 of 11303
2025-05-06 15:36:24.777821: I tensorflow/core/kernels/data/shuffle_dataset_op.cc:175] Filling up shuffle buffer (this may take a while): 6503 of 11303
2025-05-06 15:36:35.169845: I tensorflow/core/kernels/data/shuffle_dataset_op.cc:175] Filling up shuffle buffer (this may take a while): 8565 of 11303
2025-05-06 15:36:44.878255: I tensorflow/core/kernels/data/shuffle_dataset_op.cc:175] Filling up shuffle buffer (this may take a while): 10126 of 11303
2025-05-06 15:36:52.109221: I tensorflow/core/kernels/data/shuffle_dataset_op.cc:228] Shuffle buffer filled.
2025-05-06 15:37:58.138047: I tensorflow/core/kernels/data/shuffle_dataset_op.cc:175] Filling up shuffle buffer (this may take a while): 1436 of 11303
2025-05-06 15:38:07.684527: I tensorflow/core/kernels/data/shuffle_dataset_op.cc:175] Filling up shuffle buffer (this may take a while): 3238 of 11303
2025-05-06 15:38:18.334045: I tensorflow/core/kernels/data/shuffle_dataset_op.cc:175] Filling up shuffle buffer (this may take a while): 5205 of 11303
2025-05-06 15:38:27.796175: I tensorflow/core/kernels/data/shuffle_dataset_op.cc:175] Filling up shuffle buffer (this may take a while): 6678 of 11303
2025-05-06 15:38:37.995144: I tensorflow/core/kernels/data/shuffle_dataset_op.cc:175] Filling up shuffle buffer (this may take a while): 8600 of 11303
2025-05-06 15:38:49.367506: I tensorflow/core/kernels/data/shuffle_dataset_op.cc:175] Filling up shuffle buffer (this may take a while): 10227 of 11303
2025-05-06 15:38:54.127526: I tensorflow/core/kernels/data/shuffle_dataset_op.cc:228] Shuffle buffer filled.
2025-05-06 15:40:01.007335: I tensorflow/core/kernels/data/shuffle_dataset_op.cc:175] Filling up shuffle buffer (this may take a while): 1436 of 11303
2025-05-06 15:40:10.113514: I tensorflow/core/kernels/data/shuffle_dataset_op.cc:175] Filling up shuffle buffer (this may take a while): 3201 of 11303
2025-05-06 15:40:21.717080: I tensorflow/core/kernels/data/shuffle_dataset_op.cc:175] Filling up shuffle buffer (this may take a while): 5205 of 11303
2025-05-06 15:40:29.974120: I tensorflow/core/kernels/data/shuffle_dataset_op.cc:175] Filling up shuffle buffer (this may take a while): 6757 of 11303
2025-05-06 15:40:39.986760: I tensorflow/core/kernels/data/shuffle_dataset_op.cc:175] Filling up shuffle buffer (this may take a while): 8527 of 11303
2025-05-06 15:40:50.098794: I tensorflow/core/kernels/data/shuffle_dataset_op.cc:175] Filling up shuffle buffer (this may take a while): 10139 of 11303
2025-05-06 15:40:56.717496: I tensorflow/core/kernels/data/shuffle_dataset_op.cc:228] Shuffle buffer filled.
2025-05-06 15:42:03.392570: I tensorflow/core/kernels/data/shuffle_dataset_op.cc:175] Filling up shuffle buffer (this may take a while): 1440 of 11303
2025-05-06 15:42:13.600752: I tensorflow/core/kernels/data/shuffle_dataset_op.cc:175] Filling up shuffle buffer (this may take a while): 3236 of 11303
2025-05-06 15:42:24.814538: I tensorflow/core/kernels/data/shuffle_dataset_op.cc:175] Filling up shuffle buffer (this may take a while): 5205 of 11303
2025-05-06 15:42:33.115059: I tensorflow/core/kernels/data/shuffle_dataset_op.cc:175] Filling up shuffle buffer (this may take a while): 6657 of 11303
2025-05-06 15:42:43.874886: I tensorflow/core/kernels/data/shuffle_dataset_op.cc:175] Filling up shuffle buffer (this may take a while): 8835 of 11303
2025-05-06 15:42:54.316890: I tensorflow/core/kernels/data/shuffle_dataset_op.cc:175] Filling up shuffle buffer (this may take a while): 10227 of 11303
2025-05-06 15:42:59.026478: I tensorflow/core/kernels/data/shuffle_dataset_op.cc:228] Shuffle buffer filled.
2025-05-06 15:44:05.821623: I tensorflow/core/kernels/data/shuffle_dataset_op.cc:175] Filling up shuffle buffer (this may take a while): 1436 of 11303
2025-05-06 15:44:14.569797: I tensorflow/core/kernels/data/shuffle_dataset_op.cc:175] Filling up shuffle buffer (this may take a while): 3174 of 11303
2025-05-06 15:44:26.603790: I tensorflow/core/kernels/data/shuffle_dataset_op.cc:175] Filling up shuffle buffer (this may take a while): 5205 of 11303
2025-05-06 15:44:34.582311: I tensorflow/core/kernels/data/shuffle_dataset_op.cc:175] Filling up shuffle buffer (this may take a while): 6655 of 11303
2025-05-06 15:44:44.645618: I tensorflow/core/kernels/data/shuffle_dataset_op.cc:175] Filling up shuffle buffer (this may take a while): 8344 of 11303
2025-05-06 15:44:54.684404: I tensorflow/core/kernels/data/shuffle_dataset_op.cc:175] Filling up shuffle buffer (this may take a while): 10125 of 11303
2025-05-06 15:45:01.741926: I tensorflow/core/kernels/data/shuffle_dataset_op.cc:228] Shuffle buffer filled.
2025-05-06 15:46:10.084211: I tensorflow/core/kernels/data/shuffle_dataset_op.cc:175] Filling up shuffle buffer (this may take a while): 1436 of 11303
2025-05-06 15:46:17.275872: I tensorflow/core/kernels/data/shuffle_dataset_op.cc:175] Filling up shuffle buffer (this may take a while): 2698 of 11303
2025-05-06 15:46:27.368438: I tensorflow/core/kernels/data/shuffle_dataset_op.cc:175] Filling up shuffle buffer (this may take a while): 4325 of 11303
2025-05-06 15:46:37.493244: I tensorflow/core/kernels/data/shuffle_dataset_op.cc:175] Filling up shuffle buffer (this may take a while): 6132 of 11303
2025-05-06 15:46:47.283390: I tensorflow/core/kernels/data/shuffle_dataset_op.cc:175] Filling up shuffle buffer (this may take a while): 7591 of 11303
2025-05-06 15:46:59.353608: I tensorflow/core/kernels/data/shuffle_dataset_op.cc:175] Filling up shuffle buffer (this may take a while): 8973 of 11303
2025-05-06 15:47:07.466301: I tensorflow/core/kernels/data/shuffle_dataset_op.cc:175] Filling up shuffle buffer (this may take a while): 10228 of 11303
2025-05-06 15:47:12.235586: I tensorflow/core/kernels/data/shuffle_dataset_op.cc:228] Shuffle buffer filled.
2025-05-06 15:48:22.641384: I tensorflow/core/kernels/data/shuffle_dataset_op.cc:175] Filling up shuffle buffer (this may take a while): 1436 of 11303
2025-05-06 15:48:30.341414: I tensorflow/core/kernels/data/shuffle_dataset_op.cc:175] Filling up shuffle buffer (this may take a while): 2695 of 11303
2025-05-06 15:48:40.053045: I tensorflow/core/kernels/data/shuffle_dataset_op.cc:175] Filling up shuffle buffer (this may take a while): 3951 of 11303
2025-05-06 15:48:49.887281: I tensorflow/core/kernels/data/shuffle_dataset_op.cc:175] Filling up shuffle buffer (this may take a while): 5589 of 11303
2025-05-06 15:49:00.208768: I tensorflow/core/kernels/data/shuffle_dataset_op.cc:175] Filling up shuffle buffer (this may take a while): 6953 of 11303
2025-05-06 15:49:09.883584: I tensorflow/core/kernels/data/shuffle_dataset_op.cc:175] Filling up shuffle buffer (this may take a while): 8875 of 11303
2025-05-06 15:49:21.501574: I tensorflow/core/kernels/data/shuffle_dataset_op.cc:175] Filling up shuffle buffer (this may take a while): 10227 of 11303
2025-05-06 15:49:26.914220: I tensorflow/core/kernels/data/shuffle_dataset_op.cc:228] Shuffle buffer filled.
2025-05-06 15:50:35.384930: I tensorflow/core/kernels/data/shuffle_dataset_op.cc:175] Filling up shuffle buffer (this may take a while): 1436 of 11303
2025-05-06 15:50:44.137723: I tensorflow/core/kernels/data/shuffle_dataset_op.cc:175] Filling up shuffle buffer (this may take a while): 2695 of 11303
2025-05-06 15:50:53.255439: I tensorflow/core/kernels/data/shuffle_dataset_op.cc:175] Filling up shuffle buffer (this may take a while): 3951 of 11303
2025-05-06 15:51:03.115979: I tensorflow/core/kernels/data/shuffle_dataset_op.cc:175] Filling up shuffle buffer (this may take a while): 5589 of 11303
2025-05-06 15:51:13.124255: I tensorflow/core/kernels/data/shuffle_dataset_op.cc:175] Filling up shuffle buffer (this may take a while): 7007 of 11303
2025-05-06 15:51:26.486286: I tensorflow/core/kernels/data/shuffle_dataset_op.cc:175] Filling up shuffle buffer (this may take a while): 8973 of 11303
2025-05-06 15:51:33.179188: I tensorflow/core/kernels/data/shuffle_dataset_op.cc:175] Filling up shuffle buffer (this may take a while): 10167 of 11303
2025-05-06 15:51:41.278042: I tensorflow/core/kernels/data/shuffle_dataset_op.cc:228] Shuffle buffer filled.
2025-05-06 15:52:50.711666: I tensorflow/core/kernels/data/shuffle_dataset_op.cc:175] Filling up shuffle buffer (this may take a while): 1436 of 11303
2025-05-06 15:52:57.700943: I tensorflow/core/kernels/data/shuffle_dataset_op.cc:175] Filling up shuffle buffer (this may take a while): 2695 of 11303
2025-05-06 15:53:07.621479: I tensorflow/core/kernels/data/shuffle_dataset_op.cc:175] Filling up shuffle buffer (this may take a while): 4112 of 11303
2025-05-06 15:53:18.249857: I tensorflow/core/kernels/data/shuffle_dataset_op.cc:175] Filling up shuffle buffer (this may take a while): 5744 of 11303
2025-05-06 15:53:27.775781: I tensorflow/core/kernels/data/shuffle_dataset_op.cc:175] Filling up shuffle buffer (this may take a while): 7322 of 11303
2025-05-06 15:53:39.537408: I tensorflow/core/kernels/data/shuffle_dataset_op.cc:175] Filling up shuffle buffer (this may take a while): 8973 of 11303
2025-05-06 15:53:48.347698: I tensorflow/core/kernels/data/shuffle_dataset_op.cc:175] Filling up shuffle buffer (this may take a while): 10227 of 11303
2025-05-06 15:53:54.242791: I tensorflow/core/kernels/data/shuffle_dataset_op.cc:228] Shuffle buffer filled.
2025-05-06 15:55:04.172209: I tensorflow/core/kernels/data/shuffle_dataset_op.cc:175] Filling up shuffle buffer (this may take a while): 1436 of 11303
2025-05-06 15:55:12.394133: I tensorflow/core/kernels/data/shuffle_dataset_op.cc:175] Filling up shuffle buffer (this may take a while): 2699 of 11303
2025-05-06 15:55:21.983873: I tensorflow/core/kernels/data/shuffle_dataset_op.cc:175] Filling up shuffle buffer (this may take a while): 4262 of 11303
2025-05-06 15:55:31.908346: I tensorflow/core/kernels/data/shuffle_dataset_op.cc:175] Filling up shuffle buffer (this may take a while): 5809 of 11303
2025-05-06 15:55:43.186435: I tensorflow/core/kernels/data/shuffle_dataset_op.cc:175] Filling up shuffle buffer (this may take a while): 7717 of 11303
2025-05-06 15:55:53.027031: I tensorflow/core/kernels/data/shuffle_dataset_op.cc:175] Filling up shuffle buffer (this may take a while): 8973 of 11303
2025-05-06 15:56:02.174343: I tensorflow/core/kernels/data/shuffle_dataset_op.cc:175] Filling up shuffle buffer (this may take a while): 10230 of 11303
2025-05-06 15:56:06.325480: I tensorflow/core/kernels/data/shuffle_dataset_op.cc:228] Shuffle buffer filled.
2025-05-06 15:57:15.243998: I tensorflow/core/kernels/data/shuffle_dataset_op.cc:175] Filling up shuffle buffer (this may take a while): 1436 of 11303
2025-05-06 15:57:22.965906: I tensorflow/core/kernels/data/shuffle_dataset_op.cc:175] Filling up shuffle buffer (this may take a while): 2695 of 11303
2025-05-06 15:57:32.889999: I tensorflow/core/kernels/data/shuffle_dataset_op.cc:175] Filling up shuffle buffer (this may take a while): 3993 of 11303
2025-05-06 15:57:43.281986: I tensorflow/core/kernels/data/shuffle_dataset_op.cc:175] Filling up shuffle buffer (this may take a while): 5744 of 11303
2025-05-06 15:57:53.277173: I tensorflow/core/kernels/data/shuffle_dataset_op.cc:175] Filling up shuffle buffer (this may take a while): 7650 of 11303
2025-05-06 15:58:04.283098: I tensorflow/core/kernels/data/shuffle_dataset_op.cc:175] Filling up shuffle buffer (this may take a while): 8973 of 11303
2025-05-06 15:58:13.479812: I tensorflow/core/kernels/data/shuffle_dataset_op.cc:175] Filling up shuffle buffer (this may take a while): 10228 of 11303
2025-05-06 15:58:18.242871: I tensorflow/core/kernels/data/shuffle_dataset_op.cc:228] Shuffle buffer filled.
2025-05-06 15:59:26.437949: I tensorflow/core/kernels/data/shuffle_dataset_op.cc:175] Filling up shuffle buffer (this may take a while): 1436 of 11303
2025-05-06 15:59:34.417320: I tensorflow/core/kernels/data/shuffle_dataset_op.cc:175] Filling up shuffle buffer (this may take a while): 2695 of 11303
2025-05-06 15:59:44.269261: I tensorflow/core/kernels/data/shuffle_dataset_op.cc:175] Filling up shuffle buffer (this may take a while): 4302 of 11303
2025-05-06 15:59:54.814407: I tensorflow/core/kernels/data/shuffle_dataset_op.cc:175] Filling up shuffle buffer (this may take a while): 5733 of 11303
2025-05-06 16:00:04.276387: I tensorflow/core/kernels/data/shuffle_dataset_op.cc:175] Filling up shuffle buffer (this may take a while): 7429 of 11303
2025-05-06 16:00:16.502296: I tensorflow/core/kernels/data/shuffle_dataset_op.cc:175] Filling up shuffle buffer (this may take a while): 8973 of 11303
2025-05-06 16:00:25.126696: I tensorflow/core/kernels/data/shuffle_dataset_op.cc:175] Filling up shuffle buffer (this may take a while): 10227 of 11303
2025-05-06 16:00:30.829546: I tensorflow/core/kernels/data/shuffle_dataset_op.cc:228] Shuffle buffer filled.
2025-05-06 16:01:40.690370: I tensorflow/core/kernels/data/shuffle_dataset_op.cc:175] Filling up shuffle buffer (this may take a while): 1436 of 11303
2025-05-06 16:01:48.471806: I tensorflow/core/kernels/data/shuffle_dataset_op.cc:175] Filling up shuffle buffer (this may take a while): 2695 of 11303
2025-05-06 16:01:58.420889: I tensorflow/core/kernels/data/shuffle_dataset_op.cc:175] Filling up shuffle buffer (this may take a while): 3951 of 11303
2025-05-06 16:02:08.276750: I tensorflow/core/kernels/data/shuffle_dataset_op.cc:175] Filling up shuffle buffer (this may take a while): 5524 of 11303
2025-05-06 16:02:18.102732: I tensorflow/core/kernels/data/shuffle_dataset_op.cc:175] Filling up shuffle buffer (this may take a while): 7007 of 11303
2025-05-06 16:02:28.186954: I tensorflow/core/kernels/data/shuffle_dataset_op.cc:175] Filling up shuffle buffer (this may take a while): 8870 of 11303
2025-05-06 16:02:40.119985: I tensorflow/core/kernels/data/shuffle_dataset_op.cc:175] Filling up shuffle buffer (this may take a while): 10227 of 11303
2025-05-06 16:02:45.426054: I tensorflow/core/kernels/data/shuffle_dataset_op.cc:228] Shuffle buffer filled.
2025-05-06 16:03:54.756185: I tensorflow/core/kernels/data/shuffle_dataset_op.cc:175] Filling up shuffle buffer (this may take a while): 1436 of 11303
2025-05-06 16:04:01.509362: I tensorflow/core/kernels/data/shuffle_dataset_op.cc:175] Filling up shuffle buffer (this may take a while): 2695 of 11303
2025-05-06 16:04:11.455428: I tensorflow/core/kernels/data/shuffle_dataset_op.cc:175] Filling up shuffle buffer (this may take a while): 3951 of 11303
2025-05-06 16:04:21.258188: I tensorflow/core/kernels/data/shuffle_dataset_op.cc:175] Filling up shuffle buffer (this may take a while): 5589 of 11303
2025-05-06 16:04:31.282303: I tensorflow/core/kernels/data/shuffle_dataset_op.cc:175] Filling up shuffle buffer (this may take a while): 7323 of 11303
2025-05-06 16:04:44.631598: I tensorflow/core/kernels/data/shuffle_dataset_op.cc:175] Filling up shuffle buffer (this may take a while): 8973 of 11303
2025-05-06 16:04:53.363894: I tensorflow/core/kernels/data/shuffle_dataset_op.cc:175] Filling up shuffle buffer (this may take a while): 10227 of 11303
2025-05-06 16:04:58.710067: I tensorflow/core/kernels/data/shuffle_dataset_op.cc:228] Shuffle buffer filled.
2025-05-06 16:06:06.987392: I tensorflow/core/kernels/data/shuffle_dataset_op.cc:175] Filling up shuffle buffer (this may take a while): 1432 of 11303
2025-05-06 16:06:16.877006: I tensorflow/core/kernels/data/shuffle_dataset_op.cc:175] Filling up shuffle buffer (this may take a while): 2698 of 11303
2025-05-06 16:06:26.901072: I tensorflow/core/kernels/data/shuffle_dataset_op.cc:175] Filling up shuffle buffer (this may take a while): 4164 of 11303
2025-05-06 16:06:37.200129: I tensorflow/core/kernels/data/shuffle_dataset_op.cc:175] Filling up shuffle buffer (this may take a while): 5733 of 11303
2025-05-06 16:06:47.085517: I tensorflow/core/kernels/data/shuffle_dataset_op.cc:175] Filling up shuffle buffer (this may take a while): 7591 of 11303
2025-05-06 16:06:59.735801: I tensorflow/core/kernels/data/shuffle_dataset_op.cc:175] Filling up shuffle buffer (this may take a while): 8973 of 11303
2025-05-06 16:07:08.120864: I tensorflow/core/kernels/data/shuffle_dataset_op.cc:175] Filling up shuffle buffer (this may take a while): 10227 of 11303
2025-05-06 16:07:13.657438: I tensorflow/core/kernels/data/shuffle_dataset_op.cc:228] Shuffle buffer filled.
2025-05-06 16:08:23.811150: I tensorflow/core/kernels/data/shuffle_dataset_op.cc:175] Filling up shuffle buffer (this may take a while): 1436 of 11303
2025-05-06 16:08:31.503695: I tensorflow/core/kernels/data/shuffle_dataset_op.cc:175] Filling up shuffle buffer (this may take a while): 2699 of 11303
2025-05-06 16:08:41.542064: I tensorflow/core/kernels/data/shuffle_dataset_op.cc:175] Filling up shuffle buffer (this may take a while): 4321 of 11303
2025-05-06 16:08:51.578026: I tensorflow/core/kernels/data/shuffle_dataset_op.cc:175] Filling up shuffle buffer (this may take a while): 5756 of 11303
2025-05-06 16:09:01.278946: I tensorflow/core/kernels/data/shuffle_dataset_op.cc:175] Filling up shuffle buffer (this may take a while): 7716 of 11303
2025-05-06 16:09:12.547730: I tensorflow/core/kernels/data/shuffle_dataset_op.cc:175] Filling up shuffle buffer (this may take a while): 8973 of 11303
2025-05-06 16:09:22.480381: I tensorflow/core/kernels/data/shuffle_dataset_op.cc:175] Filling up shuffle buffer (this may take a while): 10229 of 11303
2025-05-06 16:09:26.220147: I tensorflow/core/kernels/data/shuffle_dataset_op.cc:228] Shuffle buffer filled.
2025-05-06 16:10:34.414685: I tensorflow/core/kernels/data/shuffle_dataset_op.cc:175] Filling up shuffle buffer (this may take a while): 1436 of 11303
2025-05-06 16:10:41.521816: I tensorflow/core/kernels/data/shuffle_dataset_op.cc:175] Filling up shuffle buffer (this may take a while): 2698 of 11303
2025-05-06 16:10:51.606209: I tensorflow/core/kernels/data/shuffle_dataset_op.cc:175] Filling up shuffle buffer (this may take a while): 3974 of 11303
2025-05-06 16:11:01.536445: I tensorflow/core/kernels/data/shuffle_dataset_op.cc:175] Filling up shuffle buffer (this may take a while): 5569 of 11303
2025-05-06 16:11:11.565932: I tensorflow/core/kernels/data/shuffle_dataset_op.cc:175] Filling up shuffle buffer (this may take a while): 7422 of 11303
2025-05-06 16:11:23.725805: I tensorflow/core/kernels/data/shuffle_dataset_op.cc:175] Filling up shuffle buffer (this may take a while): 8973 of 11303
2025-05-06 16:11:32.694278: I tensorflow/core/kernels/data/shuffle_dataset_op.cc:175] Filling up shuffle buffer (this may take a while): 10227 of 11303
2025-05-06 16:11:38.225044: I tensorflow/core/kernels/data/shuffle_dataset_op.cc:228] Shuffle buffer filled.
2025-05-06 16:12:46.830848: I tensorflow/core/kernels/data/shuffle_dataset_op.cc:175] Filling up shuffle buffer (this may take a while): 1436 of 11303
2025-05-06 16:12:54.836876: I tensorflow/core/kernels/data/shuffle_dataset_op.cc:175] Filling up shuffle buffer (this may take a while): 2695 of 11303
2025-05-06 16:13:04.158016: I tensorflow/core/kernels/data/shuffle_dataset_op.cc:175] Filling up shuffle buffer (this may take a while): 3974 of 11303
2025-05-06 16:13:14.830992: I tensorflow/core/kernels/data/shuffle_dataset_op.cc:175] Filling up shuffle buffer (this may take a while): 5756 of 11303
2025-05-06 16:13:24.269857: I tensorflow/core/kernels/data/shuffle_dataset_op.cc:175] Filling up shuffle buffer (this may take a while): 7358 of 11303
2025-05-06 16:13:36.112369: I tensorflow/core/kernels/data/shuffle_dataset_op.cc:175] Filling up shuffle buffer (this may take a while): 8973 of 11303
2025-05-06 16:13:44.750285: I tensorflow/core/kernels/data/shuffle_dataset_op.cc:175] Filling up shuffle buffer (this may take a while): 10227 of 11303
2025-05-06 16:13:50.360928: I tensorflow/core/kernels/data/shuffle_dataset_op.cc:228] Shuffle buffer filled.
2025-05-06 16:14:59.226539: I tensorflow/core/kernels/data/shuffle_dataset_op.cc:175] Filling up shuffle buffer (this may take a while): 1436 of 11303
2025-05-06 16:15:06.934230: I tensorflow/core/kernels/data/shuffle_dataset_op.cc:175] Filling up shuffle buffer (this may take a while): 2695 of 11303
2025-05-06 16:15:16.615853: I tensorflow/core/kernels/data/shuffle_dataset_op.cc:175] Filling up shuffle buffer (this may take a while): 3951 of 11303
2025-05-06 16:15:26.454646: I tensorflow/core/kernels/data/shuffle_dataset_op.cc:175] Filling up shuffle buffer (this may take a while): 5569 of 11303
2025-05-06 16:15:36.382388: I tensorflow/core/kernels/data/shuffle_dataset_op.cc:175] Filling up shuffle buffer (this may take a while): 7356 of 11303
2025-05-06 16:15:48.887256: I tensorflow/core/kernels/data/shuffle_dataset_op.cc:175] Filling up shuffle buffer (this may take a while): 8973 of 11303
2025-05-06 16:15:57.542028: I tensorflow/core/kernels/data/shuffle_dataset_op.cc:175] Filling up shuffle buffer (this may take a while): 10227 of 11303
2025-05-06 16:16:03.013348: I tensorflow/core/kernels/data/shuffle_dataset_op.cc:228] Shuffle buffer filled.
2025-05-06 16:17:13.575528: I tensorflow/core/kernels/data/shuffle_dataset_op.cc:175] Filling up shuffle buffer (this may take a while): 1418 of 11303
2025-05-06 16:17:23.672241: I tensorflow/core/kernels/data/shuffle_dataset_op.cc:175] Filling up shuffle buffer (this may take a while): 2643 of 11303
2025-05-06 16:17:33.578079: I tensorflow/core/kernels/data/shuffle_dataset_op.cc:175] Filling up shuffle buffer (this may take a while): 3895 of 11303
2025-05-06 16:17:47.274215: I tensorflow/core/kernels/data/shuffle_dataset_op.cc:175] Filling up shuffle buffer (this may take a while): 5205 of 11303
2025-05-06 16:17:55.890728: I tensorflow/core/kernels/data/shuffle_dataset_op.cc:175] Filling up shuffle buffer (this may take a while): 6461 of 11303
2025-05-06 16:18:04.610486: I tensorflow/core/kernels/data/shuffle_dataset_op.cc:175] Filling up shuffle buffer (this may take a while): 7717 of 11303
2025-05-06 16:18:15.986441: I tensorflow/core/kernels/data/shuffle_dataset_op.cc:175] Filling up shuffle buffer (this may take a while): 8973 of 11303
2025-05-06 16:18:25.176100: I tensorflow/core/kernels/data/shuffle_dataset_op.cc:175] Filling up shuffle buffer (this may take a while): 10227 of 11303
2025-05-06 16:18:30.704223: I tensorflow/core/kernels/data/shuffle_dataset_op.cc:228] Shuffle buffer filled.
2025-05-06 16:19:37.775535: I tensorflow/core/kernels/data/shuffle_dataset_op.cc:175] Filling up shuffle buffer (this may take a while): 1355 of 11303
2025-05-06 16:19:47.881468: I tensorflow/core/kernels/data/shuffle_dataset_op.cc:175] Filling up shuffle buffer (this may take a while): 2662 of 11303
2025-05-06 16:19:57.771975: I tensorflow/core/kernels/data/shuffle_dataset_op.cc:175] Filling up shuffle buffer (this may take a while): 3934 of 11303
2025-05-06 16:20:11.557801: I tensorflow/core/kernels/data/shuffle_dataset_op.cc:175] Filling up shuffle buffer (this may take a while): 5205 of 11303
2025-05-06 16:20:21.308901: I tensorflow/core/kernels/data/shuffle_dataset_op.cc:175] Filling up shuffle buffer (this may take a while): 6461 of 11303
2025-05-06 16:20:27.970558: I tensorflow/core/kernels/data/shuffle_dataset_op.cc:175] Filling up shuffle buffer (this may take a while): 7699 of 11303
2025-05-06 16:20:38.292801: I tensorflow/core/kernels/data/shuffle_dataset_op.cc:175] Filling up shuffle buffer (this may take a while): 8880 of 11303
2025-05-06 16:20:47.898537: I tensorflow/core/kernels/data/shuffle_dataset_op.cc:175] Filling up shuffle buffer (this may take a while): 9871 of 11303
2025-05-06 16:20:57.877547: I tensorflow/core/kernels/data/shuffle_dataset_op.cc:175] Filling up shuffle buffer (this may take a while): 11030 of 11303
2025-05-06 16:20:58.460528: I tensorflow/core/kernels/data/shuffle_dataset_op.cc:228] Shuffle buffer filled.
2025-05-06 16:22:09.302119: I tensorflow/core/kernels/data/shuffle_dataset_op.cc:175] Filling up shuffle buffer (this may take a while): 1436 of 11303
2025-05-06 16:22:17.143300: I tensorflow/core/kernels/data/shuffle_dataset_op.cc:175] Filling up shuffle buffer (this may take a while): 2695 of 11303
2025-05-06 16:22:26.907964: I tensorflow/core/kernels/data/shuffle_dataset_op.cc:175] Filling up shuffle buffer (this may take a while): 3951 of 11303
2025-05-06 16:22:36.494329: I tensorflow/core/kernels/data/shuffle_dataset_op.cc:175] Filling up shuffle buffer (this may take a while): 5216 of 11303
2025-05-06 16:22:46.339642: I tensorflow/core/kernels/data/shuffle_dataset_op.cc:175] Filling up shuffle buffer (this may take a while): 6465 of 11303
2025-05-06 16:22:56.444337: I tensorflow/core/kernels/data/shuffle_dataset_op.cc:175] Filling up shuffle buffer (this may take a while): 7756 of 11303
2025-05-06 16:23:06.846675: I tensorflow/core/kernels/data/shuffle_dataset_op.cc:175] Filling up shuffle buffer (this may take a while): 8976 of 11303
2025-05-06 16:23:16.617897: I tensorflow/core/kernels/data/shuffle_dataset_op.cc:175] Filling up shuffle buffer (this may take a while): 10229 of 11303
2025-05-06 16:23:21.827186: I tensorflow/core/kernels/data/shuffle_dataset_op.cc:228] Shuffle buffer filled.
2025-05-06 16:24:30.213461: I tensorflow/core/kernels/data/shuffle_dataset_op.cc:175] Filling up shuffle buffer (this may take a while): 1436 of 11303
2025-05-06 16:24:38.429682: I tensorflow/core/kernels/data/shuffle_dataset_op.cc:175] Filling up shuffle buffer (this may take a while): 2710 of 11303
2025-05-06 16:24:48.466925: I tensorflow/core/kernels/data/shuffle_dataset_op.cc:175] Filling up shuffle buffer (this may take a while): 4861 of 11303
2025-05-06 16:24:59.767497: I tensorflow/core/kernels/data/shuffle_dataset_op.cc:175] Filling up shuffle buffer (this may take a while): 6461 of 11303
2025-05-06 16:25:09.107656: I tensorflow/core/kernels/data/shuffle_dataset_op.cc:175] Filling up shuffle buffer (this may take a while): 7721 of 11303
2025-05-06 16:25:18.228284: I tensorflow/core/kernels/data/shuffle_dataset_op.cc:175] Filling up shuffle buffer (this may take a while): 8979 of 11303
2025-05-06 16:25:28.079498: I tensorflow/core/kernels/data/shuffle_dataset_op.cc:175] Filling up shuffle buffer (this may take a while): 10431 of 11303
2025-05-06 16:25:31.057381: I tensorflow/core/kernels/data/shuffle_dataset_op.cc:228] Shuffle buffer filled.
2025-05-06 16:26:39.935259: I tensorflow/core/kernels/data/shuffle_dataset_op.cc:175] Filling up shuffle buffer (this may take a while): 1436 of 11303
2025-05-06 16:26:47.729791: I tensorflow/core/kernels/data/shuffle_dataset_op.cc:175] Filling up shuffle buffer (this may take a while): 2706 of 11303
2025-05-06 16:26:57.798227: I tensorflow/core/kernels/data/shuffle_dataset_op.cc:175] Filling up shuffle buffer (this may take a while): 4604 of 11303
2025-05-06 16:27:09.148102: I tensorflow/core/kernels/data/shuffle_dataset_op.cc:175] Filling up shuffle buffer (this may take a while): 6461 of 11303
2025-05-06 16:27:18.192490: I tensorflow/core/kernels/data/shuffle_dataset_op.cc:175] Filling up shuffle buffer (this may take a while): 7721 of 11303
2025-05-06 16:27:28.281062: I tensorflow/core/kernels/data/shuffle_dataset_op.cc:175] Filling up shuffle buffer (this may take a while): 9293 of 11303
2025-05-06 16:27:38.156255: I tensorflow/core/kernels/data/shuffle_dataset_op.cc:175] Filling up shuffle buffer (this may take a while): 10712 of 11303
2025-05-06 16:27:39.386317: I tensorflow/core/kernels/data/shuffle_dataset_op.cc:228] Shuffle buffer filled.
2025-05-06 16:28:46.353057: I tensorflow/core/kernels/data/shuffle_dataset_op.cc:175] Filling up shuffle buffer (this may take a while): 1436 of 11303
2025-05-06 16:28:54.507483: I tensorflow/core/kernels/data/shuffle_dataset_op.cc:175] Filling up shuffle buffer (this may take a while): 2706 of 11303
2025-05-06 16:29:04.351548: I tensorflow/core/kernels/data/shuffle_dataset_op.cc:175] Filling up shuffle buffer (this may take a while): 4486 of 11303
2025-05-06 16:29:14.781274: I tensorflow/core/kernels/data/shuffle_dataset_op.cc:175] Filling up shuffle buffer (this may take a while): 6461 of 11303
2025-05-06 16:29:24.595569: I tensorflow/core/kernels/data/shuffle_dataset_op.cc:175] Filling up shuffle buffer (this may take a while): 7721 of 11303
2025-05-06 16:29:34.722301: I tensorflow/core/kernels/data/shuffle_dataset_op.cc:175] Filling up shuffle buffer (this may take a while): 9342 of 11303
2025-05-06 16:29:44.498384: I tensorflow/core/kernels/data/shuffle_dataset_op.cc:175] Filling up shuffle buffer (this may take a while): 11049 of 11303
2025-05-06 16:29:44.989751: I tensorflow/core/kernels/data/shuffle_dataset_op.cc:228] Shuffle buffer filled.
2025-05-06 16:30:53.971597: I tensorflow/core/kernels/data/shuffle_dataset_op.cc:175] Filling up shuffle buffer (this may take a while): 1436 of 11303
2025-05-06 16:31:02.491033: I tensorflow/core/kernels/data/shuffle_dataset_op.cc:175] Filling up shuffle buffer (this may take a while): 2706 of 11303
2025-05-06 16:31:11.619842: I tensorflow/core/kernels/data/shuffle_dataset_op.cc:175] Filling up shuffle buffer (this may take a while): 4325 of 11303
2025-05-06 16:31:21.879521: I tensorflow/core/kernels/data/shuffle_dataset_op.cc:175] Filling up shuffle buffer (this may take a while): 6460 of 11303
2025-05-06 16:31:31.905449: I tensorflow/core/kernels/data/shuffle_dataset_op.cc:175] Filling up shuffle buffer (this may take a while): 7721 of 11303
2025-05-06 16:31:41.871363: I tensorflow/core/kernels/data/shuffle_dataset_op.cc:175] Filling up shuffle buffer (this may take a while): 9294 of 11303
2025-05-06 16:31:51.574161: I tensorflow/core/kernels/data/shuffle_dataset_op.cc:175] Filling up shuffle buffer (this may take a while): 10640 of 11303
2025-05-06 16:31:53.237000: I tensorflow/core/kernels/data/shuffle_dataset_op.cc:228] Shuffle buffer filled.
2025-05-06 16:33:01.937149: I tensorflow/core/kernels/data/shuffle_dataset_op.cc:175] Filling up shuffle buffer (this may take a while): 1436 of 11303
2025-05-06 16:33:09.530321: I tensorflow/core/kernels/data/shuffle_dataset_op.cc:175] Filling up shuffle buffer (this may take a while): 2699 of 11303
2025-05-06 16:33:19.824230: I tensorflow/core/kernels/data/shuffle_dataset_op.cc:175] Filling up shuffle buffer (this may take a while): 4486 of 11303
2025-05-06 16:33:30.094082: I tensorflow/core/kernels/data/shuffle_dataset_op.cc:175] Filling up shuffle buffer (this may take a while): 6449 of 11303
2025-05-06 16:33:39.587948: I tensorflow/core/kernels/data/shuffle_dataset_op.cc:175] Filling up shuffle buffer (this may take a while): 7717 of 11303
2025-05-06 16:33:49.581500: I tensorflow/core/kernels/data/shuffle_dataset_op.cc:175] Filling up shuffle buffer (this may take a while): 9036 of 11303
2025-05-06 16:33:59.671424: I tensorflow/core/kernels/data/shuffle_dataset_op.cc:175] Filling up shuffle buffer (this may take a while): 10751 of 11303
2025-05-06 16:34:01.160587: I tensorflow/core/kernels/data/shuffle_dataset_op.cc:228] Shuffle buffer filled.
2025-05-06 16:35:10.233533: I tensorflow/core/kernels/data/shuffle_dataset_op.cc:175] Filling up shuffle buffer (this may take a while): 1436 of 11303
2025-05-06 16:35:18.488521: I tensorflow/core/kernels/data/shuffle_dataset_op.cc:175] Filling up shuffle buffer (this may take a while): 3012 of 11303
2025-05-06 16:35:28.472652: I tensorflow/core/kernels/data/shuffle_dataset_op.cc:175] Filling up shuffle buffer (this may take a while): 4899 of 11303
2025-05-06 16:35:39.608509: I tensorflow/core/kernels/data/shuffle_dataset_op.cc:175] Filling up shuffle buffer (this may take a while): 6461 of 11303
2025-05-06 16:35:48.442933: I tensorflow/core/kernels/data/shuffle_dataset_op.cc:175] Filling up shuffle buffer (this may take a while): 7749 of 11303
2025-05-06 16:35:58.505592: I tensorflow/core/kernels/data/shuffle_dataset_op.cc:175] Filling up shuffle buffer (this may take a while): 9522 of 11303
2025-05-06 16:36:07.103713: I tensorflow/core/kernels/data/shuffle_dataset_op.cc:228] Shuffle buffer filled.
2025-05-06 16:37:14.329341: I tensorflow/core/kernels/data/shuffle_dataset_op.cc:175] Filling up shuffle buffer (this may take a while): 1436 of 11303
2025-05-06 16:37:23.171509: I tensorflow/core/kernels/data/shuffle_dataset_op.cc:175] Filling up shuffle buffer (this may take a while): 3089 of 11303
2025-05-06 16:37:33.282442: I tensorflow/core/kernels/data/shuffle_dataset_op.cc:175] Filling up shuffle buffer (this may take a while): 5194 of 11303
2025-05-06 16:37:43.377110: I tensorflow/core/kernels/data/shuffle_dataset_op.cc:175] Filling up shuffle buffer (this may take a while): 6461 of 11303
2025-05-06 16:37:53.206746: I tensorflow/core/kernels/data/shuffle_dataset_op.cc:175] Filling up shuffle buffer (this may take a while): 7937 of 11303
2025-05-06 16:38:03.523430: I tensorflow/core/kernels/data/shuffle_dataset_op.cc:175] Filling up shuffle buffer (this may take a while): 9463 of 11303
2025-05-06 16:38:12.352555: I tensorflow/core/kernels/data/shuffle_dataset_op.cc:228] Shuffle buffer filled.
2025-05-06 16:39:20.757637: I tensorflow/core/kernels/data/shuffle_dataset_op.cc:175] Filling up shuffle buffer (this may take a while): 1436 of 11303
2025-05-06 16:39:28.876136: I tensorflow/core/kernels/data/shuffle_dataset_op.cc:175] Filling up shuffle buffer (this may take a while): 3096 of 11303
2025-05-06 16:39:38.897395: I tensorflow/core/kernels/data/shuffle_dataset_op.cc:175] Filling up shuffle buffer (this may take a while): 5052 of 11303
2025-05-06 16:39:49.673321: I tensorflow/core/kernels/data/shuffle_dataset_op.cc:175] Filling up shuffle buffer (this may take a while): 6461 of 11303
2025-05-06 16:39:59.005403: I tensorflow/core/kernels/data/shuffle_dataset_op.cc:175] Filling up shuffle buffer (this may take a while): 7725 of 11303
2025-05-06 16:40:08.883355: I tensorflow/core/kernels/data/shuffle_dataset_op.cc:175] Filling up shuffle buffer (this may take a while): 9298 of 11303
2025-05-06 16:40:18.975848: I tensorflow/core/kernels/data/shuffle_dataset_op.cc:175] Filling up shuffle buffer (this may take a while): 11030 of 11303
2025-05-06 16:40:19.530235: I tensorflow/core/kernels/data/shuffle_dataset_op.cc:228] Shuffle buffer filled.
2025-05-06 16:41:27.523676: I tensorflow/core/kernels/data/shuffle_dataset_op.cc:175] Filling up shuffle buffer (this may take a while): 1436 of 11303
2025-05-06 16:41:35.603982: I tensorflow/core/kernels/data/shuffle_dataset_op.cc:175] Filling up shuffle buffer (this may take a while): 2755 of 11303
2025-05-06 16:41:45.666082: I tensorflow/core/kernels/data/shuffle_dataset_op.cc:175] Filling up shuffle buffer (this may take a while): 4780 of 11303
2025-05-06 16:41:57.314247: I tensorflow/core/kernels/data/shuffle_dataset_op.cc:175] Filling up shuffle buffer (this may take a while): 6461 of 11303
2025-05-06 16:42:05.769934: I tensorflow/core/kernels/data/shuffle_dataset_op.cc:175] Filling up shuffle buffer (this may take a while): 7721 of 11303
2025-05-06 16:42:16.066540: I tensorflow/core/kernels/data/shuffle_dataset_op.cc:175] Filling up shuffle buffer (this may take a while): 9293 of 11303
2025-05-06 16:42:25.636110: I tensorflow/core/kernels/data/shuffle_dataset_op.cc:175] Filling up shuffle buffer (this may take a while): 10598 of 11303
2025-05-06 16:42:28.255957: I tensorflow/core/kernels/data/shuffle_dataset_op.cc:228] Shuffle buffer filled.
2025-05-06 16:43:36.168198: I tensorflow/core/kernels/data/shuffle_dataset_op.cc:175] Filling up shuffle buffer (this may take a while): 1436 of 11303
2025-05-06 16:43:44.774824: I tensorflow/core/kernels/data/shuffle_dataset_op.cc:175] Filling up shuffle buffer (this may take a while): 3016 of 11303
2025-05-06 16:43:54.684206: I tensorflow/core/kernels/data/shuffle_dataset_op.cc:175] Filling up shuffle buffer (this may take a while): 5182 of 11303
2025-05-06 16:44:04.907313: I tensorflow/core/kernels/data/shuffle_dataset_op.cc:175] Filling up shuffle buffer (this may take a while): 6461 of 11303
2025-05-06 16:44:15.139374: I tensorflow/core/kernels/data/shuffle_dataset_op.cc:175] Filling up shuffle buffer (this may take a while): 8084 of 11303
2025-05-06 16:44:24.680258: I tensorflow/core/kernels/data/shuffle_dataset_op.cc:175] Filling up shuffle buffer (this may take a while): 9342 of 11303
2025-05-06 16:44:35.089974: I tensorflow/core/kernels/data/shuffle_dataset_op.cc:175] Filling up shuffle buffer (this may take a while): 11111 of 11303
2025-05-06 16:44:35.128386: I tensorflow/core/kernels/data/shuffle_dataset_op.cc:228] Shuffle buffer filled.
2025-05-06 16:45:58.270984: I tensorflow/core/kernels/data/shuffle_dataset_op.cc:175] Filling up shuffle buffer (this may take a while): 1436 of 11303
2025-05-06 16:46:06.694684: I tensorflow/core/kernels/data/shuffle_dataset_op.cc:175] Filling up shuffle buffer (this may take a while): 2890 of 11303
2025-05-06 16:46:16.898498: I tensorflow/core/kernels/data/shuffle_dataset_op.cc:175] Filling up shuffle buffer (this may take a while): 4784 of 11303
2025-05-06 16:46:27.933273: I tensorflow/core/kernels/data/shuffle_dataset_op.cc:175] Filling up shuffle buffer (this may take a while): 6461 of 11303
2025-05-06 16:46:37.124962: I tensorflow/core/kernels/data/shuffle_dataset_op.cc:175] Filling up shuffle buffer (this may take a while): 7725 of 11303
2025-05-06 16:46:47.075148: I tensorflow/core/kernels/data/shuffle_dataset_op.cc:175] Filling up shuffle buffer (this may take a while): 9293 of 11303
2025-05-06 16:46:56.759553: I tensorflow/core/kernels/data/shuffle_dataset_op.cc:175] Filling up shuffle buffer (this may take a while): 10640 of 11303
2025-05-06 16:46:58.532650: I tensorflow/core/kernels/data/shuffle_dataset_op.cc:228] Shuffle buffer filled.
2025-05-06 16:48:05.448964: I tensorflow/core/kernels/data/shuffle_dataset_op.cc:175] Filling up shuffle buffer (this may take a while): 1436 of 11303
2025-05-06 16:48:13.973837: I tensorflow/core/kernels/data/shuffle_dataset_op.cc:175] Filling up shuffle buffer (this may take a while): 2706 of 11303
2025-05-06 16:48:23.929258: I tensorflow/core/kernels/data/shuffle_dataset_op.cc:175] Filling up shuffle buffer (this may take a while): 4486 of 11303
2025-05-06 16:48:33.973993: I tensorflow/core/kernels/data/shuffle_dataset_op.cc:175] Filling up shuffle buffer (this may take a while): 6460 of 11303
2025-05-06 16:48:44.131938: I tensorflow/core/kernels/data/shuffle_dataset_op.cc:175] Filling up shuffle buffer (this may take a while): 7717 of 11303
2025-05-06 16:48:53.825183: I tensorflow/core/kernels/data/shuffle_dataset_op.cc:175] Filling up shuffle buffer (this may take a while): 8998 of 11303
2025-05-06 16:49:03.922396: I tensorflow/core/kernels/data/shuffle_dataset_op.cc:175] Filling up shuffle buffer (this may take a while): 10632 of 11303
2025-05-06 16:49:05.793861: I tensorflow/core/kernels/data/shuffle_dataset_op.cc:228] Shuffle buffer filled.
2025-05-06 16:50:13.523466: I tensorflow/core/kernels/data/shuffle_dataset_op.cc:175] Filling up shuffle buffer (this may take a while): 1436 of 11303
2025-05-06 16:50:21.928012: I tensorflow/core/kernels/data/shuffle_dataset_op.cc:175] Filling up shuffle buffer (this may take a while): 2706 of 11303
2025-05-06 16:50:31.389850: I tensorflow/core/kernels/data/shuffle_dataset_op.cc:175] Filling up shuffle buffer (this may take a while): 4326 of 11303
2025-05-06 16:50:41.566147: I tensorflow/core/kernels/data/shuffle_dataset_op.cc:175] Filling up shuffle buffer (this may take a while): 6132 of 11303
2025-05-06 16:50:52.277755: I tensorflow/core/kernels/data/shuffle_dataset_op.cc:175] Filling up shuffle buffer (this may take a while): 7717 of 11303
2025-05-06 16:51:01.937845: I tensorflow/core/kernels/data/shuffle_dataset_op.cc:175] Filling up shuffle buffer (this may take a while): 8975 of 11303
2025-05-06 16:51:11.392263: I tensorflow/core/kernels/data/shuffle_dataset_op.cc:175] Filling up shuffle buffer (this may take a while): 10561 of 11303
2025-05-06 16:51:14.140316: I tensorflow/core/kernels/data/shuffle_dataset_op.cc:228] Shuffle buffer filled.
2025-05-06 16:52:22.794085: I tensorflow/core/kernels/data/shuffle_dataset_op.cc:175] Filling up shuffle buffer (this may take a while): 1436 of 11303
2025-05-06 16:52:30.731697: I tensorflow/core/kernels/data/shuffle_dataset_op.cc:175] Filling up shuffle buffer (this may take a while): 2699 of 11303
2025-05-06 16:52:40.468604: I tensorflow/core/kernels/data/shuffle_dataset_op.cc:175] Filling up shuffle buffer (this may take a while): 4458 of 11303
2025-05-06 16:52:52.712753: I tensorflow/core/kernels/data/shuffle_dataset_op.cc:175] Filling up shuffle buffer (this may take a while): 6461 of 11303
2025-05-06 16:53:02.092684: I tensorflow/core/kernels/data/shuffle_dataset_op.cc:175] Filling up shuffle buffer (this may take a while): 7721 of 11303
2025-05-06 16:53:10.692809: I tensorflow/core/kernels/data/shuffle_dataset_op.cc:175] Filling up shuffle buffer (this may take a while): 9293 of 11303
2025-05-06 16:53:20.481658: I tensorflow/core/kernels/data/shuffle_dataset_op.cc:175] Filling up shuffle buffer (this may take a while): 10772 of 11303
2025-05-06 16:53:21.401629: I tensorflow/core/kernels/data/shuffle_dataset_op.cc:228] Shuffle buffer filled.
2025-05-06 16:54:29.649430: I tensorflow/core/kernels/data/shuffle_dataset_op.cc:175] Filling up shuffle buffer (this may take a while): 1436 of 11303
2025-05-06 16:54:38.071428: I tensorflow/core/kernels/data/shuffle_dataset_op.cc:175] Filling up shuffle buffer (this may take a while): 3071 of 11303
2025-05-06 16:54:48.071988: I tensorflow/core/kernels/data/shuffle_dataset_op.cc:175] Filling up shuffle buffer (this may take a while): 5044 of 11303
2025-05-06 16:54:59.398468: I tensorflow/core/kernels/data/shuffle_dataset_op.cc:175] Filling up shuffle buffer (this may take a while): 6461 of 11303
2025-05-06 16:55:08.389790: I tensorflow/core/kernels/data/shuffle_dataset_op.cc:175] Filling up shuffle buffer (this may take a while): 8004 of 11303
2025-05-06 16:55:18.331817: I tensorflow/core/kernels/data/shuffle_dataset_op.cc:175] Filling up shuffle buffer (this may take a while): 9463 of 11303
2025-05-06 16:55:27.089167: I tensorflow/core/kernels/data/shuffle_dataset_op.cc:228] Shuffle buffer filled.
2025-05-06 16:56:34.996049: I tensorflow/core/kernels/data/shuffle_dataset_op.cc:175] Filling up shuffle buffer (this may take a while): 1436 of 11303
2025-05-06 16:56:44.392471: I tensorflow/core/kernels/data/shuffle_dataset_op.cc:175] Filling up shuffle buffer (this may take a while): 3181 of 11303
2025-05-06 16:56:56.713662: I tensorflow/core/kernels/data/shuffle_dataset_op.cc:175] Filling up shuffle buffer (this may take a while): 5205 of 11303
2025-05-06 16:57:04.697833: I tensorflow/core/kernels/data/shuffle_dataset_op.cc:175] Filling up shuffle buffer (this may take a while): 6471 of 11303
2025-05-06 16:57:14.517968: I tensorflow/core/kernels/data/shuffle_dataset_op.cc:175] Filling up shuffle buffer (this may take a while): 8237 of 11303
2025-05-06 16:57:25.477012: I tensorflow/core/kernels/data/shuffle_dataset_op.cc:175] Filling up shuffle buffer (this may take a while): 10133 of 11303
2025-05-06 16:57:32.456793: I tensorflow/core/kernels/data/shuffle_dataset_op.cc:228] Shuffle buffer filled.
2025-05-06 16:58:41.454833: I tensorflow/core/kernels/data/shuffle_dataset_op.cc:175] Filling up shuffle buffer (this may take a while): 1436 of 11303
2025-05-06 16:58:49.397652: I tensorflow/core/kernels/data/shuffle_dataset_op.cc:175] Filling up shuffle buffer (this may take a while): 2891 of 11303
2025-05-06 16:58:59.281825: I tensorflow/core/kernels/data/shuffle_dataset_op.cc:175] Filling up shuffle buffer (this may take a while): 4943 of 11303
2025-05-06 16:59:10.445697: I tensorflow/core/kernels/data/shuffle_dataset_op.cc:175] Filling up shuffle buffer (this may take a while): 6461 of 11303
2025-05-06 16:59:19.342299: I tensorflow/core/kernels/data/shuffle_dataset_op.cc:175] Filling up shuffle buffer (this may take a while): 7729 of 11303
2025-05-06 16:59:29.285421: I tensorflow/core/kernels/data/shuffle_dataset_op.cc:175] Filling up shuffle buffer (this may take a while): 9294 of 11303
2025-05-06 16:59:39.514497: I tensorflow/core/kernels/data/shuffle_dataset_op.cc:175] Filling up shuffle buffer (this may take a while): 10772 of 11303
2025-05-06 16:59:40.346847: I tensorflow/core/kernels/data/shuffle_dataset_op.cc:228] Shuffle buffer filled.
2025-05-06 17:00:47.743771: I tensorflow/core/kernels/data/shuffle_dataset_op.cc:175] Filling up shuffle buffer (this may take a while): 1436 of 11303
2025-05-06 17:00:55.972219: I tensorflow/core/kernels/data/shuffle_dataset_op.cc:175] Filling up shuffle buffer (this may take a while): 3054 of 11303
2025-05-06 17:01:05.971392: I tensorflow/core/kernels/data/shuffle_dataset_op.cc:175] Filling up shuffle buffer (this may take a while): 5119 of 11303
2025-05-06 17:01:16.329907: I tensorflow/core/kernels/data/shuffle_dataset_op.cc:175] Filling up shuffle buffer (this may take a while): 6461 of 11303
2025-05-06 17:01:26.413499: I tensorflow/core/kernels/data/shuffle_dataset_op.cc:175] Filling up shuffle buffer (this may take a while): 8084 of 11303
2025-05-06 17:01:35.962332: I tensorflow/core/kernels/data/shuffle_dataset_op.cc:175] Filling up shuffle buffer (this may take a while): 9585 of 11303
2025-05-06 17:01:45.410597: I tensorflow/core/kernels/data/shuffle_dataset_op.cc:228] Shuffle buffer filled.
2025-05-06 17:03:09.390425: I tensorflow/core/kernels/data/shuffle_dataset_op.cc:175] Filling up shuffle buffer (this may take a while): 1436 of 11303
2025-05-06 17:03:18.189748: I tensorflow/core/kernels/data/shuffle_dataset_op.cc:175] Filling up shuffle buffer (this may take a while): 2911 of 11303
2025-05-06 17:03:28.089585: I tensorflow/core/kernels/data/shuffle_dataset_op.cc:175] Filling up shuffle buffer (this may take a while): 4762 of 11303
2025-05-06 17:03:39.931906: I tensorflow/core/kernels/data/shuffle_dataset_op.cc:175] Filling up shuffle buffer (this may take a while): 6461 of 11303
2025-05-06 17:03:49.138719: I tensorflow/core/kernels/data/shuffle_dataset_op.cc:175] Filling up shuffle buffer (this may take a while): 7721 of 11303
2025-05-06 17:03:58.531845: I tensorflow/core/kernels/data/shuffle_dataset_op.cc:175] Filling up shuffle buffer (this may take a while): 8973 of 11303
2025-05-06 17:04:08.304376: I tensorflow/core/kernels/data/shuffle_dataset_op.cc:175] Filling up shuffle buffer (this may take a while): 10429 of 11303
2025-05-06 17:04:11.521005: I tensorflow/core/kernels/data/shuffle_dataset_op.cc:228] Shuffle buffer filled.
2025-05-06 17:05:18.642005: I tensorflow/core/kernels/data/shuffle_dataset_op.cc:175] Filling up shuffle buffer (this may take a while): 1436 of 11303
2025-05-06 17:05:27.469890: I tensorflow/core/kernels/data/shuffle_dataset_op.cc:175] Filling up shuffle buffer (this may take a while): 2738 of 11303
2025-05-06 17:05:37.472762: I tensorflow/core/kernels/data/shuffle_dataset_op.cc:175] Filling up shuffle buffer (this may take a while): 4810 of 11303
2025-05-06 17:05:47.586714: I tensorflow/core/kernels/data/shuffle_dataset_op.cc:175] Filling up shuffle buffer (this may take a while): 6461 of 11303
2025-05-06 17:05:57.512347: I tensorflow/core/kernels/data/shuffle_dataset_op.cc:175] Filling up shuffle buffer (this may take a while): 7763 of 11303
2025-05-06 17:06:07.518457: I tensorflow/core/kernels/data/shuffle_dataset_op.cc:175] Filling up shuffle buffer (this may take a while): 9297 of 11303
2025-05-06 17:06:17.419446: I tensorflow/core/kernels/data/shuffle_dataset_op.cc:175] Filling up shuffle buffer (this may take a while): 10773 of 11303
2025-05-06 17:06:18.245871: I tensorflow/core/kernels/data/shuffle_dataset_op.cc:228] Shuffle buffer filled.
2025-05-06 17:07:26.003608: I tensorflow/core/kernels/data/shuffle_dataset_op.cc:175] Filling up shuffle buffer (this may take a while): 1436 of 11303
2025-05-06 17:07:34.731232: I tensorflow/core/kernels/data/shuffle_dataset_op.cc:175] Filling up shuffle buffer (this may take a while): 2890 of 11303
2025-05-06 17:07:44.466922: I tensorflow/core/kernels/data/shuffle_dataset_op.cc:175] Filling up shuffle buffer (this may take a while): 4604 of 11303
2025-05-06 17:07:56.624159: I tensorflow/core/kernels/data/shuffle_dataset_op.cc:175] Filling up shuffle buffer (this may take a while): 6461 of 11303
2025-05-06 17:08:04.662694: I tensorflow/core/kernels/data/shuffle_dataset_op.cc:175] Filling up shuffle buffer (this may take a while): 7721 of 11303
2025-05-06 17:08:14.478465: I tensorflow/core/kernels/data/shuffle_dataset_op.cc:175] Filling up shuffle buffer (this may take a while): 9293 of 11303
2025-05-06 17:08:24.622729: I tensorflow/core/kernels/data/shuffle_dataset_op.cc:175] Filling up shuffle buffer (this may take a while): 10772 of 11303
2025-05-06 17:08:25.624074: I tensorflow/core/kernels/data/shuffle_dataset_op.cc:228] Shuffle buffer filled.
2025-05-06 17:09:34.905727: I tensorflow/core/kernels/data/shuffle_dataset_op.cc:175] Filling up shuffle buffer (this may take a while): 1436 of 11303
2025-05-06 17:09:42.809030: I tensorflow/core/kernels/data/shuffle_dataset_op.cc:175] Filling up shuffle buffer (this may take a while): 2699 of 11303
2025-05-06 17:09:52.367439: I tensorflow/core/kernels/data/shuffle_dataset_op.cc:175] Filling up shuffle buffer (this may take a while): 4326 of 11303
2025-05-06 17:10:02.382582: I tensorflow/core/kernels/data/shuffle_dataset_op.cc:175] Filling up shuffle buffer (this may take a while): 5870 of 11303
2025-05-06 17:10:13.173871: I tensorflow/core/kernels/data/shuffle_dataset_op.cc:175] Filling up shuffle buffer (this may take a while): 7717 of 11303
2025-05-06 17:10:22.594178: I tensorflow/core/kernels/data/shuffle_dataset_op.cc:175] Filling up shuffle buffer (this may take a while): 8978 of 11303
2025-05-06 17:10:32.380878: I tensorflow/core/kernels/data/shuffle_dataset_op.cc:175] Filling up shuffle buffer (this may take a while): 10547 of 11303
2025-05-06 17:10:35.251895: I tensorflow/core/kernels/data/shuffle_dataset_op.cc:228] Shuffle buffer filled.
2025-05-06 17:11:42.697689: I tensorflow/core/kernels/data/shuffle_dataset_op.cc:175] Filling up shuffle buffer (this may take a while): 1436 of 11303
2025-05-06 17:11:50.539062: I tensorflow/core/kernels/data/shuffle_dataset_op.cc:175] Filling up shuffle buffer (this may take a while): 2706 of 11303
2025-05-06 17:12:00.695160: I tensorflow/core/kernels/data/shuffle_dataset_op.cc:175] Filling up shuffle buffer (this may take a while): 4486 of 11303
2025-05-06 17:12:13.231866: I tensorflow/core/kernels/data/shuffle_dataset_op.cc:175] Filling up shuffle buffer (this may take a while): 6461 of 11303
2025-05-06 17:12:21.338452: I tensorflow/core/kernels/data/shuffle_dataset_op.cc:175] Filling up shuffle buffer (this may take a while): 7721 of 11303
2025-05-06 17:12:31.168621: I tensorflow/core/kernels/data/shuffle_dataset_op.cc:175] Filling up shuffle buffer (this may take a while): 9293 of 11303
2025-05-06 17:12:40.837940: I tensorflow/core/kernels/data/shuffle_dataset_op.cc:175] Filling up shuffle buffer (this may take a while): 10772 of 11303
2025-05-06 17:12:41.621439: I tensorflow/core/kernels/data/shuffle_dataset_op.cc:228] Shuffle buffer filled.
2025-05-06 17:13:49.858987: I tensorflow/core/kernels/data/shuffle_dataset_op.cc:175] Filling up shuffle buffer (this may take a while): 1436 of 11303
2025-05-06 17:13:58.793233: I tensorflow/core/kernels/data/shuffle_dataset_op.cc:175] Filling up shuffle buffer (this may take a while): 3019 of 11303
2025-05-06 17:14:08.783955: I tensorflow/core/kernels/data/shuffle_dataset_op.cc:175] Filling up shuffle buffer (this may take a while): 4861 of 11303
2025-05-06 17:14:20.411155: I tensorflow/core/kernels/data/shuffle_dataset_op.cc:175] Filling up shuffle buffer (this may take a while): 6461 of 11303
2025-05-06 17:14:29.265497: I tensorflow/core/kernels/data/shuffle_dataset_op.cc:175] Filling up shuffle buffer (this may take a while): 7721 of 11303
2025-05-06 17:14:38.897029: I tensorflow/core/kernels/data/shuffle_dataset_op.cc:175] Filling up shuffle buffer (this may take a while): 9293 of 11303
2025-05-06 17:14:48.687054: I tensorflow/core/kernels/data/shuffle_dataset_op.cc:228] Shuffle buffer filled.
2025-05-06 17:15:56.619402: I tensorflow/core/kernels/data/shuffle_dataset_op.cc:175] Filling up shuffle buffer (this may take a while): 1436 of 11303
2025-05-06 17:16:04.842886: I tensorflow/core/kernels/data/shuffle_dataset_op.cc:175] Filling up shuffle buffer (this may take a while): 2892 of 11303
2025-05-06 17:16:14.701205: I tensorflow/core/kernels/data/shuffle_dataset_op.cc:175] Filling up shuffle buffer (this may take a while): 4494 of 11303
2025-05-06 17:16:24.870755: I tensorflow/core/kernels/data/shuffle_dataset_op.cc:175] Filling up shuffle buffer (this may take a while): 6431 of 11303
2025-05-06 17:16:35.641524: I tensorflow/core/kernels/data/shuffle_dataset_op.cc:175] Filling up shuffle buffer (this may take a while): 7721 of 11303
2025-05-06 17:16:44.821857: I tensorflow/core/kernels/data/shuffle_dataset_op.cc:175] Filling up shuffle buffer (this may take a while): 8973 of 11303
2025-05-06 17:16:54.616816: I tensorflow/core/kernels/data/shuffle_dataset_op.cc:175] Filling up shuffle buffer (this may take a while): 10549 of 11303
2025-05-06 17:16:57.371555: I tensorflow/core/kernels/data/shuffle_dataset_op.cc:228] Shuffle buffer filled.
2025-05-06 17:18:05.143080: I tensorflow/core/kernels/data/shuffle_dataset_op.cc:175] Filling up shuffle buffer (this may take a while): 1436 of 11303
2025-05-06 17:18:14.294425: I tensorflow/core/kernels/data/shuffle_dataset_op.cc:175] Filling up shuffle buffer (this may take a while): 3083 of 11303
2025-05-06 17:18:23.887253: I tensorflow/core/kernels/data/shuffle_dataset_op.cc:175] Filling up shuffle buffer (this may take a while): 5168 of 11303
2025-05-06 17:18:34.383549: I tensorflow/core/kernels/data/shuffle_dataset_op.cc:175] Filling up shuffle buffer (this may take a while): 6461 of 11303
2025-05-06 17:18:44.793721: I tensorflow/core/kernels/data/shuffle_dataset_op.cc:175] Filling up shuffle buffer (this may take a while): 8084 of 11303
2025-05-06 17:18:54.096696: I tensorflow/core/kernels/data/shuffle_dataset_op.cc:175] Filling up shuffle buffer (this may take a while): 9463 of 11303
2025-05-06 17:19:03.248947: I tensorflow/core/kernels/data/shuffle_dataset_op.cc:228] Shuffle buffer filled.
2025-05-06 17:20:11.541235: I tensorflow/core/kernels/data/shuffle_dataset_op.cc:175] Filling up shuffle buffer (this may take a while): 1436 of 11303
2025-05-06 17:20:20.113277: I tensorflow/core/kernels/data/shuffle_dataset_op.cc:175] Filling up shuffle buffer (this may take a while): 2711 of 11303
2025-05-06 17:20:29.633445: I tensorflow/core/kernels/data/shuffle_dataset_op.cc:175] Filling up shuffle buffer (this may take a while): 4518 of 11303
2025-05-06 17:20:40.917061: I tensorflow/core/kernels/data/shuffle_dataset_op.cc:175] Filling up shuffle buffer (this may take a while): 6461 of 11303
2025-05-06 17:20:49.810400: I tensorflow/core/kernels/data/shuffle_dataset_op.cc:175] Filling up shuffle buffer (this may take a while): 7721 of 11303
2025-05-06 17:21:00.425448: I tensorflow/core/kernels/data/shuffle_dataset_op.cc:175] Filling up shuffle buffer (this may take a while): 9293 of 11303
2025-05-06 17:21:09.653685: I tensorflow/core/kernels/data/shuffle_dataset_op.cc:175] Filling up shuffle buffer (this may take a while): 10640 of 11303
2025-05-06 17:21:11.146768: I tensorflow/core/kernels/data/shuffle_dataset_op.cc:228] Shuffle buffer filled.
2025-05-06 17:22:20.227616: I tensorflow/core/kernels/data/shuffle_dataset_op.cc:175] Filling up shuffle buffer (this may take a while): 1436 of 11303
2025-05-06 17:22:28.184282: I tensorflow/core/kernels/data/shuffle_dataset_op.cc:175] Filling up shuffle buffer (this may take a while): 2710 of 11303
2025-05-06 17:22:38.166978: I tensorflow/core/kernels/data/shuffle_dataset_op.cc:175] Filling up shuffle buffer (this may take a while): 4494 of 11303
2025-05-06 17:22:50.046664: I tensorflow/core/kernels/data/shuffle_dataset_op.cc:175] Filling up shuffle buffer (this may take a while): 6461 of 11303
2025-05-06 17:22:58.886680: I tensorflow/core/kernels/data/shuffle_dataset_op.cc:175] Filling up shuffle buffer (this may take a while): 7721 of 11303
2025-05-06 17:23:07.973500: I tensorflow/core/kernels/data/shuffle_dataset_op.cc:175] Filling up shuffle buffer (this may take a while): 9036 of 11303
2025-05-06 17:23:18.331576: I tensorflow/core/kernels/data/shuffle_dataset_op.cc:175] Filling up shuffle buffer (this may take a while): 10598 of 11303
2025-05-06 17:23:20.415417: I tensorflow/core/kernels/data/shuffle_dataset_op.cc:228] Shuffle buffer filled.
2025-05-06 17:24:26.398954: I tensorflow/core/kernels/data/shuffle_dataset_op.cc:175] Filling up shuffle buffer (this may take a while): 1436 of 11303
2025-05-06 17:24:35.268931: I tensorflow/core/kernels/data/shuffle_dataset_op.cc:175] Filling up shuffle buffer (this may take a while): 2899 of 11303
2025-05-06 17:24:45.180732: I tensorflow/core/kernels/data/shuffle_dataset_op.cc:175] Filling up shuffle buffer (this may take a while): 4811 of 11303
2025-05-06 17:24:57.313955: I tensorflow/core/kernels/data/shuffle_dataset_op.cc:175] Filling up shuffle buffer (this may take a while): 6461 of 11303
2025-05-06 17:25:05.129890: I tensorflow/core/kernels/data/shuffle_dataset_op.cc:175] Filling up shuffle buffer (this may take a while): 7722 of 11303
2025-05-06 17:25:15.268325: I tensorflow/core/kernels/data/shuffle_dataset_op.cc:175] Filling up shuffle buffer (this may take a while): 9342 of 11303
2025-05-06 17:25:25.273055: I tensorflow/core/kernels/data/shuffle_dataset_op.cc:175] Filling up shuffle buffer (this may take a while): 11029 of 11303
2025-05-06 17:25:25.925157: I tensorflow/core/kernels/data/shuffle_dataset_op.cc:228] Shuffle buffer filled.
2025-05-06 17:26:32.416605: I tensorflow/core/kernels/data/shuffle_dataset_op.cc:175] Filling up shuffle buffer (this may take a while): 1436 of 11303
2025-05-06 17:26:41.341048: I tensorflow/core/kernels/data/shuffle_dataset_op.cc:175] Filling up shuffle buffer (this may take a while): 2892 of 11303
2025-05-06 17:26:51.267716: I tensorflow/core/kernels/data/shuffle_dataset_op.cc:175] Filling up shuffle buffer (this may take a while): 4868 of 11303
2025-05-06 17:27:02.326877: I tensorflow/core/kernels/data/shuffle_dataset_op.cc:175] Filling up shuffle buffer (this may take a while): 6461 of 11303
2025-05-06 17:27:11.407478: I tensorflow/core/kernels/data/shuffle_dataset_op.cc:175] Filling up shuffle buffer (this may take a while): 7721 of 11303
2025-05-06 17:27:21.570976: I tensorflow/core/kernels/data/shuffle_dataset_op.cc:175] Filling up shuffle buffer (this may take a while): 9293 of 11303
2025-05-06 17:27:31.378290: I tensorflow/core/kernels/data/shuffle_dataset_op.cc:175] Filling up shuffle buffer (this may take a while): 10854 of 11303
2025-05-06 17:27:32.005245: I tensorflow/core/kernels/data/shuffle_dataset_op.cc:228] Shuffle buffer filled.
2025-05-06 17:28:38.872437: I tensorflow/core/kernels/data/shuffle_dataset_op.cc:175] Filling up shuffle buffer (this may take a while): 1436 of 11303
2025-05-06 17:28:48.090768: I tensorflow/core/kernels/data/shuffle_dataset_op.cc:175] Filling up shuffle buffer (this may take a while): 3083 of 11303
2025-05-06 17:28:57.888763: I tensorflow/core/kernels/data/shuffle_dataset_op.cc:175] Filling up shuffle buffer (this may take a while): 4762 of 11303
2025-05-06 17:29:08.166079: I tensorflow/core/kernels/data/shuffle_dataset_op.cc:175] Filling up shuffle buffer (this may take a while): 6445 of 11303
2025-05-06 17:29:18.382355: I tensorflow/core/kernels/data/shuffle_dataset_op.cc:175] Filling up shuffle buffer (this may take a while): 7717 of 11303
2025-05-06 17:29:28.156233: I tensorflow/core/kernels/data/shuffle_dataset_op.cc:175] Filling up shuffle buffer (this may take a while): 8978 of 11303
2025-05-06 17:29:38.056170: I tensorflow/core/kernels/data/shuffle_dataset_op.cc:175] Filling up shuffle buffer (this may take a while): 10598 of 11303
2025-05-06 17:29:39.834980: I tensorflow/core/kernels/data/shuffle_dataset_op.cc:228] Shuffle buffer filled.
2025-05-06 17:30:47.189777: I tensorflow/core/kernels/data/shuffle_dataset_op.cc:175] Filling up shuffle buffer (this may take a while): 1436 of 11303
2025-05-06 17:30:55.466000: I tensorflow/core/kernels/data/shuffle_dataset_op.cc:175] Filling up shuffle buffer (this may take a while): 3095 of 11303
2025-05-06 17:31:05.770349: I tensorflow/core/kernels/data/shuffle_dataset_op.cc:175] Filling up shuffle buffer (this may take a while): 5199 of 11303
2025-05-06 17:31:17.293951: I tensorflow/core/kernels/data/shuffle_dataset_op.cc:175] Filling up shuffle buffer (this may take a while): 6461 of 11303
2025-05-06 17:31:25.953414: I tensorflow/core/kernels/data/shuffle_dataset_op.cc:175] Filling up shuffle buffer (this may take a while): 7721 of 11303
2025-05-06 17:31:35.729487: I tensorflow/core/kernels/data/shuffle_dataset_op.cc:175] Filling up shuffle buffer (this may take a while): 9036 of 11303
2025-05-06 17:31:45.538318: I tensorflow/core/kernels/data/shuffle_dataset_op.cc:175] Filling up shuffle buffer (this may take a while): 10598 of 11303
2025-05-06 17:31:47.713775: I tensorflow/core/kernels/data/shuffle_dataset_op.cc:228] Shuffle buffer filled.
2025-05-06 17:32:54.487977: I tensorflow/core/kernels/data/shuffle_dataset_op.cc:175] Filling up shuffle buffer (this may take a while): 1436 of 11303
2025-05-06 17:33:02.705636: I tensorflow/core/kernels/data/shuffle_dataset_op.cc:175] Filling up shuffle buffer (this may take a while): 2728 of 11303
2025-05-06 17:33:12.770061: I tensorflow/core/kernels/data/shuffle_dataset_op.cc:175] Filling up shuffle buffer (this may take a while): 4828 of 11303
2025-05-06 17:33:24.267060: I tensorflow/core/kernels/data/shuffle_dataset_op.cc:175] Filling up shuffle buffer (this may take a while): 6461 of 11303
2025-05-06 17:33:33.750412: I tensorflow/core/kernels/data/shuffle_dataset_op.cc:175] Filling up shuffle buffer (this may take a while): 7721 of 11303
2025-05-06 17:33:42.950476: I tensorflow/core/kernels/data/shuffle_dataset_op.cc:175] Filling up shuffle buffer (this may take a while): 8975 of 11303
2025-05-06 17:33:53.510273: I tensorflow/core/kernels/data/shuffle_dataset_op.cc:175] Filling up shuffle buffer (this may take a while): 10598 of 11303
2025-05-06 17:33:55.603930: I tensorflow/core/kernels/data/shuffle_dataset_op.cc:228] Shuffle buffer filled.
2025-05-06 17:35:03.071253: I tensorflow/core/kernels/data/shuffle_dataset_op.cc:175] Filling up shuffle buffer (this may take a while): 1436 of 11303
2025-05-06 17:35:11.697799: I tensorflow/core/kernels/data/shuffle_dataset_op.cc:175] Filling up shuffle buffer (this may take a while): 2710 of 11303
2025-05-06 17:35:21.523761: I tensorflow/core/kernels/data/shuffle_dataset_op.cc:175] Filling up shuffle buffer (this may take a while): 4529 of 11303
2025-05-06 17:35:33.083478: I tensorflow/core/kernels/data/shuffle_dataset_op.cc:175] Filling up shuffle buffer (this may take a while): 6461 of 11303
2025-05-06 17:35:41.849172: I tensorflow/core/kernels/data/shuffle_dataset_op.cc:175] Filling up shuffle buffer (this may take a while): 7721 of 11303
2025-05-06 17:35:51.651134: I tensorflow/core/kernels/data/shuffle_dataset_op.cc:175] Filling up shuffle buffer (this may take a while): 9036 of 11303
2025-05-06 17:36:01.725475: I tensorflow/core/kernels/data/shuffle_dataset_op.cc:175] Filling up shuffle buffer (this may take a while): 10598 of 11303
2025-05-06 17:36:03.932411: I tensorflow/core/kernels/data/shuffle_dataset_op.cc:228] Shuffle buffer filled.
2025-05-06 17:37:10.782174: I tensorflow/core/kernels/data/shuffle_dataset_op.cc:175] Filling up shuffle buffer (this may take a while): 1436 of 11303
2025-05-06 17:37:19.275562: I tensorflow/core/kernels/data/shuffle_dataset_op.cc:175] Filling up shuffle buffer (this may take a while): 2911 of 11303
2025-05-06 17:37:29.387823: I tensorflow/core/kernels/data/shuffle_dataset_op.cc:175] Filling up shuffle buffer (this may take a while): 4604 of 11303
2025-05-06 17:37:40.964191: I tensorflow/core/kernels/data/shuffle_dataset_op.cc:175] Filling up shuffle buffer (this may take a while): 6461 of 11303
2025-05-06 17:37:49.402942: I tensorflow/core/kernels/data/shuffle_dataset_op.cc:175] Filling up shuffle buffer (this may take a while): 7725 of 11303
2025-05-06 17:37:59.283151: I tensorflow/core/kernels/data/shuffle_dataset_op.cc:175] Filling up shuffle buffer (this may take a while): 9293 of 11303
2025-05-06 17:38:09.391591: I tensorflow/core/kernels/data/shuffle_dataset_op.cc:175] Filling up shuffle buffer (this may take a while): 10772 of 11303
2025-05-06 17:38:10.382049: I tensorflow/core/kernels/data/shuffle_dataset_op.cc:228] Shuffle buffer filled.
2025-05-06 17:39:16.838539: I tensorflow/core/kernels/data/shuffle_dataset_op.cc:175] Filling up shuffle buffer (this may take a while): 1436 of 11303
2025-05-06 17:39:24.978806: I tensorflow/core/kernels/data/shuffle_dataset_op.cc:175] Filling up shuffle buffer (this may take a while): 2892 of 11303
2025-05-06 17:39:35.078254: I tensorflow/core/kernels/data/shuffle_dataset_op.cc:175] Filling up shuffle buffer (this may take a while): 4604 of 11303
2025-05-06 17:39:46.824142: I tensorflow/core/kernels/data/shuffle_dataset_op.cc:175] Filling up shuffle buffer (this may take a while): 6461 of 11303
2025-05-06 17:39:55.288376: I tensorflow/core/kernels/data/shuffle_dataset_op.cc:175] Filling up shuffle buffer (this may take a while): 7721 of 11303
2025-05-06 17:40:05.372312: I tensorflow/core/kernels/data/shuffle_dataset_op.cc:175] Filling up shuffle buffer (this may take a while): 9342 of 11303
2025-05-06 17:40:15.130964: I tensorflow/core/kernels/data/shuffle_dataset_op.cc:175] Filling up shuffle buffer (this may take a while): 10772 of 11303
2025-05-06 17:40:15.932714: I tensorflow/core/kernels/data/shuffle_dataset_op.cc:228] Shuffle buffer filled.
2025-05-06 17:41:22.548862: I tensorflow/core/kernels/data/shuffle_dataset_op.cc:175] Filling up shuffle buffer (this may take a while): 1436 of 11303
2025-05-06 17:41:31.766395: I tensorflow/core/kernels/data/shuffle_dataset_op.cc:175] Filling up shuffle buffer (this may take a while): 3063 of 11303
2025-05-06 17:41:41.681756: I tensorflow/core/kernels/data/shuffle_dataset_op.cc:175] Filling up shuffle buffer (this may take a while): 4765 of 11303
2025-05-06 17:41:51.671089: I tensorflow/core/kernels/data/shuffle_dataset_op.cc:175] Filling up shuffle buffer (this may take a while): 6435 of 11303
2025-05-06 17:42:02.081873: I tensorflow/core/kernels/data/shuffle_dataset_op.cc:175] Filling up shuffle buffer (this may take a while): 7717 of 11303
2025-05-06 17:42:11.773855: I tensorflow/core/kernels/data/shuffle_dataset_op.cc:175] Filling up shuffle buffer (this may take a while): 8979 of 11303
2025-05-06 17:42:21.815969: I tensorflow/core/kernels/data/shuffle_dataset_op.cc:175] Filling up shuffle buffer (this may take a while): 10598 of 11303
2025-05-06 17:42:23.601374: I tensorflow/core/kernels/data/shuffle_dataset_op.cc:228] Shuffle buffer filled.
2025-05-06 17:43:30.037027: I tensorflow/core/kernels/data/shuffle_dataset_op.cc:175] Filling up shuffle buffer (this may take a while): 1436 of 11303
2025-05-06 17:43:38.911624: I tensorflow/core/kernels/data/shuffle_dataset_op.cc:175] Filling up shuffle buffer (this may take a while): 3106 of 11303
2025-05-06 17:43:49.083201: I tensorflow/core/kernels/data/shuffle_dataset_op.cc:175] Filling up shuffle buffer (this may take a while): 5196 of 11303
2025-05-06 17:43:59.173887: I tensorflow/core/kernels/data/shuffle_dataset_op.cc:175] Filling up shuffle buffer (this may take a while): 6461 of 11303
2025-05-06 17:44:08.895180: I tensorflow/core/kernels/data/shuffle_dataset_op.cc:175] Filling up shuffle buffer (this may take a while): 7732 of 11303
2025-05-06 17:44:19.235348: I tensorflow/core/kernels/data/shuffle_dataset_op.cc:175] Filling up shuffle buffer (this may take a while): 9342 of 11303
2025-05-06 17:44:28.992280: I tensorflow/core/kernels/data/shuffle_dataset_op.cc:175] Filling up shuffle buffer (this may take a while): 11030 of 11303
2025-05-06 17:44:29.037178: I tensorflow/core/kernels/data/shuffle_dataset_op.cc:228] Shuffle buffer filled.
2025-05-06 17:45:37.339231: I tensorflow/core/kernels/data/shuffle_dataset_op.cc:175] Filling up shuffle buffer (this may take a while): 1436 of 11303
2025-05-06 17:45:45.184565: I tensorflow/core/kernels/data/shuffle_dataset_op.cc:175] Filling up shuffle buffer (this may take a while): 2706 of 11303
2025-05-06 17:45:55.196623: I tensorflow/core/kernels/data/shuffle_dataset_op.cc:175] Filling up shuffle buffer (this may take a while): 4792 of 11303
2025-05-06 17:46:05.709949: I tensorflow/core/kernels/data/shuffle_dataset_op.cc:175] Filling up shuffle buffer (this may take a while): 6461 of 11303
2025-05-06 17:46:15.299411: I tensorflow/core/kernels/data/shuffle_dataset_op.cc:175] Filling up shuffle buffer (this may take a while): 7725 of 11303
2025-05-06 17:46:25.097358: I tensorflow/core/kernels/data/shuffle_dataset_op.cc:175] Filling up shuffle buffer (this may take a while): 9294 of 11303
2025-05-06 17:46:35.089125: I tensorflow/core/kernels/data/shuffle_dataset_op.cc:175] Filling up shuffle buffer (this may take a while): 10772 of 11303
2025-05-06 17:46:35.875076: I tensorflow/core/kernels/data/shuffle_dataset_op.cc:228] Shuffle buffer filled.
2025-05-06 17:47:44.211683: I tensorflow/core/kernels/data/shuffle_dataset_op.cc:175] Filling up shuffle buffer (this may take a while): 1436 of 11303
2025-05-06 17:47:52.121750: I tensorflow/core/kernels/data/shuffle_dataset_op.cc:175] Filling up shuffle buffer (this may take a while): 2710 of 11303
2025-05-06 17:48:01.984381: I tensorflow/core/kernels/data/shuffle_dataset_op.cc:175] Filling up shuffle buffer (this may take a while): 4774 of 11303
2025-05-06 17:48:12.484302: I tensorflow/core/kernels/data/shuffle_dataset_op.cc:175] Filling up shuffle buffer (this may take a while): 6461 of 11303
2025-05-06 17:48:21.967796: I tensorflow/core/kernels/data/shuffle_dataset_op.cc:175] Filling up shuffle buffer (this may take a while): 7922 of 11303
2025-05-06 17:48:32.379357: I tensorflow/core/kernels/data/shuffle_dataset_op.cc:175] Filling up shuffle buffer (this may take a while): 9342 of 11303
2025-05-06 17:48:42.092739: I tensorflow/core/kernels/data/shuffle_dataset_op.cc:175] Filling up shuffle buffer (this may take a while): 10772 of 11303
2025-05-06 17:48:43.002662: I tensorflow/core/kernels/data/shuffle_dataset_op.cc:228] Shuffle buffer filled.
2025-05-06 17:49:51.358168: I tensorflow/core/kernels/data/shuffle_dataset_op.cc:175] Filling up shuffle buffer (this may take a while): 1436 of 11303
2025-05-06 17:49:58.980851: I tensorflow/core/kernels/data/shuffle_dataset_op.cc:175] Filling up shuffle buffer (this may take a while): 2706 of 11303
2025-05-06 17:50:08.804187: I tensorflow/core/kernels/data/shuffle_dataset_op.cc:175] Filling up shuffle buffer (this may take a while): 4467 of 11303
2025-05-06 17:50:18.681846: I tensorflow/core/kernels/data/shuffle_dataset_op.cc:175] Filling up shuffle buffer (this may take a while): 6419 of 11303
2025-05-06 17:50:29.185522: I tensorflow/core/kernels/data/shuffle_dataset_op.cc:175] Filling up shuffle buffer (this may take a while): 7721 of 11303
2025-05-06 17:50:38.764455: I tensorflow/core/kernels/data/shuffle_dataset_op.cc:175] Filling up shuffle buffer (this may take a while): 8978 of 11303
2025-05-06 17:50:48.733632: I tensorflow/core/kernels/data/shuffle_dataset_op.cc:175] Filling up shuffle buffer (this may take a while): 10598 of 11303
2025-05-06 17:50:50.852486: I tensorflow/core/kernels/data/shuffle_dataset_op.cc:228] Shuffle buffer filled.
2025-05-06 17:51:58.693301: I tensorflow/core/kernels/data/shuffle_dataset_op.cc:175] Filling up shuffle buffer (this may take a while): 1436 of 11303
2025-05-06 17:52:07.469874: I tensorflow/core/kernels/data/shuffle_dataset_op.cc:175] Filling up shuffle buffer (this may take a while): 3014 of 11303
2025-05-06 17:52:17.368068: I tensorflow/core/kernels/data/shuffle_dataset_op.cc:175] Filling up shuffle buffer (this may take a while): 4861 of 11303
2025-05-06 17:52:27.974736: I tensorflow/core/kernels/data/shuffle_dataset_op.cc:175] Filling up shuffle buffer (this may take a while): 6461 of 11303
2025-05-06 17:52:37.383894: I tensorflow/core/kernels/data/shuffle_dataset_op.cc:175] Filling up shuffle buffer (this may take a while): 8032 of 11303
2025-05-06 17:52:47.351504: I tensorflow/core/kernels/data/shuffle_dataset_op.cc:175] Filling up shuffle buffer (this may take a while): 9519 of 11303
2025-05-06 17:52:57.195537: I tensorflow/core/kernels/data/shuffle_dataset_op.cc:228] Shuffle buffer filled.
2025-05-06 17:54:03.128495: I tensorflow/core/kernels/data/shuffle_dataset_op.cc:175] Filling up shuffle buffer (this may take a while): 1436 of 11303
2025-05-06 17:54:11.973703: I tensorflow/core/kernels/data/shuffle_dataset_op.cc:175] Filling up shuffle buffer (this may take a while): 3041 of 11303
2025-05-06 17:54:21.969696: I tensorflow/core/kernels/data/shuffle_dataset_op.cc:175] Filling up shuffle buffer (this may take a while): 4774 of 11303
2025-05-06 17:54:34.606717: I tensorflow/core/kernels/data/shuffle_dataset_op.cc:175] Filling up shuffle buffer (this may take a while): 6461 of 11303
2025-05-06 17:54:42.958856: I tensorflow/core/kernels/data/shuffle_dataset_op.cc:175] Filling up shuffle buffer (this may take a while): 7721 of 11303
2025-05-06 17:54:52.161681: I tensorflow/core/kernels/data/shuffle_dataset_op.cc:175] Filling up shuffle buffer (this may take a while): 8978 of 11303
2025-05-06 17:55:01.959164: I tensorflow/core/kernels/data/shuffle_dataset_op.cc:175] Filling up shuffle buffer (this may take a while): 10427 of 11303
2025-05-06 17:55:05.068509: I tensorflow/core/kernels/data/shuffle_dataset_op.cc:228] Shuffle buffer filled.
2025-05-06 17:56:13.793297: I tensorflow/core/kernels/data/shuffle_dataset_op.cc:175] Filling up shuffle buffer (this may take a while): 1436 of 11303
2025-05-06 17:56:21.685963: I tensorflow/core/kernels/data/shuffle_dataset_op.cc:175] Filling up shuffle buffer (this may take a while): 2968 of 11303
2025-05-06 17:56:31.565897: I tensorflow/core/kernels/data/shuffle_dataset_op.cc:175] Filling up shuffle buffer (this may take a while): 4931 of 11303
2025-05-06 17:56:42.887357: I tensorflow/core/kernels/data/shuffle_dataset_op.cc:175] Filling up shuffle buffer (this may take a while): 6461 of 11303
2025-05-06 17:56:52.127980: I tensorflow/core/kernels/data/shuffle_dataset_op.cc:175] Filling up shuffle buffer (this may take a while): 7725 of 11303
2025-05-06 17:57:01.628134: I tensorflow/core/kernels/data/shuffle_dataset_op.cc:175] Filling up shuffle buffer (this may take a while): 9036 of 11303
2025-05-06 17:57:11.724591: I tensorflow/core/kernels/data/shuffle_dataset_op.cc:175] Filling up shuffle buffer (this may take a while): 10598 of 11303
2025-05-06 17:57:13.692827: I tensorflow/core/kernels/data/shuffle_dataset_op.cc:228] Shuffle buffer filled.
finished task with id:: 3765
