now processing task id:: 3758 on worker1.slurm.hj.se
2025-05-06 13:59:35.832304: E external/local_xla/xla/stream_executor/cuda/cuda_fft.cc:467] Unable to register cuFFT factory: Attempting to register factory for plugin cuFFT when one has already been registered
WARNING: All log messages before absl::InitializeLog() is called are written to STDERR
E0000 00:00:1746539975.851962 1465578 cuda_dnn.cc:8579] Unable to register cuDNN factory: Attempting to register factory for plugin cuDNN when one has already been registered
E0000 00:00:1746539975.858045 1465578 cuda_blas.cc:1407] Unable to register cuBLAS factory: Attempting to register factory for plugin cuBLAS when one has already been registered
W0000 00:00:1746539975.876746 1465578 computation_placer.cc:177] computation placer already registered. Please check linkage and avoid linking the same target more than once.
W0000 00:00:1746539975.876802 1465578 computation_placer.cc:177] computation placer already registered. Please check linkage and avoid linking the same target more than once.
W0000 00:00:1746539975.876808 1465578 computation_placer.cc:177] computation placer already registered. Please check linkage and avoid linking the same target more than once.
W0000 00:00:1746539975.876813 1465578 computation_placer.cc:177] computation placer already registered. Please check linkage and avoid linking the same target more than once.
2025-05-06 13:59:35.882450: I tensorflow/core/platform/cpu_feature_guard.cc:210] This TensorFlow binary is optimized to use available CPU instructions in performance-critical operations.
To enable the following instructions: AVX2 FMA, in other operations, rebuild TensorFlow with the appropriate compiler flags.
I0000 00:00:1746539979.073043 1465578 gpu_device.cc:2019] Created device /job:localhost/replica:0/task:0/device:GPU:0 with 8098 MB memory:  -> device: 0, name: NVIDIA A100 80GB PCIe MIG 1g.10gb, pci bus id: 0000:81:00.0, compute capability: 8.0
2025-05-06 14:00:04.020439: I tensorflow/core/kernels/data/shuffle_dataset_op.cc:452] ShuffleDatasetV3:2: Filling up shuffle buffer (this may take a while): 1436 of 11303
2025-05-06 14:00:21.069321: I tensorflow/core/kernels/data/shuffle_dataset_op.cc:452] ShuffleDatasetV3:2: Filling up shuffle buffer (this may take a while): 3951 of 11303
2025-05-06 14:00:31.342731: I tensorflow/core/kernels/data/shuffle_dataset_op.cc:452] ShuffleDatasetV3:2: Filling up shuffle buffer (this may take a while): 5569 of 11303
2025-05-06 14:00:50.914050: I tensorflow/core/kernels/data/shuffle_dataset_op.cc:452] ShuffleDatasetV3:2: Filling up shuffle buffer (this may take a while): 8263 of 11303
2025-05-06 14:01:00.972552: I tensorflow/core/kernels/data/shuffle_dataset_op.cc:452] ShuffleDatasetV3:2: Filling up shuffle buffer (this may take a while): 9556 of 11303
2025-05-06 14:01:10.505907: I tensorflow/core/kernels/data/shuffle_dataset_op.cc:482] Shuffle buffer filled.
WARNING: All log messages before absl::InitializeLog() is called are written to STDERR
I0000 00:00:1746540070.546220 1466222 service.cc:152] XLA service 0x7f6128004e20 initialized for platform CUDA (this does not guarantee that XLA will be used). Devices:
I0000 00:00:1746540070.546300 1466222 service.cc:160]   StreamExecutor device (0): NVIDIA A100 80GB PCIe MIG 1g.10gb, Compute Capability 8.0
2025-05-06 14:01:10.930982: I tensorflow/compiler/mlir/tensorflow/utils/dump_mlir_util.cc:269] disabling MLIR crash reproducer, set env var `MLIR_CRASH_REPRODUCER_DIRECTORY` to enable.
I0000 00:00:1746540073.169837 1466222 cuda_dnn.cc:529] Loaded cuDNN version 90300
2025-05-06 14:01:15.012065: I external/local_xla/xla/stream_executor/cuda/subprocess_compilation.cc:346] ptxas warning : Registers are spilled to local memory in function 'gemm_fusion_dot_9669', 3696 bytes spill stores, 3696 bytes spill loads

I0000 00:00:1746540080.184145 1466222 device_compiler.h:188] Compiled cluster using XLA!  This line is logged at most once for the lifetime of the process.
2025-05-06 14:02:17.551699: I external/local_xla/xla/stream_executor/cuda/subprocess_compilation.cc:346] ptxas warning : Registers are spilled to local memory in function 'gemm_fusion_dot_9669', 800 bytes spill stores, 800 bytes spill loads

2025-05-06 14:02:44.170778: I external/local_xla/xla/stream_executor/cuda/subprocess_compilation.cc:346] ptxas warning : Registers are spilled to local memory in function 'gemm_fusion_dot_3296', 3112 bytes spill stores, 3112 bytes spill loads

2025-05-06 14:03:07.166968: I tensorflow/core/kernels/data/shuffle_dataset_op.cc:452] ShuffleDatasetV3:2: Filling up shuffle buffer (this may take a while): 965 of 11303
2025-05-06 14:03:18.179799: I tensorflow/core/kernels/data/shuffle_dataset_op.cc:452] ShuffleDatasetV3:2: Filling up shuffle buffer (this may take a while): 2695 of 11303
2025-05-06 14:03:37.614219: I tensorflow/core/kernels/data/shuffle_dataset_op.cc:452] ShuffleDatasetV3:2: Filling up shuffle buffer (this may take a while): 5744 of 11303
2025-05-06 14:03:59.288332: I tensorflow/core/kernels/data/shuffle_dataset_op.cc:452] ShuffleDatasetV3:2: Filling up shuffle buffer (this may take a while): 8973 of 11303
2025-05-06 14:04:11.116585: I tensorflow/core/kernels/data/shuffle_dataset_op.cc:482] Shuffle buffer filled.
2025-05-06 14:05:38.996984: I tensorflow/core/kernels/data/shuffle_dataset_op.cc:452] ShuffleDatasetV3:2: Filling up shuffle buffer (this may take a while): 1436 of 11303
2025-05-06 14:05:58.099244: I tensorflow/core/kernels/data/shuffle_dataset_op.cc:452] ShuffleDatasetV3:2: Filling up shuffle buffer (this may take a while): 4752 of 11303
2025-05-06 14:06:08.191832: I tensorflow/core/kernels/data/shuffle_dataset_op.cc:452] ShuffleDatasetV3:2: Filling up shuffle buffer (this may take a while): 6461 of 11303
2025-05-06 14:06:28.266308: I tensorflow/core/kernels/data/shuffle_dataset_op.cc:452] ShuffleDatasetV3:2: Filling up shuffle buffer (this may take a while): 9845 of 11303
2025-05-06 14:06:36.881178: I tensorflow/core/kernels/data/shuffle_dataset_op.cc:482] Shuffle buffer filled.
2025-05-06 14:08:05.562364: I tensorflow/core/kernels/data/shuffle_dataset_op.cc:452] ShuffleDatasetV3:2: Filling up shuffle buffer (this may take a while): 1436 of 11303
2025-05-06 14:08:21.459316: I tensorflow/core/kernels/data/shuffle_dataset_op.cc:452] ShuffleDatasetV3:2: Filling up shuffle buffer (this may take a while): 4321 of 11303
2025-05-06 14:08:42.688463: I tensorflow/core/kernels/data/shuffle_dataset_op.cc:452] ShuffleDatasetV3:2: Filling up shuffle buffer (this may take a while): 7721 of 11303
2025-05-06 14:09:02.186605: I tensorflow/core/kernels/data/shuffle_dataset_op.cc:452] ShuffleDatasetV3:2: Filling up shuffle buffer (this may take a while): 10598 of 11303
2025-05-06 14:09:04.214494: I tensorflow/core/kernels/data/shuffle_dataset_op.cc:482] Shuffle buffer filled.
2025-05-06 14:10:30.734065: I tensorflow/core/kernels/data/shuffle_dataset_op.cc:452] ShuffleDatasetV3:2: Filling up shuffle buffer (this may take a while): 1436 of 11303
2025-05-06 14:10:48.075519: I tensorflow/core/kernels/data/shuffle_dataset_op.cc:452] ShuffleDatasetV3:2: Filling up shuffle buffer (this may take a while): 4486 of 11303
2025-05-06 14:11:08.687554: I tensorflow/core/kernels/data/shuffle_dataset_op.cc:452] ShuffleDatasetV3:2: Filling up shuffle buffer (this may take a while): 7717 of 11303
2025-05-06 14:11:20.008547: I tensorflow/core/kernels/data/shuffle_dataset_op.cc:452] ShuffleDatasetV3:2: Filling up shuffle buffer (this may take a while): 8973 of 11303
2025-05-06 14:11:32.609055: I tensorflow/core/kernels/data/shuffle_dataset_op.cc:482] Shuffle buffer filled.
2025-05-06 14:12:58.544375: I tensorflow/core/kernels/data/shuffle_dataset_op.cc:452] ShuffleDatasetV3:2: Filling up shuffle buffer (this may take a while): 1436 of 11303
2025-05-06 14:13:16.493688: I tensorflow/core/kernels/data/shuffle_dataset_op.cc:452] ShuffleDatasetV3:2: Filling up shuffle buffer (this may take a while): 4751 of 11303
2025-05-06 14:13:37.399420: I tensorflow/core/kernels/data/shuffle_dataset_op.cc:452] ShuffleDatasetV3:2: Filling up shuffle buffer (this may take a while): 7717 of 11303
2025-05-06 14:13:48.589253: I tensorflow/core/kernels/data/shuffle_dataset_op.cc:452] ShuffleDatasetV3:2: Filling up shuffle buffer (this may take a while): 8973 of 11303
2025-05-06 14:14:00.597337: I tensorflow/core/kernels/data/shuffle_dataset_op.cc:482] Shuffle buffer filled.
2025-05-06 14:15:25.483710: I tensorflow/core/kernels/data/shuffle_dataset_op.cc:452] ShuffleDatasetV3:2: Filling up shuffle buffer (this may take a while): 1436 of 11303
2025-05-06 14:15:42.730150: I tensorflow/core/kernels/data/shuffle_dataset_op.cc:452] ShuffleDatasetV3:2: Filling up shuffle buffer (this may take a while): 4427 of 11303
2025-05-06 14:15:52.800920: I tensorflow/core/kernels/data/shuffle_dataset_op.cc:452] ShuffleDatasetV3:2: Filling up shuffle buffer (this may take a while): 5768 of 11303
2025-05-06 14:16:04.775136: I tensorflow/core/kernels/data/shuffle_dataset_op.cc:452] ShuffleDatasetV3:2: Filling up shuffle buffer (this may take a while): 7717 of 11303
2025-05-06 14:16:16.231924: I tensorflow/core/kernels/data/shuffle_dataset_op.cc:452] ShuffleDatasetV3:2: Filling up shuffle buffer (this may take a while): 8973 of 11303
2025-05-06 14:16:29.304654: I tensorflow/core/kernels/data/shuffle_dataset_op.cc:482] Shuffle buffer filled.
2025-05-06 14:17:54.782654: I tensorflow/core/kernels/data/shuffle_dataset_op.cc:452] ShuffleDatasetV3:2: Filling up shuffle buffer (this may take a while): 1436 of 11303
2025-05-06 14:18:11.372193: I tensorflow/core/kernels/data/shuffle_dataset_op.cc:452] ShuffleDatasetV3:2: Filling up shuffle buffer (this may take a while): 4151 of 11303
2025-05-06 14:18:21.376775: I tensorflow/core/kernels/data/shuffle_dataset_op.cc:452] ShuffleDatasetV3:2: Filling up shuffle buffer (this may take a while): 6440 of 11303
2025-05-06 14:18:32.395605: I tensorflow/core/kernels/data/shuffle_dataset_op.cc:452] ShuffleDatasetV3:2: Filling up shuffle buffer (this may take a while): 7717 of 11303
2025-05-06 14:18:43.787360: I tensorflow/core/kernels/data/shuffle_dataset_op.cc:452] ShuffleDatasetV3:2: Filling up shuffle buffer (this may take a while): 8973 of 11303
2025-05-06 14:18:57.034107: I tensorflow/core/kernels/data/shuffle_dataset_op.cc:482] Shuffle buffer filled.
2025-05-06 14:21:08.096979: I tensorflow/core/framework/local_rendezvous.cc:407] Local rendezvous is aborting with status: OUT_OF_RANGE: End of sequence
finished task with id:: 3758
