now processing task id:: 3736 on worker1.slurm.hj.se
2025-05-06 12:43:17.353085: I tensorflow/core/platform/cpu_feature_guard.cc:142] This TensorFlow binary is optimized with oneAPI Deep Neural Network Library (oneDNN) to use the following CPU instructions in performance-critical operations:  SSE4.1 SSE4.2 AVX AVX2 FMA
To enable them in other operations, rebuild TensorFlow with the appropriate compiler flags.
2025-05-06 12:43:17.940261: I tensorflow/core/common_runtime/gpu/gpu_device.cc:1510] Created device /job:localhost/replica:0/task:0/device:GPU:0 with 7988 MB memory:  -> device: 0, name: NVIDIA A100 80GB PCIe MIG 1g.10gb, pci bus id: 0000:81:00.0, compute capability: 8.0
2025-05-06 12:43:19.885650: I tensorflow/core/profiler/lib/profiler_session.cc:131] Profiler session initializing.
2025-05-06 12:43:19.890184: I tensorflow/core/profiler/lib/profiler_session.cc:146] Profiler session started.
2025-05-06 12:43:19.890298: I tensorflow/core/profiler/internal/gpu/cupti_tracer.cc:1614] Profiler found 1 GPUs
2025-05-06 12:43:20.527055: I tensorflow/core/profiler/lib/profiler_session.cc:164] Profiler session tear down.
2025-05-06 12:43:20.527336: I tensorflow/core/profiler/internal/gpu/cupti_tracer.cc:1748] CUPTI activity buffer flushed
2025-05-06 12:43:22.806094: I tensorflow/compiler/mlir/mlir_graph_optimization_pass.cc:185] None of the MLIR Optimization Passes are enabled (registered 2)
2025-05-06 12:43:33.355900: I tensorflow/core/kernels/data/shuffle_dataset_op.cc:175] Filling up shuffle buffer (this may take a while): 743 of 11303
2025-05-06 12:43:43.275849: I tensorflow/core/kernels/data/shuffle_dataset_op.cc:175] Filling up shuffle buffer (this may take a while): 2256 of 11303
2025-05-06 12:43:56.174601: I tensorflow/core/kernels/data/shuffle_dataset_op.cc:175] Filling up shuffle buffer (this may take a while): 3948 of 11303
2025-05-06 12:44:06.008901: I tensorflow/core/kernels/data/shuffle_dataset_op.cc:175] Filling up shuffle buffer (this may take a while): 5205 of 11303
2025-05-06 12:44:14.454050: I tensorflow/core/kernels/data/shuffle_dataset_op.cc:175] Filling up shuffle buffer (this may take a while): 6461 of 11303
2025-05-06 12:44:23.844719: I tensorflow/core/kernels/data/shuffle_dataset_op.cc:175] Filling up shuffle buffer (this may take a while): 7721 of 11303
2025-05-06 12:44:33.832896: I tensorflow/core/kernels/data/shuffle_dataset_op.cc:175] Filling up shuffle buffer (this may take a while): 8973 of 11303
2025-05-06 12:44:44.093221: I tensorflow/core/kernels/data/shuffle_dataset_op.cc:175] Filling up shuffle buffer (this may take a while): 10229 of 11303
2025-05-06 12:44:48.579276: I tensorflow/core/kernels/data/shuffle_dataset_op.cc:228] Shuffle buffer filled.
2025-05-06 12:44:49.430568: I tensorflow/stream_executor/cuda/cuda_dnn.cc:369] Loaded cuDNN version 8800
2025-05-06 12:44:49.579741: I tensorflow/core/platform/default/subprocess.cc:304] Start cannot spawn child process: No such file or directory
2025-05-06 12:44:54.282587: I tensorflow/core/profiler/lib/profiler_session.cc:131] Profiler session initializing.
2025-05-06 12:44:54.282653: I tensorflow/core/profiler/lib/profiler_session.cc:146] Profiler session started.
2025-05-06 12:44:55.429977: I tensorflow/core/profiler/lib/profiler_session.cc:66] Profiler session collecting data.
2025-05-06 12:44:55.431366: I tensorflow/core/profiler/internal/gpu/cupti_tracer.cc:1748] CUPTI activity buffer flushed
2025-05-06 12:44:55.494900: I tensorflow/core/profiler/internal/gpu/cupti_collector.cc:673]  GpuTracer has collected 507 callback api events and 550 activity events. 
2025-05-06 12:44:55.513505: I tensorflow/core/profiler/lib/profiler_session.cc:164] Profiler session tear down.
2025-05-06 12:44:55.524181: I tensorflow/core/profiler/rpc/client/save_profile.cc:136] Creating directory: logs/tensorboard/fit_2025-05-06_12:43:18_InceptionV3_fit_fold0/train/plugins/profile/2025_05_06_12_44_55

2025-05-06 12:44:55.530888: I tensorflow/core/profiler/rpc/client/save_profile.cc:142] Dumped gzipped tool data for trace.json.gz to logs/tensorboard/fit_2025-05-06_12:43:18_InceptionV3_fit_fold0/train/plugins/profile/2025_05_06_12_44_55/worker1.trace.json.gz
2025-05-06 12:44:55.574113: I tensorflow/core/profiler/rpc/client/save_profile.cc:136] Creating directory: logs/tensorboard/fit_2025-05-06_12:43:18_InceptionV3_fit_fold0/train/plugins/profile/2025_05_06_12_44_55

2025-05-06 12:44:55.579140: I tensorflow/core/profiler/rpc/client/save_profile.cc:142] Dumped gzipped tool data for memory_profile.json.gz to logs/tensorboard/fit_2025-05-06_12:43:18_InceptionV3_fit_fold0/train/plugins/profile/2025_05_06_12_44_55/worker1.memory_profile.json.gz
2025-05-06 12:44:55.580709: I tensorflow/core/profiler/rpc/client/capture_profile.cc:251] Creating directory: logs/tensorboard/fit_2025-05-06_12:43:18_InceptionV3_fit_fold0/train/plugins/profile/2025_05_06_12_44_55
Dumped tool data for xplane.pb to logs/tensorboard/fit_2025-05-06_12:43:18_InceptionV3_fit_fold0/train/plugins/profile/2025_05_06_12_44_55/worker1.xplane.pb
Dumped tool data for overview_page.pb to logs/tensorboard/fit_2025-05-06_12:43:18_InceptionV3_fit_fold0/train/plugins/profile/2025_05_06_12_44_55/worker1.overview_page.pb
Dumped tool data for input_pipeline.pb to logs/tensorboard/fit_2025-05-06_12:43:18_InceptionV3_fit_fold0/train/plugins/profile/2025_05_06_12_44_55/worker1.input_pipeline.pb
Dumped tool data for tensorflow_stats.pb to logs/tensorboard/fit_2025-05-06_12:43:18_InceptionV3_fit_fold0/train/plugins/profile/2025_05_06_12_44_55/worker1.tensorflow_stats.pb
Dumped tool data for kernel_stats.pb to logs/tensorboard/fit_2025-05-06_12:43:18_InceptionV3_fit_fold0/train/plugins/profile/2025_05_06_12_44_55/worker1.kernel_stats.pb

2025-05-06 12:46:13.956790: I tensorflow/core/kernels/data/shuffle_dataset_op.cc:175] Filling up shuffle buffer (this may take a while): 1436 of 11303
2025-05-06 12:46:21.177752: I tensorflow/core/kernels/data/shuffle_dataset_op.cc:175] Filling up shuffle buffer (this may take a while): 2695 of 11303
2025-05-06 12:46:30.811232: I tensorflow/core/kernels/data/shuffle_dataset_op.cc:175] Filling up shuffle buffer (this may take a while): 4004 of 11303
2025-05-06 12:46:40.893520: I tensorflow/core/kernels/data/shuffle_dataset_op.cc:175] Filling up shuffle buffer (this may take a while): 5497 of 11303
2025-05-06 12:46:50.807684: I tensorflow/core/kernels/data/shuffle_dataset_op.cc:175] Filling up shuffle buffer (this may take a while): 6664 of 11303
2025-05-06 12:47:00.779592: I tensorflow/core/kernels/data/shuffle_dataset_op.cc:175] Filling up shuffle buffer (this may take a while): 7725 of 11303
2025-05-06 12:47:11.576877: I tensorflow/core/kernels/data/shuffle_dataset_op.cc:175] Filling up shuffle buffer (this may take a while): 8973 of 11303
2025-05-06 12:47:21.036708: I tensorflow/core/kernels/data/shuffle_dataset_op.cc:175] Filling up shuffle buffer (this may take a while): 10227 of 11303
2025-05-06 12:47:26.118580: I tensorflow/core/kernels/data/shuffle_dataset_op.cc:228] Shuffle buffer filled.
2025-05-06 12:48:33.782481: I tensorflow/core/kernels/data/shuffle_dataset_op.cc:175] Filling up shuffle buffer (this may take a while): 1429 of 11303
2025-05-06 12:48:44.921949: I tensorflow/core/kernels/data/shuffle_dataset_op.cc:175] Filling up shuffle buffer (this may take a while): 2695 of 11303
2025-05-06 12:48:53.841284: I tensorflow/core/kernels/data/shuffle_dataset_op.cc:175] Filling up shuffle buffer (this may take a while): 3951 of 11303
2025-05-06 12:49:04.134937: I tensorflow/core/kernels/data/shuffle_dataset_op.cc:175] Filling up shuffle buffer (this may take a while): 5205 of 11303
2025-05-06 12:49:14.430370: I tensorflow/core/kernels/data/shuffle_dataset_op.cc:175] Filling up shuffle buffer (this may take a while): 6461 of 11303
2025-05-06 12:49:24.195121: I tensorflow/core/kernels/data/shuffle_dataset_op.cc:175] Filling up shuffle buffer (this may take a while): 7717 of 11303
2025-05-06 12:49:34.128561: I tensorflow/core/kernels/data/shuffle_dataset_op.cc:175] Filling up shuffle buffer (this may take a while): 8973 of 11303
2025-05-06 12:49:43.782028: I tensorflow/core/kernels/data/shuffle_dataset_op.cc:175] Filling up shuffle buffer (this may take a while): 10584 of 11303
2025-05-06 12:49:46.508342: I tensorflow/core/kernels/data/shuffle_dataset_op.cc:228] Shuffle buffer filled.
2025-05-06 12:50:56.019298: I tensorflow/core/kernels/data/shuffle_dataset_op.cc:175] Filling up shuffle buffer (this may take a while): 1436 of 11303
2025-05-06 12:51:04.524394: I tensorflow/core/kernels/data/shuffle_dataset_op.cc:175] Filling up shuffle buffer (this may take a while): 2706 of 11303
2025-05-06 12:51:14.189717: I tensorflow/core/kernels/data/shuffle_dataset_op.cc:175] Filling up shuffle buffer (this may take a while): 4321 of 11303
2025-05-06 12:51:24.067206: I tensorflow/core/kernels/data/shuffle_dataset_op.cc:175] Filling up shuffle buffer (this may take a while): 5696 of 11303
2025-05-06 12:51:34.257149: I tensorflow/core/kernels/data/shuffle_dataset_op.cc:175] Filling up shuffle buffer (this may take a while): 7101 of 11303
2025-05-06 12:51:44.387933: I tensorflow/core/kernels/data/shuffle_dataset_op.cc:175] Filling up shuffle buffer (this may take a while): 8864 of 11303
2025-05-06 12:51:54.099313: I tensorflow/core/kernels/data/shuffle_dataset_op.cc:175] Filling up shuffle buffer (this may take a while): 10152 of 11303
2025-05-06 12:52:01.086306: I tensorflow/core/kernels/data/shuffle_dataset_op.cc:228] Shuffle buffer filled.
2025-05-06 12:53:10.096772: I tensorflow/core/kernels/data/shuffle_dataset_op.cc:175] Filling up shuffle buffer (this may take a while): 1436 of 11303
2025-05-06 12:53:18.446490: I tensorflow/core/kernels/data/shuffle_dataset_op.cc:175] Filling up shuffle buffer (this may take a while): 2706 of 11303
2025-05-06 12:53:28.589241: I tensorflow/core/kernels/data/shuffle_dataset_op.cc:175] Filling up shuffle buffer (this may take a while): 4164 of 11303
2025-05-06 12:53:38.609884: I tensorflow/core/kernels/data/shuffle_dataset_op.cc:175] Filling up shuffle buffer (this may take a while): 5744 of 11303
2025-05-06 12:53:48.491866: I tensorflow/core/kernels/data/shuffle_dataset_op.cc:175] Filling up shuffle buffer (this may take a while): 7413 of 11303
2025-05-06 12:53:58.473307: I tensorflow/core/kernels/data/shuffle_dataset_op.cc:175] Filling up shuffle buffer (this may take a while): 8900 of 11303
2025-05-06 12:54:08.583389: I tensorflow/core/kernels/data/shuffle_dataset_op.cc:175] Filling up shuffle buffer (this may take a while): 10227 of 11303
2025-05-06 12:54:13.535088: I tensorflow/core/kernels/data/shuffle_dataset_op.cc:228] Shuffle buffer filled.
finished task with id:: 3736
