now processing task id:: 4333 on worker3.slurm.hj.se
2025-05-12 06:34:19.238111: I tensorflow/core/platform/cpu_feature_guard.cc:210] This TensorFlow binary is optimized to use available CPU instructions in performance-critical operations.
To enable the following instructions: AVX2 FMA, in other operations, rebuild TensorFlow with the appropriate compiler flags.
WARNING: All log messages before absl::InitializeLog() is called are written to STDERR
I0000 00:00:1747031662.678791 3334071 gpu_device.cc:2018] Created device /job:localhost/replica:0/task:0/device:GPU:0 with 8098 MB memory:  -> device: 0, name: NVIDIA A100 80GB PCIe MIG 1g.10gb, pci bus id: 0000:81:00.0, compute capability: 8.0
2025-05-12 06:34:48.518122: I tensorflow/core/kernels/data/shuffle_dataset_op.cc:453] ShuffleDatasetV3:2: Filling up shuffle buffer (this may take a while): 2440 of 11303
2025-05-12 06:34:58.567823: I tensorflow/core/kernels/data/shuffle_dataset_op.cc:453] ShuffleDatasetV3:2: Filling up shuffle buffer (this may take a while): 5733 of 11303
2025-05-12 06:35:08.584188: I tensorflow/core/kernels/data/shuffle_dataset_op.cc:453] ShuffleDatasetV3:2: Filling up shuffle buffer (this may take a while): 8975 of 11303
2025-05-12 06:35:15.011510: I tensorflow/core/kernels/data/shuffle_dataset_op.cc:483] Shuffle buffer filled.
2025-05-12 06:35:15.030809: I external/local_xla/xla/service/service.cc:152] XLA service 0x7f9130003be0 initialized for platform CUDA (this does not guarantee that XLA will be used). Devices:
2025-05-12 06:35:15.030888: I external/local_xla/xla/service/service.cc:160]   StreamExecutor device (0): NVIDIA A100 80GB PCIe MIG 1g.10gb, Compute Capability 8.0
2025-05-12 06:35:15.517807: I tensorflow/compiler/mlir/tensorflow/utils/dump_mlir_util.cc:269] disabling MLIR crash reproducer, set env var `MLIR_CRASH_REPRODUCER_DIRECTORY` to enable.
I0000 00:00:1747031717.800367 3334715 cuda_dnn.cc:529] Loaded cuDNN version 90300
2025-05-12 06:35:22.811947: I external/local_xla/xla/stream_executor/cuda/subprocess_compilation.cc:346] ptxas warning : Registers are spilled to local memory in function 'gemm_fusion_dot_18077', 4 bytes spill stores, 4 bytes spill loads

I0000 00:00:1747031738.583107 3334715 device_compiler.h:196] Compiled cluster using XLA!  This line is logged at most once for the lifetime of the process.
2025-05-12 06:36:26.379536: I external/local_xla/xla/stream_executor/cuda/subprocess_compilation.cc:346] ptxas warning : Registers are spilled to local memory in function 'gemm_fusion_dot_18077', 4 bytes spill stores, 4 bytes spill loads

2025-05-12 06:37:07.275566: I tensorflow/core/kernels/data/shuffle_dataset_op.cc:453] ShuffleDatasetV3:2: Filling up shuffle buffer (this may take a while): 2707 of 11303
2025-05-12 06:37:17.379397: I tensorflow/core/kernels/data/shuffle_dataset_op.cc:453] ShuffleDatasetV3:2: Filling up shuffle buffer (this may take a while): 6110 of 11303
2025-05-12 06:37:32.293955: I tensorflow/core/kernels/data/shuffle_dataset_op.cc:483] Shuffle buffer filled.
2025-05-12 06:38:31.499690: I tensorflow/core/kernels/data/shuffle_dataset_op.cc:453] ShuffleDatasetV3:2: Filling up shuffle buffer (this may take a while): 2659 of 11303
2025-05-12 06:38:41.499589: I tensorflow/core/kernels/data/shuffle_dataset_op.cc:453] ShuffleDatasetV3:2: Filling up shuffle buffer (this may take a while): 6197 of 11303
2025-05-12 06:38:56.620723: I tensorflow/core/kernels/data/shuffle_dataset_op.cc:483] Shuffle buffer filled.
2025-05-12 06:39:55.566111: I tensorflow/core/kernels/data/shuffle_dataset_op.cc:453] ShuffleDatasetV3:2: Filling up shuffle buffer (this may take a while): 2914 of 11303
2025-05-12 06:40:05.572461: I tensorflow/core/kernels/data/shuffle_dataset_op.cc:453] ShuffleDatasetV3:2: Filling up shuffle buffer (this may take a while): 6306 of 11303
2025-05-12 06:40:15.591363: I tensorflow/core/kernels/data/shuffle_dataset_op.cc:453] ShuffleDatasetV3:2: Filling up shuffle buffer (this may take a while): 9561 of 11303
2025-05-12 06:40:19.919650: I tensorflow/core/kernels/data/shuffle_dataset_op.cc:483] Shuffle buffer filled.
2025-05-12 06:41:17.989184: I tensorflow/core/kernels/data/shuffle_dataset_op.cc:453] ShuffleDatasetV3:2: Filling up shuffle buffer (this may take a while): 2764 of 11303
2025-05-12 06:41:37.975028: I tensorflow/core/kernels/data/shuffle_dataset_op.cc:453] ShuffleDatasetV3:2: Filling up shuffle buffer (this may take a while): 9377 of 11303
2025-05-12 06:41:43.291877: I tensorflow/core/kernels/data/shuffle_dataset_op.cc:483] Shuffle buffer filled.
2025-05-12 06:42:42.307485: I tensorflow/core/kernels/data/shuffle_dataset_op.cc:453] ShuffleDatasetV3:2: Filling up shuffle buffer (this may take a while): 2749 of 11303
2025-05-12 06:43:02.389099: I tensorflow/core/kernels/data/shuffle_dataset_op.cc:453] ShuffleDatasetV3:2: Filling up shuffle buffer (this may take a while): 9366 of 11303
2025-05-12 06:43:07.703151: I tensorflow/core/kernels/data/shuffle_dataset_op.cc:483] Shuffle buffer filled.
2025-05-12 06:44:07.322664: I tensorflow/core/kernels/data/shuffle_dataset_op.cc:453] ShuffleDatasetV3:2: Filling up shuffle buffer (this may take a while): 3116 of 11303
2025-05-12 06:44:27.291608: I tensorflow/core/kernels/data/shuffle_dataset_op.cc:453] ShuffleDatasetV3:2: Filling up shuffle buffer (this may take a while): 9899 of 11303
2025-05-12 06:44:31.016781: I tensorflow/core/kernels/data/shuffle_dataset_op.cc:483] Shuffle buffer filled.
2025-05-12 06:45:28.282630: I tensorflow/core/kernels/data/shuffle_dataset_op.cc:453] ShuffleDatasetV3:2: Filling up shuffle buffer (this may take a while): 3024 of 11303
2025-05-12 06:45:38.302898: I tensorflow/core/kernels/data/shuffle_dataset_op.cc:453] ShuffleDatasetV3:2: Filling up shuffle buffer (this may take a while): 6611 of 11303
2025-05-12 06:45:51.083318: I tensorflow/core/kernels/data/shuffle_dataset_op.cc:483] Shuffle buffer filled.
2025-05-12 06:46:49.070255: I tensorflow/core/kernels/data/shuffle_dataset_op.cc:453] ShuffleDatasetV3:2: Filling up shuffle buffer (this may take a while): 2872 of 11303
2025-05-12 06:46:59.074824: I tensorflow/core/kernels/data/shuffle_dataset_op.cc:453] ShuffleDatasetV3:2: Filling up shuffle buffer (this may take a while): 6307 of 11303
2025-05-12 06:47:09.094508: I tensorflow/core/kernels/data/shuffle_dataset_op.cc:453] ShuffleDatasetV3:2: Filling up shuffle buffer (this may take a while): 9838 of 11303
2025-05-12 06:47:12.993729: I tensorflow/core/kernels/data/shuffle_dataset_op.cc:483] Shuffle buffer filled.
2025-05-12 06:48:12.267692: I tensorflow/core/kernels/data/shuffle_dataset_op.cc:453] ShuffleDatasetV3:2: Filling up shuffle buffer (this may take a while): 2915 of 11303
2025-05-12 06:48:32.180558: I tensorflow/core/kernels/data/shuffle_dataset_op.cc:453] ShuffleDatasetV3:2: Filling up shuffle buffer (this may take a while): 10009 of 11303
2025-05-12 06:48:35.530243: I tensorflow/core/kernels/data/shuffle_dataset_op.cc:483] Shuffle buffer filled.
2025-05-12 06:49:33.474495: I tensorflow/core/kernels/data/shuffle_dataset_op.cc:453] ShuffleDatasetV3:2: Filling up shuffle buffer (this may take a while): 2896 of 11303
2025-05-12 06:49:53.283616: I tensorflow/core/kernels/data/shuffle_dataset_op.cc:453] ShuffleDatasetV3:2: Filling up shuffle buffer (this may take a while): 9780 of 11303
2025-05-12 06:49:57.282094: I tensorflow/core/kernels/data/shuffle_dataset_op.cc:483] Shuffle buffer filled.
2025-05-12 06:50:56.567218: I tensorflow/core/kernels/data/shuffle_dataset_op.cc:453] ShuffleDatasetV3:2: Filling up shuffle buffer (this may take a while): 2832 of 11303
2025-05-12 06:51:06.670404: I tensorflow/core/kernels/data/shuffle_dataset_op.cc:453] ShuffleDatasetV3:2: Filling up shuffle buffer (this may take a while): 6223 of 11303
2025-05-12 06:51:16.725367: I tensorflow/core/kernels/data/shuffle_dataset_op.cc:453] ShuffleDatasetV3:2: Filling up shuffle buffer (this may take a while): 9653 of 11303
2025-05-12 06:51:20.926056: I tensorflow/core/kernels/data/shuffle_dataset_op.cc:483] Shuffle buffer filled.
2025-05-12 06:52:19.485682: I tensorflow/core/kernels/data/shuffle_dataset_op.cc:453] ShuffleDatasetV3:2: Filling up shuffle buffer (this may take a while): 2898 of 11303
2025-05-12 06:52:39.465930: I tensorflow/core/kernels/data/shuffle_dataset_op.cc:453] ShuffleDatasetV3:2: Filling up shuffle buffer (this may take a while): 9468 of 11303
2025-05-12 06:52:44.306483: I tensorflow/core/kernels/data/shuffle_dataset_op.cc:483] Shuffle buffer filled.
2025-05-12 06:53:43.494147: I tensorflow/core/kernels/data/shuffle_dataset_op.cc:453] ShuffleDatasetV3:2: Filling up shuffle buffer (this may take a while): 2781 of 11303
2025-05-12 06:54:03.490433: I tensorflow/core/kernels/data/shuffle_dataset_op.cc:453] ShuffleDatasetV3:2: Filling up shuffle buffer (this may take a while): 9376 of 11303
2025-05-12 06:54:08.635147: I tensorflow/core/kernels/data/shuffle_dataset_op.cc:483] Shuffle buffer filled.
2025-05-12 06:55:06.975422: I tensorflow/core/kernels/data/shuffle_dataset_op.cc:453] ShuffleDatasetV3:2: Filling up shuffle buffer (this may take a while): 3263 of 11303
2025-05-12 06:55:16.991376: I tensorflow/core/kernels/data/shuffle_dataset_op.cc:453] ShuffleDatasetV3:2: Filling up shuffle buffer (this may take a while): 6729 of 11303
2025-05-12 06:55:27.068549: I tensorflow/core/kernels/data/shuffle_dataset_op.cc:453] ShuffleDatasetV3:2: Filling up shuffle buffer (this may take a while): 10164 of 11303
2025-05-12 06:55:29.912002: I tensorflow/core/kernels/data/shuffle_dataset_op.cc:483] Shuffle buffer filled.
2025-05-12 06:56:27.892355: I tensorflow/core/kernels/data/shuffle_dataset_op.cc:453] ShuffleDatasetV3:2: Filling up shuffle buffer (this may take a while): 2996 of 11303
2025-05-12 06:56:37.899573: I tensorflow/core/kernels/data/shuffle_dataset_op.cc:453] ShuffleDatasetV3:2: Filling up shuffle buffer (this may take a while): 6461 of 11303
2025-05-12 06:56:47.901191: I tensorflow/core/kernels/data/shuffle_dataset_op.cc:453] ShuffleDatasetV3:2: Filling up shuffle buffer (this may take a while): 9964 of 11303
2025-05-12 06:56:51.404097: I tensorflow/core/kernels/data/shuffle_dataset_op.cc:483] Shuffle buffer filled.
2025-05-12 06:57:50.273520: I tensorflow/core/kernels/data/shuffle_dataset_op.cc:453] ShuffleDatasetV3:2: Filling up shuffle buffer (this may take a while): 3083 of 11303
