now processing task id:: 3856 on worker1.slurm.hj.se
2025-05-07 18:34:28.236277: I tensorflow/core/platform/cpu_feature_guard.cc:142] This TensorFlow binary is optimized with oneAPI Deep Neural Network Library (oneDNN) to use the following CPU instructions in performance-critical operations:  SSE4.1 SSE4.2 AVX AVX2 FMA
To enable them in other operations, rebuild TensorFlow with the appropriate compiler flags.
2025-05-07 18:34:28.835025: I tensorflow/core/common_runtime/gpu/gpu_device.cc:1510] Created device /job:localhost/replica:0/task:0/device:GPU:0 with 7988 MB memory:  -> device: 0, name: NVIDIA A100 80GB PCIe MIG 1g.10gb, pci bus id: 0000:81:00.0, compute capability: 8.0
2025-05-07 18:34:30.787123: I tensorflow/core/profiler/lib/profiler_session.cc:131] Profiler session initializing.
2025-05-07 18:34:30.787235: I tensorflow/core/profiler/lib/profiler_session.cc:146] Profiler session started.
2025-05-07 18:34:30.787310: I tensorflow/core/profiler/internal/gpu/cupti_tracer.cc:1614] Profiler found 1 GPUs
2025-05-07 18:34:31.374637: I tensorflow/core/profiler/lib/profiler_session.cc:164] Profiler session tear down.
2025-05-07 18:34:31.374881: I tensorflow/core/profiler/internal/gpu/cupti_tracer.cc:1748] CUPTI activity buffer flushed
2025-05-07 18:34:33.495281: I tensorflow/compiler/mlir/mlir_graph_optimization_pass.cc:185] None of the MLIR Optimization Passes are enabled (registered 2)
2025-05-07 18:34:43.992943: I tensorflow/core/kernels/data/shuffle_dataset_op.cc:175] Filling up shuffle buffer (this may take a while): 548 of 11303
2025-05-07 18:34:54.076070: I tensorflow/core/kernels/data/shuffle_dataset_op.cc:175] Filling up shuffle buffer (this may take a while): 1641 of 11303
2025-05-07 18:35:04.065868: I tensorflow/core/kernels/data/shuffle_dataset_op.cc:175] Filling up shuffle buffer (this may take a while): 2892 of 11303
2025-05-07 18:35:13.875343: I tensorflow/core/kernels/data/shuffle_dataset_op.cc:175] Filling up shuffle buffer (this may take a while): 4273 of 11303
2025-05-07 18:35:23.867784: I tensorflow/core/kernels/data/shuffle_dataset_op.cc:175] Filling up shuffle buffer (this may take a while): 5561 of 11303
2025-05-07 18:35:34.688090: I tensorflow/core/kernels/data/shuffle_dataset_op.cc:175] Filling up shuffle buffer (this may take a while): 6828 of 11303
2025-05-07 18:35:44.685057: I tensorflow/core/kernels/data/shuffle_dataset_op.cc:175] Filling up shuffle buffer (this may take a while): 8084 of 11303
2025-05-07 18:35:53.952335: I tensorflow/core/kernels/data/shuffle_dataset_op.cc:175] Filling up shuffle buffer (this may take a while): 8978 of 11303
2025-05-07 18:36:04.264926: I tensorflow/core/kernels/data/shuffle_dataset_op.cc:175] Filling up shuffle buffer (this may take a while): 10229 of 11303
2025-05-07 18:36:08.794774: I tensorflow/core/kernels/data/shuffle_dataset_op.cc:228] Shuffle buffer filled.
2025-05-07 18:36:09.622641: I tensorflow/stream_executor/cuda/cuda_dnn.cc:369] Loaded cuDNN version 8800
2025-05-07 18:36:09.752845: I tensorflow/core/platform/default/subprocess.cc:304] Start cannot spawn child process: No such file or directory
2025-05-07 18:36:14.333755: I tensorflow/stream_executor/cuda/cuda_blas.cc:1760] TensorFloat-32 will be used for the matrix multiplication. This will only be logged once.
2025-05-07 18:36:14.410028: I tensorflow/core/profiler/lib/profiler_session.cc:131] Profiler session initializing.
2025-05-07 18:36:14.410085: I tensorflow/core/profiler/lib/profiler_session.cc:146] Profiler session started.
2025-05-07 18:36:15.124301: I tensorflow/core/profiler/lib/profiler_session.cc:66] Profiler session collecting data.
2025-05-07 18:36:15.125650: I tensorflow/core/profiler/internal/gpu/cupti_tracer.cc:1748] CUPTI activity buffer flushed
2025-05-07 18:36:15.169856: I tensorflow/core/profiler/internal/gpu/cupti_collector.cc:673]  GpuTracer has collected 509 callback api events and 548 activity events. 
2025-05-07 18:36:15.181917: I tensorflow/core/profiler/lib/profiler_session.cc:164] Profiler session tear down.
2025-05-07 18:36:15.191806: I tensorflow/core/profiler/rpc/client/save_profile.cc:136] Creating directory: logs/tensorboard/fit_2025-05-07_18:34:29_InceptionV3_fit_fold0/train/plugins/profile/2025_05_07_18_36_15

2025-05-07 18:36:15.198458: I tensorflow/core/profiler/rpc/client/save_profile.cc:142] Dumped gzipped tool data for trace.json.gz to logs/tensorboard/fit_2025-05-07_18:34:29_InceptionV3_fit_fold0/train/plugins/profile/2025_05_07_18_36_15/worker1.trace.json.gz
2025-05-07 18:36:15.231157: I tensorflow/core/profiler/rpc/client/save_profile.cc:136] Creating directory: logs/tensorboard/fit_2025-05-07_18:34:29_InceptionV3_fit_fold0/train/plugins/profile/2025_05_07_18_36_15

2025-05-07 18:36:15.235572: I tensorflow/core/profiler/rpc/client/save_profile.cc:142] Dumped gzipped tool data for memory_profile.json.gz to logs/tensorboard/fit_2025-05-07_18:34:29_InceptionV3_fit_fold0/train/plugins/profile/2025_05_07_18_36_15/worker1.memory_profile.json.gz
2025-05-07 18:36:15.237163: I tensorflow/core/profiler/rpc/client/capture_profile.cc:251] Creating directory: logs/tensorboard/fit_2025-05-07_18:34:29_InceptionV3_fit_fold0/train/plugins/profile/2025_05_07_18_36_15
Dumped tool data for xplane.pb to logs/tensorboard/fit_2025-05-07_18:34:29_InceptionV3_fit_fold0/train/plugins/profile/2025_05_07_18_36_15/worker1.xplane.pb
Dumped tool data for overview_page.pb to logs/tensorboard/fit_2025-05-07_18:34:29_InceptionV3_fit_fold0/train/plugins/profile/2025_05_07_18_36_15/worker1.overview_page.pb
Dumped tool data for input_pipeline.pb to logs/tensorboard/fit_2025-05-07_18:34:29_InceptionV3_fit_fold0/train/plugins/profile/2025_05_07_18_36_15/worker1.input_pipeline.pb
Dumped tool data for tensorflow_stats.pb to logs/tensorboard/fit_2025-05-07_18:34:29_InceptionV3_fit_fold0/train/plugins/profile/2025_05_07_18_36_15/worker1.tensorflow_stats.pb
Dumped tool data for kernel_stats.pb to logs/tensorboard/fit_2025-05-07_18:34:29_InceptionV3_fit_fold0/train/plugins/profile/2025_05_07_18_36_15/worker1.kernel_stats.pb

2025-05-07 18:37:11.174981: I tensorflow/core/kernels/data/shuffle_dataset_op.cc:175] Filling up shuffle buffer (this may take a while): 1078 of 1256
2025-05-07 18:37:11.473294: I tensorflow/core/kernels/data/shuffle_dataset_op.cc:228] Shuffle buffer filled.
2025-05-07 18:37:33.766000: I tensorflow/core/kernels/data/shuffle_dataset_op.cc:175] Filling up shuffle buffer (this may take a while): 1138 of 11303
2025-05-07 18:37:43.675958: I tensorflow/core/kernels/data/shuffle_dataset_op.cc:175] Filling up shuffle buffer (this may take a while): 2298 of 11303
2025-05-07 18:37:53.601939: I tensorflow/core/kernels/data/shuffle_dataset_op.cc:175] Filling up shuffle buffer (this may take a while): 3201 of 11303
2025-05-07 18:38:03.790193: I tensorflow/core/kernels/data/shuffle_dataset_op.cc:175] Filling up shuffle buffer (this may take a while): 4494 of 11303
2025-05-07 18:38:14.405926: I tensorflow/core/kernels/data/shuffle_dataset_op.cc:175] Filling up shuffle buffer (this may take a while): 5744 of 11303
2025-05-07 18:38:23.796376: I tensorflow/core/kernels/data/shuffle_dataset_op.cc:175] Filling up shuffle buffer (this may take a while): 6828 of 11303
2025-05-07 18:38:33.572353: I tensorflow/core/kernels/data/shuffle_dataset_op.cc:175] Filling up shuffle buffer (this may take a while): 8044 of 11303
2025-05-07 18:38:43.625764: I tensorflow/core/kernels/data/shuffle_dataset_op.cc:175] Filling up shuffle buffer (this may take a while): 8973 of 11303
2025-05-07 18:38:53.777756: I tensorflow/core/kernels/data/shuffle_dataset_op.cc:175] Filling up shuffle buffer (this may take a while): 10227 of 11303
2025-05-07 18:38:59.938471: I tensorflow/core/kernels/data/shuffle_dataset_op.cc:228] Shuffle buffer filled.
2025-05-07 18:39:50.615935: I tensorflow/core/kernels/data/shuffle_dataset_op.cc:175] Filling up shuffle buffer (this may take a while): 721 of 1256
2025-05-07 18:39:51.428360: I tensorflow/core/kernels/data/shuffle_dataset_op.cc:228] Shuffle buffer filled.
2025-05-07 18:40:10.568258: I tensorflow/core/kernels/data/shuffle_dataset_op.cc:175] Filling up shuffle buffer (this may take a while): 1217 of 11303
2025-05-07 18:40:20.575452: I tensorflow/core/kernels/data/shuffle_dataset_op.cc:175] Filling up shuffle buffer (this may take a while): 2290 of 11303
2025-05-07 18:40:30.762060: I tensorflow/core/kernels/data/shuffle_dataset_op.cc:175] Filling up shuffle buffer (this may take a while): 3201 of 11303
2025-05-07 18:40:40.560398: I tensorflow/core/kernels/data/shuffle_dataset_op.cc:175] Filling up shuffle buffer (this may take a while): 4486 of 11303
2025-05-07 18:40:51.191233: I tensorflow/core/kernels/data/shuffle_dataset_op.cc:175] Filling up shuffle buffer (this may take a while): 5733 of 11303
2025-05-07 18:41:00.566146: I tensorflow/core/kernels/data/shuffle_dataset_op.cc:175] Filling up shuffle buffer (this may take a while): 6815 of 11303
2025-05-07 18:41:10.682028: I tensorflow/core/kernels/data/shuffle_dataset_op.cc:175] Filling up shuffle buffer (this may take a while): 8035 of 11303
2025-05-07 18:41:20.760065: I tensorflow/core/kernels/data/shuffle_dataset_op.cc:175] Filling up shuffle buffer (this may take a while): 8973 of 11303
2025-05-07 18:41:31.266750: I tensorflow/core/kernels/data/shuffle_dataset_op.cc:175] Filling up shuffle buffer (this may take a while): 10227 of 11303
2025-05-07 18:41:37.255033: I tensorflow/core/kernels/data/shuffle_dataset_op.cc:228] Shuffle buffer filled.
2025-05-07 18:42:28.065924: I tensorflow/core/kernels/data/shuffle_dataset_op.cc:175] Filling up shuffle buffer (this may take a while): 1073 of 1256
2025-05-07 18:42:28.219234: I tensorflow/core/kernels/data/shuffle_dataset_op.cc:228] Shuffle buffer filled.
2025-05-07 18:42:47.373295: I tensorflow/core/kernels/data/shuffle_dataset_op.cc:175] Filling up shuffle buffer (this may take a while): 1371 of 11303
2025-05-07 18:42:57.171420: I tensorflow/core/kernels/data/shuffle_dataset_op.cc:175] Filling up shuffle buffer (this may take a while): 2662 of 11303
2025-05-07 18:43:07.168501: I tensorflow/core/kernels/data/shuffle_dataset_op.cc:175] Filling up shuffle buffer (this may take a while): 3510 of 11303
2025-05-07 18:43:17.078182: I tensorflow/core/kernels/data/shuffle_dataset_op.cc:175] Filling up shuffle buffer (this may take a while): 4866 of 11303
2025-05-07 18:43:27.170602: I tensorflow/core/kernels/data/shuffle_dataset_op.cc:175] Filling up shuffle buffer (this may take a while): 6090 of 11303
2025-05-07 18:43:37.095963: I tensorflow/core/kernels/data/shuffle_dataset_op.cc:175] Filling up shuffle buffer (this may take a while): 7007 of 11303
2025-05-07 18:43:47.119739: I tensorflow/core/kernels/data/shuffle_dataset_op.cc:175] Filling up shuffle buffer (this may take a while): 8237 of 11303
2025-05-07 18:43:57.484977: I tensorflow/core/kernels/data/shuffle_dataset_op.cc:175] Filling up shuffle buffer (this may take a while): 9293 of 11303
2025-05-07 18:44:07.121478: I tensorflow/core/kernels/data/shuffle_dataset_op.cc:175] Filling up shuffle buffer (this may take a while): 10235 of 11303
2025-05-07 18:44:12.055494: I tensorflow/core/kernels/data/shuffle_dataset_op.cc:228] Shuffle buffer filled.
2025-05-07 18:45:19.784598: I tensorflow/core/kernels/data/shuffle_dataset_op.cc:175] Filling up shuffle buffer (this may take a while): 1153 of 11303
2025-05-07 18:45:29.972597: I tensorflow/core/kernels/data/shuffle_dataset_op.cc:175] Filling up shuffle buffer (this may take a while): 2348 of 11303
2025-05-07 18:45:39.787503: I tensorflow/core/kernels/data/shuffle_dataset_op.cc:175] Filling up shuffle buffer (this may take a while): 3597 of 11303
2025-05-07 18:45:49.870753: I tensorflow/core/kernels/data/shuffle_dataset_op.cc:175] Filling up shuffle buffer (this may take a while): 4864 of 11303
2025-05-07 18:45:59.779819: I tensorflow/core/kernels/data/shuffle_dataset_op.cc:175] Filling up shuffle buffer (this may take a while): 6099 of 11303
2025-05-07 18:46:09.798060: I tensorflow/core/kernels/data/shuffle_dataset_op.cc:175] Filling up shuffle buffer (this may take a while): 7063 of 11303
2025-05-07 18:46:19.944730: I tensorflow/core/kernels/data/shuffle_dataset_op.cc:175] Filling up shuffle buffer (this may take a while): 8270 of 11303
2025-05-07 18:46:29.978468: I tensorflow/core/kernels/data/shuffle_dataset_op.cc:175] Filling up shuffle buffer (this may take a while): 9342 of 11303
2025-05-07 18:46:39.908841: I tensorflow/core/kernels/data/shuffle_dataset_op.cc:175] Filling up shuffle buffer (this may take a while): 10429 of 11303
2025-05-07 18:46:44.338037: I tensorflow/core/kernels/data/shuffle_dataset_op.cc:228] Shuffle buffer filled.
2025-05-07 18:47:33.993039: I tensorflow/core/kernels/data/shuffle_dataset_op.cc:175] Filling up shuffle buffer (this may take a while): 1238 of 1256
2025-05-07 18:47:33.993372: I tensorflow/core/kernels/data/shuffle_dataset_op.cc:228] Shuffle buffer filled.
2025-05-07 18:47:53.466282: I tensorflow/core/kernels/data/shuffle_dataset_op.cc:175] Filling up shuffle buffer (this may take a while): 1335 of 11303
2025-05-07 18:48:03.473868: I tensorflow/core/kernels/data/shuffle_dataset_op.cc:175] Filling up shuffle buffer (this may take a while): 2272 of 11303
2025-05-07 18:48:13.574616: I tensorflow/core/kernels/data/shuffle_dataset_op.cc:175] Filling up shuffle buffer (this may take a while): 3612 of 11303
2025-05-07 18:48:23.578052: I tensorflow/core/kernels/data/shuffle_dataset_op.cc:175] Filling up shuffle buffer (this may take a while): 4862 of 11303
2025-05-07 18:48:33.494182: I tensorflow/core/kernels/data/shuffle_dataset_op.cc:175] Filling up shuffle buffer (this may take a while): 5756 of 11303
2025-05-07 18:48:43.464723: I tensorflow/core/kernels/data/shuffle_dataset_op.cc:175] Filling up shuffle buffer (this may take a while): 7007 of 11303
2025-05-07 18:48:53.927501: I tensorflow/core/kernels/data/shuffle_dataset_op.cc:175] Filling up shuffle buffer (this may take a while): 8237 of 11303
2025-05-07 18:49:03.772337: I tensorflow/core/kernels/data/shuffle_dataset_op.cc:175] Filling up shuffle buffer (this may take a while): 9293 of 11303
2025-05-07 18:49:13.493485: I tensorflow/core/kernels/data/shuffle_dataset_op.cc:175] Filling up shuffle buffer (this may take a while): 10335 of 11303
2025-05-07 18:49:17.884012: I tensorflow/core/kernels/data/shuffle_dataset_op.cc:228] Shuffle buffer filled.
2025-05-07 18:50:27.265968: I tensorflow/core/kernels/data/shuffle_dataset_op.cc:175] Filling up shuffle buffer (this may take a while): 1131 of 11303
2025-05-07 18:50:37.276746: I tensorflow/core/kernels/data/shuffle_dataset_op.cc:175] Filling up shuffle buffer (this may take a while): 2272 of 11303
2025-05-07 18:50:47.333233: I tensorflow/core/kernels/data/shuffle_dataset_op.cc:175] Filling up shuffle buffer (this may take a while): 3306 of 11303
2025-05-07 18:50:57.372807: I tensorflow/core/kernels/data/shuffle_dataset_op.cc:175] Filling up shuffle buffer (this may take a while): 4494 of 11303
2025-05-07 18:51:07.388894: I tensorflow/core/kernels/data/shuffle_dataset_op.cc:175] Filling up shuffle buffer (this may take a while): 5756 of 11303
2025-05-07 18:51:17.377370: I tensorflow/core/kernels/data/shuffle_dataset_op.cc:175] Filling up shuffle buffer (this may take a while): 6837 of 11303
2025-05-07 18:51:27.723463: I tensorflow/core/kernels/data/shuffle_dataset_op.cc:175] Filling up shuffle buffer (this may take a while): 8084 of 11303
2025-05-07 18:51:37.633441: I tensorflow/core/kernels/data/shuffle_dataset_op.cc:175] Filling up shuffle buffer (this may take a while): 9036 of 11303
2025-05-07 18:51:47.496481: I tensorflow/core/kernels/data/shuffle_dataset_op.cc:175] Filling up shuffle buffer (this may take a while): 10227 of 11303
2025-05-07 18:51:53.507637: I tensorflow/core/kernels/data/shuffle_dataset_op.cc:228] Shuffle buffer filled.
2025-05-07 18:53:01.170225: I tensorflow/core/kernels/data/shuffle_dataset_op.cc:175] Filling up shuffle buffer (this may take a while): 1398 of 11303
2025-05-07 18:53:11.166464: I tensorflow/core/kernels/data/shuffle_dataset_op.cc:175] Filling up shuffle buffer (this may take a while): 2411 of 11303
2025-05-07 18:53:21.273246: I tensorflow/core/kernels/data/shuffle_dataset_op.cc:175] Filling up shuffle buffer (this may take a while): 3618 of 11303
2025-05-07 18:53:31.169809: I tensorflow/core/kernels/data/shuffle_dataset_op.cc:175] Filling up shuffle buffer (this may take a while): 4930 of 11303
2025-05-07 18:53:41.170053: I tensorflow/core/kernels/data/shuffle_dataset_op.cc:175] Filling up shuffle buffer (this may take a while): 6053 of 11303
2025-05-07 18:53:51.115801: I tensorflow/core/kernels/data/shuffle_dataset_op.cc:175] Filling up shuffle buffer (this may take a while): 7101 of 11303
2025-05-07 18:54:01.091642: I tensorflow/core/kernels/data/shuffle_dataset_op.cc:175] Filling up shuffle buffer (this may take a while): 8237 of 11303
2025-05-07 18:54:11.676940: I tensorflow/core/kernels/data/shuffle_dataset_op.cc:175] Filling up shuffle buffer (this may take a while): 9342 of 11303
2025-05-07 18:54:21.171215: I tensorflow/core/kernels/data/shuffle_dataset_op.cc:175] Filling up shuffle buffer (this may take a while): 10527 of 11303
2025-05-07 18:54:25.026914: I tensorflow/core/kernels/data/shuffle_dataset_op.cc:228] Shuffle buffer filled.
2025-05-07 18:55:33.566684: I tensorflow/core/kernels/data/shuffle_dataset_op.cc:175] Filling up shuffle buffer (this may take a while): 1388 of 11303
2025-05-07 18:55:43.485601: I tensorflow/core/kernels/data/shuffle_dataset_op.cc:175] Filling up shuffle buffer (this may take a while): 2293 of 11303
2025-05-07 18:55:53.489569: I tensorflow/core/kernels/data/shuffle_dataset_op.cc:175] Filling up shuffle buffer (this may take a while): 3355 of 11303
2025-05-07 18:56:03.482309: I tensorflow/core/kernels/data/shuffle_dataset_op.cc:175] Filling up shuffle buffer (this may take a while): 4783 of 11303
2025-05-07 18:56:13.460724: I tensorflow/core/kernels/data/shuffle_dataset_op.cc:175] Filling up shuffle buffer (this may take a while): 5744 of 11303
2025-05-07 18:56:23.665958: I tensorflow/core/kernels/data/shuffle_dataset_op.cc:175] Filling up shuffle buffer (this may take a while): 7007 of 11303
2025-05-07 18:56:33.843683: I tensorflow/core/kernels/data/shuffle_dataset_op.cc:175] Filling up shuffle buffer (this may take a while): 8084 of 11303
2025-05-07 18:56:43.781151: I tensorflow/core/kernels/data/shuffle_dataset_op.cc:175] Filling up shuffle buffer (this may take a while): 9036 of 11303
2025-05-07 18:56:53.636612: I tensorflow/core/kernels/data/shuffle_dataset_op.cc:175] Filling up shuffle buffer (this may take a while): 10229 of 11303
2025-05-07 18:56:59.034293: I tensorflow/core/kernels/data/shuffle_dataset_op.cc:228] Shuffle buffer filled.
2025-05-07 18:57:49.766409: I tensorflow/core/kernels/data/shuffle_dataset_op.cc:175] Filling up shuffle buffer (this may take a while): 1083 of 1256
2025-05-07 18:57:49.806555: I tensorflow/core/kernels/data/shuffle_dataset_op.cc:228] Shuffle buffer filled.
2025-05-07 18:58:09.066218: I tensorflow/core/kernels/data/shuffle_dataset_op.cc:175] Filling up shuffle buffer (this may take a while): 1339 of 11303
2025-05-07 18:58:19.173996: I tensorflow/core/kernels/data/shuffle_dataset_op.cc:175] Filling up shuffle buffer (this may take a while): 2589 of 11303
2025-05-07 18:58:29.069038: I tensorflow/core/kernels/data/shuffle_dataset_op.cc:175] Filling up shuffle buffer (this may take a while): 3633 of 11303
2025-05-07 18:58:39.066243: I tensorflow/core/kernels/data/shuffle_dataset_op.cc:175] Filling up shuffle buffer (this may take a while): 4898 of 11303
2025-05-07 18:58:49.078770: I tensorflow/core/kernels/data/shuffle_dataset_op.cc:175] Filling up shuffle buffer (this may take a while): 6078 of 11303
2025-05-07 18:58:59.076661: I tensorflow/core/kernels/data/shuffle_dataset_op.cc:175] Filling up shuffle buffer (this may take a while): 7033 of 11303
2025-05-07 18:59:09.356267: I tensorflow/core/kernels/data/shuffle_dataset_op.cc:175] Filling up shuffle buffer (this may take a while): 8197 of 11303
2025-05-07 18:59:19.390417: I tensorflow/core/kernels/data/shuffle_dataset_op.cc:175] Filling up shuffle buffer (this may take a while): 9294 of 11303
2025-05-07 18:59:29.319995: I tensorflow/core/kernels/data/shuffle_dataset_op.cc:175] Filling up shuffle buffer (this may take a while): 10230 of 11303
2025-05-07 18:59:34.546214: I tensorflow/core/kernels/data/shuffle_dataset_op.cc:228] Shuffle buffer filled.
2025-05-07 19:00:43.665859: I tensorflow/core/kernels/data/shuffle_dataset_op.cc:175] Filling up shuffle buffer (this may take a while): 1345 of 11303
2025-05-07 19:00:53.595550: I tensorflow/core/kernels/data/shuffle_dataset_op.cc:175] Filling up shuffle buffer (this may take a while): 2294 of 11303
2025-05-07 19:01:03.773741: I tensorflow/core/kernels/data/shuffle_dataset_op.cc:175] Filling up shuffle buffer (this may take a while): 3517 of 11303
2025-05-07 19:01:13.765863: I tensorflow/core/kernels/data/shuffle_dataset_op.cc:175] Filling up shuffle buffer (this may take a while): 4604 of 11303
2025-05-07 19:01:23.712905: I tensorflow/core/kernels/data/shuffle_dataset_op.cc:175] Filling up shuffle buffer (this may take a while): 5744 of 11303
2025-05-07 19:01:33.590726: I tensorflow/core/kernels/data/shuffle_dataset_op.cc:175] Filling up shuffle buffer (this may take a while): 6828 of 11303
2025-05-07 19:01:43.705883: I tensorflow/core/kernels/data/shuffle_dataset_op.cc:175] Filling up shuffle buffer (this may take a while): 8084 of 11303
2025-05-07 19:01:54.071836: I tensorflow/core/kernels/data/shuffle_dataset_op.cc:175] Filling up shuffle buffer (this may take a while): 9036 of 11303
2025-05-07 19:02:04.064492: I tensorflow/core/kernels/data/shuffle_dataset_op.cc:175] Filling up shuffle buffer (this may take a while): 10227 of 11303
2025-05-07 19:02:10.029894: I tensorflow/core/kernels/data/shuffle_dataset_op.cc:228] Shuffle buffer filled.
2025-05-07 19:03:20.066030: I tensorflow/core/kernels/data/shuffle_dataset_op.cc:175] Filling up shuffle buffer (this may take a while): 1343 of 11303
2025-05-07 19:03:29.972606: I tensorflow/core/kernels/data/shuffle_dataset_op.cc:175] Filling up shuffle buffer (this may take a while): 2570 of 11303
2025-05-07 19:03:39.977450: I tensorflow/core/kernels/data/shuffle_dataset_op.cc:175] Filling up shuffle buffer (this may take a while): 3613 of 11303
2025-05-07 19:03:49.974573: I tensorflow/core/kernels/data/shuffle_dataset_op.cc:175] Filling up shuffle buffer (this may take a while): 5082 of 11303
2025-05-07 19:03:59.969008: I tensorflow/core/kernels/data/shuffle_dataset_op.cc:175] Filling up shuffle buffer (this may take a while): 6156 of 11303
2025-05-07 19:04:10.009580: I tensorflow/core/kernels/data/shuffle_dataset_op.cc:175] Filling up shuffle buffer (this may take a while): 7098 of 11303
2025-05-07 19:04:20.491207: I tensorflow/core/kernels/data/shuffle_dataset_op.cc:175] Filling up shuffle buffer (this may take a while): 8237 of 11303
2025-05-07 19:04:30.179405: I tensorflow/core/kernels/data/shuffle_dataset_op.cc:175] Filling up shuffle buffer (this may take a while): 9293 of 11303
2025-05-07 19:04:40.530841: I tensorflow/core/kernels/data/shuffle_dataset_op.cc:175] Filling up shuffle buffer (this may take a while): 10431 of 11303
2025-05-07 19:04:44.432046: I tensorflow/core/kernels/data/shuffle_dataset_op.cc:228] Shuffle buffer filled.
2025-05-07 19:05:51.766765: I tensorflow/core/kernels/data/shuffle_dataset_op.cc:175] Filling up shuffle buffer (this may take a while): 1401 of 11303
2025-05-07 19:06:01.767546: I tensorflow/core/kernels/data/shuffle_dataset_op.cc:175] Filling up shuffle buffer (this may take a while): 2413 of 11303
2025-05-07 19:06:11.693514: I tensorflow/core/kernels/data/shuffle_dataset_op.cc:175] Filling up shuffle buffer (this may take a while): 3624 of 11303
2025-05-07 19:06:21.766984: I tensorflow/core/kernels/data/shuffle_dataset_op.cc:175] Filling up shuffle buffer (this may take a while): 4861 of 11303
2025-05-07 19:06:31.770454: I tensorflow/core/kernels/data/shuffle_dataset_op.cc:175] Filling up shuffle buffer (this may take a while): 6097 of 11303
2025-05-07 19:06:41.978778: I tensorflow/core/kernels/data/shuffle_dataset_op.cc:175] Filling up shuffle buffer (this may take a while): 7007 of 11303
2025-05-07 19:06:52.448594: I tensorflow/core/kernels/data/shuffle_dataset_op.cc:175] Filling up shuffle buffer (this may take a while): 8237 of 11303
2025-05-07 19:07:02.397142: I tensorflow/core/kernels/data/shuffle_dataset_op.cc:175] Filling up shuffle buffer (this may take a while): 9294 of 11303
2025-05-07 19:07:11.988712: I tensorflow/core/kernels/data/shuffle_dataset_op.cc:175] Filling up shuffle buffer (this may take a while): 10229 of 11303
2025-05-07 19:07:17.629310: I tensorflow/core/kernels/data/shuffle_dataset_op.cc:228] Shuffle buffer filled.
2025-05-07 19:08:25.573916: I tensorflow/core/kernels/data/shuffle_dataset_op.cc:175] Filling up shuffle buffer (this may take a while): 1347 of 11303
2025-05-07 19:08:35.673974: I tensorflow/core/kernels/data/shuffle_dataset_op.cc:175] Filling up shuffle buffer (this may take a while): 2354 of 11303
2025-05-07 19:08:45.873141: I tensorflow/core/kernels/data/shuffle_dataset_op.cc:175] Filling up shuffle buffer (this may take a while): 3355 of 11303
2025-05-07 19:08:55.700865: I tensorflow/core/kernels/data/shuffle_dataset_op.cc:175] Filling up shuffle buffer (this may take a while): 4604 of 11303
2025-05-07 19:09:05.864101: I tensorflow/core/kernels/data/shuffle_dataset_op.cc:175] Filling up shuffle buffer (this may take a while): 5756 of 11303
2025-05-07 19:09:15.781710: I tensorflow/core/kernels/data/shuffle_dataset_op.cc:175] Filling up shuffle buffer (this may take a while): 6948 of 11303
2025-05-07 19:09:25.713817: I tensorflow/core/kernels/data/shuffle_dataset_op.cc:175] Filling up shuffle buffer (this may take a while): 8084 of 11303
2025-05-07 19:09:36.292691: I tensorflow/core/kernels/data/shuffle_dataset_op.cc:175] Filling up shuffle buffer (this may take a while): 9293 of 11303
2025-05-07 19:09:46.262696: I tensorflow/core/kernels/data/shuffle_dataset_op.cc:175] Filling up shuffle buffer (this may take a while): 10229 of 11303
2025-05-07 19:09:51.123037: I tensorflow/core/kernels/data/shuffle_dataset_op.cc:228] Shuffle buffer filled.
2025-05-07 19:10:59.566732: I tensorflow/core/kernels/data/shuffle_dataset_op.cc:175] Filling up shuffle buffer (this may take a while): 1419 of 11303
2025-05-07 19:11:09.281975: I tensorflow/core/kernels/data/shuffle_dataset_op.cc:175] Filling up shuffle buffer (this may take a while): 2579 of 11303
2025-05-07 19:11:19.267388: I tensorflow/core/kernels/data/shuffle_dataset_op.cc:175] Filling up shuffle buffer (this may take a while): 3613 of 11303
2025-05-07 19:11:29.274590: I tensorflow/core/kernels/data/shuffle_dataset_op.cc:175] Filling up shuffle buffer (this may take a while): 4925 of 11303
2025-05-07 19:11:39.282571: I tensorflow/core/kernels/data/shuffle_dataset_op.cc:175] Filling up shuffle buffer (this may take a while): 6100 of 11303
2025-05-07 19:11:49.358792: I tensorflow/core/kernels/data/shuffle_dataset_op.cc:175] Filling up shuffle buffer (this may take a while): 7054 of 11303
2025-05-07 19:11:59.379819: I tensorflow/core/kernels/data/shuffle_dataset_op.cc:175] Filling up shuffle buffer (this may take a while): 8237 of 11303
2025-05-07 19:12:09.483032: I tensorflow/core/kernels/data/shuffle_dataset_op.cc:175] Filling up shuffle buffer (this may take a while): 9298 of 11303
2025-05-07 19:12:19.425760: I tensorflow/core/kernels/data/shuffle_dataset_op.cc:175] Filling up shuffle buffer (this may take a while): 10235 of 11303
2025-05-07 19:12:24.427577: I tensorflow/core/kernels/data/shuffle_dataset_op.cc:228] Shuffle buffer filled.
2025-05-07 19:13:31.877610: I tensorflow/core/kernels/data/shuffle_dataset_op.cc:175] Filling up shuffle buffer (this may take a while): 1348 of 11303
2025-05-07 19:13:41.873818: I tensorflow/core/kernels/data/shuffle_dataset_op.cc:175] Filling up shuffle buffer (this may take a while): 2574 of 11303
2025-05-07 19:13:51.969505: I tensorflow/core/kernels/data/shuffle_dataset_op.cc:175] Filling up shuffle buffer (this may take a while): 3616 of 11303
2025-05-07 19:14:01.865901: I tensorflow/core/kernels/data/shuffle_dataset_op.cc:175] Filling up shuffle buffer (this may take a while): 5080 of 11303
2025-05-07 19:14:11.865961: I tensorflow/core/kernels/data/shuffle_dataset_op.cc:175] Filling up shuffle buffer (this may take a while): 6122 of 11303
2025-05-07 19:14:22.167411: I tensorflow/core/kernels/data/shuffle_dataset_op.cc:175] Filling up shuffle buffer (this may take a while): 7358 of 11303
2025-05-07 19:14:31.991866: I tensorflow/core/kernels/data/shuffle_dataset_op.cc:175] Filling up shuffle buffer (this may take a while): 8257 of 11303
2025-05-07 19:14:42.141939: I tensorflow/core/kernels/data/shuffle_dataset_op.cc:175] Filling up shuffle buffer (this may take a while): 9342 of 11303
2025-05-07 19:14:51.911448: I tensorflow/core/kernels/data/shuffle_dataset_op.cc:175] Filling up shuffle buffer (this may take a while): 10444 of 11303
2025-05-07 19:14:55.796768: I tensorflow/core/kernels/data/shuffle_dataset_op.cc:228] Shuffle buffer filled.
2025-05-07 19:16:03.369520: I tensorflow/core/kernels/data/shuffle_dataset_op.cc:175] Filling up shuffle buffer (this may take a while): 1409 of 11303
2025-05-07 19:16:13.277929: I tensorflow/core/kernels/data/shuffle_dataset_op.cc:175] Filling up shuffle buffer (this may take a while): 2625 of 11303
2025-05-07 19:16:23.276292: I tensorflow/core/kernels/data/shuffle_dataset_op.cc:175] Filling up shuffle buffer (this may take a while): 3893 of 11303
2025-05-07 19:16:33.579085: I tensorflow/core/kernels/data/shuffle_dataset_op.cc:175] Filling up shuffle buffer (this may take a while): 5198 of 11303
2025-05-07 19:16:43.266777: I tensorflow/core/kernels/data/shuffle_dataset_op.cc:175] Filling up shuffle buffer (this may take a while): 6437 of 11303
2025-05-07 19:16:53.274350: I tensorflow/core/kernels/data/shuffle_dataset_op.cc:175] Filling up shuffle buffer (this may take a while): 7615 of 11303
2025-05-07 19:17:03.396147: I tensorflow/core/kernels/data/shuffle_dataset_op.cc:175] Filling up shuffle buffer (this may take a while): 8609 of 11303
2025-05-07 19:17:13.423321: I tensorflow/core/kernels/data/shuffle_dataset_op.cc:175] Filling up shuffle buffer (this may take a while): 9468 of 11303
2025-05-07 19:17:23.277249: I tensorflow/core/kernels/data/shuffle_dataset_op.cc:175] Filling up shuffle buffer (this may take a while): 10598 of 11303
2025-05-07 19:17:26.194122: I tensorflow/core/kernels/data/shuffle_dataset_op.cc:228] Shuffle buffer filled.
2025-05-07 19:18:34.271598: I tensorflow/core/kernels/data/shuffle_dataset_op.cc:175] Filling up shuffle buffer (this may take a while): 1393 of 11303
2025-05-07 19:18:44.467789: I tensorflow/core/kernels/data/shuffle_dataset_op.cc:175] Filling up shuffle buffer (this may take a while): 2665 of 11303
2025-05-07 19:18:56.097677: I tensorflow/core/kernels/data/shuffle_dataset_op.cc:175] Filling up shuffle buffer (this may take a while): 3948 of 11303
2025-05-07 19:19:08.254594: I tensorflow/core/kernels/data/shuffle_dataset_op.cc:175] Filling up shuffle buffer (this may take a while): 5205 of 11303
2025-05-07 19:19:14.770771: I tensorflow/core/kernels/data/shuffle_dataset_op.cc:175] Filling up shuffle buffer (this may take a while): 6427 of 11303
2025-05-07 19:19:24.474391: I tensorflow/core/kernels/data/shuffle_dataset_op.cc:175] Filling up shuffle buffer (this may take a while): 7660 of 11303
2025-05-07 19:19:34.283615: I tensorflow/core/kernels/data/shuffle_dataset_op.cc:175] Filling up shuffle buffer (this may take a while): 8609 of 11303
2025-05-07 19:19:44.611940: I tensorflow/core/kernels/data/shuffle_dataset_op.cc:175] Filling up shuffle buffer (this may take a while): 9519 of 11303
2025-05-07 19:19:54.277351: I tensorflow/core/kernels/data/shuffle_dataset_op.cc:175] Filling up shuffle buffer (this may take a while): 10598 of 11303
2025-05-07 19:19:57.038901: I tensorflow/core/kernels/data/shuffle_dataset_op.cc:228] Shuffle buffer filled.
2025-05-07 19:21:05.172414: I tensorflow/core/kernels/data/shuffle_dataset_op.cc:175] Filling up shuffle buffer (this may take a while): 1346 of 11303
2025-05-07 19:21:15.165911: I tensorflow/core/kernels/data/shuffle_dataset_op.cc:175] Filling up shuffle buffer (this may take a while): 2378 of 11303
2025-05-07 19:21:25.093402: I tensorflow/core/kernels/data/shuffle_dataset_op.cc:175] Filling up shuffle buffer (this may take a while): 3618 of 11303
2025-05-07 19:21:35.175121: I tensorflow/core/kernels/data/shuffle_dataset_op.cc:175] Filling up shuffle buffer (this may take a while): 5123 of 11303
2025-05-07 19:21:45.266190: I tensorflow/core/kernels/data/shuffle_dataset_op.cc:175] Filling up shuffle buffer (this may take a while): 6157 of 11303
2025-05-07 19:21:55.266064: I tensorflow/core/kernels/data/shuffle_dataset_op.cc:175] Filling up shuffle buffer (this may take a while): 7101 of 11303
2025-05-07 19:22:05.147334: I tensorflow/core/kernels/data/shuffle_dataset_op.cc:175] Filling up shuffle buffer (this may take a while): 8237 of 11303
2025-05-07 19:22:15.523780: I tensorflow/core/kernels/data/shuffle_dataset_op.cc:175] Filling up shuffle buffer (this may take a while): 9342 of 11303
2025-05-07 19:22:25.092407: I tensorflow/core/kernels/data/shuffle_dataset_op.cc:175] Filling up shuffle buffer (this may take a while): 10432 of 11303
2025-05-07 19:22:29.000444: I tensorflow/core/kernels/data/shuffle_dataset_op.cc:228] Shuffle buffer filled.
2025-05-07 19:23:19.366496: I tensorflow/core/kernels/data/shuffle_dataset_op.cc:175] Filling up shuffle buffer (this may take a while): 1067 of 1256
2025-05-07 19:23:19.531603: I tensorflow/core/kernels/data/shuffle_dataset_op.cc:228] Shuffle buffer filled.
2025-05-07 19:23:37.766305: I tensorflow/core/kernels/data/shuffle_dataset_op.cc:175] Filling up shuffle buffer (this may take a while): 1153 of 11303
2025-05-07 19:23:47.770190: I tensorflow/core/kernels/data/shuffle_dataset_op.cc:175] Filling up shuffle buffer (this may take a while): 2320 of 11303
2025-05-07 19:23:57.753035: I tensorflow/core/kernels/data/shuffle_dataset_op.cc:175] Filling up shuffle buffer (this may take a while): 3201 of 11303
2025-05-07 19:24:07.901101: I tensorflow/core/kernels/data/shuffle_dataset_op.cc:175] Filling up shuffle buffer (this may take a while): 4494 of 11303
2025-05-07 19:24:18.260891: I tensorflow/core/kernels/data/shuffle_dataset_op.cc:175] Filling up shuffle buffer (this may take a while): 5744 of 11303
2025-05-07 19:24:27.769305: I tensorflow/core/kernels/data/shuffle_dataset_op.cc:175] Filling up shuffle buffer (this may take a while): 6828 of 11303
2025-05-07 19:24:38.677267: I tensorflow/core/kernels/data/shuffle_dataset_op.cc:175] Filling up shuffle buffer (this may take a while): 8197 of 11303
2025-05-07 19:24:47.787126: I tensorflow/core/kernels/data/shuffle_dataset_op.cc:175] Filling up shuffle buffer (this may take a while): 8988 of 11303
2025-05-07 19:24:58.012735: I tensorflow/core/kernels/data/shuffle_dataset_op.cc:175] Filling up shuffle buffer (this may take a while): 10229 of 11303
2025-05-07 19:25:03.325794: I tensorflow/core/kernels/data/shuffle_dataset_op.cc:228] Shuffle buffer filled.
2025-05-07 19:26:14.297227: I tensorflow/core/kernels/data/shuffle_dataset_op.cc:175] Filling up shuffle buffer (this may take a while): 1436 of 11303
2025-05-07 19:26:22.200577: I tensorflow/core/kernels/data/shuffle_dataset_op.cc:175] Filling up shuffle buffer (this may take a while): 2698 of 11303
2025-05-07 19:26:32.326635: I tensorflow/core/kernels/data/shuffle_dataset_op.cc:175] Filling up shuffle buffer (this may take a while): 3951 of 11303
2025-05-07 19:26:41.692690: I tensorflow/core/kernels/data/shuffle_dataset_op.cc:175] Filling up shuffle buffer (this may take a while): 5569 of 11303
2025-05-07 19:26:51.923658: I tensorflow/core/kernels/data/shuffle_dataset_op.cc:175] Filling up shuffle buffer (this may take a while): 7007 of 11303
2025-05-07 19:27:01.516107: I tensorflow/core/kernels/data/shuffle_dataset_op.cc:175] Filling up shuffle buffer (this may take a while): 8257 of 11303
2025-05-07 19:27:11.914944: I tensorflow/core/kernels/data/shuffle_dataset_op.cc:175] Filling up shuffle buffer (this may take a while): 9868 of 11303
2025-05-07 19:27:20.753421: I tensorflow/core/kernels/data/shuffle_dataset_op.cc:228] Shuffle buffer filled.
2025-05-07 19:28:36.592964: I tensorflow/core/kernels/data/shuffle_dataset_op.cc:175] Filling up shuffle buffer (this may take a while): 1436 of 11303
2025-05-07 19:28:45.015413: I tensorflow/core/kernels/data/shuffle_dataset_op.cc:175] Filling up shuffle buffer (this may take a while): 2695 of 11303
2025-05-07 19:28:53.932310: I tensorflow/core/kernels/data/shuffle_dataset_op.cc:175] Filling up shuffle buffer (this may take a while): 3951 of 11303
2025-05-07 19:29:03.878047: I tensorflow/core/kernels/data/shuffle_dataset_op.cc:175] Filling up shuffle buffer (this may take a while): 5560 of 11303
2025-05-07 19:29:13.614059: I tensorflow/core/kernels/data/shuffle_dataset_op.cc:175] Filling up shuffle buffer (this may take a while): 6828 of 11303
2025-05-07 19:29:23.605957: I tensorflow/core/kernels/data/shuffle_dataset_op.cc:175] Filling up shuffle buffer (this may take a while): 8257 of 11303
2025-05-07 19:29:33.695555: I tensorflow/core/kernels/data/shuffle_dataset_op.cc:175] Filling up shuffle buffer (this may take a while): 9611 of 11303
2025-05-07 19:29:43.573776: I tensorflow/core/kernels/data/shuffle_dataset_op.cc:175] Filling up shuffle buffer (this may take a while): 11118 of 11303
2025-05-07 19:29:43.589930: I tensorflow/core/kernels/data/shuffle_dataset_op.cc:228] Shuffle buffer filled.
2025-05-07 19:30:55.083786: I tensorflow/core/kernels/data/shuffle_dataset_op.cc:175] Filling up shuffle buffer (this may take a while): 1436 of 11303
2025-05-07 19:31:02.883531: I tensorflow/core/kernels/data/shuffle_dataset_op.cc:175] Filling up shuffle buffer (this may take a while): 2695 of 11303
2025-05-07 19:31:12.862335: I tensorflow/core/kernels/data/shuffle_dataset_op.cc:175] Filling up shuffle buffer (this may take a while): 3968 of 11303
2025-05-07 19:31:22.294164: I tensorflow/core/kernels/data/shuffle_dataset_op.cc:175] Filling up shuffle buffer (this may take a while): 5420 of 11303
2025-05-07 19:31:32.522331: I tensorflow/core/kernels/data/shuffle_dataset_op.cc:175] Filling up shuffle buffer (this may take a while): 6948 of 11303
2025-05-07 19:31:42.205080: I tensorflow/core/kernels/data/shuffle_dataset_op.cc:175] Filling up shuffle buffer (this may take a while): 8257 of 11303
2025-05-07 19:31:52.228221: I tensorflow/core/kernels/data/shuffle_dataset_op.cc:175] Filling up shuffle buffer (this may take a while): 9524 of 11303
2025-05-07 19:32:02.178900: I tensorflow/core/kernels/data/shuffle_dataset_op.cc:175] Filling up shuffle buffer (this may take a while): 11033 of 11303
2025-05-07 19:32:02.521741: I tensorflow/core/kernels/data/shuffle_dataset_op.cc:228] Shuffle buffer filled.
2025-05-07 19:33:16.399179: I tensorflow/core/kernels/data/shuffle_dataset_op.cc:175] Filling up shuffle buffer (this may take a while): 1436 of 11303
2025-05-07 19:33:23.579361: I tensorflow/core/kernels/data/shuffle_dataset_op.cc:175] Filling up shuffle buffer (this may take a while): 2695 of 11303
2025-05-07 19:33:33.904230: I tensorflow/core/kernels/data/shuffle_dataset_op.cc:175] Filling up shuffle buffer (this may take a while): 3951 of 11303
2025-05-07 19:33:43.020761: I tensorflow/core/kernels/data/shuffle_dataset_op.cc:175] Filling up shuffle buffer (this may take a while): 5254 of 11303
2025-05-07 19:33:53.067360: I tensorflow/core/kernels/data/shuffle_dataset_op.cc:175] Filling up shuffle buffer (this may take a while): 6761 of 11303
2025-05-07 19:34:03.498382: I tensorflow/core/kernels/data/shuffle_dataset_op.cc:175] Filling up shuffle buffer (this may take a while): 8084 of 11303
2025-05-07 19:34:12.972940: I tensorflow/core/kernels/data/shuffle_dataset_op.cc:175] Filling up shuffle buffer (this may take a while): 9342 of 11303
2025-05-07 19:34:23.384727: I tensorflow/core/kernels/data/shuffle_dataset_op.cc:175] Filling up shuffle buffer (this may take a while): 10772 of 11303
2025-05-07 19:34:24.635976: I tensorflow/core/kernels/data/shuffle_dataset_op.cc:228] Shuffle buffer filled.
2025-05-07 19:35:36.857308: I tensorflow/core/kernels/data/shuffle_dataset_op.cc:175] Filling up shuffle buffer (this may take a while): 1436 of 11303
2025-05-07 19:35:44.275655: I tensorflow/core/kernels/data/shuffle_dataset_op.cc:175] Filling up shuffle buffer (this may take a while): 2695 of 11303
2025-05-07 19:35:54.087308: I tensorflow/core/kernels/data/shuffle_dataset_op.cc:175] Filling up shuffle buffer (this may take a while): 3951 of 11303
2025-05-07 19:36:04.189629: I tensorflow/core/kernels/data/shuffle_dataset_op.cc:175] Filling up shuffle buffer (this may take a while): 5558 of 11303
2025-05-07 19:36:14.191004: I tensorflow/core/kernels/data/shuffle_dataset_op.cc:175] Filling up shuffle buffer (this may take a while): 6989 of 11303
2025-05-07 19:36:24.168578: I tensorflow/core/kernels/data/shuffle_dataset_op.cc:175] Filling up shuffle buffer (this may take a while): 8601 of 11303
2025-05-07 19:36:34.692884: I tensorflow/core/kernels/data/shuffle_dataset_op.cc:175] Filling up shuffle buffer (this may take a while): 9813 of 11303
2025-05-07 19:36:44.367346: I tensorflow/core/kernels/data/shuffle_dataset_op.cc:175] Filling up shuffle buffer (this may take a while): 10745 of 11303
2025-05-07 19:36:46.425091: I tensorflow/core/kernels/data/shuffle_dataset_op.cc:228] Shuffle buffer filled.
2025-05-07 19:37:37.271430: I tensorflow/core/kernels/data/shuffle_dataset_op.cc:175] Filling up shuffle buffer (this may take a while): 1084 of 1256
2025-05-07 19:37:37.304917: I tensorflow/core/kernels/data/shuffle_dataset_op.cc:228] Shuffle buffer filled.
2025-05-07 19:37:56.970720: I tensorflow/core/kernels/data/shuffle_dataset_op.cc:175] Filling up shuffle buffer (this may take a while): 1346 of 11303
2025-05-07 19:38:06.976460: I tensorflow/core/kernels/data/shuffle_dataset_op.cc:175] Filling up shuffle buffer (this may take a while): 2287 of 11303
2025-05-07 19:38:17.071087: I tensorflow/core/kernels/data/shuffle_dataset_op.cc:175] Filling up shuffle buffer (this may take a while): 3509 of 11303
2025-05-07 19:38:26.849000: I tensorflow/core/kernels/data/shuffle_dataset_op.cc:175] Filling up shuffle buffer (this may take a while): 4494 of 11303
2025-05-07 19:38:37.204492: I tensorflow/core/kernels/data/shuffle_dataset_op.cc:175] Filling up shuffle buffer (this may take a while): 5744 of 11303
2025-05-07 19:38:47.502687: I tensorflow/core/kernels/data/shuffle_dataset_op.cc:175] Filling up shuffle buffer (this may take a while): 6828 of 11303
2025-05-07 19:38:57.169445: I tensorflow/core/kernels/data/shuffle_dataset_op.cc:175] Filling up shuffle buffer (this may take a while): 7923 of 11303
2025-05-07 19:39:07.017111: I tensorflow/core/kernels/data/shuffle_dataset_op.cc:175] Filling up shuffle buffer (this may take a while): 8973 of 11303
2025-05-07 19:39:17.792923: I tensorflow/core/kernels/data/shuffle_dataset_op.cc:175] Filling up shuffle buffer (this may take a while): 10227 of 11303
2025-05-07 19:39:24.440544: I tensorflow/core/kernels/data/shuffle_dataset_op.cc:228] Shuffle buffer filled.
2025-05-07 19:40:34.176262: I tensorflow/core/kernels/data/shuffle_dataset_op.cc:175] Filling up shuffle buffer (this may take a while): 1190 of 11303
2025-05-07 19:40:44.171415: I tensorflow/core/kernels/data/shuffle_dataset_op.cc:175] Filling up shuffle buffer (this may take a while): 2291 of 11303
2025-05-07 19:40:54.284809: I tensorflow/core/kernels/data/shuffle_dataset_op.cc:175] Filling up shuffle buffer (this may take a while): 3201 of 11303
2025-05-07 19:41:04.182527: I tensorflow/core/kernels/data/shuffle_dataset_op.cc:175] Filling up shuffle buffer (this may take a while): 4486 of 11303
2025-05-07 19:41:14.174669: I tensorflow/core/kernels/data/shuffle_dataset_op.cc:175] Filling up shuffle buffer (this may take a while): 5721 of 11303
2025-05-07 19:41:24.268157: I tensorflow/core/kernels/data/shuffle_dataset_op.cc:175] Filling up shuffle buffer (this may take a while): 6797 of 11303
2025-05-07 19:41:34.196188: I tensorflow/core/kernels/data/shuffle_dataset_op.cc:175] Filling up shuffle buffer (this may take a while): 7818 of 11303
2025-05-07 19:41:45.174177: I tensorflow/core/kernels/data/shuffle_dataset_op.cc:175] Filling up shuffle buffer (this may take a while): 8973 of 11303
2025-05-07 19:41:56.272313: I tensorflow/core/kernels/data/shuffle_dataset_op.cc:175] Filling up shuffle buffer (this may take a while): 10227 of 11303
2025-05-07 19:42:02.166397: I tensorflow/core/kernels/data/shuffle_dataset_op.cc:228] Shuffle buffer filled.
2025-05-07 19:43:11.665910: I tensorflow/core/kernels/data/shuffle_dataset_op.cc:175] Filling up shuffle buffer (this may take a while): 1132 of 11303
2025-05-07 19:43:22.173299: I tensorflow/core/kernels/data/shuffle_dataset_op.cc:175] Filling up shuffle buffer (this may take a while): 2290 of 11303
2025-05-07 19:43:31.671696: I tensorflow/core/kernels/data/shuffle_dataset_op.cc:175] Filling up shuffle buffer (this may take a while): 3177 of 11303
2025-05-07 19:43:41.969165: I tensorflow/core/kernels/data/shuffle_dataset_op.cc:175] Filling up shuffle buffer (this may take a while): 4471 of 11303
2025-05-07 19:43:51.792133: I tensorflow/core/kernels/data/shuffle_dataset_op.cc:175] Filling up shuffle buffer (this may take a while): 5569 of 11303
2025-05-07 19:44:01.681387: I tensorflow/core/kernels/data/shuffle_dataset_op.cc:175] Filling up shuffle buffer (this may take a while): 6664 of 11303
2025-05-07 19:44:11.550375: I tensorflow/core/kernels/data/shuffle_dataset_op.cc:175] Filling up shuffle buffer (this may take a while): 7725 of 11303
2025-05-07 19:44:22.934648: I tensorflow/core/kernels/data/shuffle_dataset_op.cc:175] Filling up shuffle buffer (this may take a while): 8973 of 11303
2025-05-07 19:44:33.292427: I tensorflow/core/kernels/data/shuffle_dataset_op.cc:175] Filling up shuffle buffer (this may take a while): 10227 of 11303
2025-05-07 19:44:40.294769: I tensorflow/core/kernels/data/shuffle_dataset_op.cc:228] Shuffle buffer filled.
2025-05-07 19:45:48.774725: I tensorflow/core/kernels/data/shuffle_dataset_op.cc:175] Filling up shuffle buffer (this may take a while): 1139 of 11303
2025-05-07 19:45:58.774146: I tensorflow/core/kernels/data/shuffle_dataset_op.cc:175] Filling up shuffle buffer (this may take a while): 1986 of 11303
2025-05-07 19:46:09.137391: I tensorflow/core/kernels/data/shuffle_dataset_op.cc:175] Filling up shuffle buffer (this may take a while): 3201 of 11303
2025-05-07 19:46:19.278549: I tensorflow/core/kernels/data/shuffle_dataset_op.cc:175] Filling up shuffle buffer (this may take a while): 4427 of 11303
2025-05-07 19:46:28.783726: I tensorflow/core/kernels/data/shuffle_dataset_op.cc:175] Filling up shuffle buffer (this may take a while): 5406 of 11303
2025-05-07 19:46:38.748996: I tensorflow/core/kernels/data/shuffle_dataset_op.cc:175] Filling up shuffle buffer (this may take a while): 6470 of 11303
2025-05-07 19:46:49.343859: I tensorflow/core/kernels/data/shuffle_dataset_op.cc:175] Filling up shuffle buffer (this may take a while): 7721 of 11303
2025-05-07 19:47:00.987506: I tensorflow/core/kernels/data/shuffle_dataset_op.cc:175] Filling up shuffle buffer (this may take a while): 8973 of 11303
2025-05-07 19:47:10.877080: I tensorflow/core/kernels/data/shuffle_dataset_op.cc:175] Filling up shuffle buffer (this may take a while): 10227 of 11303
2025-05-07 19:47:17.972864: I tensorflow/core/kernels/data/shuffle_dataset_op.cc:228] Shuffle buffer filled.
2025-05-07 19:48:26.369697: I tensorflow/core/kernels/data/shuffle_dataset_op.cc:175] Filling up shuffle buffer (this may take a while): 1335 of 11303
2025-05-07 19:48:36.284515: I tensorflow/core/kernels/data/shuffle_dataset_op.cc:175] Filling up shuffle buffer (this may take a while): 2303 of 11303
2025-05-07 19:48:46.289310: I tensorflow/core/kernels/data/shuffle_dataset_op.cc:175] Filling up shuffle buffer (this may take a while): 3355 of 11303
2025-05-07 19:48:56.388719: I tensorflow/core/kernels/data/shuffle_dataset_op.cc:175] Filling up shuffle buffer (this may take a while): 4604 of 11303
2025-05-07 19:49:06.912562: I tensorflow/core/kernels/data/shuffle_dataset_op.cc:175] Filling up shuffle buffer (this may take a while): 5744 of 11303
2025-05-07 19:49:16.472158: I tensorflow/core/kernels/data/shuffle_dataset_op.cc:175] Filling up shuffle buffer (this may take a while): 6852 of 11303
2025-05-07 19:49:26.288872: I tensorflow/core/kernels/data/shuffle_dataset_op.cc:175] Filling up shuffle buffer (this may take a while): 8062 of 11303
2025-05-07 19:49:36.662145: I tensorflow/core/kernels/data/shuffle_dataset_op.cc:175] Filling up shuffle buffer (this may take a while): 8977 of 11303
2025-05-07 19:49:47.400833: I tensorflow/core/kernels/data/shuffle_dataset_op.cc:175] Filling up shuffle buffer (this may take a while): 10227 of 11303
2025-05-07 19:49:53.319877: I tensorflow/core/kernels/data/shuffle_dataset_op.cc:228] Shuffle buffer filled.
2025-05-07 19:51:01.666097: I tensorflow/core/kernels/data/shuffle_dataset_op.cc:175] Filling up shuffle buffer (this may take a while): 1308 of 11303
2025-05-07 19:51:11.572520: I tensorflow/core/kernels/data/shuffle_dataset_op.cc:175] Filling up shuffle buffer (this may take a while): 2273 of 11303
2025-05-07 19:51:21.575196: I tensorflow/core/kernels/data/shuffle_dataset_op.cc:175] Filling up shuffle buffer (this may take a while): 3493 of 11303
2025-05-07 19:51:31.677828: I tensorflow/core/kernels/data/shuffle_dataset_op.cc:175] Filling up shuffle buffer (this may take a while): 4863 of 11303
2025-05-07 19:51:41.669537: I tensorflow/core/kernels/data/shuffle_dataset_op.cc:175] Filling up shuffle buffer (this may take a while): 6132 of 11303
2025-05-07 19:51:51.774641: I tensorflow/core/kernels/data/shuffle_dataset_op.cc:175] Filling up shuffle buffer (this may take a while): 7359 of 11303
2025-05-07 19:52:01.665889: I tensorflow/core/kernels/data/shuffle_dataset_op.cc:175] Filling up shuffle buffer (this may take a while): 8560 of 11303
2025-05-07 19:52:11.590358: I tensorflow/core/kernels/data/shuffle_dataset_op.cc:175] Filling up shuffle buffer (this may take a while): 9463 of 11303
2025-05-07 19:52:21.679678: I tensorflow/core/kernels/data/shuffle_dataset_op.cc:175] Filling up shuffle buffer (this may take a while): 10548 of 11303
2025-05-07 19:52:25.200834: I tensorflow/core/kernels/data/shuffle_dataset_op.cc:228] Shuffle buffer filled.
2025-05-07 19:53:34.765925: I tensorflow/core/kernels/data/shuffle_dataset_op.cc:175] Filling up shuffle buffer (this may take a while): 1394 of 11303
2025-05-07 19:53:44.776980: I tensorflow/core/kernels/data/shuffle_dataset_op.cc:175] Filling up shuffle buffer (this may take a while): 2338 of 11303
2025-05-07 19:53:54.766227: I tensorflow/core/kernels/data/shuffle_dataset_op.cc:175] Filling up shuffle buffer (this may take a while): 3572 of 11303
2025-05-07 19:54:04.767043: I tensorflow/core/kernels/data/shuffle_dataset_op.cc:175] Filling up shuffle buffer (this may take a while): 4878 of 11303
2025-05-07 19:54:14.887093: I tensorflow/core/kernels/data/shuffle_dataset_op.cc:175] Filling up shuffle buffer (this may take a while): 5809 of 11303
2025-05-07 19:54:24.885580: I tensorflow/core/kernels/data/shuffle_dataset_op.cc:175] Filling up shuffle buffer (this may take a while): 6989 of 11303
2025-05-07 19:54:35.125099: I tensorflow/core/kernels/data/shuffle_dataset_op.cc:175] Filling up shuffle buffer (this may take a while): 8199 of 11303
2025-05-07 19:54:44.884822: I tensorflow/core/kernels/data/shuffle_dataset_op.cc:175] Filling up shuffle buffer (this may take a while): 9325 of 11303
2025-05-07 19:54:55.287206: I tensorflow/core/kernels/data/shuffle_dataset_op.cc:175] Filling up shuffle buffer (this may take a while): 10450 of 11303
2025-05-07 19:54:59.239733: I tensorflow/core/kernels/data/shuffle_dataset_op.cc:228] Shuffle buffer filled.
2025-05-07 19:56:08.169297: I tensorflow/core/kernels/data/shuffle_dataset_op.cc:175] Filling up shuffle buffer (this may take a while): 1392 of 11303
2025-05-07 19:56:18.071053: I tensorflow/core/kernels/data/shuffle_dataset_op.cc:175] Filling up shuffle buffer (this may take a while): 2645 of 11303
2025-05-07 19:56:30.180791: I tensorflow/core/kernels/data/shuffle_dataset_op.cc:175] Filling up shuffle buffer (this may take a while): 3948 of 11303
2025-05-07 19:56:41.642079: I tensorflow/core/kernels/data/shuffle_dataset_op.cc:175] Filling up shuffle buffer (this may take a while): 5205 of 11303
2025-05-07 19:56:48.067775: I tensorflow/core/kernels/data/shuffle_dataset_op.cc:175] Filling up shuffle buffer (this may take a while): 6388 of 11303
2025-05-07 19:56:58.068384: I tensorflow/core/kernels/data/shuffle_dataset_op.cc:175] Filling up shuffle buffer (this may take a while): 7617 of 11303
2025-05-07 19:57:11.592149: I tensorflow/core/kernels/data/shuffle_dataset_op.cc:175] Filling up shuffle buffer (this may take a while): 8973 of 11303
2025-05-07 19:57:18.846267: I tensorflow/core/kernels/data/shuffle_dataset_op.cc:175] Filling up shuffle buffer (this may take a while): 10227 of 11303
2025-05-07 19:57:24.015060: I tensorflow/core/kernels/data/shuffle_dataset_op.cc:228] Shuffle buffer filled.
2025-05-07 19:58:35.340077: I tensorflow/core/kernels/data/shuffle_dataset_op.cc:175] Filling up shuffle buffer (this may take a while): 1436 of 11303
2025-05-07 19:58:42.437908: I tensorflow/core/kernels/data/shuffle_dataset_op.cc:175] Filling up shuffle buffer (this may take a while): 2698 of 11303
2025-05-07 19:58:52.591151: I tensorflow/core/kernels/data/shuffle_dataset_op.cc:175] Filling up shuffle buffer (this may take a while): 4112 of 11303
2025-05-07 19:59:02.730444: I tensorflow/core/kernels/data/shuffle_dataset_op.cc:175] Filling up shuffle buffer (this may take a while): 5744 of 11303
2025-05-07 19:59:12.468491: I tensorflow/core/kernels/data/shuffle_dataset_op.cc:175] Filling up shuffle buffer (this may take a while): 7386 of 11303
2025-05-07 19:59:22.895963: I tensorflow/core/kernels/data/shuffle_dataset_op.cc:175] Filling up shuffle buffer (this may take a while): 8802 of 11303
2025-05-07 19:59:32.702665: I tensorflow/core/kernels/data/shuffle_dataset_op.cc:175] Filling up shuffle buffer (this may take a while): 10128 of 11303
2025-05-07 19:59:39.928613: I tensorflow/core/kernels/data/shuffle_dataset_op.cc:228] Shuffle buffer filled.
2025-05-07 20:00:52.548840: I tensorflow/core/kernels/data/shuffle_dataset_op.cc:175] Filling up shuffle buffer (this may take a while): 1436 of 11303
2025-05-07 20:01:00.449631: I tensorflow/core/kernels/data/shuffle_dataset_op.cc:175] Filling up shuffle buffer (this may take a while): 2699 of 11303
2025-05-07 20:01:10.094810: I tensorflow/core/kernels/data/shuffle_dataset_op.cc:175] Filling up shuffle buffer (this may take a while): 4272 of 11303
2025-05-07 20:01:20.143444: I tensorflow/core/kernels/data/shuffle_dataset_op.cc:175] Filling up shuffle buffer (this may take a while): 5744 of 11303
2025-05-07 20:01:30.177595: I tensorflow/core/kernels/data/shuffle_dataset_op.cc:175] Filling up shuffle buffer (this may take a while): 7687 of 11303
2025-05-07 20:01:42.505086: I tensorflow/core/kernels/data/shuffle_dataset_op.cc:175] Filling up shuffle buffer (this may take a while): 8973 of 11303
2025-05-07 20:01:51.109359: I tensorflow/core/kernels/data/shuffle_dataset_op.cc:175] Filling up shuffle buffer (this may take a while): 10227 of 11303
2025-05-07 20:01:56.296761: I tensorflow/core/kernels/data/shuffle_dataset_op.cc:228] Shuffle buffer filled.
2025-05-07 20:03:07.542016: I tensorflow/core/kernels/data/shuffle_dataset_op.cc:175] Filling up shuffle buffer (this may take a while): 1436 of 11303
2025-05-07 20:03:14.933952: I tensorflow/core/kernels/data/shuffle_dataset_op.cc:175] Filling up shuffle buffer (this may take a while): 2695 of 11303
2025-05-07 20:03:24.574030: I tensorflow/core/kernels/data/shuffle_dataset_op.cc:175] Filling up shuffle buffer (this may take a while): 3951 of 11303
2025-05-07 20:03:34.501899: I tensorflow/core/kernels/data/shuffle_dataset_op.cc:175] Filling up shuffle buffer (this may take a while): 5589 of 11303
2025-05-07 20:03:44.689565: I tensorflow/core/kernels/data/shuffle_dataset_op.cc:175] Filling up shuffle buffer (this may take a while): 7358 of 11303
2025-05-07 20:03:55.269466: I tensorflow/core/kernels/data/shuffle_dataset_op.cc:175] Filling up shuffle buffer (this may take a while): 8910 of 11303
2025-05-07 20:04:06.394261: I tensorflow/core/kernels/data/shuffle_dataset_op.cc:175] Filling up shuffle buffer (this may take a while): 10227 of 11303
2025-05-07 20:04:11.628125: I tensorflow/core/kernels/data/shuffle_dataset_op.cc:228] Shuffle buffer filled.
2025-05-07 20:05:24.595426: I tensorflow/core/kernels/data/shuffle_dataset_op.cc:175] Filling up shuffle buffer (this may take a while): 1436 of 11303
2025-05-07 20:05:32.655189: I tensorflow/core/kernels/data/shuffle_dataset_op.cc:175] Filling up shuffle buffer (this may take a while): 2699 of 11303
2025-05-07 20:05:42.182343: I tensorflow/core/kernels/data/shuffle_dataset_op.cc:175] Filling up shuffle buffer (this may take a while): 4265 of 11303
2025-05-07 20:05:52.386422: I tensorflow/core/kernels/data/shuffle_dataset_op.cc:175] Filling up shuffle buffer (this may take a while): 5744 of 11303
2025-05-07 20:06:02.170147: I tensorflow/core/kernels/data/shuffle_dataset_op.cc:175] Filling up shuffle buffer (this may take a while): 7512 of 11303
2025-05-07 20:06:12.574176: I tensorflow/core/kernels/data/shuffle_dataset_op.cc:175] Filling up shuffle buffer (this may take a while): 8865 of 11303
2025-05-07 20:06:22.184249: I tensorflow/core/kernels/data/shuffle_dataset_op.cc:175] Filling up shuffle buffer (this may take a while): 10132 of 11303
2025-05-07 20:06:29.653801: I tensorflow/core/kernels/data/shuffle_dataset_op.cc:228] Shuffle buffer filled.
2025-05-07 20:07:40.722836: I tensorflow/core/kernels/data/shuffle_dataset_op.cc:175] Filling up shuffle buffer (this may take a while): 1436 of 11303
2025-05-07 20:07:48.140130: I tensorflow/core/kernels/data/shuffle_dataset_op.cc:175] Filling up shuffle buffer (this may take a while): 2698 of 11303
2025-05-07 20:07:58.166126: I tensorflow/core/kernels/data/shuffle_dataset_op.cc:175] Filling up shuffle buffer (this may take a while): 4264 of 11303
2025-05-07 20:08:08.883099: I tensorflow/core/kernels/data/shuffle_dataset_op.cc:175] Filling up shuffle buffer (this may take a while): 5744 of 11303
2025-05-07 20:08:18.200728: I tensorflow/core/kernels/data/shuffle_dataset_op.cc:175] Filling up shuffle buffer (this may take a while): 7061 of 11303
2025-05-07 20:08:28.192262: I tensorflow/core/kernels/data/shuffle_dataset_op.cc:175] Filling up shuffle buffer (this may take a while): 8631 of 11303
2025-05-07 20:08:38.474061: I tensorflow/core/kernels/data/shuffle_dataset_op.cc:175] Filling up shuffle buffer (this may take a while): 10130 of 11303
2025-05-07 20:08:45.942763: I tensorflow/core/kernels/data/shuffle_dataset_op.cc:228] Shuffle buffer filled.
2025-05-07 20:09:57.244079: I tensorflow/core/kernels/data/shuffle_dataset_op.cc:175] Filling up shuffle buffer (this may take a while): 1436 of 11303
2025-05-07 20:10:04.467707: I tensorflow/core/kernels/data/shuffle_dataset_op.cc:175] Filling up shuffle buffer (this may take a while): 2698 of 11303
2025-05-07 20:10:14.470522: I tensorflow/core/kernels/data/shuffle_dataset_op.cc:175] Filling up shuffle buffer (this may take a while): 4226 of 11303
2025-05-07 20:10:24.500540: I tensorflow/core/kernels/data/shuffle_dataset_op.cc:175] Filling up shuffle buffer (this may take a while): 5733 of 11303
2025-05-07 20:10:34.400524: I tensorflow/core/kernels/data/shuffle_dataset_op.cc:175] Filling up shuffle buffer (this may take a while): 7438 of 11303
2025-05-07 20:10:44.578632: I tensorflow/core/kernels/data/shuffle_dataset_op.cc:175] Filling up shuffle buffer (this may take a while): 8867 of 11303
2025-05-07 20:10:54.587500: I tensorflow/core/kernels/data/shuffle_dataset_op.cc:175] Filling up shuffle buffer (this may take a while): 10148 of 11303
2025-05-07 20:11:01.952182: I tensorflow/core/kernels/data/shuffle_dataset_op.cc:228] Shuffle buffer filled.
2025-05-07 20:12:10.678670: I tensorflow/core/kernels/data/shuffle_dataset_op.cc:175] Filling up shuffle buffer (this may take a while): 1113 of 11303
2025-05-07 20:12:20.672945: I tensorflow/core/kernels/data/shuffle_dataset_op.cc:175] Filling up shuffle buffer (this may take a while): 2345 of 11303
2025-05-07 20:12:30.666034: I tensorflow/core/kernels/data/shuffle_dataset_op.cc:175] Filling up shuffle buffer (this may take a while): 3494 of 11303
2025-05-07 20:12:40.768496: I tensorflow/core/kernels/data/shuffle_dataset_op.cc:175] Filling up shuffle buffer (this may take a while): 4764 of 11303
2025-05-07 20:12:50.710646: I tensorflow/core/kernels/data/shuffle_dataset_op.cc:175] Filling up shuffle buffer (this may take a while): 5761 of 11303
2025-05-07 20:13:01.266848: I tensorflow/core/kernels/data/shuffle_dataset_op.cc:175] Filling up shuffle buffer (this may take a while): 7007 of 11303
2025-05-07 20:13:11.463366: I tensorflow/core/kernels/data/shuffle_dataset_op.cc:175] Filling up shuffle buffer (this may take a while): 8084 of 11303
2025-05-07 20:13:20.702641: I tensorflow/core/kernels/data/shuffle_dataset_op.cc:175] Filling up shuffle buffer (this may take a while): 8978 of 11303
2025-05-07 20:13:30.766201: I tensorflow/core/kernels/data/shuffle_dataset_op.cc:175] Filling up shuffle buffer (this may take a while): 10228 of 11303
2025-05-07 20:13:37.543012: I tensorflow/core/kernels/data/shuffle_dataset_op.cc:228] Shuffle buffer filled.
2025-05-07 20:14:27.566547: I tensorflow/core/kernels/data/shuffle_dataset_op.cc:175] Filling up shuffle buffer (this may take a while): 1070 of 1256
2025-05-07 20:14:27.615125: I tensorflow/core/kernels/data/shuffle_dataset_op.cc:228] Shuffle buffer filled.
2025-05-07 20:14:46.175792: I tensorflow/core/kernels/data/shuffle_dataset_op.cc:175] Filling up shuffle buffer (this may take a while): 1408 of 11303
2025-05-07 20:14:56.166430: I tensorflow/core/kernels/data/shuffle_dataset_op.cc:175] Filling up shuffle buffer (this may take a while): 2581 of 11303
2025-05-07 20:15:06.169059: I tensorflow/core/kernels/data/shuffle_dataset_op.cc:175] Filling up shuffle buffer (this may take a while): 3824 of 11303
2025-05-07 20:15:16.167723: I tensorflow/core/kernels/data/shuffle_dataset_op.cc:175] Filling up shuffle buffer (this may take a while): 5184 of 11303
2025-05-07 20:15:26.182871: I tensorflow/core/kernels/data/shuffle_dataset_op.cc:175] Filling up shuffle buffer (this may take a while): 6193 of 11303
2025-05-07 20:15:36.170105: I tensorflow/core/kernels/data/shuffle_dataset_op.cc:175] Filling up shuffle buffer (this may take a while): 7366 of 11303
2025-05-07 20:15:46.261670: I tensorflow/core/kernels/data/shuffle_dataset_op.cc:175] Filling up shuffle buffer (this may take a while): 8322 of 11303
2025-05-07 20:15:56.773000: I tensorflow/core/kernels/data/shuffle_dataset_op.cc:175] Filling up shuffle buffer (this may take a while): 9463 of 11303
2025-05-07 20:16:06.288168: I tensorflow/core/kernels/data/shuffle_dataset_op.cc:175] Filling up shuffle buffer (this may take a while): 10494 of 11303
2025-05-07 20:16:10.223780: I tensorflow/core/kernels/data/shuffle_dataset_op.cc:228] Shuffle buffer filled.
2025-05-07 20:17:20.567138: I tensorflow/core/kernels/data/shuffle_dataset_op.cc:175] Filling up shuffle buffer (this may take a while): 1401 of 11303
2025-05-07 20:17:30.167867: I tensorflow/core/kernels/data/shuffle_dataset_op.cc:175] Filling up shuffle buffer (this may take a while): 2596 of 11303
2025-05-07 20:17:40.169551: I tensorflow/core/kernels/data/shuffle_dataset_op.cc:175] Filling up shuffle buffer (this may take a while): 3633 of 11303
2025-05-07 20:17:50.176270: I tensorflow/core/kernels/data/shuffle_dataset_op.cc:175] Filling up shuffle buffer (this may take a while): 5173 of 11303
2025-05-07 20:18:00.375579: I tensorflow/core/kernels/data/shuffle_dataset_op.cc:175] Filling up shuffle buffer (this may take a while): 6101 of 11303
2025-05-07 20:18:10.270319: I tensorflow/core/kernels/data/shuffle_dataset_op.cc:175] Filling up shuffle buffer (this may take a while): 7358 of 11303
2025-05-07 20:18:20.164716: I tensorflow/core/kernels/data/shuffle_dataset_op.cc:175] Filling up shuffle buffer (this may take a while): 8276 of 11303
2025-05-07 20:18:30.175027: I tensorflow/core/kernels/data/shuffle_dataset_op.cc:175] Filling up shuffle buffer (this may take a while): 9354 of 11303
2025-05-07 20:18:40.305611: I tensorflow/core/kernels/data/shuffle_dataset_op.cc:175] Filling up shuffle buffer (this may take a while): 10603 of 11303
2025-05-07 20:18:43.248618: I tensorflow/core/kernels/data/shuffle_dataset_op.cc:228] Shuffle buffer filled.
2025-05-07 20:19:52.070252: I tensorflow/core/kernels/data/shuffle_dataset_op.cc:175] Filling up shuffle buffer (this may take a while): 1399 of 11303
2025-05-07 20:20:02.066051: I tensorflow/core/kernels/data/shuffle_dataset_op.cc:175] Filling up shuffle buffer (this may take a while): 2398 of 11303
2025-05-07 20:20:12.065901: I tensorflow/core/kernels/data/shuffle_dataset_op.cc:175] Filling up shuffle buffer (this may take a while): 3665 of 11303
2025-05-07 20:20:22.068796: I tensorflow/core/kernels/data/shuffle_dataset_op.cc:175] Filling up shuffle buffer (this may take a while): 4877 of 11303
2025-05-07 20:20:32.176416: I tensorflow/core/kernels/data/shuffle_dataset_op.cc:175] Filling up shuffle buffer (this may take a while): 6067 of 11303
2025-05-07 20:20:42.268801: I tensorflow/core/kernels/data/shuffle_dataset_op.cc:175] Filling up shuffle buffer (this may take a while): 7264 of 11303
2025-05-07 20:20:52.092144: I tensorflow/core/kernels/data/shuffle_dataset_op.cc:175] Filling up shuffle buffer (this may take a while): 8205 of 11303
2025-05-07 20:21:02.398925: I tensorflow/core/kernels/data/shuffle_dataset_op.cc:175] Filling up shuffle buffer (this may take a while): 9293 of 11303
2025-05-07 20:21:12.112982: I tensorflow/core/kernels/data/shuffle_dataset_op.cc:175] Filling up shuffle buffer (this may take a while): 10229 of 11303
2025-05-07 20:21:17.638348: I tensorflow/core/kernels/data/shuffle_dataset_op.cc:228] Shuffle buffer filled.
2025-05-07 20:22:07.570050: I tensorflow/core/kernels/data/shuffle_dataset_op.cc:175] Filling up shuffle buffer (this may take a while): 1076 of 1256
2025-05-07 20:22:07.695218: I tensorflow/core/kernels/data/shuffle_dataset_op.cc:228] Shuffle buffer filled.
2025-05-07 20:22:26.668999: I tensorflow/core/kernels/data/shuffle_dataset_op.cc:175] Filling up shuffle buffer (this may take a while): 1381 of 11303
2025-05-07 20:22:36.670976: I tensorflow/core/kernels/data/shuffle_dataset_op.cc:175] Filling up shuffle buffer (this may take a while): 2273 of 11303
2025-05-07 20:22:46.766001: I tensorflow/core/kernels/data/shuffle_dataset_op.cc:175] Filling up shuffle buffer (this may take a while): 3550 of 11303
2025-05-07 20:22:56.670131: I tensorflow/core/kernels/data/shuffle_dataset_op.cc:175] Filling up shuffle buffer (this may take a while): 4790 of 11303
2025-05-07 20:23:06.669839: I tensorflow/core/kernels/data/shuffle_dataset_op.cc:175] Filling up shuffle buffer (this may take a while): 6123 of 11303
2025-05-07 20:23:16.669735: I tensorflow/core/kernels/data/shuffle_dataset_op.cc:175] Filling up shuffle buffer (this may take a while): 7324 of 11303
2025-05-07 20:23:26.747553: I tensorflow/core/kernels/data/shuffle_dataset_op.cc:175] Filling up shuffle buffer (this may take a while): 8344 of 11303
2025-05-07 20:23:36.648041: I tensorflow/core/kernels/data/shuffle_dataset_op.cc:175] Filling up shuffle buffer (this may take a while): 9358 of 11303
2025-05-07 20:23:47.269555: I tensorflow/core/kernels/data/shuffle_dataset_op.cc:175] Filling up shuffle buffer (this may take a while): 10544 of 11303
2025-05-07 20:23:50.814626: I tensorflow/core/kernels/data/shuffle_dataset_op.cc:228] Shuffle buffer filled.
2025-05-07 20:24:57.874326: I tensorflow/core/kernels/data/shuffle_dataset_op.cc:175] Filling up shuffle buffer (this may take a while): 1376 of 11303
2025-05-07 20:25:07.966791: I tensorflow/core/kernels/data/shuffle_dataset_op.cc:175] Filling up shuffle buffer (this may take a while): 2645 of 11303
2025-05-07 20:25:17.969700: I tensorflow/core/kernels/data/shuffle_dataset_op.cc:175] Filling up shuffle buffer (this may take a while): 3887 of 11303
2025-05-07 20:25:27.966055: I tensorflow/core/kernels/data/shuffle_dataset_op.cc:175] Filling up shuffle buffer (this may take a while): 5188 of 11303
2025-05-07 20:25:37.867631: I tensorflow/core/kernels/data/shuffle_dataset_op.cc:175] Filling up shuffle buffer (this may take a while): 6233 of 11303
2025-05-07 20:25:48.204913: I tensorflow/core/kernels/data/shuffle_dataset_op.cc:175] Filling up shuffle buffer (this may take a while): 7368 of 11303
2025-05-07 20:25:57.842553: I tensorflow/core/kernels/data/shuffle_dataset_op.cc:175] Filling up shuffle buffer (this may take a while): 8270 of 11303
2025-05-07 20:26:08.395439: I tensorflow/core/kernels/data/shuffle_dataset_op.cc:175] Filling up shuffle buffer (this may take a while): 9463 of 11303
2025-05-07 20:26:17.878901: I tensorflow/core/kernels/data/shuffle_dataset_op.cc:175] Filling up shuffle buffer (this may take a while): 10571 of 11303
2025-05-07 20:26:21.693401: I tensorflow/core/kernels/data/shuffle_dataset_op.cc:228] Shuffle buffer filled.
2025-05-07 20:27:30.376671: I tensorflow/core/kernels/data/shuffle_dataset_op.cc:175] Filling up shuffle buffer (this may take a while): 1382 of 11303
2025-05-07 20:27:40.366715: I tensorflow/core/kernels/data/shuffle_dataset_op.cc:175] Filling up shuffle buffer (this may take a while): 2255 of 11303
2025-05-07 20:27:50.476759: I tensorflow/core/kernels/data/shuffle_dataset_op.cc:175] Filling up shuffle buffer (this may take a while): 3512 of 11303
2025-05-07 20:28:00.367406: I tensorflow/core/kernels/data/shuffle_dataset_op.cc:175] Filling up shuffle buffer (this may take a while): 4810 of 11303
2025-05-07 20:28:10.487115: I tensorflow/core/kernels/data/shuffle_dataset_op.cc:175] Filling up shuffle buffer (this may take a while): 6133 of 11303
2025-05-07 20:28:20.376234: I tensorflow/core/kernels/data/shuffle_dataset_op.cc:175] Filling up shuffle buffer (this may take a while): 7432 of 11303
2025-05-07 20:28:30.451716: I tensorflow/core/kernels/data/shuffle_dataset_op.cc:175] Filling up shuffle buffer (this may take a while): 8344 of 11303
2025-05-07 20:28:40.609742: I tensorflow/core/kernels/data/shuffle_dataset_op.cc:175] Filling up shuffle buffer (this may take a while): 9342 of 11303
2025-05-07 20:28:50.488089: I tensorflow/core/kernels/data/shuffle_dataset_op.cc:175] Filling up shuffle buffer (this may take a while): 10513 of 11303
2025-05-07 20:28:54.791879: I tensorflow/core/kernels/data/shuffle_dataset_op.cc:228] Shuffle buffer filled.
2025-05-07 20:30:04.377409: I tensorflow/core/kernels/data/shuffle_dataset_op.cc:175] Filling up shuffle buffer (this may take a while): 1393 of 11303
2025-05-07 20:30:14.274787: I tensorflow/core/kernels/data/shuffle_dataset_op.cc:175] Filling up shuffle buffer (this may take a while): 2640 of 11303
2025-05-07 20:30:24.267615: I tensorflow/core/kernels/data/shuffle_dataset_op.cc:175] Filling up shuffle buffer (this may take a while): 3925 of 11303
2025-05-07 20:30:34.178564: I tensorflow/core/kernels/data/shuffle_dataset_op.cc:175] Filling up shuffle buffer (this may take a while): 5194 of 11303
2025-05-07 20:30:44.168651: I tensorflow/core/kernels/data/shuffle_dataset_op.cc:175] Filling up shuffle buffer (this may take a while): 6199 of 11303
2025-05-07 20:30:54.265891: I tensorflow/core/kernels/data/shuffle_dataset_op.cc:175] Filling up shuffle buffer (this may take a while): 7421 of 11303
2025-05-07 20:31:04.185135: I tensorflow/core/kernels/data/shuffle_dataset_op.cc:175] Filling up shuffle buffer (this may take a while): 8601 of 11303
2025-05-07 20:31:14.612075: I tensorflow/core/kernels/data/shuffle_dataset_op.cc:175] Filling up shuffle buffer (this may take a while): 9519 of 11303
2025-05-07 20:31:24.274228: I tensorflow/core/kernels/data/shuffle_dataset_op.cc:175] Filling up shuffle buffer (this may take a while): 10598 of 11303
2025-05-07 20:31:27.416758: I tensorflow/core/kernels/data/shuffle_dataset_op.cc:228] Shuffle buffer filled.
2025-05-07 20:32:36.869822: I tensorflow/core/kernels/data/shuffle_dataset_op.cc:175] Filling up shuffle buffer (this may take a while): 1131 of 11303
2025-05-07 20:32:46.779887: I tensorflow/core/kernels/data/shuffle_dataset_op.cc:175] Filling up shuffle buffer (this may take a while): 2247 of 11303
2025-05-07 20:32:56.857316: I tensorflow/core/kernels/data/shuffle_dataset_op.cc:175] Filling up shuffle buffer (this may take a while): 3236 of 11303
2025-05-07 20:33:06.742795: I tensorflow/core/kernels/data/shuffle_dataset_op.cc:175] Filling up shuffle buffer (this may take a while): 4494 of 11303
2025-05-07 20:33:16.670810: I tensorflow/core/kernels/data/shuffle_dataset_op.cc:175] Filling up shuffle buffer (this may take a while): 5733 of 11303
2025-05-07 20:33:26.962976: I tensorflow/core/kernels/data/shuffle_dataset_op.cc:175] Filling up shuffle buffer (this may take a while): 6828 of 11303
2025-05-07 20:33:36.970155: I tensorflow/core/kernels/data/shuffle_dataset_op.cc:175] Filling up shuffle buffer (this may take a while): 8080 of 11303
2025-05-07 20:33:46.697941: I tensorflow/core/kernels/data/shuffle_dataset_op.cc:175] Filling up shuffle buffer (this may take a while): 9006 of 11303
2025-05-07 20:33:56.936365: I tensorflow/core/kernels/data/shuffle_dataset_op.cc:175] Filling up shuffle buffer (this may take a while): 10229 of 11303
2025-05-07 20:34:02.424778: I tensorflow/core/kernels/data/shuffle_dataset_op.cc:228] Shuffle buffer filled.
2025-05-07 20:35:11.066292: I tensorflow/core/kernels/data/shuffle_dataset_op.cc:175] Filling up shuffle buffer (this may take a while): 1390 of 11303
2025-05-07 20:35:21.077398: I tensorflow/core/kernels/data/shuffle_dataset_op.cc:175] Filling up shuffle buffer (this may take a while): 2613 of 11303
2025-05-07 20:35:31.066439: I tensorflow/core/kernels/data/shuffle_dataset_op.cc:175] Filling up shuffle buffer (this may take a while): 3755 of 11303
2025-05-07 20:35:41.067600: I tensorflow/core/kernels/data/shuffle_dataset_op.cc:175] Filling up shuffle buffer (this may take a while): 5156 of 11303
2025-05-07 20:35:51.084365: I tensorflow/core/kernels/data/shuffle_dataset_op.cc:175] Filling up shuffle buffer (this may take a while): 6098 of 11303
2025-05-07 20:36:01.097865: I tensorflow/core/kernels/data/shuffle_dataset_op.cc:175] Filling up shuffle buffer (this may take a while): 7101 of 11303
2025-05-07 20:36:11.388214: I tensorflow/core/kernels/data/shuffle_dataset_op.cc:175] Filling up shuffle buffer (this may take a while): 8237 of 11303
2025-05-07 20:36:21.476031: I tensorflow/core/kernels/data/shuffle_dataset_op.cc:175] Filling up shuffle buffer (this may take a while): 9293 of 11303
2025-05-07 20:36:31.145290: I tensorflow/core/kernels/data/shuffle_dataset_op.cc:175] Filling up shuffle buffer (this may take a while): 10240 of 11303
2025-05-07 20:36:36.323221: I tensorflow/core/kernels/data/shuffle_dataset_op.cc:228] Shuffle buffer filled.
2025-05-07 20:37:43.580774: I tensorflow/core/kernels/data/shuffle_dataset_op.cc:175] Filling up shuffle buffer (this may take a while): 1355 of 11303
2025-05-07 20:37:53.574500: I tensorflow/core/kernels/data/shuffle_dataset_op.cc:175] Filling up shuffle buffer (this may take a while): 2585 of 11303
2025-05-07 20:38:03.574216: I tensorflow/core/kernels/data/shuffle_dataset_op.cc:175] Filling up shuffle buffer (this may take a while): 3616 of 11303
2025-05-07 20:38:13.569750: I tensorflow/core/kernels/data/shuffle_dataset_op.cc:175] Filling up shuffle buffer (this may take a while): 4935 of 11303
2025-05-07 20:38:23.577234: I tensorflow/core/kernels/data/shuffle_dataset_op.cc:175] Filling up shuffle buffer (this may take a while): 6159 of 11303
2025-05-07 20:38:33.674006: I tensorflow/core/kernels/data/shuffle_dataset_op.cc:175] Filling up shuffle buffer (this may take a while): 7370 of 11303
2025-05-07 20:38:43.553409: I tensorflow/core/kernels/data/shuffle_dataset_op.cc:175] Filling up shuffle buffer (this may take a while): 8298 of 11303
2025-05-07 20:38:53.774017: I tensorflow/core/kernels/data/shuffle_dataset_op.cc:175] Filling up shuffle buffer (this may take a while): 9342 of 11303
2025-05-07 20:39:03.561987: I tensorflow/core/kernels/data/shuffle_dataset_op.cc:175] Filling up shuffle buffer (this may take a while): 10432 of 11303
2025-05-07 20:39:07.525712: I tensorflow/core/kernels/data/shuffle_dataset_op.cc:228] Shuffle buffer filled.
2025-05-07 20:40:20.641869: I tensorflow/core/kernels/data/shuffle_dataset_op.cc:175] Filling up shuffle buffer (this may take a while): 1436 of 11303
2025-05-07 20:40:25.674291: I tensorflow/core/kernels/data/shuffle_dataset_op.cc:175] Filling up shuffle buffer (this may take a while): 2604 of 11303
2025-05-07 20:40:35.671065: I tensorflow/core/kernels/data/shuffle_dataset_op.cc:175] Filling up shuffle buffer (this may take a while): 3692 of 11303
2025-05-07 20:40:45.665955: I tensorflow/core/kernels/data/shuffle_dataset_op.cc:175] Filling up shuffle buffer (this may take a while): 5137 of 11303
2025-05-07 20:40:55.669050: I tensorflow/core/kernels/data/shuffle_dataset_op.cc:175] Filling up shuffle buffer (this may take a while): 6330 of 11303
2025-05-07 20:41:05.678209: I tensorflow/core/kernels/data/shuffle_dataset_op.cc:175] Filling up shuffle buffer (this may take a while): 7362 of 11303
2025-05-07 20:41:15.614231: I tensorflow/core/kernels/data/shuffle_dataset_op.cc:175] Filling up shuffle buffer (this may take a while): 8270 of 11303
2025-05-07 20:41:26.116284: I tensorflow/core/kernels/data/shuffle_dataset_op.cc:175] Filling up shuffle buffer (this may take a while): 9463 of 11303
2025-05-07 20:41:35.699066: I tensorflow/core/kernels/data/shuffle_dataset_op.cc:175] Filling up shuffle buffer (this may take a while): 10549 of 11303
2025-05-07 20:41:38.997056: I tensorflow/core/kernels/data/shuffle_dataset_op.cc:228] Shuffle buffer filled.
2025-05-07 20:42:46.472834: I tensorflow/core/kernels/data/shuffle_dataset_op.cc:175] Filling up shuffle buffer (this may take a while): 1392 of 11303
2025-05-07 20:42:56.372767: I tensorflow/core/kernels/data/shuffle_dataset_op.cc:175] Filling up shuffle buffer (this may take a while): 2345 of 11303
2025-05-07 20:43:06.271697: I tensorflow/core/kernels/data/shuffle_dataset_op.cc:175] Filling up shuffle buffer (this may take a while): 3619 of 11303
2025-05-07 20:43:16.271363: I tensorflow/core/kernels/data/shuffle_dataset_op.cc:175] Filling up shuffle buffer (this may take a while): 4870 of 11303
2025-05-07 20:43:26.270192: I tensorflow/core/kernels/data/shuffle_dataset_op.cc:175] Filling up shuffle buffer (this may take a while): 6191 of 11303
2025-05-07 20:43:36.582119: I tensorflow/core/kernels/data/shuffle_dataset_op.cc:175] Filling up shuffle buffer (this may take a while): 7337 of 11303
2025-05-07 20:43:46.309154: I tensorflow/core/kernels/data/shuffle_dataset_op.cc:175] Filling up shuffle buffer (this may take a while): 8270 of 11303
2025-05-07 20:43:56.578127: I tensorflow/core/kernels/data/shuffle_dataset_op.cc:175] Filling up shuffle buffer (this may take a while): 9342 of 11303
2025-05-07 20:44:06.350713: I tensorflow/core/kernels/data/shuffle_dataset_op.cc:175] Filling up shuffle buffer (this may take a while): 10431 of 11303
2025-05-07 20:44:10.048171: I tensorflow/core/kernels/data/shuffle_dataset_op.cc:228] Shuffle buffer filled.
2025-05-07 20:45:18.565954: I tensorflow/core/kernels/data/shuffle_dataset_op.cc:175] Filling up shuffle buffer (this may take a while): 1092 of 11303
2025-05-07 20:45:28.665919: I tensorflow/core/kernels/data/shuffle_dataset_op.cc:175] Filling up shuffle buffer (this may take a while): 2250 of 11303
2025-05-07 20:45:38.514604: I tensorflow/core/kernels/data/shuffle_dataset_op.cc:175] Filling up shuffle buffer (this may take a while): 3252 of 11303
2025-05-07 20:45:48.667694: I tensorflow/core/kernels/data/shuffle_dataset_op.cc:175] Filling up shuffle buffer (this may take a while): 4751 of 11303
2025-05-07 20:45:58.637319: I tensorflow/core/kernels/data/shuffle_dataset_op.cc:175] Filling up shuffle buffer (this may take a while): 5744 of 11303
2025-05-07 20:46:08.507306: I tensorflow/core/kernels/data/shuffle_dataset_op.cc:175] Filling up shuffle buffer (this may take a while): 6861 of 11303
2025-05-07 20:46:18.657928: I tensorflow/core/kernels/data/shuffle_dataset_op.cc:175] Filling up shuffle buffer (this may take a while): 8091 of 11303
2025-05-07 20:46:28.565927: I tensorflow/core/kernels/data/shuffle_dataset_op.cc:175] Filling up shuffle buffer (this may take a while): 9293 of 11303
2025-05-07 20:46:39.006234: I tensorflow/core/kernels/data/shuffle_dataset_op.cc:175] Filling up shuffle buffer (this may take a while): 10245 of 11303
2025-05-07 20:46:43.790806: I tensorflow/core/kernels/data/shuffle_dataset_op.cc:228] Shuffle buffer filled.
2025-05-07 20:47:51.874495: I tensorflow/core/kernels/data/shuffle_dataset_op.cc:175] Filling up shuffle buffer (this may take a while): 1381 of 11303
2025-05-07 20:48:01.868062: I tensorflow/core/kernels/data/shuffle_dataset_op.cc:175] Filling up shuffle buffer (this may take a while): 2583 of 11303
2025-05-07 20:48:11.865861: I tensorflow/core/kernels/data/shuffle_dataset_op.cc:175] Filling up shuffle buffer (this may take a while): 3902 of 11303
2025-05-07 20:48:22.076491: I tensorflow/core/kernels/data/shuffle_dataset_op.cc:175] Filling up shuffle buffer (this may take a while): 5198 of 11303
2025-05-07 20:48:31.975818: I tensorflow/core/kernels/data/shuffle_dataset_op.cc:175] Filling up shuffle buffer (this may take a while): 6394 of 11303
2025-05-07 20:48:41.884088: I tensorflow/core/kernels/data/shuffle_dataset_op.cc:175] Filling up shuffle buffer (this may take a while): 7358 of 11303
2025-05-07 20:48:52.289695: I tensorflow/core/kernels/data/shuffle_dataset_op.cc:175] Filling up shuffle buffer (this may take a while): 8601 of 11303
2025-05-07 20:49:02.215005: I tensorflow/core/kernels/data/shuffle_dataset_op.cc:175] Filling up shuffle buffer (this may take a while): 9519 of 11303
2025-05-07 20:49:11.855369: I tensorflow/core/kernels/data/shuffle_dataset_op.cc:175] Filling up shuffle buffer (this may take a while): 10598 of 11303
2025-05-07 20:49:14.842258: I tensorflow/core/kernels/data/shuffle_dataset_op.cc:228] Shuffle buffer filled.
2025-05-07 20:50:22.976398: I tensorflow/core/kernels/data/shuffle_dataset_op.cc:175] Filling up shuffle buffer (this may take a while): 1287 of 11303
2025-05-07 20:50:32.975000: I tensorflow/core/kernels/data/shuffle_dataset_op.cc:175] Filling up shuffle buffer (this may take a while): 2367 of 11303
2025-05-07 20:50:42.980675: I tensorflow/core/kernels/data/shuffle_dataset_op.cc:175] Filling up shuffle buffer (this may take a while): 3629 of 11303
2025-05-07 20:50:52.977511: I tensorflow/core/kernels/data/shuffle_dataset_op.cc:175] Filling up shuffle buffer (this may take a while): 4939 of 11303
2025-05-07 20:51:02.973995: I tensorflow/core/kernels/data/shuffle_dataset_op.cc:175] Filling up shuffle buffer (this may take a while): 6124 of 11303
2025-05-07 20:51:12.976905: I tensorflow/core/kernels/data/shuffle_dataset_op.cc:175] Filling up shuffle buffer (this may take a while): 7429 of 11303
2025-05-07 20:51:23.191320: I tensorflow/core/kernels/data/shuffle_dataset_op.cc:175] Filling up shuffle buffer (this may take a while): 8601 of 11303
2025-05-07 20:51:33.008623: I tensorflow/core/kernels/data/shuffle_dataset_op.cc:175] Filling up shuffle buffer (this may take a while): 9519 of 11303
2025-05-07 20:51:42.979606: I tensorflow/core/kernels/data/shuffle_dataset_op.cc:175] Filling up shuffle buffer (this may take a while): 10606 of 11303
2025-05-07 20:51:45.342097: I tensorflow/core/kernels/data/shuffle_dataset_op.cc:228] Shuffle buffer filled.
finished task with id:: 3856
