now processing task id:: 4589 on worker1.slurm.hj.se
2025-05-13 08:54:05.016776: I tensorflow/core/platform/cpu_feature_guard.cc:210] This TensorFlow binary is optimized to use available CPU instructions in performance-critical operations.
To enable the following instructions: AVX2 FMA, in other operations, rebuild TensorFlow with the appropriate compiler flags.
WARNING: All log messages before absl::InitializeLog() is called are written to STDERR
I0000 00:00:1747126447.780543 3024622 gpu_device.cc:2018] Created device /job:localhost/replica:0/task:0/device:GPU:0 with 8098 MB memory:  -> device: 0, name: NVIDIA A100 80GB PCIe MIG 1g.10gb, pci bus id: 0000:81:00.0, compute capability: 8.0
2025-05-13 08:54:30.986716: I tensorflow/core/kernels/data/shuffle_dataset_op.cc:453] ShuffleDatasetV3:2: Filling up shuffle buffer (this may take a while): 1343 of 11303
2025-05-13 08:54:41.071356: I tensorflow/core/kernels/data/shuffle_dataset_op.cc:453] ShuffleDatasetV3:2: Filling up shuffle buffer (this may take a while): 3417 of 11303
2025-05-13 08:55:00.972700: I tensorflow/core/kernels/data/shuffle_dataset_op.cc:453] ShuffleDatasetV3:2: Filling up shuffle buffer (this may take a while): 7446 of 11303
2025-05-13 08:55:10.970003: I tensorflow/core/kernels/data/shuffle_dataset_op.cc:453] ShuffleDatasetV3:2: Filling up shuffle buffer (this may take a while): 9301 of 11303
2025-05-13 08:55:20.238218: I tensorflow/core/kernels/data/shuffle_dataset_op.cc:483] Shuffle buffer filled.
2025-05-13 08:55:20.255782: I external/local_xla/xla/service/service.cc:152] XLA service 0x7fa5d0003820 initialized for platform CUDA (this does not guarantee that XLA will be used). Devices:
2025-05-13 08:55:20.255873: I external/local_xla/xla/service/service.cc:160]   StreamExecutor device (0): NVIDIA A100 80GB PCIe MIG 1g.10gb, Compute Capability 8.0
2025-05-13 08:55:20.668984: I tensorflow/compiler/mlir/tensorflow/utils/dump_mlir_util.cc:269] disabling MLIR crash reproducer, set env var `MLIR_CRASH_REPRODUCER_DIRECTORY` to enable.
I0000 00:00:1747126523.107134 3025267 cuda_dnn.cc:529] Loaded cuDNN version 90300
2025-05-13 08:55:27.965993: I external/local_xla/xla/stream_executor/cuda/subprocess_compilation.cc:346] ptxas warning : Registers are spilled to local memory in function 'gemm_fusion_dot_10468', 4 bytes spill stores, 4 bytes spill loads

I0000 00:00:1747126537.389387 3025267 device_compiler.h:196] Compiled cluster using XLA!  This line is logged at most once for the lifetime of the process.
2025-05-13 08:58:05.614244: I external/local_xla/xla/stream_executor/cuda/subprocess_compilation.cc:346] ptxas warning : Registers are spilled to local memory in function 'gemm_fusion_dot_10468', 4 bytes spill stores, 4 bytes spill loads

2025-05-13 08:58:21.483234: I external/local_xla/xla/stream_executor/cuda/subprocess_compilation.cc:346] ptxas warning : Registers are spilled to local memory in function 'gemm_fusion_dot_3340', 4 bytes spill stores, 4 bytes spill loads

2025-05-13 08:59:02.778271: I tensorflow/core/kernels/data/shuffle_dataset_op.cc:453] ShuffleDatasetV3:2: Filling up shuffle buffer (this may take a while): 1651 of 11303
2025-05-13 08:59:22.772298: I tensorflow/core/kernels/data/shuffle_dataset_op.cc:453] ShuffleDatasetV3:2: Filling up shuffle buffer (this may take a while): 5745 of 11303
2025-05-13 08:59:42.698144: I tensorflow/core/kernels/data/shuffle_dataset_op.cc:453] ShuffleDatasetV3:2: Filling up shuffle buffer (this may take a while): 9631 of 11303
2025-05-13 08:59:49.904417: I tensorflow/core/kernels/data/shuffle_dataset_op.cc:483] Shuffle buffer filled.
2025-05-13 09:02:48.986978: I tensorflow/core/kernels/data/shuffle_dataset_op.cc:453] ShuffleDatasetV3:2: Filling up shuffle buffer (this may take a while): 1555 of 11303
2025-05-13 09:03:09.084373: I tensorflow/core/kernels/data/shuffle_dataset_op.cc:453] ShuffleDatasetV3:2: Filling up shuffle buffer (this may take a while): 5844 of 11303
2025-05-13 09:03:29.465958: I tensorflow/core/kernels/data/shuffle_dataset_op.cc:453] ShuffleDatasetV3:2: Filling up shuffle buffer (this may take a while): 9556 of 11303
2025-05-13 09:03:37.634598: I tensorflow/core/kernels/data/shuffle_dataset_op.cc:483] Shuffle buffer filled.
2025-05-13 09:06:34.186539: I tensorflow/core/kernels/data/shuffle_dataset_op.cc:453] ShuffleDatasetV3:2: Filling up shuffle buffer (this may take a while): 1744 of 11303
2025-05-13 09:06:44.384099: I tensorflow/core/kernels/data/shuffle_dataset_op.cc:453] ShuffleDatasetV3:2: Filling up shuffle buffer (this may take a while): 3744 of 11303
2025-05-13 09:06:54.396779: I tensorflow/core/kernels/data/shuffle_dataset_op.cc:453] ShuffleDatasetV3:2: Filling up shuffle buffer (this may take a while): 5710 of 11303
2025-05-13 09:07:14.281306: I tensorflow/core/kernels/data/shuffle_dataset_op.cc:453] ShuffleDatasetV3:2: Filling up shuffle buffer (this may take a while): 9556 of 11303
2025-05-13 09:07:20.909457: I tensorflow/core/kernels/data/shuffle_dataset_op.cc:483] Shuffle buffer filled.
2025-05-13 09:10:19.067874: I tensorflow/core/kernels/data/shuffle_dataset_op.cc:453] ShuffleDatasetV3:2: Filling up shuffle buffer (this may take a while): 1890 of 11303
2025-05-13 09:10:39.166479: I tensorflow/core/kernels/data/shuffle_dataset_op.cc:453] ShuffleDatasetV3:2: Filling up shuffle buffer (this may take a while): 6389 of 11303
2025-05-13 09:10:59.198293: I tensorflow/core/kernels/data/shuffle_dataset_op.cc:453] ShuffleDatasetV3:2: Filling up shuffle buffer (this may take a while): 10230 of 11303
2025-05-13 09:11:03.332124: I tensorflow/core/kernels/data/shuffle_dataset_op.cc:483] Shuffle buffer filled.
2025-05-13 09:13:59.566551: I tensorflow/core/kernels/data/shuffle_dataset_op.cc:453] ShuffleDatasetV3:2: Filling up shuffle buffer (this may take a while): 1784 of 11303
2025-05-13 09:14:19.381073: I tensorflow/core/kernels/data/shuffle_dataset_op.cc:453] ShuffleDatasetV3:2: Filling up shuffle buffer (this may take a while): 5934 of 11303
2025-05-13 09:14:39.694097: I tensorflow/core/kernels/data/shuffle_dataset_op.cc:453] ShuffleDatasetV3:2: Filling up shuffle buffer (this may take a while): 9813 of 11303
2025-05-13 09:14:45.926529: I tensorflow/core/kernels/data/shuffle_dataset_op.cc:483] Shuffle buffer filled.
2025-05-13 09:17:47.066737: I tensorflow/core/kernels/data/shuffle_dataset_op.cc:453] ShuffleDatasetV3:2: Filling up shuffle buffer (this may take a while): 1917 of 11303
2025-05-13 09:18:06.970151: I tensorflow/core/kernels/data/shuffle_dataset_op.cc:453] ShuffleDatasetV3:2: Filling up shuffle buffer (this may take a while): 6187 of 11303
2025-05-13 09:18:17.166186: I tensorflow/core/kernels/data/shuffle_dataset_op.cc:453] ShuffleDatasetV3:2: Filling up shuffle buffer (this may take a while): 8200 of 11303
2025-05-13 09:18:31.537828: I tensorflow/core/kernels/data/shuffle_dataset_op.cc:483] Shuffle buffer filled.
2025-05-13 09:21:32.577430: I tensorflow/core/kernels/data/shuffle_dataset_op.cc:453] ShuffleDatasetV3:2: Filling up shuffle buffer (this may take a while): 1698 of 11303
2025-05-13 09:21:52.607262: I tensorflow/core/kernels/data/shuffle_dataset_op.cc:453] ShuffleDatasetV3:2: Filling up shuffle buffer (this may take a while): 6354 of 11303
2025-05-13 09:22:12.586088: I tensorflow/core/kernels/data/shuffle_dataset_op.cc:453] ShuffleDatasetV3:2: Filling up shuffle buffer (this may take a while): 10368 of 11303
2025-05-13 09:22:15.992118: I tensorflow/core/kernels/data/shuffle_dataset_op.cc:483] Shuffle buffer filled.
2025-05-13 09:25:14.783002: I tensorflow/core/kernels/data/shuffle_dataset_op.cc:453] ShuffleDatasetV3:2: Filling up shuffle buffer (this may take a while): 1882 of 11303
2025-05-13 09:25:25.391044: I tensorflow/core/kernels/data/shuffle_dataset_op.cc:453] ShuffleDatasetV3:2: Filling up shuffle buffer (this may take a while): 4027 of 11303
2025-05-13 09:25:45.211554: I tensorflow/core/kernels/data/shuffle_dataset_op.cc:453] ShuffleDatasetV3:2: Filling up shuffle buffer (this may take a while): 7721 of 11303
2025-05-13 09:25:55.481855: I tensorflow/core/kernels/data/shuffle_dataset_op.cc:453] ShuffleDatasetV3:2: Filling up shuffle buffer (this may take a while): 9826 of 11303
2025-05-13 09:26:01.830853: I tensorflow/core/kernels/data/shuffle_dataset_op.cc:483] Shuffle buffer filled.
2025-05-13 09:28:58.092347: I tensorflow/core/kernels/data/shuffle_dataset_op.cc:453] ShuffleDatasetV3:2: Filling up shuffle buffer (this may take a while): 2041 of 11303
2025-05-13 09:29:08.178422: I tensorflow/core/kernels/data/shuffle_dataset_op.cc:453] ShuffleDatasetV3:2: Filling up shuffle buffer (this may take a while): 4601 of 11303
2025-05-13 09:29:18.469905: I tensorflow/core/kernels/data/shuffle_dataset_op.cc:453] ShuffleDatasetV3:2: Filling up shuffle buffer (this may take a while): 6847 of 11303
2025-05-13 09:29:28.485144: I tensorflow/core/kernels/data/shuffle_dataset_op.cc:453] ShuffleDatasetV3:2: Filling up shuffle buffer (this may take a while): 8857 of 11303
2025-05-13 09:29:39.055738: I tensorflow/core/kernels/data/shuffle_dataset_op.cc:483] Shuffle buffer filled.
2025-05-13 09:32:35.080879: I tensorflow/core/kernels/data/shuffle_dataset_op.cc:453] ShuffleDatasetV3:2: Filling up shuffle buffer (this may take a while): 1818 of 11303
2025-05-13 09:32:45.168351: I tensorflow/core/kernels/data/shuffle_dataset_op.cc:453] ShuffleDatasetV3:2: Filling up shuffle buffer (this may take a while): 4068 of 11303
2025-05-13 09:33:05.081171: I tensorflow/core/kernels/data/shuffle_dataset_op.cc:453] ShuffleDatasetV3:2: Filling up shuffle buffer (this may take a while): 8015 of 11303
2025-05-13 09:33:15.083185: I tensorflow/core/kernels/data/shuffle_dataset_op.cc:453] ShuffleDatasetV3:2: Filling up shuffle buffer (this may take a while): 10003 of 11303
2025-05-13 09:33:20.113232: I tensorflow/core/kernels/data/shuffle_dataset_op.cc:483] Shuffle buffer filled.
2025-05-13 09:36:19.571134: I tensorflow/core/kernels/data/shuffle_dataset_op.cc:453] ShuffleDatasetV3:2: Filling up shuffle buffer (this may take a while): 1636 of 11303
2025-05-13 09:36:29.593842: I tensorflow/core/kernels/data/shuffle_dataset_op.cc:453] ShuffleDatasetV3:2: Filling up shuffle buffer (this may take a while): 3569 of 11303
2025-05-13 09:36:39.695951: I tensorflow/core/kernels/data/shuffle_dataset_op.cc:453] ShuffleDatasetV3:2: Filling up shuffle buffer (this may take a while): 5665 of 11303
2025-05-13 09:36:59.884421: I tensorflow/core/kernels/data/shuffle_dataset_op.cc:453] ShuffleDatasetV3:2: Filling up shuffle buffer (this may take a while): 9171 of 11303
2025-05-13 09:37:10.492986: I tensorflow/core/kernels/data/shuffle_dataset_op.cc:483] Shuffle buffer filled.
2025-05-13 09:40:08.495418: I tensorflow/core/kernels/data/shuffle_dataset_op.cc:453] ShuffleDatasetV3:2: Filling up shuffle buffer (this may take a while): 1744 of 11303
2025-05-13 09:40:28.976642: I tensorflow/core/kernels/data/shuffle_dataset_op.cc:453] ShuffleDatasetV3:2: Filling up shuffle buffer (this may take a while): 5739 of 11303
2025-05-13 09:40:48.568131: I tensorflow/core/kernels/data/shuffle_dataset_op.cc:453] ShuffleDatasetV3:2: Filling up shuffle buffer (this may take a while): 9352 of 11303
2025-05-13 09:40:58.320178: I tensorflow/core/kernels/data/shuffle_dataset_op.cc:483] Shuffle buffer filled.
2025-05-13 09:43:56.681222: I tensorflow/core/kernels/data/shuffle_dataset_op.cc:453] ShuffleDatasetV3:2: Filling up shuffle buffer (this may take a while): 1588 of 11303
2025-05-13 09:44:16.669775: I tensorflow/core/kernels/data/shuffle_dataset_op.cc:453] ShuffleDatasetV3:2: Filling up shuffle buffer (this may take a while): 5443 of 11303
2025-05-13 09:44:26.696741: I tensorflow/core/kernels/data/shuffle_dataset_op.cc:453] ShuffleDatasetV3:2: Filling up shuffle buffer (this may take a while): 7503 of 11303
2025-05-13 09:44:46.791968: I tensorflow/core/kernels/data/shuffle_dataset_op.cc:453] ShuffleDatasetV3:2: Filling up shuffle buffer (this may take a while): 11058 of 11303
2025-05-13 09:44:46.923976: I tensorflow/core/kernels/data/shuffle_dataset_op.cc:483] Shuffle buffer filled.
2025-05-13 09:47:45.871972: I tensorflow/core/kernels/data/shuffle_dataset_op.cc:453] ShuffleDatasetV3:2: Filling up shuffle buffer (this may take a while): 1714 of 11303
2025-05-13 09:48:05.893681: I tensorflow/core/kernels/data/shuffle_dataset_op.cc:453] ShuffleDatasetV3:2: Filling up shuffle buffer (this may take a while): 5887 of 11303
2025-05-13 09:48:16.172840: I tensorflow/core/kernels/data/shuffle_dataset_op.cc:453] ShuffleDatasetV3:2: Filling up shuffle buffer (this may take a while): 7721 of 11303
2025-05-13 09:48:35.451138: I tensorflow/core/kernels/data/shuffle_dataset_op.cc:483] Shuffle buffer filled.
2025-05-13 09:51:37.491154: I tensorflow/core/kernels/data/shuffle_dataset_op.cc:453] ShuffleDatasetV3:2: Filling up shuffle buffer (this may take a while): 1691 of 11303
2025-05-13 09:51:57.484981: I tensorflow/core/kernels/data/shuffle_dataset_op.cc:453] ShuffleDatasetV3:2: Filling up shuffle buffer (this may take a while): 5685 of 11303
2025-05-13 09:52:17.678094: I tensorflow/core/kernels/data/shuffle_dataset_op.cc:453] ShuffleDatasetV3:2: Filling up shuffle buffer (this may take a while): 9238 of 11303
2025-05-13 09:52:27.909519: I tensorflow/core/kernels/data/shuffle_dataset_op.cc:483] Shuffle buffer filled.
2025-05-13 09:55:26.272892: I tensorflow/core/kernels/data/shuffle_dataset_op.cc:453] ShuffleDatasetV3:2: Filling up shuffle buffer (this may take a while): 1720 of 11303
2025-05-13 09:55:46.307694: I tensorflow/core/kernels/data/shuffle_dataset_op.cc:453] ShuffleDatasetV3:2: Filling up shuffle buffer (this may take a while): 5756 of 11303
2025-05-13 09:56:06.269976: I tensorflow/core/kernels/data/shuffle_dataset_op.cc:453] ShuffleDatasetV3:2: Filling up shuffle buffer (this may take a while): 9320 of 11303
2025-05-13 09:56:15.819369: I tensorflow/core/kernels/data/shuffle_dataset_op.cc:483] Shuffle buffer filled.
2025-05-13 09:59:18.799210: I tensorflow/core/kernels/data/shuffle_dataset_op.cc:453] ShuffleDatasetV3:2: Filling up shuffle buffer (this may take a while): 1720 of 11303
2025-05-13 09:59:28.880229: I tensorflow/core/kernels/data/shuffle_dataset_op.cc:453] ShuffleDatasetV3:2: Filling up shuffle buffer (this may take a while): 3894 of 11303
2025-05-13 09:59:48.868724: I tensorflow/core/kernels/data/shuffle_dataset_op.cc:453] ShuffleDatasetV3:2: Filling up shuffle buffer (this may take a while): 7923 of 11303
2025-05-13 09:59:58.889999: I tensorflow/core/kernels/data/shuffle_dataset_op.cc:453] ShuffleDatasetV3:2: Filling up shuffle buffer (this may take a while): 9790 of 11303
2025-05-13 10:00:06.678798: I tensorflow/core/kernels/data/shuffle_dataset_op.cc:483] Shuffle buffer filled.
2025-05-13 10:03:10.006583: I tensorflow/core/kernels/data/shuffle_dataset_op.cc:453] ShuffleDatasetV3:2: Filling up shuffle buffer (this may take a while): 1639 of 11303
2025-05-13 10:03:29.894845: I tensorflow/core/kernels/data/shuffle_dataset_op.cc:453] ShuffleDatasetV3:2: Filling up shuffle buffer (this may take a while): 5582 of 11303
2025-05-13 10:03:39.984078: I tensorflow/core/kernels/data/shuffle_dataset_op.cc:453] ShuffleDatasetV3:2: Filling up shuffle buffer (this may take a while): 7513 of 11303
2025-05-13 10:03:59.296305: I tensorflow/core/kernels/data/shuffle_dataset_op.cc:483] Shuffle buffer filled.
2025-05-13 10:06:59.282066: I tensorflow/core/kernels/data/shuffle_dataset_op.cc:453] ShuffleDatasetV3:2: Filling up shuffle buffer (this may take a while): 1637 of 11303
2025-05-13 10:07:09.291165: I tensorflow/core/kernels/data/shuffle_dataset_op.cc:453] ShuffleDatasetV3:2: Filling up shuffle buffer (this may take a while): 3764 of 11303
2025-05-13 10:07:19.377185: I tensorflow/core/kernels/data/shuffle_dataset_op.cc:453] ShuffleDatasetV3:2: Filling up shuffle buffer (this may take a while): 5798 of 11303
2025-05-13 10:07:39.905691: I tensorflow/core/kernels/data/shuffle_dataset_op.cc:453] ShuffleDatasetV3:2: Filling up shuffle buffer (this may take a while): 9547 of 11303
2025-05-13 10:07:48.434357: I tensorflow/core/kernels/data/shuffle_dataset_op.cc:483] Shuffle buffer filled.
2025-05-13 10:10:48.081584: I tensorflow/core/kernels/data/shuffle_dataset_op.cc:453] ShuffleDatasetV3:2: Filling up shuffle buffer (this may take a while): 1867 of 11303
2025-05-13 10:11:07.996078: I tensorflow/core/kernels/data/shuffle_dataset_op.cc:453] ShuffleDatasetV3:2: Filling up shuffle buffer (this may take a while): 5687 of 11303
2025-05-13 10:11:28.172025: I tensorflow/core/kernels/data/shuffle_dataset_op.cc:453] ShuffleDatasetV3:2: Filling up shuffle buffer (this may take a while): 9300 of 11303
2025-05-13 10:11:38.666223: I tensorflow/core/kernels/data/shuffle_dataset_op.cc:453] ShuffleDatasetV3:2: Filling up shuffle buffer (this may take a while): 11029 of 11303
2025-05-13 10:11:38.956887: I tensorflow/core/kernels/data/shuffle_dataset_op.cc:483] Shuffle buffer filled.
2025-05-13 10:14:39.066486: I tensorflow/core/kernels/data/shuffle_dataset_op.cc:453] ShuffleDatasetV3:2: Filling up shuffle buffer (this may take a while): 1647 of 11303
2025-05-13 10:14:49.270793: I tensorflow/core/kernels/data/shuffle_dataset_op.cc:453] ShuffleDatasetV3:2: Filling up shuffle buffer (this may take a while): 3756 of 11303
2025-05-13 10:15:09.089156: I tensorflow/core/kernels/data/shuffle_dataset_op.cc:453] ShuffleDatasetV3:2: Filling up shuffle buffer (this may take a while): 7693 of 11303
2025-05-13 10:15:28.410760: I tensorflow/core/kernels/data/shuffle_dataset_op.cc:483] Shuffle buffer filled.
2025-05-13 10:18:27.768546: I tensorflow/core/kernels/data/shuffle_dataset_op.cc:453] ShuffleDatasetV3:2: Filling up shuffle buffer (this may take a while): 1826 of 11303
2025-05-13 10:18:47.591772: I tensorflow/core/kernels/data/shuffle_dataset_op.cc:453] ShuffleDatasetV3:2: Filling up shuffle buffer (this may take a while): 5853 of 11303
2025-05-13 10:18:57.683879: I tensorflow/core/kernels/data/shuffle_dataset_op.cc:453] ShuffleDatasetV3:2: Filling up shuffle buffer (this may take a while): 8021 of 11303
2025-05-13 10:19:07.996096: I tensorflow/core/kernels/data/shuffle_dataset_op.cc:453] ShuffleDatasetV3:2: Filling up shuffle buffer (this may take a while): 10048 of 11303
2025-05-13 10:19:12.619043: I tensorflow/core/kernels/data/shuffle_dataset_op.cc:483] Shuffle buffer filled.
2025-05-13 10:22:10.481452: I tensorflow/core/kernels/data/shuffle_dataset_op.cc:453] ShuffleDatasetV3:2: Filling up shuffle buffer (this may take a while): 2088 of 11303
2025-05-13 10:22:20.670143: I tensorflow/core/kernels/data/shuffle_dataset_op.cc:453] ShuffleDatasetV3:2: Filling up shuffle buffer (this may take a while): 4361 of 11303
2025-05-13 10:22:40.586034: I tensorflow/core/kernels/data/shuffle_dataset_op.cc:453] ShuffleDatasetV3:2: Filling up shuffle buffer (this may take a while): 8181 of 11303
2025-05-13 10:22:56.708984: I tensorflow/core/kernels/data/shuffle_dataset_op.cc:483] Shuffle buffer filled.
2025-05-13 10:25:53.166589: I tensorflow/core/kernels/data/shuffle_dataset_op.cc:453] ShuffleDatasetV3:2: Filling up shuffle buffer (this may take a while): 1567 of 11303
2025-05-13 10:26:03.195479: I tensorflow/core/kernels/data/shuffle_dataset_op.cc:453] ShuffleDatasetV3:2: Filling up shuffle buffer (this may take a while): 3500 of 11303
2025-05-13 10:26:23.195465: I tensorflow/core/kernels/data/shuffle_dataset_op.cc:453] ShuffleDatasetV3:2: Filling up shuffle buffer (this may take a while): 7483 of 11303
2025-05-13 10:26:33.370449: I tensorflow/core/kernels/data/shuffle_dataset_op.cc:453] ShuffleDatasetV3:2: Filling up shuffle buffer (this may take a while): 9179 of 11303
2025-05-13 10:26:43.719566: I tensorflow/core/kernels/data/shuffle_dataset_op.cc:483] Shuffle buffer filled.
2025-05-13 10:29:43.587992: I tensorflow/core/kernels/data/shuffle_dataset_op.cc:453] ShuffleDatasetV3:2: Filling up shuffle buffer (this may take a while): 1732 of 11303
2025-05-13 10:30:03.468994: I tensorflow/core/kernels/data/shuffle_dataset_op.cc:453] ShuffleDatasetV3:2: Filling up shuffle buffer (this may take a while): 5580 of 11303
2025-05-13 10:30:13.577554: I tensorflow/core/kernels/data/shuffle_dataset_op.cc:453] ShuffleDatasetV3:2: Filling up shuffle buffer (this may take a while): 7440 of 11303
2025-05-13 10:30:33.480880: I tensorflow/core/kernels/data/shuffle_dataset_op.cc:453] ShuffleDatasetV3:2: Filling up shuffle buffer (this may take a while): 10753 of 11303
2025-05-13 10:30:35.428970: I tensorflow/core/kernels/data/shuffle_dataset_op.cc:483] Shuffle buffer filled.
2025-05-13 10:33:35.885707: I tensorflow/core/kernels/data/shuffle_dataset_op.cc:453] ShuffleDatasetV3:2: Filling up shuffle buffer (this may take a while): 1703 of 11303
2025-05-13 10:33:45.887623: I tensorflow/core/kernels/data/shuffle_dataset_op.cc:453] ShuffleDatasetV3:2: Filling up shuffle buffer (this may take a while): 3711 of 11303
2025-05-13 10:33:55.970618: I tensorflow/core/kernels/data/shuffle_dataset_op.cc:453] ShuffleDatasetV3:2: Filling up shuffle buffer (this may take a while): 5499 of 11303
2025-05-13 10:34:05.983134: I tensorflow/core/kernels/data/shuffle_dataset_op.cc:453] ShuffleDatasetV3:2: Filling up shuffle buffer (this may take a while): 7485 of 11303
2025-05-13 10:34:16.981443: I tensorflow/core/kernels/data/shuffle_dataset_op.cc:453] ShuffleDatasetV3:2: Filling up shuffle buffer (this may take a while): 9293 of 11303
2025-05-13 10:34:26.984079: I tensorflow/core/kernels/data/shuffle_dataset_op.cc:483] Shuffle buffer filled.
2025-05-13 10:37:26.408948: I tensorflow/core/kernels/data/shuffle_dataset_op.cc:453] ShuffleDatasetV3:2: Filling up shuffle buffer (this may take a while): 1718 of 11303
2025-05-13 10:37:36.572421: I tensorflow/core/kernels/data/shuffle_dataset_op.cc:453] ShuffleDatasetV3:2: Filling up shuffle buffer (this may take a while): 3787 of 11303
2025-05-13 10:37:46.583353: I tensorflow/core/kernels/data/shuffle_dataset_op.cc:453] ShuffleDatasetV3:2: Filling up shuffle buffer (this may take a while): 5868 of 11303
2025-05-13 10:38:06.473981: I tensorflow/core/kernels/data/shuffle_dataset_op.cc:453] ShuffleDatasetV3:2: Filling up shuffle buffer (this may take a while): 9655 of 11303
2025-05-13 10:38:14.090614: I tensorflow/core/kernels/data/shuffle_dataset_op.cc:483] Shuffle buffer filled.
2025-05-13 10:41:13.685112: I tensorflow/core/kernels/data/shuffle_dataset_op.cc:453] ShuffleDatasetV3:2: Filling up shuffle buffer (this may take a while): 1700 of 11303
2025-05-13 10:41:23.970598: I tensorflow/core/kernels/data/shuffle_dataset_op.cc:453] ShuffleDatasetV3:2: Filling up shuffle buffer (this may take a while): 3874 of 11303
2025-05-13 10:41:43.795812: I tensorflow/core/kernels/data/shuffle_dataset_op.cc:453] ShuffleDatasetV3:2: Filling up shuffle buffer (this may take a while): 7720 of 11303
2025-05-13 10:41:53.902273: I tensorflow/core/kernels/data/shuffle_dataset_op.cc:453] ShuffleDatasetV3:2: Filling up shuffle buffer (this may take a while): 9813 of 11303
2025-05-13 10:42:01.242054: I tensorflow/core/kernels/data/shuffle_dataset_op.cc:483] Shuffle buffer filled.
2025-05-13 10:44:58.367166: I tensorflow/core/kernels/data/shuffle_dataset_op.cc:453] ShuffleDatasetV3:2: Filling up shuffle buffer (this may take a while): 1635 of 11303
2025-05-13 10:45:08.389231: I tensorflow/core/kernels/data/shuffle_dataset_op.cc:453] ShuffleDatasetV3:2: Filling up shuffle buffer (this may take a while): 3651 of 11303
2025-05-13 10:45:18.398028: I tensorflow/core/kernels/data/shuffle_dataset_op.cc:453] ShuffleDatasetV3:2: Filling up shuffle buffer (this may take a while): 5567 of 11303
2025-05-13 10:45:28.480737: I tensorflow/core/kernels/data/shuffle_dataset_op.cc:453] ShuffleDatasetV3:2: Filling up shuffle buffer (this may take a while): 7533 of 11303
2025-05-13 10:45:47.932374: I tensorflow/core/kernels/data/shuffle_dataset_op.cc:483] Shuffle buffer filled.
2025-05-13 10:48:48.669692: I tensorflow/core/kernels/data/shuffle_dataset_op.cc:453] ShuffleDatasetV3:2: Filling up shuffle buffer (this may take a while): 1802 of 11303
2025-05-13 10:49:08.578437: I tensorflow/core/kernels/data/shuffle_dataset_op.cc:453] ShuffleDatasetV3:2: Filling up shuffle buffer (this may take a while): 5788 of 11303
2025-05-13 10:49:18.681831: I tensorflow/core/kernels/data/shuffle_dataset_op.cc:453] ShuffleDatasetV3:2: Filling up shuffle buffer (this may take a while): 7694 of 11303
2025-05-13 10:49:29.078054: I tensorflow/core/kernels/data/shuffle_dataset_op.cc:453] ShuffleDatasetV3:2: Filling up shuffle buffer (this may take a while): 9556 of 11303
2025-05-13 10:49:37.019040: I tensorflow/core/kernels/data/shuffle_dataset_op.cc:483] Shuffle buffer filled.
2025-05-13 10:52:33.572553: I tensorflow/core/kernels/data/shuffle_dataset_op.cc:453] ShuffleDatasetV3:2: Filling up shuffle buffer (this may take a while): 1749 of 11303
2025-05-13 10:52:53.472656: I tensorflow/core/kernels/data/shuffle_dataset_op.cc:453] ShuffleDatasetV3:2: Filling up shuffle buffer (this may take a while): 5780 of 11303
2025-05-13 10:53:03.480321: I tensorflow/core/kernels/data/shuffle_dataset_op.cc:453] ShuffleDatasetV3:2: Filling up shuffle buffer (this may take a while): 7668 of 11303
2025-05-13 10:53:13.499491: I tensorflow/core/kernels/data/shuffle_dataset_op.cc:453] ShuffleDatasetV3:2: Filling up shuffle buffer (this may take a while): 9404 of 11303
2025-05-13 10:53:23.699611: I tensorflow/core/kernels/data/shuffle_dataset_op.cc:483] Shuffle buffer filled.
2025-05-13 10:56:18.286747: I tensorflow/core/kernels/data/shuffle_dataset_op.cc:453] ShuffleDatasetV3:2: Filling up shuffle buffer (this may take a while): 2437 of 11303
2025-05-13 10:56:38.371735: I tensorflow/core/kernels/data/shuffle_dataset_op.cc:453] ShuffleDatasetV3:2: Filling up shuffle buffer (this may take a while): 7561 of 11303
2025-05-13 10:56:53.638874: I tensorflow/core/kernels/data/shuffle_dataset_op.cc:483] Shuffle buffer filled.
2025-05-13 10:59:44.778389: I tensorflow/core/kernels/data/shuffle_dataset_op.cc:453] ShuffleDatasetV3:2: Filling up shuffle buffer (this may take a while): 2232 of 11303
2025-05-13 10:59:54.892206: I tensorflow/core/kernels/data/shuffle_dataset_op.cc:453] ShuffleDatasetV3:2: Filling up shuffle buffer (this may take a while): 5121 of 11303
2025-05-13 11:00:14.932048: I tensorflow/core/kernels/data/shuffle_dataset_op.cc:453] ShuffleDatasetV3:2: Filling up shuffle buffer (this may take a while): 10231 of 11303
2025-05-13 11:00:18.147333: I tensorflow/core/kernels/data/shuffle_dataset_op.cc:483] Shuffle buffer filled.
2025-05-13 11:03:08.971582: I tensorflow/core/kernels/data/shuffle_dataset_op.cc:453] ShuffleDatasetV3:2: Filling up shuffle buffer (this may take a while): 2353 of 11303
2025-05-13 11:03:19.067234: I tensorflow/core/kernels/data/shuffle_dataset_op.cc:453] ShuffleDatasetV3:2: Filling up shuffle buffer (this may take a while): 5136 of 11303
2025-05-13 11:03:39.280059: I tensorflow/core/kernels/data/shuffle_dataset_op.cc:453] ShuffleDatasetV3:2: Filling up shuffle buffer (this may take a while): 10324 of 11303
2025-05-13 11:03:42.320442: I tensorflow/core/kernels/data/shuffle_dataset_op.cc:483] Shuffle buffer filled.
2025-05-13 11:06:37.975946: I tensorflow/core/kernels/data/shuffle_dataset_op.cc:453] ShuffleDatasetV3:2: Filling up shuffle buffer (this may take a while): 1591 of 11303
2025-05-13 11:06:47.977361: I tensorflow/core/kernels/data/shuffle_dataset_op.cc:453] ShuffleDatasetV3:2: Filling up shuffle buffer (this may take a while): 3623 of 11303
2025-05-13 11:06:58.080202: I tensorflow/core/kernels/data/shuffle_dataset_op.cc:453] ShuffleDatasetV3:2: Filling up shuffle buffer (this may take a while): 5781 of 11303
2025-05-13 11:07:17.987675: I tensorflow/core/kernels/data/shuffle_dataset_op.cc:453] ShuffleDatasetV3:2: Filling up shuffle buffer (this may take a while): 9440 of 11303
2025-05-13 11:07:26.299393: I tensorflow/core/kernels/data/shuffle_dataset_op.cc:483] Shuffle buffer filled.
2025-05-13 11:10:25.680626: I tensorflow/core/kernels/data/shuffle_dataset_op.cc:453] ShuffleDatasetV3:2: Filling up shuffle buffer (this may take a while): 1788 of 11303
2025-05-13 11:10:35.870977: I tensorflow/core/kernels/data/shuffle_dataset_op.cc:453] ShuffleDatasetV3:2: Filling up shuffle buffer (this may take a while): 3905 of 11303
2025-05-13 11:10:55.780066: I tensorflow/core/kernels/data/shuffle_dataset_op.cc:453] ShuffleDatasetV3:2: Filling up shuffle buffer (this may take a while): 7771 of 11303
2025-05-13 11:11:13.522103: I tensorflow/core/kernels/data/shuffle_dataset_op.cc:483] Shuffle buffer filled.
2025-05-13 11:14:13.796950: I tensorflow/core/kernels/data/shuffle_dataset_op.cc:453] ShuffleDatasetV3:2: Filling up shuffle buffer (this may take a while): 1658 of 11303
2025-05-13 11:14:33.801119: I tensorflow/core/kernels/data/shuffle_dataset_op.cc:453] ShuffleDatasetV3:2: Filling up shuffle buffer (this may take a while): 5764 of 11303
2025-05-13 11:14:53.701758: I tensorflow/core/kernels/data/shuffle_dataset_op.cc:453] ShuffleDatasetV3:2: Filling up shuffle buffer (this may take a while): 9969 of 11303
2025-05-13 11:14:59.599824: I tensorflow/core/kernels/data/shuffle_dataset_op.cc:483] Shuffle buffer filled.
2025-05-13 11:18:04.689137: I tensorflow/core/kernels/data/shuffle_dataset_op.cc:453] ShuffleDatasetV3:2: Filling up shuffle buffer (this may take a while): 1767 of 11303
2025-05-13 11:18:24.714152: I tensorflow/core/kernels/data/shuffle_dataset_op.cc:453] ShuffleDatasetV3:2: Filling up shuffle buffer (this may take a while): 6110 of 11303
2025-05-13 11:18:34.777388: I tensorflow/core/kernels/data/shuffle_dataset_op.cc:453] ShuffleDatasetV3:2: Filling up shuffle buffer (this may take a while): 8043 of 11303
2025-05-13 11:18:50.669287: I tensorflow/core/kernels/data/shuffle_dataset_op.cc:483] Shuffle buffer filled.
2025-05-13 11:21:57.202866: I tensorflow/core/kernels/data/shuffle_dataset_op.cc:453] ShuffleDatasetV3:2: Filling up shuffle buffer (this may take a while): 1714 of 11303
2025-05-13 11:22:17.309803: I tensorflow/core/kernels/data/shuffle_dataset_op.cc:453] ShuffleDatasetV3:2: Filling up shuffle buffer (this may take a while): 6050 of 11303
2025-05-13 11:22:27.378123: I tensorflow/core/kernels/data/shuffle_dataset_op.cc:453] ShuffleDatasetV3:2: Filling up shuffle buffer (this may take a while): 8012 of 11303
2025-05-13 11:22:42.965934: I tensorflow/core/kernels/data/shuffle_dataset_op.cc:483] Shuffle buffer filled.
2025-05-13 11:25:45.885444: I tensorflow/core/kernels/data/shuffle_dataset_op.cc:453] ShuffleDatasetV3:2: Filling up shuffle buffer (this may take a while): 1742 of 11303
2025-05-13 11:26:05.814979: I tensorflow/core/kernels/data/shuffle_dataset_op.cc:453] ShuffleDatasetV3:2: Filling up shuffle buffer (this may take a while): 6071 of 11303
2025-05-13 11:26:25.994609: I tensorflow/core/kernels/data/shuffle_dataset_op.cc:453] ShuffleDatasetV3:2: Filling up shuffle buffer (this may take a while): 10177 of 11303
2025-05-13 11:26:30.608897: I tensorflow/core/kernels/data/shuffle_dataset_op.cc:483] Shuffle buffer filled.
2025-05-13 11:29:37.026409: I tensorflow/core/kernels/data/shuffle_dataset_op.cc:453] ShuffleDatasetV3:2: Filling up shuffle buffer (this may take a while): 1716 of 11303
2025-05-13 11:29:56.913080: I tensorflow/core/kernels/data/shuffle_dataset_op.cc:453] ShuffleDatasetV3:2: Filling up shuffle buffer (this may take a while): 6162 of 11303
2025-05-13 11:30:17.393361: I tensorflow/core/kernels/data/shuffle_dataset_op.cc:453] ShuffleDatasetV3:2: Filling up shuffle buffer (this may take a while): 10391 of 11303
2025-05-13 11:30:20.499324: I tensorflow/core/kernels/data/shuffle_dataset_op.cc:483] Shuffle buffer filled.
2025-05-13 11:33:25.278894: I tensorflow/core/kernels/data/shuffle_dataset_op.cc:453] ShuffleDatasetV3:2: Filling up shuffle buffer (this may take a while): 1886 of 11303
2025-05-13 11:33:45.282176: I tensorflow/core/kernels/data/shuffle_dataset_op.cc:453] ShuffleDatasetV3:2: Filling up shuffle buffer (this may take a while): 6324 of 11303
2025-05-13 11:34:05.244372: I tensorflow/core/kernels/data/shuffle_dataset_op.cc:453] ShuffleDatasetV3:2: Filling up shuffle buffer (this may take a while): 10100 of 11303
2025-05-13 11:34:10.149678: I tensorflow/core/kernels/data/shuffle_dataset_op.cc:483] Shuffle buffer filled.
2025-05-13 11:37:15.704558: I tensorflow/core/kernels/data/shuffle_dataset_op.cc:453] ShuffleDatasetV3:2: Filling up shuffle buffer (this may take a while): 2028 of 11303
2025-05-13 11:37:35.811536: I tensorflow/core/kernels/data/shuffle_dataset_op.cc:453] ShuffleDatasetV3:2: Filling up shuffle buffer (this may take a while): 6648 of 11303
2025-05-13 11:37:55.701973: I tensorflow/core/kernels/data/shuffle_dataset_op.cc:453] ShuffleDatasetV3:2: Filling up shuffle buffer (this may take a while): 11028 of 11303
2025-05-13 11:37:56.200016: I tensorflow/core/kernels/data/shuffle_dataset_op.cc:483] Shuffle buffer filled.
2025-05-13 11:40:56.886518: I tensorflow/core/kernels/data/shuffle_dataset_op.cc:453] ShuffleDatasetV3:2: Filling up shuffle buffer (this may take a while): 2447 of 11303
2025-05-13 11:41:06.898819: I tensorflow/core/kernels/data/shuffle_dataset_op.cc:453] ShuffleDatasetV3:2: Filling up shuffle buffer (this may take a while): 5214 of 11303
2025-05-13 11:41:26.893194: I tensorflow/core/kernels/data/shuffle_dataset_op.cc:453] ShuffleDatasetV3:2: Filling up shuffle buffer (this may take a while): 10699 of 11303
2025-05-13 11:41:28.898984: I tensorflow/core/kernels/data/shuffle_dataset_op.cc:483] Shuffle buffer filled.
2025-05-13 11:44:27.714345: I tensorflow/core/kernels/data/shuffle_dataset_op.cc:453] ShuffleDatasetV3:2: Filling up shuffle buffer (this may take a while): 2415 of 11303
2025-05-13 11:44:37.967021: I tensorflow/core/kernels/data/shuffle_dataset_op.cc:453] ShuffleDatasetV3:2: Filling up shuffle buffer (this may take a while): 5207 of 11303
2025-05-13 11:44:57.789921: I tensorflow/core/kernels/data/shuffle_dataset_op.cc:453] ShuffleDatasetV3:2: Filling up shuffle buffer (this may take a while): 10281 of 11303
2025-05-13 11:45:01.377432: I tensorflow/core/kernels/data/shuffle_dataset_op.cc:483] Shuffle buffer filled.
2025-05-13 11:47:58.405095: I tensorflow/core/kernels/data/shuffle_dataset_op.cc:453] ShuffleDatasetV3:2: Filling up shuffle buffer (this may take a while): 2302 of 11303
2025-05-13 11:48:18.267264: I tensorflow/core/kernels/data/shuffle_dataset_op.cc:453] ShuffleDatasetV3:2: Filling up shuffle buffer (this may take a while): 7293 of 11303
2025-05-13 11:48:28.383274: I tensorflow/core/kernels/data/shuffle_dataset_op.cc:453] ShuffleDatasetV3:2: Filling up shuffle buffer (this may take a while): 9836 of 11303
2025-05-13 11:48:33.108047: I tensorflow/core/kernels/data/shuffle_dataset_op.cc:483] Shuffle buffer filled.
2025-05-13 11:51:24.792206: I tensorflow/core/kernels/data/shuffle_dataset_op.cc:453] ShuffleDatasetV3:2: Filling up shuffle buffer (this may take a while): 2318 of 11303
2025-05-13 11:51:44.886303: I tensorflow/core/kernels/data/shuffle_dataset_op.cc:453] ShuffleDatasetV3:2: Filling up shuffle buffer (this may take a while): 7627 of 11303
2025-05-13 11:51:58.835590: I tensorflow/core/kernels/data/shuffle_dataset_op.cc:483] Shuffle buffer filled.
2025-05-13 11:54:50.272279: I tensorflow/core/kernels/data/shuffle_dataset_op.cc:453] ShuffleDatasetV3:2: Filling up shuffle buffer (this may take a while): 2266 of 11303
2025-05-13 11:55:10.182895: I tensorflow/core/kernels/data/shuffle_dataset_op.cc:453] ShuffleDatasetV3:2: Filling up shuffle buffer (this may take a while): 7548 of 11303
2025-05-13 11:55:20.276682: I tensorflow/core/kernels/data/shuffle_dataset_op.cc:453] ShuffleDatasetV3:2: Filling up shuffle buffer (this may take a while): 9824 of 11303
2025-05-13 11:55:26.793495: I tensorflow/core/kernels/data/shuffle_dataset_op.cc:483] Shuffle buffer filled.
2025-05-13 11:58:20.472295: I tensorflow/core/kernels/data/shuffle_dataset_op.cc:453] ShuffleDatasetV3:2: Filling up shuffle buffer (this may take a while): 2342 of 11303
2025-05-13 11:58:30.507329: I tensorflow/core/kernels/data/shuffle_dataset_op.cc:453] ShuffleDatasetV3:2: Filling up shuffle buffer (this may take a while): 4840 of 11303
2025-05-13 11:58:50.605528: I tensorflow/core/kernels/data/shuffle_dataset_op.cc:453] ShuffleDatasetV3:2: Filling up shuffle buffer (this may take a while): 9834 of 11303
2025-05-13 11:58:55.649605: I tensorflow/core/kernels/data/shuffle_dataset_op.cc:483] Shuffle buffer filled.
2025-05-13 12:01:48.985326: I tensorflow/core/kernels/data/shuffle_dataset_op.cc:453] ShuffleDatasetV3:2: Filling up shuffle buffer (this may take a while): 2548 of 11303
2025-05-13 12:02:09.069656: I tensorflow/core/kernels/data/shuffle_dataset_op.cc:453] ShuffleDatasetV3:2: Filling up shuffle buffer (this may take a while): 7534 of 11303
2025-05-13 12:02:24.811260: I tensorflow/core/kernels/data/shuffle_dataset_op.cc:483] Shuffle buffer filled.
2025-05-13 12:05:15.696688: I tensorflow/core/kernels/data/shuffle_dataset_op.cc:453] ShuffleDatasetV3:2: Filling up shuffle buffer (this may take a while): 2290 of 11303
2025-05-13 12:05:35.775976: I tensorflow/core/kernels/data/shuffle_dataset_op.cc:453] ShuffleDatasetV3:2: Filling up shuffle buffer (this may take a while): 7226 of 11303
2025-05-13 12:05:45.910582: I tensorflow/core/kernels/data/shuffle_dataset_op.cc:453] ShuffleDatasetV3:2: Filling up shuffle buffer (this may take a while): 9973 of 11303
2025-05-13 12:05:50.723004: I tensorflow/core/kernels/data/shuffle_dataset_op.cc:483] Shuffle buffer filled.
2025-05-13 12:08:46.402893: I tensorflow/core/kernels/data/shuffle_dataset_op.cc:453] ShuffleDatasetV3:2: Filling up shuffle buffer (this may take a while): 1643 of 11303
2025-05-13 12:09:06.270855: I tensorflow/core/kernels/data/shuffle_dataset_op.cc:453] ShuffleDatasetV3:2: Filling up shuffle buffer (this may take a while): 5701 of 11303
2025-05-13 12:09:16.276129: I tensorflow/core/kernels/data/shuffle_dataset_op.cc:453] ShuffleDatasetV3:2: Filling up shuffle buffer (this may take a while): 7725 of 11303
2025-05-13 12:09:26.383662: I tensorflow/core/kernels/data/shuffle_dataset_op.cc:453] ShuffleDatasetV3:2: Filling up shuffle buffer (this may take a while): 9600 of 11303
2025-05-13 12:09:33.952997: I tensorflow/core/kernels/data/shuffle_dataset_op.cc:483] Shuffle buffer filled.
2025-05-13 12:12:31.896939: I tensorflow/core/kernels/data/shuffle_dataset_op.cc:453] ShuffleDatasetV3:2: Filling up shuffle buffer (this may take a while): 1795 of 11303
2025-05-13 12:12:51.866892: I tensorflow/core/kernels/data/shuffle_dataset_op.cc:453] ShuffleDatasetV3:2: Filling up shuffle buffer (this may take a while): 6131 of 11303
2025-05-13 12:13:01.879160: I tensorflow/core/kernels/data/shuffle_dataset_op.cc:453] ShuffleDatasetV3:2: Filling up shuffle buffer (this may take a while): 8070 of 11303
2025-05-13 12:13:11.887047: I tensorflow/core/kernels/data/shuffle_dataset_op.cc:453] ShuffleDatasetV3:2: Filling up shuffle buffer (this may take a while): 10104 of 11303
2025-05-13 12:13:17.617495: I tensorflow/core/kernels/data/shuffle_dataset_op.cc:483] Shuffle buffer filled.
2025-05-13 12:16:16.178208: I tensorflow/core/kernels/data/shuffle_dataset_op.cc:453] ShuffleDatasetV3:2: Filling up shuffle buffer (this may take a while): 1885 of 11303
2025-05-13 12:16:35.968593: I tensorflow/core/kernels/data/shuffle_dataset_op.cc:453] ShuffleDatasetV3:2: Filling up shuffle buffer (this may take a while): 6032 of 11303
2025-05-13 12:16:46.195481: I tensorflow/core/kernels/data/shuffle_dataset_op.cc:453] ShuffleDatasetV3:2: Filling up shuffle buffer (this may take a while): 7915 of 11303
2025-05-13 12:17:02.511449: I tensorflow/core/kernels/data/shuffle_dataset_op.cc:483] Shuffle buffer filled.
2025-05-13 12:19:56.467862: I tensorflow/core/kernels/data/shuffle_dataset_op.cc:453] ShuffleDatasetV3:2: Filling up shuffle buffer (this may take a while): 1720 of 11303
2025-05-13 12:20:16.472461: I tensorflow/core/kernels/data/shuffle_dataset_op.cc:453] ShuffleDatasetV3:2: Filling up shuffle buffer (this may take a while): 5620 of 11303
2025-05-13 12:20:36.593221: I tensorflow/core/kernels/data/shuffle_dataset_op.cc:453] ShuffleDatasetV3:2: Filling up shuffle buffer (this may take a while): 9293 of 11303
2025-05-13 12:20:46.013914: I tensorflow/core/kernels/data/shuffle_dataset_op.cc:483] Shuffle buffer filled.
2025-05-13 12:23:44.693740: I tensorflow/core/kernels/data/shuffle_dataset_op.cc:453] ShuffleDatasetV3:2: Filling up shuffle buffer (this may take a while): 1829 of 11303
2025-05-13 12:23:54.697885: I tensorflow/core/kernels/data/shuffle_dataset_op.cc:453] ShuffleDatasetV3:2: Filling up shuffle buffer (this may take a while): 4108 of 11303
2025-05-13 12:24:14.710441: I tensorflow/core/kernels/data/shuffle_dataset_op.cc:453] ShuffleDatasetV3:2: Filling up shuffle buffer (this may take a while): 9361 of 11303
2025-05-13 12:24:21.542995: I tensorflow/core/kernels/data/shuffle_dataset_op.cc:483] Shuffle buffer filled.
2025-05-13 12:27:19.169381: I tensorflow/core/kernels/data/shuffle_dataset_op.cc:453] ShuffleDatasetV3:2: Filling up shuffle buffer (this may take a while): 2567 of 11303
2025-05-13 12:27:39.273174: I tensorflow/core/kernels/data/shuffle_dataset_op.cc:453] ShuffleDatasetV3:2: Filling up shuffle buffer (this may take a while): 7604 of 11303
2025-05-13 12:27:53.423192: I tensorflow/core/kernels/data/shuffle_dataset_op.cc:483] Shuffle buffer filled.
2025-05-13 12:30:48.987585: I tensorflow/core/kernels/data/shuffle_dataset_op.cc:453] ShuffleDatasetV3:2: Filling up shuffle buffer (this may take a while): 1735 of 11303
2025-05-13 12:30:59.074252: I tensorflow/core/kernels/data/shuffle_dataset_op.cc:453] ShuffleDatasetV3:2: Filling up shuffle buffer (this may take a while): 3756 of 11303
2025-05-13 12:31:19.081130: I tensorflow/core/kernels/data/shuffle_dataset_op.cc:453] ShuffleDatasetV3:2: Filling up shuffle buffer (this may take a while): 7615 of 11303
2025-05-13 12:31:29.168096: I tensorflow/core/kernels/data/shuffle_dataset_op.cc:453] ShuffleDatasetV3:2: Filling up shuffle buffer (this may take a while): 9429 of 11303
2025-05-13 12:31:38.121372: I tensorflow/core/kernels/data/shuffle_dataset_op.cc:483] Shuffle buffer filled.
2025-05-13 12:34:39.077420: I tensorflow/core/kernels/data/shuffle_dataset_op.cc:453] ShuffleDatasetV3:2: Filling up shuffle buffer (this may take a while): 1703 of 11303
2025-05-13 12:34:59.075406: I tensorflow/core/kernels/data/shuffle_dataset_op.cc:453] ShuffleDatasetV3:2: Filling up shuffle buffer (this may take a while): 5897 of 11303
2025-05-13 12:35:19.099173: I tensorflow/core/kernels/data/shuffle_dataset_op.cc:453] ShuffleDatasetV3:2: Filling up shuffle buffer (this may take a while): 9699 of 11303
2025-05-13 12:35:26.144239: I tensorflow/core/kernels/data/shuffle_dataset_op.cc:483] Shuffle buffer filled.
2025-05-13 12:38:22.868426: I tensorflow/core/kernels/data/shuffle_dataset_op.cc:453] ShuffleDatasetV3:2: Filling up shuffle buffer (this may take a while): 1794 of 11303
2025-05-13 12:38:32.883063: I tensorflow/core/kernels/data/shuffle_dataset_op.cc:453] ShuffleDatasetV3:2: Filling up shuffle buffer (this may take a while): 3937 of 11303
2025-05-13 12:38:42.888129: I tensorflow/core/kernels/data/shuffle_dataset_op.cc:453] ShuffleDatasetV3:2: Filling up shuffle buffer (this may take a while): 6081 of 11303
2025-05-13 12:38:52.994305: I tensorflow/core/kernels/data/shuffle_dataset_op.cc:453] ShuffleDatasetV3:2: Filling up shuffle buffer (this may take a while): 7930 of 11303
2025-05-13 12:39:03.176373: I tensorflow/core/kernels/data/shuffle_dataset_op.cc:453] ShuffleDatasetV3:2: Filling up shuffle buffer (this may take a while): 9813 of 11303
2025-05-13 12:39:09.933714: I tensorflow/core/kernels/data/shuffle_dataset_op.cc:483] Shuffle buffer filled.
2025-05-13 12:42:08.272581: I tensorflow/core/kernels/data/shuffle_dataset_op.cc:453] ShuffleDatasetV3:2: Filling up shuffle buffer (this may take a while): 1782 of 11303
2025-05-13 12:42:28.172092: I tensorflow/core/kernels/data/shuffle_dataset_op.cc:453] ShuffleDatasetV3:2: Filling up shuffle buffer (this may take a while): 6149 of 11303
2025-05-13 12:42:38.174351: I tensorflow/core/kernels/data/shuffle_dataset_op.cc:453] ShuffleDatasetV3:2: Filling up shuffle buffer (this may take a while): 8023 of 11303
2025-05-13 12:42:53.198281: I tensorflow/core/kernels/data/shuffle_dataset_op.cc:483] Shuffle buffer filled.
2025-05-13 12:45:49.684560: I tensorflow/core/kernels/data/shuffle_dataset_op.cc:453] ShuffleDatasetV3:2: Filling up shuffle buffer (this may take a while): 1650 of 11303
2025-05-13 12:46:09.675989: I tensorflow/core/kernels/data/shuffle_dataset_op.cc:453] ShuffleDatasetV3:2: Filling up shuffle buffer (this may take a while): 5894 of 11303
2025-05-13 12:46:19.975466: I tensorflow/core/kernels/data/shuffle_dataset_op.cc:453] ShuffleDatasetV3:2: Filling up shuffle buffer (this may take a while): 7915 of 11303
2025-05-13 12:46:36.917563: I tensorflow/core/kernels/data/shuffle_dataset_op.cc:483] Shuffle buffer filled.
2025-05-13 12:49:33.974628: I tensorflow/core/kernels/data/shuffle_dataset_op.cc:453] ShuffleDatasetV3:2: Filling up shuffle buffer (this may take a while): 1762 of 11303
2025-05-13 12:49:53.692720: I tensorflow/core/kernels/data/shuffle_dataset_op.cc:453] ShuffleDatasetV3:2: Filling up shuffle buffer (this may take a while): 5474 of 11303
2025-05-13 12:50:13.968281: I tensorflow/core/kernels/data/shuffle_dataset_op.cc:453] ShuffleDatasetV3:2: Filling up shuffle buffer (this may take a while): 9387 of 11303
2025-05-13 12:50:23.231853: I tensorflow/core/kernels/data/shuffle_dataset_op.cc:483] Shuffle buffer filled.
2025-05-13 12:53:17.282052: I tensorflow/core/kernels/data/shuffle_dataset_op.cc:453] ShuffleDatasetV3:2: Filling up shuffle buffer (this may take a while): 2333 of 11303
2025-05-13 12:53:27.307765: I tensorflow/core/kernels/data/shuffle_dataset_op.cc:453] ShuffleDatasetV3:2: Filling up shuffle buffer (this may take a while): 4673 of 11303
2025-05-13 12:53:47.391778: I tensorflow/core/kernels/data/shuffle_dataset_op.cc:453] ShuffleDatasetV3:2: Filling up shuffle buffer (this may take a while): 8797 of 11303
2025-05-13 12:53:57.508234: I tensorflow/core/kernels/data/shuffle_dataset_op.cc:453] ShuffleDatasetV3:2: Filling up shuffle buffer (this may take a while): 10703 of 11303
2025-05-13 12:53:59.721552: I tensorflow/core/kernels/data/shuffle_dataset_op.cc:483] Shuffle buffer filled.
2025-05-13 12:56:54.302426: I tensorflow/core/kernels/data/shuffle_dataset_op.cc:453] ShuffleDatasetV3:2: Filling up shuffle buffer (this may take a while): 1819 of 11303
2025-05-13 12:57:14.280641: I tensorflow/core/kernels/data/shuffle_dataset_op.cc:453] ShuffleDatasetV3:2: Filling up shuffle buffer (this may take a while): 6070 of 11303
2025-05-13 12:57:34.214988: I tensorflow/core/kernels/data/shuffle_dataset_op.cc:453] ShuffleDatasetV3:2: Filling up shuffle buffer (this may take a while): 9571 of 11303
2025-05-13 12:57:42.208454: I tensorflow/core/kernels/data/shuffle_dataset_op.cc:483] Shuffle buffer filled.
2025-05-13 13:00:39.581564: I tensorflow/core/kernels/data/shuffle_dataset_op.cc:453] ShuffleDatasetV3:2: Filling up shuffle buffer (this may take a while): 2241 of 11303
2025-05-13 13:00:49.669550: I tensorflow/core/kernels/data/shuffle_dataset_op.cc:453] ShuffleDatasetV3:2: Filling up shuffle buffer (this may take a while): 5170 of 11303
2025-05-13 13:01:09.691925: I tensorflow/core/kernels/data/shuffle_dataset_op.cc:453] ShuffleDatasetV3:2: Filling up shuffle buffer (this may take a while): 10492 of 11303
2025-05-13 13:01:11.637525: I tensorflow/core/kernels/data/shuffle_dataset_op.cc:483] Shuffle buffer filled.
2025-05-13 13:04:08.479782: I tensorflow/core/kernels/data/shuffle_dataset_op.cc:453] ShuffleDatasetV3:2: Filling up shuffle buffer (this may take a while): 1702 of 11303
2025-05-13 13:04:28.398332: I tensorflow/core/kernels/data/shuffle_dataset_op.cc:453] ShuffleDatasetV3:2: Filling up shuffle buffer (this may take a while): 5867 of 11303
2025-05-13 13:04:38.489954: I tensorflow/core/kernels/data/shuffle_dataset_op.cc:453] ShuffleDatasetV3:2: Filling up shuffle buffer (this may take a while): 7752 of 11303
2025-05-13 13:04:55.930956: I tensorflow/core/kernels/data/shuffle_dataset_op.cc:483] Shuffle buffer filled.
2025-05-13 13:07:52.385469: I tensorflow/core/kernels/data/shuffle_dataset_op.cc:453] ShuffleDatasetV3:2: Filling up shuffle buffer (this may take a while): 1816 of 11303
2025-05-13 13:08:12.282632: I tensorflow/core/kernels/data/shuffle_dataset_op.cc:453] ShuffleDatasetV3:2: Filling up shuffle buffer (this may take a while): 6129 of 11303
2025-05-13 13:08:22.290607: I tensorflow/core/kernels/data/shuffle_dataset_op.cc:453] ShuffleDatasetV3:2: Filling up shuffle buffer (this may take a while): 7781 of 11303
2025-05-13 13:08:39.934077: I tensorflow/core/kernels/data/shuffle_dataset_op.cc:483] Shuffle buffer filled.
2025-05-13 13:11:38.870909: I tensorflow/core/kernels/data/shuffle_dataset_op.cc:453] ShuffleDatasetV3:2: Filling up shuffle buffer (this may take a while): 2329 of 11303
2025-05-13 13:11:48.884150: I tensorflow/core/kernels/data/shuffle_dataset_op.cc:453] ShuffleDatasetV3:2: Filling up shuffle buffer (this may take a while): 4849 of 11303
2025-05-13 13:11:58.987325: I tensorflow/core/kernels/data/shuffle_dataset_op.cc:453] ShuffleDatasetV3:2: Filling up shuffle buffer (this may take a while): 6744 of 11303
2025-05-13 13:12:18.980423: I tensorflow/core/kernels/data/shuffle_dataset_op.cc:453] ShuffleDatasetV3:2: Filling up shuffle buffer (this may take a while): 10623 of 11303
2025-05-13 13:12:21.318031: I tensorflow/core/kernels/data/shuffle_dataset_op.cc:483] Shuffle buffer filled.
2025-05-13 13:15:18.378216: I tensorflow/core/kernels/data/shuffle_dataset_op.cc:453] ShuffleDatasetV3:2: Filling up shuffle buffer (this may take a while): 1834 of 11303
2025-05-13 13:15:28.472365: I tensorflow/core/kernels/data/shuffle_dataset_op.cc:453] ShuffleDatasetV3:2: Filling up shuffle buffer (this may take a while): 4029 of 11303
2025-05-13 13:15:48.479681: I tensorflow/core/kernels/data/shuffle_dataset_op.cc:453] ShuffleDatasetV3:2: Filling up shuffle buffer (this may take a while): 8098 of 11303
2025-05-13 13:16:03.825079: I tensorflow/core/kernels/data/shuffle_dataset_op.cc:483] Shuffle buffer filled.
2025-05-13 13:19:01.582139: I tensorflow/core/kernels/data/shuffle_dataset_op.cc:453] ShuffleDatasetV3:2: Filling up shuffle buffer (this may take a while): 1805 of 11303
2025-05-13 13:19:21.486581: I tensorflow/core/kernels/data/shuffle_dataset_op.cc:453] ShuffleDatasetV3:2: Filling up shuffle buffer (this may take a while): 5885 of 11303
2025-05-13 13:19:31.584196: I tensorflow/core/kernels/data/shuffle_dataset_op.cc:453] ShuffleDatasetV3:2: Filling up shuffle buffer (this may take a while): 7592 of 11303
2025-05-13 13:19:41.696783: I tensorflow/core/kernels/data/shuffle_dataset_op.cc:453] ShuffleDatasetV3:2: Filling up shuffle buffer (this may take a while): 9534 of 11303
2025-05-13 13:19:50.528639: I tensorflow/core/kernels/data/shuffle_dataset_op.cc:483] Shuffle buffer filled.
2025-05-13 13:22:49.796259: I tensorflow/core/kernels/data/shuffle_dataset_op.cc:453] ShuffleDatasetV3:2: Filling up shuffle buffer (this may take a while): 1658 of 11303
2025-05-13 13:23:09.673935: I tensorflow/core/kernels/data/shuffle_dataset_op.cc:453] ShuffleDatasetV3:2: Filling up shuffle buffer (this may take a while): 5726 of 11303
2025-05-13 13:23:19.785032: I tensorflow/core/kernels/data/shuffle_dataset_op.cc:453] ShuffleDatasetV3:2: Filling up shuffle buffer (this may take a while): 7720 of 11303
2025-05-13 13:23:37.120621: I tensorflow/core/kernels/data/shuffle_dataset_op.cc:483] Shuffle buffer filled.
2025-05-13 13:26:34.682635: I tensorflow/core/kernels/data/shuffle_dataset_op.cc:453] ShuffleDatasetV3:2: Filling up shuffle buffer (this may take a while): 1782 of 11303
2025-05-13 13:26:44.771428: I tensorflow/core/kernels/data/shuffle_dataset_op.cc:453] ShuffleDatasetV3:2: Filling up shuffle buffer (this may take a while): 3909 of 11303
2025-05-13 13:27:05.300935: I tensorflow/core/kernels/data/shuffle_dataset_op.cc:453] ShuffleDatasetV3:2: Filling up shuffle buffer (this may take a while): 8077 of 11303
2025-05-13 13:27:21.450687: I tensorflow/core/kernels/data/shuffle_dataset_op.cc:483] Shuffle buffer filled.
2025-05-13 13:30:23.287061: I tensorflow/core/kernels/data/shuffle_dataset_op.cc:453] ShuffleDatasetV3:2: Filling up shuffle buffer (this may take a while): 1836 of 11303
2025-05-13 13:30:33.289135: I tensorflow/core/kernels/data/shuffle_dataset_op.cc:453] ShuffleDatasetV3:2: Filling up shuffle buffer (this may take a while): 3987 of 11303
2025-05-13 13:30:53.698430: I tensorflow/core/kernels/data/shuffle_dataset_op.cc:453] ShuffleDatasetV3:2: Filling up shuffle buffer (this may take a while): 8152 of 11303
2025-05-13 13:31:03.867603: I tensorflow/core/kernels/data/shuffle_dataset_op.cc:453] ShuffleDatasetV3:2: Filling up shuffle buffer (this may take a while): 10114 of 11303
2025-05-13 13:31:09.012273: I tensorflow/core/kernels/data/shuffle_dataset_op.cc:483] Shuffle buffer filled.
2025-05-13 13:34:07.072766: I tensorflow/core/kernels/data/shuffle_dataset_op.cc:453] ShuffleDatasetV3:2: Filling up shuffle buffer (this may take a while): 1821 of 11303
2025-05-13 13:34:17.480056: I tensorflow/core/kernels/data/shuffle_dataset_op.cc:453] ShuffleDatasetV3:2: Filling up shuffle buffer (this may take a while): 3955 of 11303
2025-05-13 13:34:37.491912: I tensorflow/core/kernels/data/shuffle_dataset_op.cc:453] ShuffleDatasetV3:2: Filling up shuffle buffer (this may take a while): 7913 of 11303
2025-05-13 13:34:53.914906: I tensorflow/core/kernels/data/shuffle_dataset_op.cc:483] Shuffle buffer filled.
2025-05-13 13:37:51.587496: I tensorflow/core/kernels/data/shuffle_dataset_op.cc:453] ShuffleDatasetV3:2: Filling up shuffle buffer (this may take a while): 1736 of 11303
2025-05-13 13:38:01.779870: I tensorflow/core/kernels/data/shuffle_dataset_op.cc:453] ShuffleDatasetV3:2: Filling up shuffle buffer (this may take a while): 3940 of 11303
2025-05-13 13:38:21.794370: I tensorflow/core/kernels/data/shuffle_dataset_op.cc:453] ShuffleDatasetV3:2: Filling up shuffle buffer (this may take a while): 8040 of 11303
2025-05-13 13:38:31.893750: I tensorflow/core/kernels/data/shuffle_dataset_op.cc:453] ShuffleDatasetV3:2: Filling up shuffle buffer (this may take a while): 9993 of 11303
2025-05-13 13:38:37.534418: I tensorflow/core/kernels/data/shuffle_dataset_op.cc:483] Shuffle buffer filled.
2025-05-13 13:41:39.183401: I tensorflow/core/kernels/data/shuffle_dataset_op.cc:453] ShuffleDatasetV3:2: Filling up shuffle buffer (this may take a while): 1788 of 11303
2025-05-13 13:41:49.273735: I tensorflow/core/kernels/data/shuffle_dataset_op.cc:453] ShuffleDatasetV3:2: Filling up shuffle buffer (this may take a while): 3850 of 11303
2025-05-13 13:42:09.170329: I tensorflow/core/kernels/data/shuffle_dataset_op.cc:453] ShuffleDatasetV3:2: Filling up shuffle buffer (this may take a while): 7735 of 11303
2025-05-13 13:42:19.178697: I tensorflow/core/kernels/data/shuffle_dataset_op.cc:453] ShuffleDatasetV3:2: Filling up shuffle buffer (this may take a while): 9782 of 11303
2025-05-13 13:42:26.404506: I tensorflow/core/kernels/data/shuffle_dataset_op.cc:483] Shuffle buffer filled.
2025-05-13 13:45:25.572766: I tensorflow/core/kernels/data/shuffle_dataset_op.cc:453] ShuffleDatasetV3:2: Filling up shuffle buffer (this may take a while): 1775 of 11303
2025-05-13 13:45:45.388461: I tensorflow/core/kernels/data/shuffle_dataset_op.cc:453] ShuffleDatasetV3:2: Filling up shuffle buffer (this may take a while): 6001 of 11303
2025-05-13 13:45:56.181179: I tensorflow/core/kernels/data/shuffle_dataset_op.cc:453] ShuffleDatasetV3:2: Filling up shuffle buffer (this may take a while): 8193 of 11303
2025-05-13 13:46:10.916588: I tensorflow/core/kernels/data/shuffle_dataset_op.cc:483] Shuffle buffer filled.
2025-05-13 13:49:06.666568: I tensorflow/core/kernels/data/shuffle_dataset_op.cc:453] ShuffleDatasetV3:2: Filling up shuffle buffer (this may take a while): 1783 of 11303
2025-05-13 13:49:26.570428: I tensorflow/core/kernels/data/shuffle_dataset_op.cc:453] ShuffleDatasetV3:2: Filling up shuffle buffer (this may take a while): 6028 of 11303
2025-05-13 13:49:36.681509: I tensorflow/core/kernels/data/shuffle_dataset_op.cc:453] ShuffleDatasetV3:2: Filling up shuffle buffer (this may take a while): 7987 of 11303
2025-05-13 13:49:52.346350: I tensorflow/core/kernels/data/shuffle_dataset_op.cc:483] Shuffle buffer filled.
2025-05-13 13:52:49.793600: I tensorflow/core/kernels/data/shuffle_dataset_op.cc:453] ShuffleDatasetV3:2: Filling up shuffle buffer (this may take a while): 1808 of 11303
2025-05-13 13:53:09.780784: I tensorflow/core/kernels/data/shuffle_dataset_op.cc:453] ShuffleDatasetV3:2: Filling up shuffle buffer (this may take a while): 6050 of 11303
2025-05-13 13:53:29.908888: I tensorflow/core/kernels/data/shuffle_dataset_op.cc:453] ShuffleDatasetV3:2: Filling up shuffle buffer (this may take a while): 9960 of 11303
2025-05-13 13:53:36.388866: I tensorflow/core/kernels/data/shuffle_dataset_op.cc:483] Shuffle buffer filled.
2025-05-13 13:56:28.972305: I tensorflow/core/kernels/data/shuffle_dataset_op.cc:453] ShuffleDatasetV3:2: Filling up shuffle buffer (this may take a while): 1757 of 11303
2025-05-13 13:56:38.982456: I tensorflow/core/kernels/data/shuffle_dataset_op.cc:453] ShuffleDatasetV3:2: Filling up shuffle buffer (this may take a while): 3958 of 11303
2025-05-13 13:56:49.166186: I tensorflow/core/kernels/data/shuffle_dataset_op.cc:453] ShuffleDatasetV3:2: Filling up shuffle buffer (this may take a while): 6155 of 11303
2025-05-13 13:56:59.378327: I tensorflow/core/kernels/data/shuffle_dataset_op.cc:453] ShuffleDatasetV3:2: Filling up shuffle buffer (this may take a while): 8186 of 11303
2025-05-13 13:57:14.597547: I tensorflow/core/kernels/data/shuffle_dataset_op.cc:483] Shuffle buffer filled.
2025-05-13 14:00:11.976522: I tensorflow/core/kernels/data/shuffle_dataset_op.cc:453] ShuffleDatasetV3:2: Filling up shuffle buffer (this may take a while): 1805 of 11303
2025-05-13 14:00:31.990649: I tensorflow/core/kernels/data/shuffle_dataset_op.cc:453] ShuffleDatasetV3:2: Filling up shuffle buffer (this may take a while): 6131 of 11303
2025-05-13 14:00:42.201664: I tensorflow/core/kernels/data/shuffle_dataset_op.cc:453] ShuffleDatasetV3:2: Filling up shuffle buffer (this may take a while): 8268 of 11303
2025-05-13 14:00:52.283490: I tensorflow/core/kernels/data/shuffle_dataset_op.cc:453] ShuffleDatasetV3:2: Filling up shuffle buffer (this may take a while): 10146 of 11303
2025-05-13 14:00:57.229435: I tensorflow/core/kernels/data/shuffle_dataset_op.cc:483] Shuffle buffer filled.
2025-05-13 14:03:51.865897: I tensorflow/core/kernels/data/shuffle_dataset_op.cc:453] ShuffleDatasetV3:2: Filling up shuffle buffer (this may take a while): 1717 of 11303
2025-05-13 14:04:01.969084: I tensorflow/core/kernels/data/shuffle_dataset_op.cc:453] ShuffleDatasetV3:2: Filling up shuffle buffer (this may take a while): 3974 of 11303
2025-05-13 14:04:21.987603: I tensorflow/core/kernels/data/shuffle_dataset_op.cc:453] ShuffleDatasetV3:2: Filling up shuffle buffer (this may take a while): 8042 of 11303
2025-05-13 14:04:32.083184: I tensorflow/core/kernels/data/shuffle_dataset_op.cc:453] ShuffleDatasetV3:2: Filling up shuffle buffer (this may take a while): 10033 of 11303
2025-05-13 14:04:38.218755: I tensorflow/core/kernels/data/shuffle_dataset_op.cc:483] Shuffle buffer filled.
2025-05-13 14:07:33.106554: I tensorflow/core/kernels/data/shuffle_dataset_op.cc:453] ShuffleDatasetV3:2: Filling up shuffle buffer (this may take a while): 1685 of 11303
2025-05-13 14:07:53.290593: I tensorflow/core/kernels/data/shuffle_dataset_op.cc:453] ShuffleDatasetV3:2: Filling up shuffle buffer (this may take a while): 6014 of 11303
2025-05-13 14:08:13.378365: I tensorflow/core/kernels/data/shuffle_dataset_op.cc:453] ShuffleDatasetV3:2: Filling up shuffle buffer (this may take a while): 9705 of 11303
2025-05-13 14:08:20.319227: I tensorflow/core/kernels/data/shuffle_dataset_op.cc:483] Shuffle buffer filled.
2025-05-13 14:11:19.770108: I tensorflow/core/kernels/data/shuffle_dataset_op.cc:453] ShuffleDatasetV3:2: Filling up shuffle buffer (this may take a while): 1835 of 11303
2025-05-13 14:11:39.772667: I tensorflow/core/kernels/data/shuffle_dataset_op.cc:453] ShuffleDatasetV3:2: Filling up shuffle buffer (this may take a while): 6312 of 11303
2025-05-13 14:11:49.882674: I tensorflow/core/kernels/data/shuffle_dataset_op.cc:453] ShuffleDatasetV3:2: Filling up shuffle buffer (this may take a while): 8186 of 11303
2025-05-13 14:11:59.980070: I tensorflow/core/kernels/data/shuffle_dataset_op.cc:453] ShuffleDatasetV3:2: Filling up shuffle buffer (this may take a while): 10109 of 11303
2025-05-13 14:12:04.932626: I tensorflow/core/kernels/data/shuffle_dataset_op.cc:483] Shuffle buffer filled.
2025-05-13 14:15:04.366378: I tensorflow/core/kernels/data/shuffle_dataset_op.cc:453] ShuffleDatasetV3:2: Filling up shuffle buffer (this may take a while): 1847 of 11303
2025-05-13 14:15:14.379439: I tensorflow/core/kernels/data/shuffle_dataset_op.cc:453] ShuffleDatasetV3:2: Filling up shuffle buffer (this may take a while): 4069 of 11303
2025-05-13 14:15:34.893085: I tensorflow/core/kernels/data/shuffle_dataset_op.cc:453] ShuffleDatasetV3:2: Filling up shuffle buffer (this may take a while): 8179 of 11303
2025-05-13 14:15:50.349085: I tensorflow/core/kernels/data/shuffle_dataset_op.cc:483] Shuffle buffer filled.
2025-05-13 14:18:49.089651: I tensorflow/core/kernels/data/shuffle_dataset_op.cc:453] ShuffleDatasetV3:2: Filling up shuffle buffer (this may take a while): 1810 of 11303
2025-05-13 14:18:59.092778: I tensorflow/core/kernels/data/shuffle_dataset_op.cc:453] ShuffleDatasetV3:2: Filling up shuffle buffer (this may take a while): 3970 of 11303
2025-05-13 14:19:09.294845: I tensorflow/core/kernels/data/shuffle_dataset_op.cc:453] ShuffleDatasetV3:2: Filling up shuffle buffer (this may take a while): 6029 of 11303
2025-05-13 14:19:29.079360: I tensorflow/core/kernels/data/shuffle_dataset_op.cc:453] ShuffleDatasetV3:2: Filling up shuffle buffer (this may take a while): 9802 of 11303
2025-05-13 14:19:36.238226: I tensorflow/core/kernels/data/shuffle_dataset_op.cc:483] Shuffle buffer filled.
2025-05-13 14:22:31.667552: I tensorflow/core/kernels/data/shuffle_dataset_op.cc:453] ShuffleDatasetV3:2: Filling up shuffle buffer (this may take a while): 1764 of 11303
2025-05-13 14:22:41.673602: I tensorflow/core/kernels/data/shuffle_dataset_op.cc:453] ShuffleDatasetV3:2: Filling up shuffle buffer (this may take a while): 3896 of 11303
2025-05-13 14:23:01.773981: I tensorflow/core/kernels/data/shuffle_dataset_op.cc:453] ShuffleDatasetV3:2: Filling up shuffle buffer (this may take a while): 7941 of 11303
2025-05-13 14:23:11.973212: I tensorflow/core/kernels/data/shuffle_dataset_op.cc:453] ShuffleDatasetV3:2: Filling up shuffle buffer (this may take a while): 10006 of 11303
2025-05-13 14:23:17.742873: I tensorflow/core/kernels/data/shuffle_dataset_op.cc:483] Shuffle buffer filled.
2025-05-13 14:26:16.586586: I tensorflow/core/kernels/data/shuffle_dataset_op.cc:453] ShuffleDatasetV3:2: Filling up shuffle buffer (this may take a while): 1803 of 11303
2025-05-13 14:26:26.589313: I tensorflow/core/kernels/data/shuffle_dataset_op.cc:453] ShuffleDatasetV3:2: Filling up shuffle buffer (this may take a while): 3967 of 11303
2025-05-13 14:26:46.732719: I tensorflow/core/kernels/data/shuffle_dataset_op.cc:453] ShuffleDatasetV3:2: Filling up shuffle buffer (this may take a while): 7922 of 11303
2025-05-13 14:26:56.785902: I tensorflow/core/kernels/data/shuffle_dataset_op.cc:453] ShuffleDatasetV3:2: Filling up shuffle buffer (this may take a while): 9814 of 11303
2025-05-13 14:27:03.216956: I tensorflow/core/kernels/data/shuffle_dataset_op.cc:483] Shuffle buffer filled.
2025-05-13 14:30:02.372830: I tensorflow/core/kernels/data/shuffle_dataset_op.cc:453] ShuffleDatasetV3:2: Filling up shuffle buffer (this may take a while): 1727 of 11303
2025-05-13 14:30:22.698932: I tensorflow/core/kernels/data/shuffle_dataset_op.cc:453] ShuffleDatasetV3:2: Filling up shuffle buffer (this may take a while): 6051 of 11303
2025-05-13 14:30:42.477895: I tensorflow/core/kernels/data/shuffle_dataset_op.cc:453] ShuffleDatasetV3:2: Filling up shuffle buffer (this may take a while): 9784 of 11303
2025-05-13 14:30:49.019983: I tensorflow/core/kernels/data/shuffle_dataset_op.cc:483] Shuffle buffer filled.
2025-05-13 14:33:46.566067: I tensorflow/core/kernels/data/shuffle_dataset_op.cc:453] ShuffleDatasetV3:2: Filling up shuffle buffer (this may take a while): 1806 of 11303
2025-05-13 14:33:56.566824: I tensorflow/core/kernels/data/shuffle_dataset_op.cc:453] ShuffleDatasetV3:2: Filling up shuffle buffer (this may take a while): 3923 of 11303
2025-05-13 14:34:06.582692: I tensorflow/core/kernels/data/shuffle_dataset_op.cc:453] ShuffleDatasetV3:2: Filling up shuffle buffer (this may take a while): 5985 of 11303
2025-05-13 14:34:26.672737: I tensorflow/core/kernels/data/shuffle_dataset_op.cc:453] ShuffleDatasetV3:2: Filling up shuffle buffer (this may take a while): 9816 of 11303
2025-05-13 14:34:33.003783: I tensorflow/core/kernels/data/shuffle_dataset_op.cc:483] Shuffle buffer filled.
2025-05-13 14:37:31.294913: I tensorflow/core/kernels/data/shuffle_dataset_op.cc:453] ShuffleDatasetV3:2: Filling up shuffle buffer (this may take a while): 1843 of 11303
2025-05-13 14:37:51.077840: I tensorflow/core/kernels/data/shuffle_dataset_op.cc:453] ShuffleDatasetV3:2: Filling up shuffle buffer (this may take a while): 6165 of 11303
2025-05-13 14:38:11.271710: I tensorflow/core/kernels/data/shuffle_dataset_op.cc:453] ShuffleDatasetV3:2: Filling up shuffle buffer (this may take a while): 9938 of 11303
2025-05-13 14:38:17.401037: I tensorflow/core/kernels/data/shuffle_dataset_op.cc:483] Shuffle buffer filled.
2025-05-13 14:41:16.081228: I tensorflow/core/kernels/data/shuffle_dataset_op.cc:453] ShuffleDatasetV3:2: Filling up shuffle buffer (this may take a while): 1775 of 11303
2025-05-13 14:41:36.097676: I tensorflow/core/kernels/data/shuffle_dataset_op.cc:453] ShuffleDatasetV3:2: Filling up shuffle buffer (this may take a while): 5953 of 11303
2025-05-13 14:41:56.178536: I tensorflow/core/kernels/data/shuffle_dataset_op.cc:453] ShuffleDatasetV3:2: Filling up shuffle buffer (this may take a while): 10081 of 11303
2025-05-13 14:42:01.738793: I tensorflow/core/kernels/data/shuffle_dataset_op.cc:483] Shuffle buffer filled.
2025-05-13 14:44:57.100577: I tensorflow/core/kernels/data/shuffle_dataset_op.cc:453] ShuffleDatasetV3:2: Filling up shuffle buffer (this may take a while): 1818 of 11303
2025-05-13 14:45:07.270741: I tensorflow/core/kernels/data/shuffle_dataset_op.cc:453] ShuffleDatasetV3:2: Filling up shuffle buffer (this may take a while): 3972 of 11303
2025-05-13 14:45:27.175779: I tensorflow/core/kernels/data/shuffle_dataset_op.cc:453] ShuffleDatasetV3:2: Filling up shuffle buffer (this may take a while): 7935 of 11303
2025-05-13 14:45:42.915171: I tensorflow/core/kernels/data/shuffle_dataset_op.cc:483] Shuffle buffer filled.
2025-05-13 14:48:38.774162: I tensorflow/core/kernels/data/shuffle_dataset_op.cc:453] ShuffleDatasetV3:2: Filling up shuffle buffer (this may take a while): 1835 of 11303
2025-05-13 14:48:58.685493: I tensorflow/core/kernels/data/shuffle_dataset_op.cc:453] ShuffleDatasetV3:2: Filling up shuffle buffer (this may take a while): 6112 of 11303
2025-05-13 14:49:18.896037: I tensorflow/core/kernels/data/shuffle_dataset_op.cc:453] ShuffleDatasetV3:2: Filling up shuffle buffer (this may take a while): 9929 of 11303
2025-05-13 14:49:24.745488: I tensorflow/core/kernels/data/shuffle_dataset_op.cc:483] Shuffle buffer filled.
2025-05-13 14:52:21.368235: I tensorflow/core/kernels/data/shuffle_dataset_op.cc:453] ShuffleDatasetV3:2: Filling up shuffle buffer (this may take a while): 1815 of 11303
2025-05-13 14:52:31.369444: I tensorflow/core/kernels/data/shuffle_dataset_op.cc:453] ShuffleDatasetV3:2: Filling up shuffle buffer (this may take a while): 3927 of 11303
2025-05-13 14:52:41.478688: I tensorflow/core/kernels/data/shuffle_dataset_op.cc:453] ShuffleDatasetV3:2: Filling up shuffle buffer (this may take a while): 5953 of 11303
2025-05-13 14:52:51.993364: I tensorflow/core/kernels/data/shuffle_dataset_op.cc:453] ShuffleDatasetV3:2: Filling up shuffle buffer (this may take a while): 7725 of 11303
2025-05-13 14:53:08.828659: I tensorflow/core/kernels/data/shuffle_dataset_op.cc:483] Shuffle buffer filled.
2025-05-13 14:56:04.181640: I tensorflow/core/kernels/data/shuffle_dataset_op.cc:453] ShuffleDatasetV3:2: Filling up shuffle buffer (this may take a while): 1767 of 11303
2025-05-13 14:56:24.088888: I tensorflow/core/kernels/data/shuffle_dataset_op.cc:453] ShuffleDatasetV3:2: Filling up shuffle buffer (this may take a while): 6097 of 11303
2025-05-13 14:56:34.168080: I tensorflow/core/kernels/data/shuffle_dataset_op.cc:453] ShuffleDatasetV3:2: Filling up shuffle buffer (this may take a while): 8167 of 11303
2025-05-13 14:56:44.267041: I tensorflow/core/kernels/data/shuffle_dataset_op.cc:453] ShuffleDatasetV3:2: Filling up shuffle buffer (this may take a while): 10179 of 11303
2025-05-13 14:56:48.730536: I tensorflow/core/kernels/data/shuffle_dataset_op.cc:483] Shuffle buffer filled.
2025-05-13 14:59:45.575314: I tensorflow/core/kernels/data/shuffle_dataset_op.cc:453] ShuffleDatasetV3:2: Filling up shuffle buffer (this may take a while): 1833 of 11303
2025-05-13 15:00:05.465881: I tensorflow/core/kernels/data/shuffle_dataset_op.cc:453] ShuffleDatasetV3:2: Filling up shuffle buffer (this may take a while): 6151 of 11303
2025-05-13 15:00:15.501494: I tensorflow/core/kernels/data/shuffle_dataset_op.cc:453] ShuffleDatasetV3:2: Filling up shuffle buffer (this may take a while): 8146 of 11303
2025-05-13 15:00:30.215767: I tensorflow/core/kernels/data/shuffle_dataset_op.cc:483] Shuffle buffer filled.
2025-05-13 15:03:24.195483: I tensorflow/core/kernels/data/shuffle_dataset_op.cc:453] ShuffleDatasetV3:2: Filling up shuffle buffer (this may take a while): 1792 of 11303
2025-05-13 15:03:34.283233: I tensorflow/core/kernels/data/shuffle_dataset_op.cc:453] ShuffleDatasetV3:2: Filling up shuffle buffer (this may take a while): 3990 of 11303
2025-05-13 15:03:54.789337: I tensorflow/core/kernels/data/shuffle_dataset_op.cc:453] ShuffleDatasetV3:2: Filling up shuffle buffer (this may take a while): 7978 of 11303
2025-05-13 15:04:10.618443: I tensorflow/core/kernels/data/shuffle_dataset_op.cc:483] Shuffle buffer filled.
2025-05-13 15:07:05.483930: I tensorflow/core/kernels/data/shuffle_dataset_op.cc:453] ShuffleDatasetV3:2: Filling up shuffle buffer (this may take a while): 1801 of 11303
2025-05-13 15:07:15.487283: I tensorflow/core/kernels/data/shuffle_dataset_op.cc:453] ShuffleDatasetV3:2: Filling up shuffle buffer (this may take a while): 3946 of 11303
2025-05-13 15:07:25.571849: I tensorflow/core/kernels/data/shuffle_dataset_op.cc:453] ShuffleDatasetV3:2: Filling up shuffle buffer (this may take a while): 6102 of 11303
2025-05-13 15:07:35.576295: I tensorflow/core/kernels/data/shuffle_dataset_op.cc:453] ShuffleDatasetV3:2: Filling up shuffle buffer (this may take a while): 8065 of 11303
2025-05-13 15:07:45.689630: I tensorflow/core/kernels/data/shuffle_dataset_op.cc:453] ShuffleDatasetV3:2: Filling up shuffle buffer (this may take a while): 10096 of 11303
2025-05-13 15:07:51.030116: I tensorflow/core/kernels/data/shuffle_dataset_op.cc:483] Shuffle buffer filled.
2025-05-13 15:10:48.969233: I tensorflow/core/kernels/data/shuffle_dataset_op.cc:453] ShuffleDatasetV3:2: Filling up shuffle buffer (this may take a while): 1763 of 11303
2025-05-13 15:11:08.985913: I tensorflow/core/kernels/data/shuffle_dataset_op.cc:453] ShuffleDatasetV3:2: Filling up shuffle buffer (this may take a while): 6149 of 11303
2025-05-13 15:11:19.171141: I tensorflow/core/kernels/data/shuffle_dataset_op.cc:453] ShuffleDatasetV3:2: Filling up shuffle buffer (this may take a while): 8013 of 11303
2025-05-13 15:11:29.670360: I tensorflow/core/kernels/data/shuffle_dataset_op.cc:453] ShuffleDatasetV3:2: Filling up shuffle buffer (this may take a while): 10110 of 11303
2025-05-13 15:11:34.811188: I tensorflow/core/kernels/data/shuffle_dataset_op.cc:483] Shuffle buffer filled.
2025-05-13 15:14:31.783364: I tensorflow/core/kernels/data/shuffle_dataset_op.cc:453] ShuffleDatasetV3:2: Filling up shuffle buffer (this may take a while): 1865 of 11303
2025-05-13 15:14:41.784421: I tensorflow/core/kernels/data/shuffle_dataset_op.cc:453] ShuffleDatasetV3:2: Filling up shuffle buffer (this may take a while): 3920 of 11303
2025-05-13 15:15:01.966746: I tensorflow/core/kernels/data/shuffle_dataset_op.cc:453] ShuffleDatasetV3:2: Filling up shuffle buffer (this may take a while): 7929 of 11303
2025-05-13 15:15:17.791866: I tensorflow/core/kernels/data/shuffle_dataset_op.cc:483] Shuffle buffer filled.
2025-05-13 15:18:13.392844: I tensorflow/core/kernels/data/shuffle_dataset_op.cc:453] ShuffleDatasetV3:2: Filling up shuffle buffer (this may take a while): 1741 of 11303
2025-05-13 15:18:23.504920: I tensorflow/core/kernels/data/shuffle_dataset_op.cc:453] ShuffleDatasetV3:2: Filling up shuffle buffer (this may take a while): 3936 of 11303
2025-05-13 15:18:43.491624: I tensorflow/core/kernels/data/shuffle_dataset_op.cc:453] ShuffleDatasetV3:2: Filling up shuffle buffer (this may take a while): 8009 of 11303
2025-05-13 15:18:53.592828: I tensorflow/core/kernels/data/shuffle_dataset_op.cc:453] ShuffleDatasetV3:2: Filling up shuffle buffer (this may take a while): 9950 of 11303
2025-05-13 15:18:59.561853: I tensorflow/core/kernels/data/shuffle_dataset_op.cc:483] Shuffle buffer filled.
2025-05-13 15:21:55.991995: I tensorflow/core/kernels/data/shuffle_dataset_op.cc:453] ShuffleDatasetV3:2: Filling up shuffle buffer (this may take a while): 1805 of 11303
2025-05-13 15:22:06.302324: I tensorflow/core/kernels/data/shuffle_dataset_op.cc:453] ShuffleDatasetV3:2: Filling up shuffle buffer (this may take a while): 4049 of 11303
2025-05-13 15:22:25.983245: I tensorflow/core/kernels/data/shuffle_dataset_op.cc:453] ShuffleDatasetV3:2: Filling up shuffle buffer (this may take a while): 8169 of 11303
2025-05-13 15:22:36.089329: I tensorflow/core/kernels/data/shuffle_dataset_op.cc:453] ShuffleDatasetV3:2: Filling up shuffle buffer (this may take a while): 9948 of 11303
2025-05-13 15:22:42.221883: I tensorflow/core/kernels/data/shuffle_dataset_op.cc:483] Shuffle buffer filled.
2025-05-13 15:25:37.082684: I tensorflow/core/kernels/data/shuffle_dataset_op.cc:453] ShuffleDatasetV3:2: Filling up shuffle buffer (this may take a while): 1788 of 11303
2025-05-13 15:25:56.797984: I tensorflow/core/kernels/data/shuffle_dataset_op.cc:453] ShuffleDatasetV3:2: Filling up shuffle buffer (this may take a while): 5965 of 11303
2025-05-13 15:26:16.889011: I tensorflow/core/kernels/data/shuffle_dataset_op.cc:453] ShuffleDatasetV3:2: Filling up shuffle buffer (this may take a while): 9817 of 11303
2025-05-13 15:26:23.448478: I tensorflow/core/kernels/data/shuffle_dataset_op.cc:483] Shuffle buffer filled.
2025-05-13 15:29:15.793365: I tensorflow/core/kernels/data/shuffle_dataset_op.cc:453] ShuffleDatasetV3:2: Filling up shuffle buffer (this may take a while): 1694 of 11303
2025-05-13 15:29:35.581122: I tensorflow/core/kernels/data/shuffle_dataset_op.cc:453] ShuffleDatasetV3:2: Filling up shuffle buffer (this may take a while): 5839 of 11303
2025-05-13 15:29:45.584463: I tensorflow/core/kernels/data/shuffle_dataset_op.cc:453] ShuffleDatasetV3:2: Filling up shuffle buffer (this may take a while): 7752 of 11303
2025-05-13 15:30:02.397896: I tensorflow/core/kernels/data/shuffle_dataset_op.cc:483] Shuffle buffer filled.
2025-05-13 15:32:59.871437: I tensorflow/core/kernels/data/shuffle_dataset_op.cc:453] ShuffleDatasetV3:2: Filling up shuffle buffer (this may take a while): 1767 of 11303
2025-05-13 15:33:09.893677: I tensorflow/core/kernels/data/shuffle_dataset_op.cc:453] ShuffleDatasetV3:2: Filling up shuffle buffer (this may take a while): 3906 of 11303
2025-05-13 15:33:30.978412: I tensorflow/core/kernels/data/shuffle_dataset_op.cc:453] ShuffleDatasetV3:2: Filling up shuffle buffer (this may take a while): 8075 of 11303
2025-05-13 15:33:47.122106: I tensorflow/core/kernels/data/shuffle_dataset_op.cc:483] Shuffle buffer filled.
2025-05-13 15:36:44.380935: I tensorflow/core/kernels/data/shuffle_dataset_op.cc:453] ShuffleDatasetV3:2: Filling up shuffle buffer (this may take a while): 1793 of 11303
2025-05-13 15:36:54.697674: I tensorflow/core/kernels/data/shuffle_dataset_op.cc:453] ShuffleDatasetV3:2: Filling up shuffle buffer (this may take a while): 3821 of 11303
2025-05-13 15:37:14.473546: I tensorflow/core/kernels/data/shuffle_dataset_op.cc:453] ShuffleDatasetV3:2: Filling up shuffle buffer (this may take a while): 7492 of 11303
2025-05-13 15:37:24.780110: I tensorflow/core/kernels/data/shuffle_dataset_op.cc:453] ShuffleDatasetV3:2: Filling up shuffle buffer (this may take a while): 9339 of 11303
2025-05-13 15:37:33.732246: I tensorflow/core/kernels/data/shuffle_dataset_op.cc:483] Shuffle buffer filled.
2025-05-13 15:40:31.699438: I tensorflow/core/kernels/data/shuffle_dataset_op.cc:453] ShuffleDatasetV3:2: Filling up shuffle buffer (this may take a while): 1760 of 11303
2025-05-13 15:40:51.671061: I tensorflow/core/kernels/data/shuffle_dataset_op.cc:453] ShuffleDatasetV3:2: Filling up shuffle buffer (this may take a while): 6188 of 11303
2025-05-13 15:41:01.674162: I tensorflow/core/kernels/data/shuffle_dataset_op.cc:453] ShuffleDatasetV3:2: Filling up shuffle buffer (this may take a while): 8089 of 11303
2025-05-13 15:41:17.334226: I tensorflow/core/kernels/data/shuffle_dataset_op.cc:483] Shuffle buffer filled.
2025-05-13 15:44:17.698963: I tensorflow/core/kernels/data/shuffle_dataset_op.cc:453] ShuffleDatasetV3:2: Filling up shuffle buffer (this may take a while): 1710 of 11303
2025-05-13 15:44:37.474239: I tensorflow/core/kernels/data/shuffle_dataset_op.cc:453] ShuffleDatasetV3:2: Filling up shuffle buffer (this may take a while): 5975 of 11303
2025-05-13 15:44:57.684173: I tensorflow/core/kernels/data/shuffle_dataset_op.cc:453] ShuffleDatasetV3:2: Filling up shuffle buffer (this may take a while): 10002 of 11303
2025-05-13 15:45:02.932804: I tensorflow/core/kernels/data/shuffle_dataset_op.cc:483] Shuffle buffer filled.
2025-05-13 15:48:08.072330: I tensorflow/core/kernels/data/shuffle_dataset_op.cc:453] ShuffleDatasetV3:2: Filling up shuffle buffer (this may take a while): 1768 of 11303
2025-05-13 15:48:18.080658: I tensorflow/core/kernels/data/shuffle_dataset_op.cc:453] ShuffleDatasetV3:2: Filling up shuffle buffer (this may take a while): 4052 of 11303
2025-05-13 15:48:38.307352: I tensorflow/core/kernels/data/shuffle_dataset_op.cc:453] ShuffleDatasetV3:2: Filling up shuffle buffer (this may take a while): 8194 of 11303
2025-05-13 15:48:48.478450: I tensorflow/core/kernels/data/shuffle_dataset_op.cc:453] ShuffleDatasetV3:2: Filling up shuffle buffer (this may take a while): 10073 of 11303
2025-05-13 15:48:53.680023: I tensorflow/core/kernels/data/shuffle_dataset_op.cc:483] Shuffle buffer filled.
2025-05-13 15:52:30.090629: I tensorflow/core/kernels/data/shuffle_dataset_op.cc:453] ShuffleDatasetV3:2: Filling up shuffle buffer (this may take a while): 1686 of 11303
2025-05-13 15:52:40.276125: I tensorflow/core/kernels/data/shuffle_dataset_op.cc:453] ShuffleDatasetV3:2: Filling up shuffle buffer (this may take a while): 3819 of 11303
2025-05-13 15:53:00.078885: I tensorflow/core/kernels/data/shuffle_dataset_op.cc:453] ShuffleDatasetV3:2: Filling up shuffle buffer (this may take a while): 7727 of 11303
2025-05-13 15:53:10.097473: I tensorflow/core/kernels/data/shuffle_dataset_op.cc:453] ShuffleDatasetV3:2: Filling up shuffle buffer (this may take a while): 9543 of 11303
2025-05-13 15:53:18.030684: I tensorflow/core/kernels/data/shuffle_dataset_op.cc:483] Shuffle buffer filled.
2025-05-13 15:56:19.672032: I tensorflow/core/kernels/data/shuffle_dataset_op.cc:453] ShuffleDatasetV3:2: Filling up shuffle buffer (this may take a while): 1679 of 11303
2025-05-13 15:56:29.672214: I tensorflow/core/kernels/data/shuffle_dataset_op.cc:453] ShuffleDatasetV3:2: Filling up shuffle buffer (this may take a while): 3821 of 11303
2025-05-13 15:56:49.696538: I tensorflow/core/kernels/data/shuffle_dataset_op.cc:453] ShuffleDatasetV3:2: Filling up shuffle buffer (this may take a while): 8040 of 11303
2025-05-13 15:56:59.972821: I tensorflow/core/kernels/data/shuffle_dataset_op.cc:453] ShuffleDatasetV3:2: Filling up shuffle buffer (this may take a while): 10162 of 11303
2025-05-13 15:57:04.613743: I tensorflow/core/kernels/data/shuffle_dataset_op.cc:483] Shuffle buffer filled.
2025-05-13 16:00:06.974617: I tensorflow/core/kernels/data/shuffle_dataset_op.cc:453] ShuffleDatasetV3:2: Filling up shuffle buffer (this may take a while): 1815 of 11303
2025-05-13 16:00:16.985887: I tensorflow/core/kernels/data/shuffle_dataset_op.cc:453] ShuffleDatasetV3:2: Filling up shuffle buffer (this may take a while): 3861 of 11303
2025-05-13 16:00:27.071130: I tensorflow/core/kernels/data/shuffle_dataset_op.cc:453] ShuffleDatasetV3:2: Filling up shuffle buffer (this may take a while): 6010 of 11303
2025-05-13 16:00:47.180041: I tensorflow/core/kernels/data/shuffle_dataset_op.cc:453] ShuffleDatasetV3:2: Filling up shuffle buffer (this may take a while): 10008 of 11303
2025-05-13 16:00:52.920606: I tensorflow/core/kernels/data/shuffle_dataset_op.cc:483] Shuffle buffer filled.
2025-05-13 16:03:49.876867: I tensorflow/core/kernels/data/shuffle_dataset_op.cc:453] ShuffleDatasetV3:2: Filling up shuffle buffer (this may take a while): 1761 of 11303
2025-05-13 16:04:09.784847: I tensorflow/core/kernels/data/shuffle_dataset_op.cc:453] ShuffleDatasetV3:2: Filling up shuffle buffer (this may take a while): 5768 of 11303
2025-05-13 16:04:29.900050: I tensorflow/core/kernels/data/shuffle_dataset_op.cc:453] ShuffleDatasetV3:2: Filling up shuffle buffer (this may take a while): 9655 of 11303
2025-05-13 16:04:37.398754: I tensorflow/core/kernels/data/shuffle_dataset_op.cc:483] Shuffle buffer filled.
2025-05-13 16:07:38.187690: I tensorflow/core/kernels/data/shuffle_dataset_op.cc:453] ShuffleDatasetV3:2: Filling up shuffle buffer (this may take a while): 1816 of 11303
2025-05-13 16:07:48.297907: I tensorflow/core/kernels/data/shuffle_dataset_op.cc:453] ShuffleDatasetV3:2: Filling up shuffle buffer (this may take a while): 3914 of 11303
2025-05-13 16:08:08.183322: I tensorflow/core/kernels/data/shuffle_dataset_op.cc:453] ShuffleDatasetV3:2: Filling up shuffle buffer (this may take a while): 8139 of 11303
2025-05-13 16:08:18.208826: I tensorflow/core/kernels/data/shuffle_dataset_op.cc:453] ShuffleDatasetV3:2: Filling up shuffle buffer (this may take a while): 10073 of 11303
2025-05-13 16:08:23.308253: I tensorflow/core/kernels/data/shuffle_dataset_op.cc:483] Shuffle buffer filled.
2025-05-13 16:11:24.189522: I tensorflow/core/kernels/data/shuffle_dataset_op.cc:453] ShuffleDatasetV3:2: Filling up shuffle buffer (this may take a while): 1732 of 11303
2025-05-13 16:11:44.304916: I tensorflow/core/kernels/data/shuffle_dataset_op.cc:453] ShuffleDatasetV3:2: Filling up shuffle buffer (this may take a while): 6040 of 11303
2025-05-13 16:12:04.581746: I tensorflow/core/kernels/data/shuffle_dataset_op.cc:453] ShuffleDatasetV3:2: Filling up shuffle buffer (this may take a while): 10150 of 11303
2025-05-13 16:12:09.829714: I tensorflow/core/kernels/data/shuffle_dataset_op.cc:483] Shuffle buffer filled.
2025-05-13 16:15:11.471320: I tensorflow/core/kernels/data/shuffle_dataset_op.cc:453] ShuffleDatasetV3:2: Filling up shuffle buffer (this may take a while): 1713 of 11303
2025-05-13 16:15:21.669038: I tensorflow/core/kernels/data/shuffle_dataset_op.cc:453] ShuffleDatasetV3:2: Filling up shuffle buffer (this may take a while): 4144 of 11303
2025-05-13 16:15:41.406374: I tensorflow/core/kernels/data/shuffle_dataset_op.cc:453] ShuffleDatasetV3:2: Filling up shuffle buffer (this may take a while): 8158 of 11303
2025-05-13 16:15:57.079414: I tensorflow/core/kernels/data/shuffle_dataset_op.cc:483] Shuffle buffer filled.
2025-05-13 16:18:57.407581: I tensorflow/core/kernels/data/shuffle_dataset_op.cc:453] ShuffleDatasetV3:2: Filling up shuffle buffer (this may take a while): 1857 of 11303
2025-05-13 16:19:07.776807: I tensorflow/core/kernels/data/shuffle_dataset_op.cc:453] ShuffleDatasetV3:2: Filling up shuffle buffer (this may take a while): 4243 of 11303
2025-05-13 16:19:27.485475: I tensorflow/core/kernels/data/shuffle_dataset_op.cc:453] ShuffleDatasetV3:2: Filling up shuffle buffer (this may take a while): 8045 of 11303
2025-05-13 16:19:42.288825: I tensorflow/core/kernels/data/shuffle_dataset_op.cc:483] Shuffle buffer filled.
2025-05-13 16:22:45.999422: I tensorflow/core/kernels/data/shuffle_dataset_op.cc:453] ShuffleDatasetV3:2: Filling up shuffle buffer (this may take a while): 1699 of 11303
2025-05-13 16:23:05.967667: I tensorflow/core/kernels/data/shuffle_dataset_op.cc:453] ShuffleDatasetV3:2: Filling up shuffle buffer (this may take a while): 5825 of 11303
2025-05-13 16:23:15.989162: I tensorflow/core/kernels/data/shuffle_dataset_op.cc:453] ShuffleDatasetV3:2: Filling up shuffle buffer (this may take a while): 7729 of 11303
2025-05-13 16:23:26.093205: I tensorflow/core/kernels/data/shuffle_dataset_op.cc:453] ShuffleDatasetV3:2: Filling up shuffle buffer (this may take a while): 9635 of 11303
2025-05-13 16:23:33.394202: I tensorflow/core/kernels/data/shuffle_dataset_op.cc:483] Shuffle buffer filled.
2025-05-13 16:26:31.472884: I tensorflow/core/kernels/data/shuffle_dataset_op.cc:453] ShuffleDatasetV3:2: Filling up shuffle buffer (this may take a while): 1748 of 11303
2025-05-13 16:26:51.472732: I tensorflow/core/kernels/data/shuffle_dataset_op.cc:453] ShuffleDatasetV3:2: Filling up shuffle buffer (this may take a while): 6063 of 11303
2025-05-13 16:27:01.587837: I tensorflow/core/kernels/data/shuffle_dataset_op.cc:453] ShuffleDatasetV3:2: Filling up shuffle buffer (this may take a while): 8059 of 11303
2025-05-13 16:27:11.698664: I tensorflow/core/kernels/data/shuffle_dataset_op.cc:453] ShuffleDatasetV3:2: Filling up shuffle buffer (this may take a while): 9980 of 11303
2025-05-13 16:27:17.900400: I tensorflow/core/kernels/data/shuffle_dataset_op.cc:483] Shuffle buffer filled.
2025-05-13 16:31:28.871195: I tensorflow/core/framework/local_rendezvous.cc:407] Local rendezvous is aborting with status: OUT_OF_RANGE: End of sequence
finished task with id:: 4589
