now processing task id:: 3735 on worker6.slurm.hj.se
2025-05-06 12:43:03.333911: I tensorflow/core/platform/cpu_feature_guard.cc:142] This TensorFlow binary is optimized with oneAPI Deep Neural Network Library (oneDNN) to use the following CPU instructions in performance-critical operations:  SSE4.1 SSE4.2 AVX AVX2 FMA
To enable them in other operations, rebuild TensorFlow with the appropriate compiler flags.
2025-05-06 12:43:03.965219: I tensorflow/core/common_runtime/gpu/gpu_device.cc:1510] Created device /job:localhost/replica:0/task:0/device:GPU:0 with 7988 MB memory:  -> device: 0, name: NVIDIA A100 80GB PCIe MIG 1g.10gb, pci bus id: 0000:81:00.0, compute capability: 8.0
2025-05-06 12:43:07.668037: I tensorflow/core/profiler/lib/profiler_session.cc:131] Profiler session initializing.
2025-05-06 12:43:07.668142: I tensorflow/core/profiler/lib/profiler_session.cc:146] Profiler session started.
2025-05-06 12:43:07.668251: I tensorflow/core/profiler/internal/gpu/cupti_tracer.cc:1614] Profiler found 1 GPUs
2025-05-06 12:43:08.307492: I tensorflow/core/profiler/lib/profiler_session.cc:164] Profiler session tear down.
2025-05-06 12:43:08.307716: I tensorflow/core/profiler/internal/gpu/cupti_tracer.cc:1748] CUPTI activity buffer flushed
/home/foal20ym/micromamba/envs/tf/lib/python3.9/site-packages/keras/utils/generic_utils.py:494: CustomMaskWarning: Custom mask layers require a config and must override get_config. When loading, the custom mask layer must be passed to the custom_objects argument.
  warnings.warn('Custom mask layers require a config and must override '
2025-05-06 12:43:14.456344: I tensorflow/compiler/mlir/mlir_graph_optimization_pass.cc:185] None of the MLIR Optimization Passes are enabled (registered 2)
2025-05-06 12:43:25.767070: I tensorflow/core/kernels/data/shuffle_dataset_op.cc:175] Filling up shuffle buffer (this may take a while): 1041 of 11303
2025-05-06 12:43:37.672938: I tensorflow/core/kernels/data/shuffle_dataset_op.cc:175] Filling up shuffle buffer (this may take a while): 2695 of 11303
2025-05-06 12:43:46.937149: I tensorflow/core/kernels/data/shuffle_dataset_op.cc:175] Filling up shuffle buffer (this may take a while): 3951 of 11303
2025-05-06 12:43:55.960228: I tensorflow/core/kernels/data/shuffle_dataset_op.cc:175] Filling up shuffle buffer (this may take a while): 5301 of 11303
2025-05-06 12:44:06.305472: I tensorflow/core/kernels/data/shuffle_dataset_op.cc:175] Filling up shuffle buffer (this may take a while): 7007 of 11303
2025-05-06 12:44:15.983645: I tensorflow/core/kernels/data/shuffle_dataset_op.cc:175] Filling up shuffle buffer (this may take a while): 8601 of 11303
2025-05-06 12:44:25.774798: I tensorflow/core/kernels/data/shuffle_dataset_op.cc:175] Filling up shuffle buffer (this may take a while): 9951 of 11303
2025-05-06 12:44:33.690416: I tensorflow/core/kernels/data/shuffle_dataset_op.cc:228] Shuffle buffer filled.
2025-05-06 12:44:34.600846: I tensorflow/stream_executor/cuda/cuda_dnn.cc:369] Loaded cuDNN version 8800
2025-05-06 12:44:34.746953: I tensorflow/core/platform/default/subprocess.cc:304] Start cannot spawn child process: No such file or directory
2025-05-06 12:44:36.004549: I tensorflow/stream_executor/cuda/cuda_blas.cc:1760] TensorFloat-32 will be used for the matrix multiplication. This will only be logged once.
2025-05-06 12:44:36.350449: I tensorflow/core/profiler/lib/profiler_session.cc:131] Profiler session initializing.
2025-05-06 12:44:36.350515: I tensorflow/core/profiler/lib/profiler_session.cc:146] Profiler session started.
2025-05-06 12:44:37.191148: I tensorflow/core/profiler/lib/profiler_session.cc:66] Profiler session collecting data.
2025-05-06 12:44:37.191559: I tensorflow/core/profiler/internal/gpu/cupti_tracer.cc:1748] CUPTI activity buffer flushed
2025-05-06 12:44:37.279379: I tensorflow/core/profiler/internal/gpu/cupti_collector.cc:673]  GpuTracer has collected 1135 callback api events and 1145 activity events. 
2025-05-06 12:44:37.308824: I tensorflow/core/profiler/lib/profiler_session.cc:164] Profiler session tear down.
2025-05-06 12:44:37.331560: I tensorflow/core/profiler/rpc/client/save_profile.cc:136] Creating directory: logs/tensorboard/fit_2025-05-06_12:43:04_NASNetMobile_fit_fold0/train/plugins/profile/2025_05_06_12_44_37

2025-05-06 12:44:37.347474: I tensorflow/core/profiler/rpc/client/save_profile.cc:142] Dumped gzipped tool data for trace.json.gz to logs/tensorboard/fit_2025-05-06_12:43:04_NASNetMobile_fit_fold0/train/plugins/profile/2025_05_06_12_44_37/worker6.trace.json.gz
2025-05-06 12:44:37.410803: I tensorflow/core/profiler/rpc/client/save_profile.cc:136] Creating directory: logs/tensorboard/fit_2025-05-06_12:43:04_NASNetMobile_fit_fold0/train/plugins/profile/2025_05_06_12_44_37

2025-05-06 12:44:37.415485: I tensorflow/core/profiler/rpc/client/save_profile.cc:142] Dumped gzipped tool data for memory_profile.json.gz to logs/tensorboard/fit_2025-05-06_12:43:04_NASNetMobile_fit_fold0/train/plugins/profile/2025_05_06_12_44_37/worker6.memory_profile.json.gz
2025-05-06 12:44:37.418807: I tensorflow/core/profiler/rpc/client/capture_profile.cc:251] Creating directory: logs/tensorboard/fit_2025-05-06_12:43:04_NASNetMobile_fit_fold0/train/plugins/profile/2025_05_06_12_44_37
Dumped tool data for xplane.pb to logs/tensorboard/fit_2025-05-06_12:43:04_NASNetMobile_fit_fold0/train/plugins/profile/2025_05_06_12_44_37/worker6.xplane.pb
Dumped tool data for overview_page.pb to logs/tensorboard/fit_2025-05-06_12:43:04_NASNetMobile_fit_fold0/train/plugins/profile/2025_05_06_12_44_37/worker6.overview_page.pb
Dumped tool data for input_pipeline.pb to logs/tensorboard/fit_2025-05-06_12:43:04_NASNetMobile_fit_fold0/train/plugins/profile/2025_05_06_12_44_37/worker6.input_pipeline.pb
Dumped tool data for tensorflow_stats.pb to logs/tensorboard/fit_2025-05-06_12:43:04_NASNetMobile_fit_fold0/train/plugins/profile/2025_05_06_12_44_37/worker6.tensorflow_stats.pb
Dumped tool data for kernel_stats.pb to logs/tensorboard/fit_2025-05-06_12:43:04_NASNetMobile_fit_fold0/train/plugins/profile/2025_05_06_12_44_37/worker6.kernel_stats.pb

2025-05-06 12:45:48.101953: I tensorflow/core/kernels/data/shuffle_dataset_op.cc:175] Filling up shuffle buffer (this may take a while): 1436 of 11303
2025-05-06 12:45:54.900209: I tensorflow/core/kernels/data/shuffle_dataset_op.cc:175] Filling up shuffle buffer (this may take a while): 2695 of 11303
2025-05-06 12:46:04.810078: I tensorflow/core/kernels/data/shuffle_dataset_op.cc:175] Filling up shuffle buffer (this may take a while): 3951 of 11303
2025-05-06 12:46:14.902994: I tensorflow/core/kernels/data/shuffle_dataset_op.cc:175] Filling up shuffle buffer (this may take a while): 5744 of 11303
2025-05-06 12:46:24.680597: I tensorflow/core/kernels/data/shuffle_dataset_op.cc:175] Filling up shuffle buffer (this may take a while): 7693 of 11303
2025-05-06 12:46:36.287985: I tensorflow/core/kernels/data/shuffle_dataset_op.cc:175] Filling up shuffle buffer (this may take a while): 8973 of 11303
2025-05-06 12:46:44.954240: I tensorflow/core/kernels/data/shuffle_dataset_op.cc:175] Filling up shuffle buffer (this may take a while): 10229 of 11303
2025-05-06 12:46:49.389130: I tensorflow/core/kernels/data/shuffle_dataset_op.cc:228] Shuffle buffer filled.
2025-05-06 12:47:53.393351: I tensorflow/core/kernels/data/shuffle_dataset_op.cc:175] Filling up shuffle buffer (this may take a while): 1436 of 11303
2025-05-06 12:48:00.844838: I tensorflow/core/kernels/data/shuffle_dataset_op.cc:175] Filling up shuffle buffer (this may take a while): 2699 of 11303
2025-05-06 12:48:10.670555: I tensorflow/core/kernels/data/shuffle_dataset_op.cc:175] Filling up shuffle buffer (this may take a while): 4310 of 11303
2025-05-06 12:48:20.668681: I tensorflow/core/kernels/data/shuffle_dataset_op.cc:175] Filling up shuffle buffer (this may take a while): 6392 of 11303
2025-05-06 12:48:31.909926: I tensorflow/core/kernels/data/shuffle_dataset_op.cc:175] Filling up shuffle buffer (this may take a while): 7717 of 11303
2025-05-06 12:48:41.250294: I tensorflow/core/kernels/data/shuffle_dataset_op.cc:175] Filling up shuffle buffer (this may take a while): 8973 of 11303
2025-05-06 12:48:50.766291: I tensorflow/core/kernels/data/shuffle_dataset_op.cc:175] Filling up shuffle buffer (this may take a while): 10431 of 11303
2025-05-06 12:48:54.003151: I tensorflow/core/kernels/data/shuffle_dataset_op.cc:228] Shuffle buffer filled.
2025-05-06 12:49:55.922253: I tensorflow/core/kernels/data/shuffle_dataset_op.cc:175] Filling up shuffle buffer (this may take a while): 1436 of 11303
2025-05-06 12:50:04.280108: I tensorflow/core/kernels/data/shuffle_dataset_op.cc:175] Filling up shuffle buffer (this may take a while): 2710 of 11303
2025-05-06 12:50:14.185921: I tensorflow/core/kernels/data/shuffle_dataset_op.cc:175] Filling up shuffle buffer (this may take a while): 4604 of 11303
2025-05-06 12:50:24.068566: I tensorflow/core/kernels/data/shuffle_dataset_op.cc:175] Filling up shuffle buffer (this may take a while): 6425 of 11303
2025-05-06 12:50:34.274865: I tensorflow/core/kernels/data/shuffle_dataset_op.cc:175] Filling up shuffle buffer (this may take a while): 7717 of 11303
2025-05-06 12:50:44.318044: I tensorflow/core/kernels/data/shuffle_dataset_op.cc:175] Filling up shuffle buffer (this may take a while): 8973 of 11303
2025-05-06 12:50:54.468355: I tensorflow/core/kernels/data/shuffle_dataset_op.cc:175] Filling up shuffle buffer (this may take a while): 10598 of 11303
2025-05-06 12:50:56.375478: I tensorflow/core/kernels/data/shuffle_dataset_op.cc:228] Shuffle buffer filled.
2025-05-06 12:51:57.029422: I tensorflow/core/kernels/data/shuffle_dataset_op.cc:175] Filling up shuffle buffer (this may take a while): 1436 of 11303
2025-05-06 12:52:06.783941: I tensorflow/core/kernels/data/shuffle_dataset_op.cc:175] Filling up shuffle buffer (this may take a while): 3096 of 11303
2025-05-06 12:52:16.166686: I tensorflow/core/kernels/data/shuffle_dataset_op.cc:175] Filling up shuffle buffer (this may take a while): 5113 of 11303
2025-05-06 12:52:26.060383: I tensorflow/core/kernels/data/shuffle_dataset_op.cc:175] Filling up shuffle buffer (this may take a while): 6461 of 11303
2025-05-06 12:52:36.023365: I tensorflow/core/kernels/data/shuffle_dataset_op.cc:175] Filling up shuffle buffer (this may take a while): 8084 of 11303
2025-05-06 12:52:46.782394: I tensorflow/core/kernels/data/shuffle_dataset_op.cc:175] Filling up shuffle buffer (this may take a while): 10208 of 11303
2025-05-06 12:52:53.818307: I tensorflow/core/kernels/data/shuffle_dataset_op.cc:228] Shuffle buffer filled.
2025-05-06 12:53:54.736909: I tensorflow/core/kernels/data/shuffle_dataset_op.cc:175] Filling up shuffle buffer (this may take a while): 1436 of 11303
2025-05-06 12:54:02.623865: I tensorflow/core/kernels/data/shuffle_dataset_op.cc:175] Filling up shuffle buffer (this may take a while): 2710 of 11303
2025-05-06 12:54:12.483687: I tensorflow/core/kernels/data/shuffle_dataset_op.cc:175] Filling up shuffle buffer (this may take a while): 4929 of 11303
2025-05-06 12:54:22.765876: I tensorflow/core/kernels/data/shuffle_dataset_op.cc:175] Filling up shuffle buffer (this may take a while): 6461 of 11303
2025-05-06 12:54:33.160141: I tensorflow/core/kernels/data/shuffle_dataset_op.cc:175] Filling up shuffle buffer (this may take a while): 8084 of 11303
2025-05-06 12:54:42.394661: I tensorflow/core/kernels/data/shuffle_dataset_op.cc:175] Filling up shuffle buffer (this may take a while): 9868 of 11303
2025-05-06 12:54:50.919108: I tensorflow/core/kernels/data/shuffle_dataset_op.cc:228] Shuffle buffer filled.
2025-05-06 12:55:53.805264: I tensorflow/core/kernels/data/shuffle_dataset_op.cc:175] Filling up shuffle buffer (this may take a while): 1436 of 11303
2025-05-06 12:56:01.781914: I tensorflow/core/kernels/data/shuffle_dataset_op.cc:175] Filling up shuffle buffer (this may take a while): 2695 of 11303
2025-05-06 12:56:11.839921: I tensorflow/core/kernels/data/shuffle_dataset_op.cc:175] Filling up shuffle buffer (this may take a while): 3951 of 11303
2025-05-06 12:56:20.546349: I tensorflow/core/kernels/data/shuffle_dataset_op.cc:175] Filling up shuffle buffer (this may take a while): 5205 of 11303
2025-05-06 12:56:30.890235: I tensorflow/core/kernels/data/shuffle_dataset_op.cc:175] Filling up shuffle buffer (this may take a while): 6828 of 11303
2025-05-06 12:56:40.516712: I tensorflow/core/kernels/data/shuffle_dataset_op.cc:175] Filling up shuffle buffer (this may take a while): 8257 of 11303
2025-05-06 12:56:50.472773: I tensorflow/core/kernels/data/shuffle_dataset_op.cc:175] Filling up shuffle buffer (this may take a while): 9870 of 11303
2025-05-06 12:56:58.610918: I tensorflow/core/kernels/data/shuffle_dataset_op.cc:228] Shuffle buffer filled.
2025-05-06 12:57:59.480821: I tensorflow/core/kernels/data/shuffle_dataset_op.cc:175] Filling up shuffle buffer (this may take a while): 1391 of 11303
2025-05-06 12:58:09.565903: I tensorflow/core/kernels/data/shuffle_dataset_op.cc:175] Filling up shuffle buffer (this may take a while): 2583 of 11303
2025-05-06 12:58:19.575692: I tensorflow/core/kernels/data/shuffle_dataset_op.cc:175] Filling up shuffle buffer (this may take a while): 3887 of 11303
2025-05-06 12:58:31.609231: I tensorflow/core/kernels/data/shuffle_dataset_op.cc:175] Filling up shuffle buffer (this may take a while): 5205 of 11303
2025-05-06 12:58:39.540256: I tensorflow/core/kernels/data/shuffle_dataset_op.cc:175] Filling up shuffle buffer (this may take a while): 6461 of 11303
2025-05-06 12:58:49.889381: I tensorflow/core/kernels/data/shuffle_dataset_op.cc:175] Filling up shuffle buffer (this may take a while): 8002 of 11303
2025-05-06 12:59:00.064720: I tensorflow/core/kernels/data/shuffle_dataset_op.cc:175] Filling up shuffle buffer (this may take a while): 9342 of 11303
2025-05-06 12:59:09.391134: I tensorflow/core/kernels/data/shuffle_dataset_op.cc:175] Filling up shuffle buffer (this may take a while): 10741 of 11303
2025-05-06 12:59:10.776485: I tensorflow/core/kernels/data/shuffle_dataset_op.cc:228] Shuffle buffer filled.
2025-05-06 13:00:12.269417: I tensorflow/core/kernels/data/shuffle_dataset_op.cc:175] Filling up shuffle buffer (this may take a while): 1426 of 11303
2025-05-06 13:00:24.538290: I tensorflow/core/kernels/data/shuffle_dataset_op.cc:175] Filling up shuffle buffer (this may take a while): 2695 of 11303
2025-05-06 13:00:33.658182: I tensorflow/core/kernels/data/shuffle_dataset_op.cc:175] Filling up shuffle buffer (this may take a while): 3948 of 11303
2025-05-06 13:00:44.556326: I tensorflow/core/kernels/data/shuffle_dataset_op.cc:175] Filling up shuffle buffer (this may take a while): 5205 of 11303
2025-05-06 13:00:53.365211: I tensorflow/core/kernels/data/shuffle_dataset_op.cc:175] Filling up shuffle buffer (this may take a while): 6461 of 11303
2025-05-06 13:01:02.676074: I tensorflow/core/kernels/data/shuffle_dataset_op.cc:175] Filling up shuffle buffer (this may take a while): 7717 of 11303
2025-05-06 13:01:13.909346: I tensorflow/core/kernels/data/shuffle_dataset_op.cc:175] Filling up shuffle buffer (this may take a while): 8973 of 11303
2025-05-06 13:01:22.203522: I tensorflow/core/kernels/data/shuffle_dataset_op.cc:175] Filling up shuffle buffer (this may take a while): 10227 of 11303
2025-05-06 13:01:28.009686: I tensorflow/core/kernels/data/shuffle_dataset_op.cc:228] Shuffle buffer filled.
2025-05-06 13:02:30.323525: I tensorflow/core/kernels/data/shuffle_dataset_op.cc:175] Filling up shuffle buffer (this may take a while): 1436 of 11303
2025-05-06 13:02:39.068226: I tensorflow/core/kernels/data/shuffle_dataset_op.cc:175] Filling up shuffle buffer (this may take a while): 2699 of 11303
2025-05-06 13:02:49.145951: I tensorflow/core/kernels/data/shuffle_dataset_op.cc:175] Filling up shuffle buffer (this may take a while): 3951 of 11303
2025-05-06 13:02:59.275386: I tensorflow/core/kernels/data/shuffle_dataset_op.cc:175] Filling up shuffle buffer (this may take a while): 5402 of 11303
2025-05-06 13:03:08.767581: I tensorflow/core/kernels/data/shuffle_dataset_op.cc:175] Filling up shuffle buffer (this may take a while): 6754 of 11303
2025-05-06 13:03:18.788590: I tensorflow/core/kernels/data/shuffle_dataset_op.cc:175] Filling up shuffle buffer (this may take a while): 8043 of 11303
2025-05-06 13:03:29.177421: I tensorflow/core/kernels/data/shuffle_dataset_op.cc:175] Filling up shuffle buffer (this may take a while): 9293 of 11303
2025-05-06 13:03:38.883485: I tensorflow/core/kernels/data/shuffle_dataset_op.cc:175] Filling up shuffle buffer (this may take a while): 10565 of 11303
2025-05-06 13:03:41.686002: I tensorflow/core/kernels/data/shuffle_dataset_op.cc:228] Shuffle buffer filled.
2025-05-06 13:04:43.346619: I tensorflow/core/kernels/data/shuffle_dataset_op.cc:175] Filling up shuffle buffer (this may take a while): 1436 of 11303
2025-05-06 13:04:50.996007: I tensorflow/core/kernels/data/shuffle_dataset_op.cc:175] Filling up shuffle buffer (this may take a while): 2699 of 11303
2025-05-06 13:05:01.098401: I tensorflow/core/kernels/data/shuffle_dataset_op.cc:175] Filling up shuffle buffer (this may take a while): 4321 of 11303
2025-05-06 13:05:11.081199: I tensorflow/core/kernels/data/shuffle_dataset_op.cc:175] Filling up shuffle buffer (this may take a while): 5756 of 11303
2025-05-06 13:05:21.071422: I tensorflow/core/kernels/data/shuffle_dataset_op.cc:175] Filling up shuffle buffer (this may take a while): 7693 of 11303
2025-05-06 13:05:33.910375: I tensorflow/core/kernels/data/shuffle_dataset_op.cc:175] Filling up shuffle buffer (this may take a while): 8973 of 11303
2025-05-06 13:05:42.140046: I tensorflow/core/kernels/data/shuffle_dataset_op.cc:175] Filling up shuffle buffer (this may take a while): 10227 of 11303
2025-05-06 13:05:46.683656: I tensorflow/core/kernels/data/shuffle_dataset_op.cc:228] Shuffle buffer filled.
2025-05-06 13:06:47.682154: I tensorflow/core/kernels/data/shuffle_dataset_op.cc:175] Filling up shuffle buffer (this may take a while): 1436 of 11303
2025-05-06 13:06:55.567481: I tensorflow/core/kernels/data/shuffle_dataset_op.cc:175] Filling up shuffle buffer (this may take a while): 2699 of 11303
2025-05-06 13:07:05.577698: I tensorflow/core/kernels/data/shuffle_dataset_op.cc:175] Filling up shuffle buffer (this may take a while): 4467 of 11303
2025-05-06 13:07:16.917528: I tensorflow/core/kernels/data/shuffle_dataset_op.cc:175] Filling up shuffle buffer (this may take a while): 6461 of 11303
2025-05-06 13:07:26.857442: I tensorflow/core/kernels/data/shuffle_dataset_op.cc:175] Filling up shuffle buffer (this may take a while): 7721 of 11303
2025-05-06 13:07:35.622102: I tensorflow/core/kernels/data/shuffle_dataset_op.cc:175] Filling up shuffle buffer (this may take a while): 8978 of 11303
2025-05-06 13:07:45.812481: I tensorflow/core/kernels/data/shuffle_dataset_op.cc:175] Filling up shuffle buffer (this may take a while): 10598 of 11303
2025-05-06 13:07:47.875780: I tensorflow/core/kernels/data/shuffle_dataset_op.cc:228] Shuffle buffer filled.
2025-05-06 13:08:50.179659: I tensorflow/core/kernels/data/shuffle_dataset_op.cc:175] Filling up shuffle buffer (this may take a while): 1436 of 11303
2025-05-06 13:08:58.108994: I tensorflow/core/kernels/data/shuffle_dataset_op.cc:175] Filling up shuffle buffer (this may take a while): 2780 of 11303
2025-05-06 13:09:08.268880: I tensorflow/core/kernels/data/shuffle_dataset_op.cc:175] Filling up shuffle buffer (this may take a while): 4778 of 11303
2025-05-06 13:09:20.001452: I tensorflow/core/kernels/data/shuffle_dataset_op.cc:175] Filling up shuffle buffer (this may take a while): 6461 of 11303
2025-05-06 13:09:28.185686: I tensorflow/core/kernels/data/shuffle_dataset_op.cc:175] Filling up shuffle buffer (this may take a while): 7721 of 11303
2025-05-06 13:09:38.448027: I tensorflow/core/kernels/data/shuffle_dataset_op.cc:175] Filling up shuffle buffer (this may take a while): 8973 of 11303
2025-05-06 13:09:48.696939: I tensorflow/core/kernels/data/shuffle_dataset_op.cc:175] Filling up shuffle buffer (this may take a while): 10229 of 11303
2025-05-06 13:09:53.208731: I tensorflow/core/kernels/data/shuffle_dataset_op.cc:228] Shuffle buffer filled.
2025-05-06 13:10:56.036604: I tensorflow/core/kernels/data/shuffle_dataset_op.cc:175] Filling up shuffle buffer (this may take a while): 1436 of 11303
2025-05-06 13:11:04.437826: I tensorflow/core/kernels/data/shuffle_dataset_op.cc:175] Filling up shuffle buffer (this may take a while): 2699 of 11303
2025-05-06 13:11:14.197231: I tensorflow/core/kernels/data/shuffle_dataset_op.cc:175] Filling up shuffle buffer (this may take a while): 3951 of 11303
2025-05-06 13:11:23.975430: I tensorflow/core/kernels/data/shuffle_dataset_op.cc:175] Filling up shuffle buffer (this may take a while): 5516 of 11303
2025-05-06 13:11:33.999507: I tensorflow/core/kernels/data/shuffle_dataset_op.cc:175] Filling up shuffle buffer (this may take a while): 6951 of 11303
2025-05-06 13:11:43.980474: I tensorflow/core/kernels/data/shuffle_dataset_op.cc:175] Filling up shuffle buffer (this may take a while): 8632 of 11303
2025-05-06 13:11:53.969312: I tensorflow/core/kernels/data/shuffle_dataset_op.cc:175] Filling up shuffle buffer (this may take a while): 10144 of 11303
2025-05-06 13:12:02.590745: I tensorflow/core/kernels/data/shuffle_dataset_op.cc:228] Shuffle buffer filled.
2025-05-06 13:13:07.145162: I tensorflow/core/kernels/data/shuffle_dataset_op.cc:175] Filling up shuffle buffer (this may take a while): 1436 of 11303
2025-05-06 13:13:16.032873: I tensorflow/core/kernels/data/shuffle_dataset_op.cc:175] Filling up shuffle buffer (this may take a while): 2695 of 11303
2025-05-06 13:13:25.129890: I tensorflow/core/kernels/data/shuffle_dataset_op.cc:175] Filling up shuffle buffer (this may take a while): 3951 of 11303
2025-05-06 13:13:33.974750: I tensorflow/core/kernels/data/shuffle_dataset_op.cc:175] Filling up shuffle buffer (this may take a while): 5421 of 11303
2025-05-06 13:13:44.275932: I tensorflow/core/kernels/data/shuffle_dataset_op.cc:175] Filling up shuffle buffer (this may take a while): 7007 of 11303
2025-05-06 13:13:53.984469: I tensorflow/core/kernels/data/shuffle_dataset_op.cc:175] Filling up shuffle buffer (this may take a while): 8664 of 11303
2025-05-06 13:14:03.966060: I tensorflow/core/kernels/data/shuffle_dataset_op.cc:175] Filling up shuffle buffer (this may take a while): 10199 of 11303
2025-05-06 13:14:11.784117: I tensorflow/core/kernels/data/shuffle_dataset_op.cc:228] Shuffle buffer filled.
2025-05-06 13:15:17.045448: I tensorflow/core/kernels/data/shuffle_dataset_op.cc:175] Filling up shuffle buffer (this may take a while): 1436 of 11303
2025-05-06 13:15:22.870723: I tensorflow/core/kernels/data/shuffle_dataset_op.cc:175] Filling up shuffle buffer (this may take a while): 2617 of 11303
2025-05-06 13:15:35.175305: I tensorflow/core/kernels/data/shuffle_dataset_op.cc:175] Filling up shuffle buffer (this may take a while): 3948 of 11303
2025-05-06 13:15:45.468803: I tensorflow/core/kernels/data/shuffle_dataset_op.cc:175] Filling up shuffle buffer (this may take a while): 5205 of 11303
2025-05-06 13:15:53.546231: I tensorflow/core/kernels/data/shuffle_dataset_op.cc:175] Filling up shuffle buffer (this may take a while): 6461 of 11303
2025-05-06 13:16:03.578057: I tensorflow/core/kernels/data/shuffle_dataset_op.cc:175] Filling up shuffle buffer (this may take a while): 7721 of 11303
2025-05-06 13:16:12.769044: I tensorflow/core/kernels/data/shuffle_dataset_op.cc:175] Filling up shuffle buffer (this may take a while): 8973 of 11303
2025-05-06 13:16:23.340082: I tensorflow/core/kernels/data/shuffle_dataset_op.cc:175] Filling up shuffle buffer (this may take a while): 10230 of 11303
2025-05-06 13:16:26.486526: I tensorflow/core/kernels/data/shuffle_dataset_op.cc:228] Shuffle buffer filled.
2025-05-06 13:17:27.470642: I tensorflow/core/kernels/data/shuffle_dataset_op.cc:175] Filling up shuffle buffer (this may take a while): 1420 of 11303
2025-05-06 13:17:40.257384: I tensorflow/core/kernels/data/shuffle_dataset_op.cc:175] Filling up shuffle buffer (this may take a while): 2695 of 11303
2025-05-06 13:17:47.726203: I tensorflow/core/kernels/data/shuffle_dataset_op.cc:175] Filling up shuffle buffer (this may take a while): 3948 of 11303
2025-05-06 13:17:57.470467: I tensorflow/core/kernels/data/shuffle_dataset_op.cc:175] Filling up shuffle buffer (this may take a while): 5406 of 11303
2025-05-06 13:18:07.603560: I tensorflow/core/kernels/data/shuffle_dataset_op.cc:175] Filling up shuffle buffer (this may take a while): 6948 of 11303
2025-05-06 13:18:17.483186: I tensorflow/core/kernels/data/shuffle_dataset_op.cc:175] Filling up shuffle buffer (this may take a while): 8916 of 11303
2025-05-06 13:18:27.872221: I tensorflow/core/kernels/data/shuffle_dataset_op.cc:175] Filling up shuffle buffer (this may take a while): 10227 of 11303
2025-05-06 13:18:33.109518: I tensorflow/core/kernels/data/shuffle_dataset_op.cc:228] Shuffle buffer filled.
2025-05-06 13:19:34.369673: I tensorflow/core/kernels/data/shuffle_dataset_op.cc:175] Filling up shuffle buffer (this may take a while): 998 of 1256
2025-05-06 13:19:34.532569: I tensorflow/core/kernels/data/shuffle_dataset_op.cc:228] Shuffle buffer filled.
finished task with id:: 3735
