now processing task id:: 3740 on worker4.slurm.hj.se
2025-05-06 12:57:47.983629: E external/local_xla/xla/stream_executor/cuda/cuda_fft.cc:467] Unable to register cuFFT factory: Attempting to register factory for plugin cuFFT when one has already been registered
WARNING: All log messages before absl::InitializeLog() is called are written to STDERR
E0000 00:00:1746536268.004759 1744225 cuda_dnn.cc:8579] Unable to register cuDNN factory: Attempting to register factory for plugin cuDNN when one has already been registered
E0000 00:00:1746536268.012106 1744225 cuda_blas.cc:1407] Unable to register cuBLAS factory: Attempting to register factory for plugin cuBLAS when one has already been registered
W0000 00:00:1746536268.029134 1744225 computation_placer.cc:177] computation placer already registered. Please check linkage and avoid linking the same target more than once.
W0000 00:00:1746536268.029164 1744225 computation_placer.cc:177] computation placer already registered. Please check linkage and avoid linking the same target more than once.
W0000 00:00:1746536268.029169 1744225 computation_placer.cc:177] computation placer already registered. Please check linkage and avoid linking the same target more than once.
W0000 00:00:1746536268.029174 1744225 computation_placer.cc:177] computation placer already registered. Please check linkage and avoid linking the same target more than once.
2025-05-06 12:57:48.033728: I tensorflow/core/platform/cpu_feature_guard.cc:210] This TensorFlow binary is optimized to use available CPU instructions in performance-critical operations.
To enable the following instructions: AVX2 FMA, in other operations, rebuild TensorFlow with the appropriate compiler flags.
I0000 00:00:1746536271.268813 1744225 gpu_device.cc:2019] Created device /job:localhost/replica:0/task:0/device:GPU:0 with 8098 MB memory:  -> device: 0, name: NVIDIA A100 80GB PCIe MIG 1g.10gb, pci bus id: 0000:81:00.0, compute capability: 8.0
2025-05-06 12:58:18.581294: I tensorflow/core/kernels/data/shuffle_dataset_op.cc:452] ShuffleDatasetV3:2: Filling up shuffle buffer (this may take a while): 1030 of 11303
2025-05-06 12:58:28.967985: I tensorflow/core/kernels/data/shuffle_dataset_op.cc:452] ShuffleDatasetV3:2: Filling up shuffle buffer (this may take a while): 2202 of 11303
2025-05-06 12:58:51.200039: I tensorflow/core/kernels/data/shuffle_dataset_op.cc:452] ShuffleDatasetV3:2: Filling up shuffle buffer (this may take a while): 5205 of 11303
2025-05-06 12:59:08.600934: I tensorflow/core/kernels/data/shuffle_dataset_op.cc:452] ShuffleDatasetV3:2: Filling up shuffle buffer (this may take a while): 7775 of 11303
2025-05-06 12:59:19.374398: I tensorflow/core/kernels/data/shuffle_dataset_op.cc:452] ShuffleDatasetV3:2: Filling up shuffle buffer (this may take a while): 9293 of 11303
2025-05-06 12:59:30.001987: I tensorflow/core/kernels/data/shuffle_dataset_op.cc:482] Shuffle buffer filled.
WARNING: All log messages before absl::InitializeLog() is called are written to STDERR
I0000 00:00:1746536370.083722 1744869 service.cc:152] XLA service 0x7f37b0001f90 initialized for platform CUDA (this does not guarantee that XLA will be used). Devices:
I0000 00:00:1746536370.083858 1744869 service.cc:160]   StreamExecutor device (0): NVIDIA A100 80GB PCIe MIG 1g.10gb, Compute Capability 8.0
2025-05-06 12:59:30.671138: I tensorflow/compiler/mlir/tensorflow/utils/dump_mlir_util.cc:269] disabling MLIR crash reproducer, set env var `MLIR_CRASH_REPRODUCER_DIRECTORY` to enable.
I0000 00:00:1746536374.540306 1744869 cuda_dnn.cc:529] Loaded cuDNN version 90300
2025-05-06 12:59:39.117936: I external/local_xla/xla/stream_executor/cuda/subprocess_compilation.cc:346] ptxas warning : Registers are spilled to local memory in function 'gemm_fusion_dot_20922', 8 bytes spill stores, 8 bytes spill loads

2025-05-06 12:59:39.233279: I external/local_xla/xla/stream_executor/cuda/subprocess_compilation.cc:346] ptxas warning : Registers are spilled to local memory in function 'gemm_fusion_dot_20715', 80 bytes spill stores, 80 bytes spill loads

2025-05-06 12:59:39.475268: I external/local_xla/xla/stream_executor/cuda/subprocess_compilation.cc:346] ptxas warning : Registers are spilled to local memory in function 'gemm_fusion_dot_20715', 80 bytes spill stores, 80 bytes spill loads

2025-05-06 12:59:39.551905: I external/local_xla/xla/stream_executor/cuda/subprocess_compilation.cc:346] ptxas warning : Registers are spilled to local memory in function 'gemm_fusion_dot_20715', 252 bytes spill stores, 252 bytes spill loads

2025-05-06 12:59:39.646450: I external/local_xla/xla/stream_executor/cuda/subprocess_compilation.cc:346] ptxas warning : Registers are spilled to local memory in function 'gemm_fusion_dot_20715', 4760 bytes spill stores, 4708 bytes spill loads

2025-05-06 12:59:40.018974: I external/local_xla/xla/stream_executor/cuda/subprocess_compilation.cc:346] ptxas warning : Registers are spilled to local memory in function 'gemm_fusion_dot_20715', 6076 bytes spill stores, 6144 bytes spill loads

2025-05-06 12:59:40.218933: I external/local_xla/xla/stream_executor/cuda/subprocess_compilation.cc:346] ptxas warning : Registers are spilled to local memory in function 'gemm_fusion_dot_20715', 5668 bytes spill stores, 5656 bytes spill loads

2025-05-06 12:59:41.398916: E external/local_xla/xla/stream_executor/cuda/cuda_timer.cc:86] Delay kernel timed out: measured time has sub-optimal accuracy. There may be a missing warmup execution, please investigate in Nsight Systems.
2025-05-06 12:59:41.563524: E external/local_xla/xla/stream_executor/cuda/cuda_timer.cc:86] Delay kernel timed out: measured time has sub-optimal accuracy. There may be a missing warmup execution, please investigate in Nsight Systems.
I0000 00:00:1746536388.626897 1744869 device_compiler.h:188] Compiled cluster using XLA!  This line is logged at most once for the lifetime of the process.
2025-05-06 13:00:29.487530: I external/local_xla/xla/stream_executor/cuda/subprocess_compilation.cc:346] ptxas warning : Registers are spilled to local memory in function 'gemm_fusion_dot_20715', 76 bytes spill stores, 76 bytes spill loads

2025-05-06 13:00:29.520955: I external/local_xla/xla/stream_executor/cuda/subprocess_compilation.cc:346] ptxas warning : Registers are spilled to local memory in function 'gemm_fusion_dot_20715', 76 bytes spill stores, 76 bytes spill loads

2025-05-06 13:00:29.769865: I external/local_xla/xla/stream_executor/cuda/subprocess_compilation.cc:346] ptxas warning : Registers are spilled to local memory in function 'gemm_fusion_dot_20715', 240 bytes spill stores, 240 bytes spill loads

2025-05-06 13:00:29.842349: I external/local_xla/xla/stream_executor/cuda/subprocess_compilation.cc:346] ptxas warning : Registers are spilled to local memory in function 'gemm_fusion_dot_20715', 4896 bytes spill stores, 4940 bytes spill loads

2025-05-06 13:00:30.301774: I external/local_xla/xla/stream_executor/cuda/subprocess_compilation.cc:346] ptxas warning : Registers are spilled to local memory in function 'gemm_fusion_dot_20715', 5340 bytes spill stores, 5404 bytes spill loads

2025-05-06 13:00:30.532554: I external/local_xla/xla/stream_executor/cuda/subprocess_compilation.cc:346] ptxas warning : Registers are spilled to local memory in function 'gemm_fusion_dot_20715', 4976 bytes spill stores, 4964 bytes spill loads

2025-05-06 13:01:03.864511: I external/local_xla/xla/stream_executor/cuda/subprocess_compilation.cc:346] ptxas warning : Registers are spilled to local memory in function 'gemm_fusion_dot_5905', 240 bytes spill stores, 240 bytes spill loads

2025-05-06 13:01:04.052390: I external/local_xla/xla/stream_executor/cuda/subprocess_compilation.cc:346] ptxas warning : Registers are spilled to local memory in function 'gemm_fusion_dot_5905', 76 bytes spill stores, 76 bytes spill loads

2025-05-06 13:01:04.206838: I external/local_xla/xla/stream_executor/cuda/subprocess_compilation.cc:346] ptxas warning : Registers are spilled to local memory in function 'gemm_fusion_dot_5905', 76 bytes spill stores, 76 bytes spill loads

2025-05-06 13:01:04.308920: I external/local_xla/xla/stream_executor/cuda/subprocess_compilation.cc:346] ptxas warning : Registers are spilled to local memory in function 'gemm_fusion_dot_5905', 4896 bytes spill stores, 4940 bytes spill loads

2025-05-06 13:01:04.761649: I external/local_xla/xla/stream_executor/cuda/subprocess_compilation.cc:346] ptxas warning : Registers are spilled to local memory in function 'gemm_fusion_dot_5905', 5420 bytes spill stores, 5520 bytes spill loads

2025-05-06 13:01:04.856288: I external/local_xla/xla/stream_executor/cuda/subprocess_compilation.cc:346] ptxas warning : Registers are spilled to local memory in function 'gemm_fusion_dot_5905', 5228 bytes spill stores, 5224 bytes spill loads

2025-05-06 13:01:31.131638: I tensorflow/core/kernels/data/shuffle_dataset_op.cc:452] ShuffleDatasetV3:2: Filling up shuffle buffer (this may take a while): 1436 of 11303
2025-05-06 13:01:48.464589: I tensorflow/core/kernels/data/shuffle_dataset_op.cc:452] ShuffleDatasetV3:2: Filling up shuffle buffer (this may take a while): 3951 of 11303
2025-05-06 13:02:07.216871: I tensorflow/core/kernels/data/shuffle_dataset_op.cc:452] ShuffleDatasetV3:2: Filling up shuffle buffer (this may take a while): 6828 of 11303
2025-05-06 13:02:29.297180: I tensorflow/core/kernels/data/shuffle_dataset_op.cc:452] ShuffleDatasetV3:2: Filling up shuffle buffer (this may take a while): 10227 of 11303
2025-05-06 13:02:33.125491: I tensorflow/core/kernels/data/shuffle_dataset_op.cc:482] Shuffle buffer filled.
2025-05-06 13:03:34.281984: I tensorflow/core/kernels/data/shuffle_dataset_op.cc:452] ShuffleDatasetV3:2: Filling up shuffle buffer (this may take a while): 1365 of 11303
2025-05-06 13:03:44.414809: I tensorflow/core/kernels/data/shuffle_dataset_op.cc:452] ShuffleDatasetV3:2: Filling up shuffle buffer (this may take a while): 2695 of 11303
2025-05-06 13:04:04.169098: I tensorflow/core/kernels/data/shuffle_dataset_op.cc:452] ShuffleDatasetV3:2: Filling up shuffle buffer (this may take a while): 5589 of 11303
2025-05-06 13:04:14.286808: I tensorflow/core/kernels/data/shuffle_dataset_op.cc:452] ShuffleDatasetV3:2: Filling up shuffle buffer (this may take a while): 7615 of 11303
2025-05-06 13:04:24.988424: I tensorflow/core/kernels/data/shuffle_dataset_op.cc:452] ShuffleDatasetV3:2: Filling up shuffle buffer (this may take a while): 8973 of 11303
2025-05-06 13:04:36.019564: I tensorflow/core/kernels/data/shuffle_dataset_op.cc:482] Shuffle buffer filled.
2025-05-06 13:05:37.855231: I tensorflow/core/kernels/data/shuffle_dataset_op.cc:452] ShuffleDatasetV3:2: Filling up shuffle buffer (this may take a while): 1436 of 11303
2025-05-06 13:05:54.497765: I tensorflow/core/kernels/data/shuffle_dataset_op.cc:452] ShuffleDatasetV3:2: Filling up shuffle buffer (this may take a while): 4486 of 11303
2025-05-06 13:06:05.392726: I tensorflow/core/kernels/data/shuffle_dataset_op.cc:452] ShuffleDatasetV3:2: Filling up shuffle buffer (this may take a while): 6461 of 11303
2025-05-06 13:06:24.494823: I tensorflow/core/kernels/data/shuffle_dataset_op.cc:452] ShuffleDatasetV3:2: Filling up shuffle buffer (this may take a while): 9298 of 11303
2025-05-06 13:06:34.306052: I tensorflow/core/kernels/data/shuffle_dataset_op.cc:482] Shuffle buffer filled.
2025-05-06 13:07:34.103725: I tensorflow/core/kernels/data/shuffle_dataset_op.cc:452] ShuffleDatasetV3:2: Filling up shuffle buffer (this may take a while): 1436 of 11303
2025-05-06 13:07:52.375182: I tensorflow/core/kernels/data/shuffle_dataset_op.cc:452] ShuffleDatasetV3:2: Filling up shuffle buffer (this may take a while): 5124 of 11303
2025-05-06 13:08:03.078224: I tensorflow/core/kernels/data/shuffle_dataset_op.cc:452] ShuffleDatasetV3:2: Filling up shuffle buffer (this may take a while): 6465 of 11303
2025-05-06 13:08:22.482924: I tensorflow/core/kernels/data/shuffle_dataset_op.cc:452] ShuffleDatasetV3:2: Filling up shuffle buffer (this may take a while): 9463 of 11303
2025-05-06 13:08:31.004967: I tensorflow/core/kernels/data/shuffle_dataset_op.cc:482] Shuffle buffer filled.
2025-05-06 13:09:57.150002: I tensorflow/core/kernels/data/shuffle_dataset_op.cc:452] ShuffleDatasetV3:2: Filling up shuffle buffer (this may take a while): 1436 of 11303
2025-05-06 13:10:14.565874: I tensorflow/core/kernels/data/shuffle_dataset_op.cc:452] ShuffleDatasetV3:2: Filling up shuffle buffer (this may take a while): 3968 of 11303
2025-05-06 13:10:34.472641: I tensorflow/core/kernels/data/shuffle_dataset_op.cc:452] ShuffleDatasetV3:2: Filling up shuffle buffer (this may take a while): 7427 of 11303
2025-05-06 13:10:47.516346: I tensorflow/core/kernels/data/shuffle_dataset_op.cc:452] ShuffleDatasetV3:2: Filling up shuffle buffer (this may take a while): 8973 of 11303
2025-05-06 13:10:59.683447: I tensorflow/core/kernels/data/shuffle_dataset_op.cc:482] Shuffle buffer filled.
2025-05-06 13:12:00.683766: I tensorflow/core/kernels/data/shuffle_dataset_op.cc:452] ShuffleDatasetV3:2: Filling up shuffle buffer (this may take a while): 1436 of 11303
2025-05-06 13:12:19.183572: I tensorflow/core/kernels/data/shuffle_dataset_op.cc:452] ShuffleDatasetV3:2: Filling up shuffle buffer (this may take a while): 4165 of 11303
2025-05-06 13:12:29.216765: I tensorflow/core/kernels/data/shuffle_dataset_op.cc:452] ShuffleDatasetV3:2: Filling up shuffle buffer (this may take a while): 5733 of 11303
2025-05-06 13:12:40.891105: I tensorflow/core/kernels/data/shuffle_dataset_op.cc:452] ShuffleDatasetV3:2: Filling up shuffle buffer (this may take a while): 7717 of 11303
2025-05-06 13:12:52.210516: I tensorflow/core/kernels/data/shuffle_dataset_op.cc:452] ShuffleDatasetV3:2: Filling up shuffle buffer (this may take a while): 8973 of 11303
2025-05-06 13:13:04.510936: I tensorflow/core/kernels/data/shuffle_dataset_op.cc:482] Shuffle buffer filled.
2025-05-06 13:14:05.913899: I tensorflow/core/kernels/data/shuffle_dataset_op.cc:452] ShuffleDatasetV3:2: Filling up shuffle buffer (this may take a while): 1436 of 11303
2025-05-06 13:14:24.245813: I tensorflow/core/kernels/data/shuffle_dataset_op.cc:452] ShuffleDatasetV3:2: Filling up shuffle buffer (this may take a while): 4518 of 11303
2025-05-06 13:14:34.471037: I tensorflow/core/kernels/data/shuffle_dataset_op.cc:452] ShuffleDatasetV3:2: Filling up shuffle buffer (this may take a while): 6133 of 11303
2025-05-06 13:14:46.076689: I tensorflow/core/kernels/data/shuffle_dataset_op.cc:452] ShuffleDatasetV3:2: Filling up shuffle buffer (this may take a while): 7717 of 11303
2025-05-06 13:14:56.092359: I tensorflow/core/kernels/data/shuffle_dataset_op.cc:452] ShuffleDatasetV3:2: Filling up shuffle buffer (this may take a while): 8973 of 11303
2025-05-06 13:15:09.199407: I tensorflow/core/kernels/data/shuffle_dataset_op.cc:482] Shuffle buffer filled.
2025-05-06 13:16:10.584558: I tensorflow/core/kernels/data/shuffle_dataset_op.cc:452] ShuffleDatasetV3:2: Filling up shuffle buffer (this may take a while): 1436 of 11303
2025-05-06 13:16:29.695632: I tensorflow/core/kernels/data/shuffle_dataset_op.cc:452] ShuffleDatasetV3:2: Filling up shuffle buffer (this may take a while): 4518 of 11303
2025-05-06 13:16:42.646557: I tensorflow/core/kernels/data/shuffle_dataset_op.cc:452] ShuffleDatasetV3:2: Filling up shuffle buffer (this may take a while): 6461 of 11303
2025-05-06 13:17:00.310680: I tensorflow/core/kernels/data/shuffle_dataset_op.cc:452] ShuffleDatasetV3:2: Filling up shuffle buffer (this may take a while): 8973 of 11303
2025-05-06 13:17:12.774249: I tensorflow/core/kernels/data/shuffle_dataset_op.cc:482] Shuffle buffer filled.
2025-05-06 13:18:11.350679: I tensorflow/core/kernels/data/shuffle_dataset_op.cc:452] ShuffleDatasetV3:2: Filling up shuffle buffer (this may take a while): 1436 of 11303
2025-05-06 13:18:31.412113: I tensorflow/core/kernels/data/shuffle_dataset_op.cc:452] ShuffleDatasetV3:2: Filling up shuffle buffer (this may take a while): 5229 of 11303
2025-05-06 13:18:51.471259: I tensorflow/core/kernels/data/shuffle_dataset_op.cc:452] ShuffleDatasetV3:2: Filling up shuffle buffer (this may take a while): 8601 of 11303
2025-05-06 13:19:09.197920: I tensorflow/core/kernels/data/shuffle_dataset_op.cc:482] Shuffle buffer filled.
2025-05-06 13:20:10.184915: I tensorflow/core/kernels/data/shuffle_dataset_op.cc:452] ShuffleDatasetV3:2: Filling up shuffle buffer (this may take a while): 1414 of 11303
2025-05-06 13:20:21.524741: I tensorflow/core/kernels/data/shuffle_dataset_op.cc:452] ShuffleDatasetV3:2: Filling up shuffle buffer (this may take a while): 2695 of 11303
2025-05-06 13:20:40.404594: I tensorflow/core/kernels/data/shuffle_dataset_op.cc:452] ShuffleDatasetV3:2: Filling up shuffle buffer (this may take a while): 5589 of 11303
2025-05-06 13:20:52.166243: I tensorflow/core/kernels/data/shuffle_dataset_op.cc:452] ShuffleDatasetV3:2: Filling up shuffle buffer (this may take a while): 7717 of 11303
2025-05-06 13:21:02.790142: I tensorflow/core/kernels/data/shuffle_dataset_op.cc:452] ShuffleDatasetV3:2: Filling up shuffle buffer (this may take a while): 8973 of 11303
2025-05-06 13:21:14.708009: I tensorflow/core/kernels/data/shuffle_dataset_op.cc:482] Shuffle buffer filled.
2025-05-06 13:22:15.822141: I tensorflow/core/kernels/data/shuffle_dataset_op.cc:452] ShuffleDatasetV3:2: Filling up shuffle buffer (this may take a while): 1436 of 11303
2025-05-06 13:22:35.846488: I tensorflow/core/kernels/data/shuffle_dataset_op.cc:452] ShuffleDatasetV3:2: Filling up shuffle buffer (this may take a while): 5205 of 11303
2025-05-06 13:22:53.338424: I tensorflow/core/kernels/data/shuffle_dataset_op.cc:452] ShuffleDatasetV3:2: Filling up shuffle buffer (this may take a while): 7937 of 11303
2025-05-06 13:23:12.609148: I tensorflow/core/kernels/data/shuffle_dataset_op.cc:482] Shuffle buffer filled.
2025-05-06 13:24:11.891591: I tensorflow/core/kernels/data/shuffle_dataset_op.cc:452] ShuffleDatasetV3:2: Filling up shuffle buffer (this may take a while): 1436 of 11303
2025-05-06 13:24:30.072792: I tensorflow/core/kernels/data/shuffle_dataset_op.cc:452] ShuffleDatasetV3:2: Filling up shuffle buffer (this may take a while): 4467 of 11303
2025-05-06 13:24:40.921819: I tensorflow/core/kernels/data/shuffle_dataset_op.cc:452] ShuffleDatasetV3:2: Filling up shuffle buffer (this may take a while): 6461 of 11303
2025-05-06 13:25:00.105951: I tensorflow/core/kernels/data/shuffle_dataset_op.cc:452] ShuffleDatasetV3:2: Filling up shuffle buffer (this may take a while): 9036 of 11303
2025-05-06 13:25:11.009806: I tensorflow/core/kernels/data/shuffle_dataset_op.cc:452] ShuffleDatasetV3:2: Filling up shuffle buffer (this may take a while): 10772 of 11303
2025-05-06 13:25:11.601090: I tensorflow/core/kernels/data/shuffle_dataset_op.cc:482] Shuffle buffer filled.
2025-05-06 13:26:11.800750: I tensorflow/core/kernels/data/shuffle_dataset_op.cc:452] ShuffleDatasetV3:2: Filling up shuffle buffer (this may take a while): 1436 of 11303
2025-05-06 13:26:32.724761: I tensorflow/core/kernels/data/shuffle_dataset_op.cc:452] ShuffleDatasetV3:2: Filling up shuffle buffer (this may take a while): 5205 of 11303
2025-05-06 13:26:49.801743: I tensorflow/core/kernels/data/shuffle_dataset_op.cc:452] ShuffleDatasetV3:2: Filling up shuffle buffer (this may take a while): 8197 of 11303
2025-05-06 13:26:59.875477: I tensorflow/core/kernels/data/shuffle_dataset_op.cc:452] ShuffleDatasetV3:2: Filling up shuffle buffer (this may take a while): 9868 of 11303
2025-05-06 13:27:08.694841: I tensorflow/core/kernels/data/shuffle_dataset_op.cc:482] Shuffle buffer filled.
2025-05-06 13:28:06.689099: I tensorflow/core/kernels/data/shuffle_dataset_op.cc:452] ShuffleDatasetV3:2: Filling up shuffle buffer (this may take a while): 1436 of 11303
2025-05-06 13:28:26.387777: I tensorflow/core/kernels/data/shuffle_dataset_op.cc:452] ShuffleDatasetV3:2: Filling up shuffle buffer (this may take a while): 5020 of 11303
2025-05-06 13:28:36.548292: I tensorflow/core/kernels/data/shuffle_dataset_op.cc:452] ShuffleDatasetV3:2: Filling up shuffle buffer (this may take a while): 6461 of 11303
2025-05-06 13:28:56.379226: I tensorflow/core/kernels/data/shuffle_dataset_op.cc:452] ShuffleDatasetV3:2: Filling up shuffle buffer (this may take a while): 10211 of 11303
2025-05-06 13:29:03.396715: I tensorflow/core/kernels/data/shuffle_dataset_op.cc:482] Shuffle buffer filled.
2025-05-06 13:30:04.969877: I tensorflow/core/kernels/data/shuffle_dataset_op.cc:452] ShuffleDatasetV3:2: Filling up shuffle buffer (this may take a while): 1436 of 11303
2025-05-06 13:30:22.768834: I tensorflow/core/kernels/data/shuffle_dataset_op.cc:452] ShuffleDatasetV3:2: Filling up shuffle buffer (this may take a while): 4776 of 11303
2025-05-06 13:30:33.496881: I tensorflow/core/kernels/data/shuffle_dataset_op.cc:452] ShuffleDatasetV3:2: Filling up shuffle buffer (this may take a while): 6461 of 11303
2025-05-06 13:30:52.689957: I tensorflow/core/kernels/data/shuffle_dataset_op.cc:452] ShuffleDatasetV3:2: Filling up shuffle buffer (this may take a while): 9362 of 11303
2025-05-06 13:31:01.222360: I tensorflow/core/kernels/data/shuffle_dataset_op.cc:482] Shuffle buffer filled.
2025-05-06 13:32:03.216890: I tensorflow/core/kernels/data/shuffle_dataset_op.cc:452] ShuffleDatasetV3:2: Filling up shuffle buffer (this may take a while): 1436 of 11303
2025-05-06 13:32:19.845050: I tensorflow/core/kernels/data/shuffle_dataset_op.cc:452] ShuffleDatasetV3:2: Filling up shuffle buffer (this may take a while): 4494 of 11303
2025-05-06 13:32:40.102508: I tensorflow/core/kernels/data/shuffle_dataset_op.cc:452] ShuffleDatasetV3:2: Filling up shuffle buffer (this may take a while): 7717 of 11303
2025-05-06 13:32:59.927290: I tensorflow/core/kernels/data/shuffle_dataset_op.cc:452] ShuffleDatasetV3:2: Filling up shuffle buffer (this may take a while): 10772 of 11303
2025-05-06 13:33:00.601828: I tensorflow/core/kernels/data/shuffle_dataset_op.cc:482] Shuffle buffer filled.
2025-05-06 13:34:00.333904: I tensorflow/core/kernels/data/shuffle_dataset_op.cc:452] ShuffleDatasetV3:2: Filling up shuffle buffer (this may take a while): 1436 of 11303
2025-05-06 13:34:18.218159: I tensorflow/core/kernels/data/shuffle_dataset_op.cc:452] ShuffleDatasetV3:2: Filling up shuffle buffer (this may take a while): 4427 of 11303
2025-05-06 13:34:38.867838: I tensorflow/core/kernels/data/shuffle_dataset_op.cc:452] ShuffleDatasetV3:2: Filling up shuffle buffer (this may take a while): 7717 of 11303
2025-05-06 13:34:50.231929: I tensorflow/core/kernels/data/shuffle_dataset_op.cc:452] ShuffleDatasetV3:2: Filling up shuffle buffer (this may take a while): 8973 of 11303
2025-05-06 13:35:01.493564: I tensorflow/core/kernels/data/shuffle_dataset_op.cc:482] Shuffle buffer filled.
2025-05-06 13:36:00.854140: I tensorflow/core/kernels/data/shuffle_dataset_op.cc:452] ShuffleDatasetV3:2: Filling up shuffle buffer (this may take a while): 1436 of 11303
2025-05-06 13:36:18.983317: I tensorflow/core/kernels/data/shuffle_dataset_op.cc:452] ShuffleDatasetV3:2: Filling up shuffle buffer (this may take a while): 4827 of 11303
2025-05-06 13:36:30.820709: I tensorflow/core/kernels/data/shuffle_dataset_op.cc:452] ShuffleDatasetV3:2: Filling up shuffle buffer (this may take a while): 6461 of 11303
2025-05-06 13:36:50.455249: I tensorflow/core/kernels/data/shuffle_dataset_op.cc:452] ShuffleDatasetV3:2: Filling up shuffle buffer (this may take a while): 8973 of 11303
2025-05-06 13:37:03.717105: I tensorflow/core/kernels/data/shuffle_dataset_op.cc:482] Shuffle buffer filled.
2025-05-06 13:38:02.632527: I tensorflow/core/kernels/data/shuffle_dataset_op.cc:452] ShuffleDatasetV3:2: Filling up shuffle buffer (this may take a while): 1436 of 11303
2025-05-06 13:38:25.308452: I tensorflow/core/kernels/data/shuffle_dataset_op.cc:452] ShuffleDatasetV3:2: Filling up shuffle buffer (this may take a while): 5205 of 11303
2025-05-06 13:38:41.868407: I tensorflow/core/kernels/data/shuffle_dataset_op.cc:452] ShuffleDatasetV3:2: Filling up shuffle buffer (this may take a while): 8084 of 11303
2025-05-06 13:38:52.050360: I tensorflow/core/kernels/data/shuffle_dataset_op.cc:452] ShuffleDatasetV3:2: Filling up shuffle buffer (this may take a while): 9342 of 11303
2025-05-06 13:39:03.703378: I tensorflow/core/kernels/data/shuffle_dataset_op.cc:482] Shuffle buffer filled.
2025-05-06 13:40:02.045933: I tensorflow/core/kernels/data/shuffle_dataset_op.cc:452] ShuffleDatasetV3:2: Filling up shuffle buffer (this may take a while): 1436 of 11303
2025-05-06 13:40:22.549776: I tensorflow/core/kernels/data/shuffle_dataset_op.cc:452] ShuffleDatasetV3:2: Filling up shuffle buffer (this may take a while): 5205 of 11303
2025-05-06 13:40:40.297206: I tensorflow/core/kernels/data/shuffle_dataset_op.cc:452] ShuffleDatasetV3:2: Filling up shuffle buffer (this may take a while): 8237 of 11303
2025-05-06 13:40:50.391659: I tensorflow/core/kernels/data/shuffle_dataset_op.cc:452] ShuffleDatasetV3:2: Filling up shuffle buffer (this may take a while): 9870 of 11303
2025-05-06 13:40:59.405631: I tensorflow/core/kernels/data/shuffle_dataset_op.cc:482] Shuffle buffer filled.
2025-05-06 13:41:57.755380: I tensorflow/core/kernels/data/shuffle_dataset_op.cc:452] ShuffleDatasetV3:2: Filling up shuffle buffer (this may take a while): 1436 of 11303
2025-05-06 13:42:19.165168: I tensorflow/core/kernels/data/shuffle_dataset_op.cc:452] ShuffleDatasetV3:2: Filling up shuffle buffer (this may take a while): 5205 of 11303
2025-05-06 13:42:38.062327: I tensorflow/core/kernels/data/shuffle_dataset_op.cc:452] ShuffleDatasetV3:2: Filling up shuffle buffer (this may take a while): 8237 of 11303
2025-05-06 13:42:55.495716: I tensorflow/core/kernels/data/shuffle_dataset_op.cc:482] Shuffle buffer filled.
2025-05-06 13:43:54.398754: I tensorflow/core/kernels/data/shuffle_dataset_op.cc:452] ShuffleDatasetV3:2: Filling up shuffle buffer (this may take a while): 1436 of 11303
2025-05-06 13:44:15.014729: I tensorflow/core/kernels/data/shuffle_dataset_op.cc:452] ShuffleDatasetV3:2: Filling up shuffle buffer (this may take a while): 5205 of 11303
2025-05-06 13:44:34.070215: I tensorflow/core/kernels/data/shuffle_dataset_op.cc:452] ShuffleDatasetV3:2: Filling up shuffle buffer (this may take a while): 8671 of 11303
2025-05-06 13:44:51.286862: I tensorflow/core/kernels/data/shuffle_dataset_op.cc:482] Shuffle buffer filled.
2025-05-06 13:46:41.831730: I tensorflow/core/framework/local_rendezvous.cc:407] Local rendezvous is aborting with status: OUT_OF_RANGE: End of sequence
finished task with id:: 3740
