now processing task id:: 3737 on worker2.slurm.hj.se
2025-05-06 12:43:32.313939: I tensorflow/core/platform/cpu_feature_guard.cc:142] This TensorFlow binary is optimized with oneAPI Deep Neural Network Library (oneDNN) to use the following CPU instructions in performance-critical operations:  SSE4.1 SSE4.2 AVX AVX2 FMA
To enable them in other operations, rebuild TensorFlow with the appropriate compiler flags.
2025-05-06 12:43:32.952189: I tensorflow/core/common_runtime/gpu/gpu_device.cc:1510] Created device /job:localhost/replica:0/task:0/device:GPU:0 with 7988 MB memory:  -> device: 0, name: NVIDIA A100 80GB PCIe MIG 1g.10gb, pci bus id: 0000:81:00.0, compute capability: 8.0
2025-05-06 12:43:35.437620: I tensorflow/core/profiler/lib/profiler_session.cc:131] Profiler session initializing.
2025-05-06 12:43:35.437689: I tensorflow/core/profiler/lib/profiler_session.cc:146] Profiler session started.
2025-05-06 12:43:35.437763: I tensorflow/core/profiler/internal/gpu/cupti_tracer.cc:1614] Profiler found 1 GPUs
2025-05-06 12:43:36.025055: I tensorflow/core/profiler/lib/profiler_session.cc:164] Profiler session tear down.
2025-05-06 12:43:36.025269: I tensorflow/core/profiler/internal/gpu/cupti_tracer.cc:1748] CUPTI activity buffer flushed
/home/foal20ym/micromamba/envs/tf/lib/python3.9/site-packages/keras/utils/generic_utils.py:494: CustomMaskWarning: Custom mask layers require a config and must override get_config. When loading, the custom mask layer must be passed to the custom_objects argument.
  warnings.warn('Custom mask layers require a config and must override '
2025-05-06 12:43:38.833945: I tensorflow/compiler/mlir/mlir_graph_optimization_pass.cc:185] None of the MLIR Optimization Passes are enabled (registered 2)
2025-05-06 12:43:49.667981: I tensorflow/core/kernels/data/shuffle_dataset_op.cc:175] Filling up shuffle buffer (this may take a while): 1076 of 11303
2025-05-06 12:43:59.468755: I tensorflow/core/kernels/data/shuffle_dataset_op.cc:175] Filling up shuffle buffer (this may take a while): 2373 of 11303
2025-05-06 12:44:11.376217: I tensorflow/core/kernels/data/shuffle_dataset_op.cc:175] Filling up shuffle buffer (this may take a while): 3948 of 11303
2025-05-06 12:44:20.850959: I tensorflow/core/kernels/data/shuffle_dataset_op.cc:175] Filling up shuffle buffer (this may take a while): 5205 of 11303
2025-05-06 12:44:29.919516: I tensorflow/core/kernels/data/shuffle_dataset_op.cc:175] Filling up shuffle buffer (this may take a while): 6465 of 11303
2025-05-06 12:44:40.698536: I tensorflow/core/kernels/data/shuffle_dataset_op.cc:175] Filling up shuffle buffer (this may take a while): 8084 of 11303
2025-05-06 12:44:50.221978: I tensorflow/core/kernels/data/shuffle_dataset_op.cc:175] Filling up shuffle buffer (this may take a while): 9342 of 11303
2025-05-06 12:44:59.665843: I tensorflow/core/kernels/data/shuffle_dataset_op.cc:175] Filling up shuffle buffer (this may take a while): 10760 of 11303
2025-05-06 12:45:00.812331: I tensorflow/core/kernels/data/shuffle_dataset_op.cc:228] Shuffle buffer filled.
2025-05-06 12:45:01.600736: I tensorflow/stream_executor/cuda/cuda_dnn.cc:369] Loaded cuDNN version 8800
2025-05-06 12:45:01.734041: I tensorflow/core/platform/default/subprocess.cc:304] Start cannot spawn child process: No such file or directory
2025-05-06 12:45:04.046832: I tensorflow/stream_executor/cuda/cuda_blas.cc:1760] TensorFloat-32 will be used for the matrix multiplication. This will only be logged once.
2025-05-06 12:45:04.138823: I tensorflow/core/profiler/lib/profiler_session.cc:131] Profiler session initializing.
2025-05-06 12:45:04.138886: I tensorflow/core/profiler/lib/profiler_session.cc:146] Profiler session started.
2025-05-06 12:45:04.912716: I tensorflow/core/profiler/lib/profiler_session.cc:66] Profiler session collecting data.
2025-05-06 12:45:04.913774: I tensorflow/core/profiler/internal/gpu/cupti_tracer.cc:1748] CUPTI activity buffer flushed
2025-05-06 12:45:04.970716: I tensorflow/core/profiler/internal/gpu/cupti_collector.cc:673]  GpuTracer has collected 534 callback api events and 567 activity events. 
2025-05-06 12:45:04.983107: I tensorflow/core/profiler/lib/profiler_session.cc:164] Profiler session tear down.
2025-05-06 12:45:04.993408: I tensorflow/core/profiler/rpc/client/save_profile.cc:136] Creating directory: logs/tensorboard/fit_2025-05-06_12:43:33_ResNet101_fit_fold0/train/plugins/profile/2025_05_06_12_45_04

2025-05-06 12:45:04.999769: I tensorflow/core/profiler/rpc/client/save_profile.cc:142] Dumped gzipped tool data for trace.json.gz to logs/tensorboard/fit_2025-05-06_12:43:33_ResNet101_fit_fold0/train/plugins/profile/2025_05_06_12_45_04/worker2.trace.json.gz
2025-05-06 12:45:05.034339: I tensorflow/core/profiler/rpc/client/save_profile.cc:136] Creating directory: logs/tensorboard/fit_2025-05-06_12:43:33_ResNet101_fit_fold0/train/plugins/profile/2025_05_06_12_45_04

2025-05-06 12:45:05.038375: I tensorflow/core/profiler/rpc/client/save_profile.cc:142] Dumped gzipped tool data for memory_profile.json.gz to logs/tensorboard/fit_2025-05-06_12:43:33_ResNet101_fit_fold0/train/plugins/profile/2025_05_06_12_45_04/worker2.memory_profile.json.gz
2025-05-06 12:45:05.040071: I tensorflow/core/profiler/rpc/client/capture_profile.cc:251] Creating directory: logs/tensorboard/fit_2025-05-06_12:43:33_ResNet101_fit_fold0/train/plugins/profile/2025_05_06_12_45_04
Dumped tool data for xplane.pb to logs/tensorboard/fit_2025-05-06_12:43:33_ResNet101_fit_fold0/train/plugins/profile/2025_05_06_12_45_04/worker2.xplane.pb
Dumped tool data for overview_page.pb to logs/tensorboard/fit_2025-05-06_12:43:33_ResNet101_fit_fold0/train/plugins/profile/2025_05_06_12_45_04/worker2.overview_page.pb
Dumped tool data for input_pipeline.pb to logs/tensorboard/fit_2025-05-06_12:43:33_ResNet101_fit_fold0/train/plugins/profile/2025_05_06_12_45_04/worker2.input_pipeline.pb
Dumped tool data for tensorflow_stats.pb to logs/tensorboard/fit_2025-05-06_12:43:33_ResNet101_fit_fold0/train/plugins/profile/2025_05_06_12_45_04/worker2.tensorflow_stats.pb
Dumped tool data for kernel_stats.pb to logs/tensorboard/fit_2025-05-06_12:43:33_ResNet101_fit_fold0/train/plugins/profile/2025_05_06_12_45_04/worker2.kernel_stats.pb

2025-05-06 12:46:39.831204: I tensorflow/core/kernels/data/shuffle_dataset_op.cc:175] Filling up shuffle buffer (this may take a while): 1436 of 11303
2025-05-06 12:46:47.690485: I tensorflow/core/kernels/data/shuffle_dataset_op.cc:175] Filling up shuffle buffer (this may take a while): 2695 of 11303
2025-05-06 12:46:57.370088: I tensorflow/core/kernels/data/shuffle_dataset_op.cc:175] Filling up shuffle buffer (this may take a while): 3948 of 11303
2025-05-06 12:47:08.680171: I tensorflow/core/kernels/data/shuffle_dataset_op.cc:175] Filling up shuffle buffer (this may take a while): 5205 of 11303
2025-05-06 12:47:16.685626: I tensorflow/core/kernels/data/shuffle_dataset_op.cc:175] Filling up shuffle buffer (this may take a while): 6461 of 11303
2025-05-06 12:47:26.672269: I tensorflow/core/kernels/data/shuffle_dataset_op.cc:175] Filling up shuffle buffer (this may take a while): 7721 of 11303
2025-05-06 12:47:36.737589: I tensorflow/core/kernels/data/shuffle_dataset_op.cc:175] Filling up shuffle buffer (this may take a while): 9342 of 11303
2025-05-06 12:47:46.509204: I tensorflow/core/kernels/data/shuffle_dataset_op.cc:175] Filling up shuffle buffer (this may take a while): 10772 of 11303
2025-05-06 12:47:47.407352: I tensorflow/core/kernels/data/shuffle_dataset_op.cc:228] Shuffle buffer filled.
2025-05-06 12:49:12.866173: I tensorflow/core/kernels/data/shuffle_dataset_op.cc:175] Filling up shuffle buffer (this may take a while): 1056 of 11303
2025-05-06 12:49:22.875060: I tensorflow/core/kernels/data/shuffle_dataset_op.cc:175] Filling up shuffle buffer (this may take a while): 2613 of 11303
2025-05-06 12:49:33.783488: I tensorflow/core/kernels/data/shuffle_dataset_op.cc:175] Filling up shuffle buffer (this may take a while): 3948 of 11303
2025-05-06 12:49:42.920933: I tensorflow/core/kernels/data/shuffle_dataset_op.cc:175] Filling up shuffle buffer (this may take a while): 5221 of 11303
2025-05-06 12:49:52.848100: I tensorflow/core/kernels/data/shuffle_dataset_op.cc:175] Filling up shuffle buffer (this may take a while): 7101 of 11303
2025-05-06 12:50:04.859352: I tensorflow/core/kernels/data/shuffle_dataset_op.cc:175] Filling up shuffle buffer (this may take a while): 8973 of 11303
2025-05-06 12:50:13.203349: I tensorflow/core/kernels/data/shuffle_dataset_op.cc:175] Filling up shuffle buffer (this may take a while): 10230 of 11303
2025-05-06 12:50:16.280692: I tensorflow/core/kernels/data/shuffle_dataset_op.cc:228] Shuffle buffer filled.
2025-05-06 12:51:42.814034: I tensorflow/core/kernels/data/shuffle_dataset_op.cc:175] Filling up shuffle buffer (this may take a while): 1436 of 11303
2025-05-06 12:51:50.701687: I tensorflow/core/kernels/data/shuffle_dataset_op.cc:175] Filling up shuffle buffer (this may take a while): 2710 of 11303
2025-05-06 12:52:00.772728: I tensorflow/core/kernels/data/shuffle_dataset_op.cc:175] Filling up shuffle buffer (this may take a while): 4751 of 11303
2025-05-06 12:52:12.000343: I tensorflow/core/kernels/data/shuffle_dataset_op.cc:175] Filling up shuffle buffer (this may take a while): 6461 of 11303
2025-05-06 12:52:20.849699: I tensorflow/core/kernels/data/shuffle_dataset_op.cc:175] Filling up shuffle buffer (this may take a while): 7721 of 11303
2025-05-06 12:52:30.640094: I tensorflow/core/kernels/data/shuffle_dataset_op.cc:175] Filling up shuffle buffer (this may take a while): 9342 of 11303
2025-05-06 12:52:40.113840: I tensorflow/core/kernels/data/shuffle_dataset_op.cc:228] Shuffle buffer filled.
2025-05-06 12:54:06.953585: I tensorflow/core/kernels/data/shuffle_dataset_op.cc:175] Filling up shuffle buffer (this may take a while): 1436 of 11303
2025-05-06 12:54:14.968341: I tensorflow/core/kernels/data/shuffle_dataset_op.cc:175] Filling up shuffle buffer (this may take a while): 3024 of 11303
2025-05-06 12:54:24.991120: I tensorflow/core/kernels/data/shuffle_dataset_op.cc:175] Filling up shuffle buffer (this may take a while): 4777 of 11303
2025-05-06 12:54:35.899388: I tensorflow/core/kernels/data/shuffle_dataset_op.cc:175] Filling up shuffle buffer (this may take a while): 6461 of 11303
2025-05-06 12:54:45.183902: I tensorflow/core/kernels/data/shuffle_dataset_op.cc:175] Filling up shuffle buffer (this may take a while): 7721 of 11303
2025-05-06 12:54:55.092296: I tensorflow/core/kernels/data/shuffle_dataset_op.cc:175] Filling up shuffle buffer (this may take a while): 9342 of 11303
2025-05-06 12:55:04.406676: I tensorflow/core/kernels/data/shuffle_dataset_op.cc:228] Shuffle buffer filled.
2025-05-06 12:56:09.874697: I tensorflow/core/kernels/data/shuffle_dataset_op.cc:175] Filling up shuffle buffer (this may take a while): 1079 of 1256
2025-05-06 12:56:09.929537: I tensorflow/core/kernels/data/shuffle_dataset_op.cc:228] Shuffle buffer filled.
2025-05-06 12:56:34.415293: I tensorflow/core/kernels/data/shuffle_dataset_op.cc:175] Filling up shuffle buffer (this may take a while): 1436 of 11303
2025-05-06 12:56:41.714272: I tensorflow/core/kernels/data/shuffle_dataset_op.cc:175] Filling up shuffle buffer (this may take a while): 2698 of 11303
2025-05-06 12:56:51.467108: I tensorflow/core/kernels/data/shuffle_dataset_op.cc:175] Filling up shuffle buffer (this may take a while): 4164 of 11303
2025-05-06 12:57:01.481918: I tensorflow/core/kernels/data/shuffle_dataset_op.cc:175] Filling up shuffle buffer (this may take a while): 5875 of 11303
2025-05-06 12:57:12.599070: I tensorflow/core/kernels/data/shuffle_dataset_op.cc:175] Filling up shuffle buffer (this may take a while): 7717 of 11303
2025-05-06 12:57:22.681921: I tensorflow/core/kernels/data/shuffle_dataset_op.cc:175] Filling up shuffle buffer (this may take a while): 8973 of 11303
2025-05-06 12:57:31.432401: I tensorflow/core/kernels/data/shuffle_dataset_op.cc:175] Filling up shuffle buffer (this may take a while): 10248 of 11303
2025-05-06 12:57:34.790284: I tensorflow/core/kernels/data/shuffle_dataset_op.cc:228] Shuffle buffer filled.
finished task with id:: 3737
