now processing task id:: 3544 on worker4.slurm.hj.se
2025-05-04 19:30:05.049410: E external/local_xla/xla/stream_executor/cuda/cuda_fft.cc:467] Unable to register cuFFT factory: Attempting to register factory for plugin cuFFT when one has already been registered
WARNING: All log messages before absl::InitializeLog() is called are written to STDERR
E0000 00:00:1746387005.070450  494902 cuda_dnn.cc:8579] Unable to register cuDNN factory: Attempting to register factory for plugin cuDNN when one has already been registered
E0000 00:00:1746387005.077113  494902 cuda_blas.cc:1407] Unable to register cuBLAS factory: Attempting to register factory for plugin cuBLAS when one has already been registered
W0000 00:00:1746387005.094939  494902 computation_placer.cc:177] computation placer already registered. Please check linkage and avoid linking the same target more than once.
W0000 00:00:1746387005.094985  494902 computation_placer.cc:177] computation placer already registered. Please check linkage and avoid linking the same target more than once.
W0000 00:00:1746387005.094990  494902 computation_placer.cc:177] computation placer already registered. Please check linkage and avoid linking the same target more than once.
W0000 00:00:1746387005.094996  494902 computation_placer.cc:177] computation placer already registered. Please check linkage and avoid linking the same target more than once.
2025-05-04 19:30:05.100162: I tensorflow/core/platform/cpu_feature_guard.cc:210] This TensorFlow binary is optimized to use available CPU instructions in performance-critical operations.
To enable the following instructions: AVX2 FMA, in other operations, rebuild TensorFlow with the appropriate compiler flags.
I0000 00:00:1746387008.428727  494902 gpu_device.cc:2019] Created device /job:localhost/replica:0/task:0/device:GPU:0 with 8098 MB memory:  -> device: 0, name: NVIDIA A100 80GB PCIe MIG 1g.10gb, pci bus id: 0000:81:00.0, compute capability: 8.0
2025-05-04 19:30:35.580132: I tensorflow/core/kernels/data/shuffle_dataset_op.cc:452] ShuffleDatasetV3:2: Filling up shuffle buffer (this may take a while): 1079 of 11303
2025-05-04 19:30:58.955412: I tensorflow/core/kernels/data/shuffle_dataset_op.cc:452] ShuffleDatasetV3:2: Filling up shuffle buffer (this may take a while): 3951 of 11303
2025-05-04 19:31:18.020573: I tensorflow/core/kernels/data/shuffle_dataset_op.cc:452] ShuffleDatasetV3:2: Filling up shuffle buffer (this may take a while): 6461 of 11303
2025-05-04 19:31:35.764850: I tensorflow/core/kernels/data/shuffle_dataset_op.cc:452] ShuffleDatasetV3:2: Filling up shuffle buffer (this may take a while): 8977 of 11303
2025-05-04 19:31:49.117880: I tensorflow/core/kernels/data/shuffle_dataset_op.cc:482] Shuffle buffer filled.
WARNING: All log messages before absl::InitializeLog() is called are written to STDERR
I0000 00:00:1746387109.161628  495545 service.cc:152] XLA service 0x7f2eb00acfa0 initialized for platform CUDA (this does not guarantee that XLA will be used). Devices:
I0000 00:00:1746387109.161713  495545 service.cc:160]   StreamExecutor device (0): NVIDIA A100 80GB PCIe MIG 1g.10gb, Compute Capability 8.0
2025-05-04 19:31:49.636565: I tensorflow/compiler/mlir/tensorflow/utils/dump_mlir_util.cc:269] disabling MLIR crash reproducer, set env var `MLIR_CRASH_REPRODUCER_DIRECTORY` to enable.
I0000 00:00:1746387113.033142  495545 cuda_dnn.cc:529] Loaded cuDNN version 90300
2025-05-04 19:31:55.500037: I external/local_xla/xla/stream_executor/cuda/subprocess_compilation.cc:346] ptxas warning : Registers are spilled to local memory in function 'gemm_fusion_dot_20681', 64 bytes spill stores, 64 bytes spill loads

2025-05-04 19:31:55.646645: I external/local_xla/xla/stream_executor/cuda/subprocess_compilation.cc:346] ptxas warning : Registers are spilled to local memory in function 'gemm_fusion_dot_20681', 648 bytes spill stores, 648 bytes spill loads

2025-05-04 19:31:56.695883: E external/local_xla/xla/stream_executor/cuda/cuda_timer.cc:86] Delay kernel timed out: measured time has sub-optimal accuracy. There may be a missing warmup execution, please investigate in Nsight Systems.
2025-05-04 19:31:56.861165: E external/local_xla/xla/stream_executor/cuda/cuda_timer.cc:86] Delay kernel timed out: measured time has sub-optimal accuracy. There may be a missing warmup execution, please investigate in Nsight Systems.
I0000 00:00:1746387123.597360  495545 device_compiler.h:188] Compiled cluster using XLA!  This line is logged at most once for the lifetime of the process.
2025-05-04 19:32:39.201059: I external/local_xla/xla/stream_executor/cuda/subprocess_compilation.cc:346] ptxas warning : Registers are spilled to local memory in function 'gemm_fusion_dot_20681', 56 bytes spill stores, 56 bytes spill loads

2025-05-04 19:32:39.485712: I external/local_xla/xla/stream_executor/cuda/subprocess_compilation.cc:346] ptxas warning : Registers are spilled to local memory in function 'gemm_fusion_dot_20681', 504 bytes spill stores, 504 bytes spill loads

2025-05-04 19:33:12.620515: I external/local_xla/xla/stream_executor/cuda/subprocess_compilation.cc:346] ptxas warning : Registers are spilled to local memory in function 'gemm_fusion_dot_5903', 56 bytes spill stores, 56 bytes spill loads

2025-05-04 19:33:12.869904: I external/local_xla/xla/stream_executor/cuda/subprocess_compilation.cc:346] ptxas warning : Registers are spilled to local memory in function 'gemm_fusion_dot_5903', 3500 bytes spill stores, 3528 bytes spill loads

2025-05-04 19:34:30.092278: I tensorflow/core/framework/local_rendezvous.cc:407] Local rendezvous is aborting with status: OUT_OF_RANGE: End of sequence
/home/anjo19go/micromamba/envs/tf_new/lib/python3.10/site-packages/sklearn/metrics/_ranking.py:1188: UndefinedMetricWarning: No positive samples in y_true, true positive value should be meaningless
  warnings.warn(
finished task with id:: 3544
