now processing task id:: 5500 on worker6.slurm.hj.se
2025-05-19 08:24:48.091872: I tensorflow/core/platform/cpu_feature_guard.cc:210] This TensorFlow binary is optimized to use available CPU instructions in performance-critical operations.
To enable the following instructions: AVX2 FMA, in other operations, rebuild TensorFlow with the appropriate compiler flags.
WARNING: All log messages before absl::InitializeLog() is called are written to STDERR
I0000 00:00:1747643091.686531 1171071 gpu_device.cc:2018] Created device /job:localhost/replica:0/task:0/device:GPU:0 with 8098 MB memory:  -> device: 0, name: NVIDIA A100 80GB PCIe MIG 1g.10gb, pci bus id: 0000:81:00.0, compute capability: 8.0
2025-05-19 08:25:12.218062: I tensorflow/core/kernels/data/shuffle_dataset_op.cc:453] ShuffleDatasetV3:2: Filling up shuffle buffer (this may take a while): 1380 of 11303
2025-05-19 08:25:32.110545: I tensorflow/core/kernels/data/shuffle_dataset_op.cc:453] ShuffleDatasetV3:2: Filling up shuffle buffer (this may take a while): 5365 of 11303
2025-05-19 08:25:42.223892: I tensorflow/core/kernels/data/shuffle_dataset_op.cc:453] ShuffleDatasetV3:2: Filling up shuffle buffer (this may take a while): 7478 of 11303
2025-05-19 08:26:02.103188: I tensorflow/core/kernels/data/shuffle_dataset_op.cc:453] ShuffleDatasetV3:2: Filling up shuffle buffer (this may take a while): 10797 of 11303
2025-05-19 08:26:03.925781: I tensorflow/core/kernels/data/shuffle_dataset_op.cc:483] Shuffle buffer filled.
2025-05-19 08:26:04.104509: I external/local_xla/xla/service/service.cc:152] XLA service 0x7fe0700041f0 initialized for platform CUDA (this does not guarantee that XLA will be used). Devices:
2025-05-19 08:26:04.104572: I external/local_xla/xla/service/service.cc:160]   StreamExecutor device (0): NVIDIA A100 80GB PCIe MIG 1g.10gb, Compute Capability 8.0
2025-05-19 08:26:04.578745: I tensorflow/compiler/mlir/tensorflow/utils/dump_mlir_util.cc:269] disabling MLIR crash reproducer, set env var `MLIR_CRASH_REPRODUCER_DIRECTORY` to enable.
I0000 00:00:1747643165.828308 1171717 cuda_dnn.cc:529] Loaded cuDNN version 90300
2025-05-19 08:26:16.213645: I external/local_xla/xla/stream_executor/cuda/subprocess_compilation.cc:346] ptxas warning : Registers are spilled to local memory in function 'gemm_fusion_dot_31', 8 bytes spill stores, 8 bytes spill loads

2025-05-19 08:26:22.002033: I external/local_xla/xla/stream_executor/cuda/subprocess_compilation.cc:346] ptxas warning : Registers are spilled to local memory in function 'gemm_fusion_dot_30', 8 bytes spill stores, 8 bytes spill loads

2025-05-19 08:26:22.057503: I external/local_xla/xla/stream_executor/cuda/subprocess_compilation.cc:346] ptxas warning : Registers are spilled to local memory in function 'gemm_fusion_dot', 20 bytes spill stores, 20 bytes spill loads

2025-05-19 08:26:22.432505: I external/local_xla/xla/stream_executor/cuda/subprocess_compilation.cc:346] ptxas warning : Registers are spilled to local memory in function 'gemm_fusion_dot', 24 bytes spill stores, 24 bytes spill loads

2025-05-19 08:26:22.996555: I external/local_xla/xla/stream_executor/cuda/subprocess_compilation.cc:346] ptxas warning : Registers are spilled to local memory in function 'gemm_fusion_dot_10440', 16 bytes spill stores, 16 bytes spill loads

2025-05-19 08:26:23.427129: I external/local_xla/xla/stream_executor/cuda/subprocess_compilation.cc:346] ptxas warning : Registers are spilled to local memory in function 'gemm_fusion_dot_31', 8 bytes spill stores, 8 bytes spill loads

2025-05-19 08:26:23.620246: I external/local_xla/xla/stream_executor/cuda/subprocess_compilation.cc:346] ptxas warning : Registers are spilled to local memory in function 'gemm_fusion_dot_12', 76 bytes spill stores, 76 bytes spill loads

2025-05-19 08:26:23.702348: I external/local_xla/xla/stream_executor/cuda/subprocess_compilation.cc:346] ptxas warning : Registers are spilled to local memory in function 'gemm_fusion_dot', 200 bytes spill stores, 200 bytes spill loads

2025-05-19 08:26:24.299631: I external/local_xla/xla/stream_executor/cuda/subprocess_compilation.cc:346] ptxas warning : Registers are spilled to local memory in function 'gemm_fusion_dot_6', 152 bytes spill stores, 152 bytes spill loads

2025-05-19 08:26:24.319005: I external/local_xla/xla/stream_executor/cuda/subprocess_compilation.cc:346] ptxas warning : Registers are spilled to local memory in function 'gemm_fusion_dot_6', 640 bytes spill stores, 640 bytes spill loads

2025-05-19 08:26:24.802479: I external/local_xla/xla/stream_executor/cuda/subprocess_compilation.cc:346] ptxas warning : Registers are spilled to local memory in function 'gemm_fusion_dot', 316 bytes spill stores, 316 bytes spill loads

2025-05-19 08:26:24.906230: I external/local_xla/xla/stream_executor/cuda/subprocess_compilation.cc:346] ptxas warning : Registers are spilled to local memory in function 'gemm_fusion_dot_10587', 4 bytes spill stores, 4 bytes spill loads

2025-05-19 08:26:25.312892: I external/local_xla/xla/stream_executor/cuda/subprocess_compilation.cc:346] ptxas warning : Registers are spilled to local memory in function 'gemm_fusion_dot_12', 196 bytes spill stores, 196 bytes spill loads

2025-05-19 08:26:25.323415: I external/local_xla/xla/stream_executor/cuda/subprocess_compilation.cc:346] ptxas warning : Registers are spilled to local memory in function 'gemm_fusion_dot_10440', 16 bytes spill stores, 16 bytes spill loads

2025-05-19 08:26:25.604636: I external/local_xla/xla/stream_executor/cuda/subprocess_compilation.cc:346] ptxas warning : Registers are spilled to local memory in function 'gemm_fusion_dot_6', 76 bytes spill stores, 76 bytes spill loads

2025-05-19 08:26:25.914759: I external/local_xla/xla/stream_executor/cuda/subprocess_compilation.cc:346] ptxas warning : Registers are spilled to local memory in function 'gemm_fusion_dot_12', 256 bytes spill stores, 256 bytes spill loads

2025-05-19 08:26:26.105322: I external/local_xla/xla/stream_executor/cuda/subprocess_compilation.cc:346] ptxas warning : Registers are spilled to local memory in function 'gemm_fusion_dot', 900 bytes spill stores, 900 bytes spill loads

2025-05-19 08:26:26.305618: I external/local_xla/xla/stream_executor/cuda/subprocess_compilation.cc:346] ptxas warning : Registers are spilled to local memory in function 'gemm_fusion_dot_6', 20 bytes spill stores, 20 bytes spill loads

2025-05-19 08:26:26.509936: I external/local_xla/xla/stream_executor/cuda/subprocess_compilation.cc:346] ptxas warning : Registers are spilled to local memory in function 'gemm_fusion_dot_7', 13180 bytes spill stores, 13680 bytes spill loads

2025-05-19 08:26:26.611822: I external/local_xla/xla/stream_executor/cuda/subprocess_compilation.cc:346] ptxas warning : Registers are spilled to local memory in function 'gemm_fusion_dot_31', 14180 bytes spill stores, 13700 bytes spill loads

2025-05-19 08:26:26.722445: I external/local_xla/xla/stream_executor/cuda/subprocess_compilation.cc:346] ptxas warning : Registers are spilled to local memory in function 'gemm_fusion_dot', 680 bytes spill stores, 680 bytes spill loads

2025-05-19 08:26:27.007148: I external/local_xla/xla/stream_executor/cuda/subprocess_compilation.cc:346] ptxas warning : Registers are spilled to local memory in function 'gemm_fusion_dot_1', 13256 bytes spill stores, 13664 bytes spill loads

2025-05-19 08:26:27.010549: I external/local_xla/xla/stream_executor/cuda/subprocess_compilation.cc:346] ptxas warning : Registers are spilled to local memory in function 'gemm_fusion_dot_6', 272 bytes spill stores, 272 bytes spill loads

2025-05-19 08:26:27.026797: I external/local_xla/xla/stream_executor/cuda/subprocess_compilation.cc:346] ptxas warning : Registers are spilled to local memory in function 'gemm_fusion_dot_6', 1180 bytes spill stores, 1232 bytes spill loads

2025-05-19 08:26:27.429220: I external/local_xla/xla/stream_executor/cuda/subprocess_compilation.cc:346] ptxas warning : Registers are spilled to local memory in function 'gemm_fusion_dot_12', 64 bytes spill stores, 64 bytes spill loads

2025-05-19 08:26:27.439317: I external/local_xla/xla/stream_executor/cuda/subprocess_compilation.cc:346] ptxas warning : Registers are spilled to local memory in function 'gemm_fusion_dot_12', 8 bytes spill stores, 8 bytes spill loads

2025-05-19 08:26:27.497023: I external/local_xla/xla/stream_executor/cuda/subprocess_compilation.cc:346] ptxas warning : Registers are spilled to local memory in function 'gemm_fusion_dot_30', 76 bytes spill stores, 76 bytes spill loads

2025-05-19 08:26:27.710580: I external/local_xla/xla/stream_executor/cuda/subprocess_compilation.cc:346] ptxas warning : Registers are spilled to local memory in function 'gemm_fusion_dot_6', 76 bytes spill stores, 76 bytes spill loads

2025-05-19 08:26:27.768248: I external/local_xla/xla/stream_executor/cuda/subprocess_compilation.cc:346] ptxas warning : Registers are spilled to local memory in function 'gemm_fusion_dot_31', 36 bytes spill stores, 36 bytes spill loads

2025-05-19 08:26:27.778453: I external/local_xla/xla/stream_executor/cuda/subprocess_compilation.cc:346] ptxas warning : Registers are spilled to local memory in function 'gemm_fusion_dot_12', 536 bytes spill stores, 536 bytes spill loads

2025-05-19 08:26:27.795749: I external/local_xla/xla/stream_executor/cuda/subprocess_compilation.cc:346] ptxas warning : Registers are spilled to local memory in function 'gemm_fusion_dot_6', 2100 bytes spill stores, 1800 bytes spill loads

2025-05-19 08:26:27.811324: I external/local_xla/xla/stream_executor/cuda/subprocess_compilation.cc:346] ptxas warning : Registers are spilled to local memory in function 'gemm_fusion_dot_12', 272 bytes spill stores, 272 bytes spill loads

2025-05-19 08:26:27.821603: I external/local_xla/xla/stream_executor/cuda/subprocess_compilation.cc:346] ptxas warning : Registers are spilled to local memory in function 'gemm_fusion_dot_6', 84 bytes spill stores, 84 bytes spill loads

2025-05-19 08:26:27.824485: I external/local_xla/xla/stream_executor/cuda/subprocess_compilation.cc:346] ptxas warning : Registers are spilled to local memory in function 'gemm_fusion_dot_30', 504 bytes spill stores, 504 bytes spill loads

2025-05-19 08:26:27.847177: I external/local_xla/xla/stream_executor/cuda/subprocess_compilation.cc:346] ptxas warning : Registers are spilled to local memory in function 'gemm_fusion_dot_31', 12 bytes spill stores, 12 bytes spill loads

2025-05-19 08:26:27.866689: I external/local_xla/xla/stream_executor/cuda/subprocess_compilation.cc:346] ptxas warning : Registers are spilled to local memory in function 'gemm_fusion_dot_30', 272 bytes spill stores, 272 bytes spill loads

2025-05-19 08:26:27.991680: I external/local_xla/xla/stream_executor/cuda/subprocess_compilation.cc:346] ptxas warning : Registers are spilled to local memory in function 'gemm_fusion_dot_6', 4072 bytes spill stores, 3812 bytes spill loads

2025-05-19 08:26:28.005295: I external/local_xla/xla/stream_executor/cuda/subprocess_compilation.cc:346] ptxas warning : Registers are spilled to local memory in function 'gemm_fusion_dot_30', 64 bytes spill stores, 64 bytes spill loads

2025-05-19 08:26:28.025392: I external/local_xla/xla/stream_executor/cuda/subprocess_compilation.cc:346] ptxas warning : Registers are spilled to local memory in function 'gemm_fusion_dot_12', 948 bytes spill stores, 948 bytes spill loads

2025-05-19 08:26:28.090326: I external/local_xla/xla/stream_executor/cuda/subprocess_compilation.cc:346] ptxas warning : Registers are spilled to local memory in function 'gemm_fusion_dot_30', 256 bytes spill stores, 256 bytes spill loads

2025-05-19 08:26:28.232237: I external/local_xla/xla/stream_executor/cuda/subprocess_compilation.cc:346] ptxas warning : Registers are spilled to local memory in function 'gemm_fusion_dot_30', 196 bytes spill stores, 196 bytes spill loads

2025-05-19 08:26:28.488204: I external/local_xla/xla/stream_executor/cuda/subprocess_compilation.cc:346] ptxas warning : Registers are spilled to local memory in function 'gemm_fusion_dot_30', 972 bytes spill stores, 972 bytes spill loads

2025-05-19 08:26:28.645093: I external/local_xla/xla/stream_executor/cuda/subprocess_compilation.cc:346] ptxas warning : Registers are spilled to local memory in function 'gemm_fusion_dot_13', 13372 bytes spill stores, 13716 bytes spill loads

2025-05-19 08:26:28.666540: I external/local_xla/xla/stream_executor/cuda/subprocess_compilation.cc:346] ptxas warning : Registers are spilled to local memory in function 'gemm_fusion_dot_30', 16348 bytes spill stores, 16688 bytes spill loads

2025-05-19 08:26:28.926243: I external/local_xla/xla/stream_executor/cuda/subprocess_compilation.cc:346] ptxas warning : Registers are spilled to local memory in function 'gemm_fusion_dot_12', 16400 bytes spill stores, 16712 bytes spill loads

I0000 00:00:1747643197.124810 1171717 device_compiler.h:196] Compiled cluster using XLA!  This line is logged at most once for the lifetime of the process.
2025-05-19 08:29:00.023105: I external/local_xla/xla/stream_executor/cuda/subprocess_compilation.cc:346] ptxas warning : Registers are spilled to local memory in function 'gemm_fusion_dot_13', 8 bytes spill stores, 8 bytes spill loads

2025-05-19 08:29:01.933874: I external/local_xla/xla/stream_executor/cuda/subprocess_compilation.cc:346] ptxas warning : Registers are spilled to local memory in function 'gemm_fusion_dot_31', 8 bytes spill stores, 8 bytes spill loads

2025-05-19 08:29:05.209149: I external/local_xla/xla/stream_executor/cuda/subprocess_compilation.cc:346] ptxas warning : Registers are spilled to local memory in function 'gemm_fusion_dot_10587', 4 bytes spill stores, 4 bytes spill loads

2025-05-19 08:29:05.636354: I external/local_xla/xla/stream_executor/cuda/subprocess_compilation.cc:346] ptxas warning : Registers are spilled to local memory in function 'gemm_fusion_dot', 20 bytes spill stores, 20 bytes spill loads

2025-05-19 08:29:05.814252: I external/local_xla/xla/stream_executor/cuda/subprocess_compilation.cc:346] ptxas warning : Registers are spilled to local memory in function 'gemm_fusion_dot_30', 256 bytes spill stores, 256 bytes spill loads

2025-05-19 08:29:05.846770: I external/local_xla/xla/stream_executor/cuda/subprocess_compilation.cc:346] ptxas warning : Registers are spilled to local memory in function 'gemm_fusion_dot_12', 8 bytes spill stores, 8 bytes spill loads

2025-05-19 08:29:06.518673: I external/local_xla/xla/stream_executor/cuda/subprocess_compilation.cc:346] ptxas warning : Registers are spilled to local memory in function 'gemm_fusion_dot', 24 bytes spill stores, 24 bytes spill loads

2025-05-19 08:29:06.626435: I external/local_xla/xla/stream_executor/cuda/subprocess_compilation.cc:346] ptxas warning : Registers are spilled to local memory in function 'gemm_fusion_dot_30', 8 bytes spill stores, 8 bytes spill loads

2025-05-19 08:29:06.906303: I external/local_xla/xla/stream_executor/cuda/subprocess_compilation.cc:346] ptxas warning : Registers are spilled to local memory in function 'gemm_fusion_dot_10440', 16 bytes spill stores, 16 bytes spill loads

2025-05-19 08:29:06.915928: I external/local_xla/xla/stream_executor/cuda/subprocess_compilation.cc:346] ptxas warning : Registers are spilled to local memory in function 'gemm_fusion_dot_12', 256 bytes spill stores, 256 bytes spill loads

2025-05-19 08:29:07.036643: I external/local_xla/xla/stream_executor/cuda/subprocess_compilation.cc:346] ptxas warning : Registers are spilled to local memory in function 'gemm_fusion_dot_13', 24 bytes spill stores, 24 bytes spill loads

2025-05-19 08:29:07.100114: I external/local_xla/xla/stream_executor/cuda/subprocess_compilation.cc:346] ptxas warning : Registers are spilled to local memory in function 'gemm_fusion_dot_13', 12 bytes spill stores, 12 bytes spill loads

2025-05-19 08:29:07.432644: I external/local_xla/xla/stream_executor/cuda/subprocess_compilation.cc:346] ptxas warning : Registers are spilled to local memory in function 'gemm_fusion_dot', 316 bytes spill stores, 316 bytes spill loads

2025-05-19 08:29:07.443110: I external/local_xla/xla/stream_executor/cuda/subprocess_compilation.cc:346] ptxas warning : Registers are spilled to local memory in function 'gemm_fusion_dot_30', 76 bytes spill stores, 76 bytes spill loads

2025-05-19 08:29:07.554452: I external/local_xla/xla/stream_executor/cuda/subprocess_compilation.cc:346] ptxas warning : Registers are spilled to local memory in function 'gemm_fusion_dot_6', 20 bytes spill stores, 20 bytes spill loads

2025-05-19 08:29:07.603641: I external/local_xla/xla/stream_executor/cuda/subprocess_compilation.cc:346] ptxas warning : Registers are spilled to local memory in function 'gemm_fusion_dot_30', 196 bytes spill stores, 196 bytes spill loads

2025-05-19 08:29:07.720254: I external/local_xla/xla/stream_executor/cuda/subprocess_compilation.cc:346] ptxas warning : Registers are spilled to local memory in function 'gemm_fusion_dot_30', 504 bytes spill stores, 504 bytes spill loads

2025-05-19 08:29:07.736015: I external/local_xla/xla/stream_executor/cuda/subprocess_compilation.cc:346] ptxas warning : Registers are spilled to local memory in function 'gemm_fusion_dot_31', 12 bytes spill stores, 12 bytes spill loads

2025-05-19 08:29:07.828811: I external/local_xla/xla/stream_executor/cuda/subprocess_compilation.cc:346] ptxas warning : Registers are spilled to local memory in function 'gemm_fusion_dot_6', 152 bytes spill stores, 152 bytes spill loads

2025-05-19 08:29:07.912873: I external/local_xla/xla/stream_executor/cuda/subprocess_compilation.cc:346] ptxas warning : Registers are spilled to local memory in function 'gemm_fusion_dot_6', 76 bytes spill stores, 76 bytes spill loads

2025-05-19 08:29:08.098827: I external/local_xla/xla/stream_executor/cuda/subprocess_compilation.cc:346] ptxas warning : Registers are spilled to local memory in function 'gemm_fusion_dot', 200 bytes spill stores, 200 bytes spill loads

2025-05-19 08:29:08.106663: I external/local_xla/xla/stream_executor/cuda/subprocess_compilation.cc:346] ptxas warning : Registers are spilled to local memory in function 'gemm_fusion_dot_12', 536 bytes spill stores, 536 bytes spill loads

2025-05-19 08:29:08.121295: I external/local_xla/xla/stream_executor/cuda/subprocess_compilation.cc:346] ptxas warning : Registers are spilled to local memory in function 'gemm_fusion_dot_12', 64 bytes spill stores, 64 bytes spill loads

2025-05-19 08:29:08.239139: I external/local_xla/xla/stream_executor/cuda/subprocess_compilation.cc:346] ptxas warning : Registers are spilled to local memory in function 'gemm_fusion_dot_6', 640 bytes spill stores, 640 bytes spill loads

2025-05-19 08:29:08.506607: I external/local_xla/xla/stream_executor/cuda/subprocess_compilation.cc:346] ptxas warning : Registers are spilled to local memory in function 'gemm_fusion_dot_13', 8 bytes spill stores, 8 bytes spill loads

2025-05-19 08:29:08.536137: I external/local_xla/xla/stream_executor/cuda/subprocess_compilation.cc:346] ptxas warning : Registers are spilled to local memory in function 'gemm_fusion_dot_6', 84 bytes spill stores, 84 bytes spill loads

2025-05-19 08:29:08.911388: I external/local_xla/xla/stream_executor/cuda/subprocess_compilation.cc:346] ptxas warning : Registers are spilled to local memory in function 'gemm_fusion_dot_1', 13256 bytes spill stores, 13664 bytes spill loads

2025-05-19 08:29:09.000100: I external/local_xla/xla/stream_executor/cuda/subprocess_compilation.cc:346] ptxas warning : Registers are spilled to local memory in function 'gemm_fusion_dot_30', 272 bytes spill stores, 272 bytes spill loads

2025-05-19 08:29:09.739158: I external/local_xla/xla/stream_executor/cuda/subprocess_compilation.cc:346] ptxas warning : Registers are spilled to local memory in function 'gemm_fusion_dot_13', 36 bytes spill stores, 36 bytes spill loads

2025-05-19 08:29:10.216135: I external/local_xla/xla/stream_executor/cuda/subprocess_compilation.cc:346] ptxas warning : Registers are spilled to local memory in function 'gemm_fusion_dot_6', 272 bytes spill stores, 272 bytes spill loads

2025-05-19 08:29:10.400033: I external/local_xla/xla/stream_executor/cuda/subprocess_compilation.cc:346] ptxas warning : Registers are spilled to local memory in function 'gemm_fusion_dot_6', 1180 bytes spill stores, 1232 bytes spill loads

2025-05-19 08:29:10.599021: I external/local_xla/xla/stream_executor/cuda/subprocess_compilation.cc:346] ptxas warning : Registers are spilled to local memory in function 'gemm_fusion_dot_7', 13180 bytes spill stores, 13680 bytes spill loads

2025-05-19 08:29:10.723419: I external/local_xla/xla/stream_executor/cuda/subprocess_compilation.cc:346] ptxas warning : Registers are spilled to local memory in function 'gemm_fusion_dot', 900 bytes spill stores, 900 bytes spill loads

2025-05-19 08:29:10.730410: I external/local_xla/xla/stream_executor/cuda/subprocess_compilation.cc:346] ptxas warning : Registers are spilled to local memory in function 'gemm_fusion_dot_12', 76 bytes spill stores, 76 bytes spill loads

2025-05-19 08:29:11.114460: I external/local_xla/xla/stream_executor/cuda/subprocess_compilation.cc:346] ptxas warning : Registers are spilled to local memory in function 'gemm_fusion_dot_6', 2100 bytes spill stores, 1800 bytes spill loads

2025-05-19 08:29:11.219109: I external/local_xla/xla/stream_executor/cuda/subprocess_compilation.cc:346] ptxas warning : Registers are spilled to local memory in function 'gemm_fusion_dot', 680 bytes spill stores, 680 bytes spill loads

2025-05-19 08:29:11.336071: I external/local_xla/xla/stream_executor/cuda/subprocess_compilation.cc:346] ptxas warning : Registers are spilled to local memory in function 'gemm_fusion_dot_13', 14180 bytes spill stores, 13700 bytes spill loads

2025-05-19 08:29:11.347300: I external/local_xla/xla/stream_executor/cuda/subprocess_compilation.cc:346] ptxas warning : Registers are spilled to local memory in function 'gemm_fusion_dot_31', 36 bytes spill stores, 36 bytes spill loads

2025-05-19 08:29:11.359124: I external/local_xla/xla/stream_executor/cuda/subprocess_compilation.cc:346] ptxas warning : Registers are spilled to local memory in function 'gemm_fusion_dot_31', 8 bytes spill stores, 8 bytes spill loads

2025-05-19 08:29:11.473896: I external/local_xla/xla/stream_executor/cuda/subprocess_compilation.cc:346] ptxas warning : Registers are spilled to local memory in function 'gemm_fusion_dot_12', 272 bytes spill stores, 272 bytes spill loads

2025-05-19 08:29:11.571795: I external/local_xla/xla/stream_executor/cuda/subprocess_compilation.cc:346] ptxas warning : Registers are spilled to local memory in function 'gemm_fusion_dot_12', 196 bytes spill stores, 196 bytes spill loads

2025-05-19 08:29:11.592046: I external/local_xla/xla/stream_executor/cuda/subprocess_compilation.cc:346] ptxas warning : Registers are spilled to local memory in function 'gemm_fusion_dot_12', 16400 bytes spill stores, 16712 bytes spill loads

2025-05-19 08:29:11.604715: I external/local_xla/xla/stream_executor/cuda/subprocess_compilation.cc:346] ptxas warning : Registers are spilled to local memory in function 'gemm_fusion_dot_12', 948 bytes spill stores, 948 bytes spill loads

2025-05-19 08:29:11.606254: I external/local_xla/xla/stream_executor/cuda/subprocess_compilation.cc:346] ptxas warning : Registers are spilled to local memory in function 'gemm_fusion_dot_30', 64 bytes spill stores, 64 bytes spill loads

2025-05-19 08:29:11.662270: I external/local_xla/xla/stream_executor/cuda/subprocess_compilation.cc:346] ptxas warning : Registers are spilled to local memory in function 'gemm_fusion_dot_10440', 16 bytes spill stores, 16 bytes spill loads

2025-05-19 08:29:11.681279: I external/local_xla/xla/stream_executor/cuda/subprocess_compilation.cc:346] ptxas warning : Registers are spilled to local memory in function 'gemm_fusion_dot_6', 76 bytes spill stores, 76 bytes spill loads

2025-05-19 08:29:11.749789: I external/local_xla/xla/stream_executor/cuda/subprocess_compilation.cc:346] ptxas warning : Registers are spilled to local memory in function 'gemm_fusion_dot_30', 16348 bytes spill stores, 16688 bytes spill loads

2025-05-19 08:29:11.806533: I external/local_xla/xla/stream_executor/cuda/subprocess_compilation.cc:346] ptxas warning : Registers are spilled to local memory in function 'gemm_fusion_dot_30', 972 bytes spill stores, 972 bytes spill loads

2025-05-19 08:29:11.841584: I external/local_xla/xla/stream_executor/cuda/subprocess_compilation.cc:346] ptxas warning : Registers are spilled to local memory in function 'gemm_fusion_dot_6', 4072 bytes spill stores, 3812 bytes spill loads

2025-05-19 08:29:11.944495: I external/local_xla/xla/stream_executor/cuda/subprocess_compilation.cc:346] ptxas warning : Registers are spilled to local memory in function 'gemm_fusion_dot_31', 14180 bytes spill stores, 13700 bytes spill loads

2025-05-19 08:29:25.064840: I external/local_xla/xla/stream_executor/cuda/subprocess_compilation.cc:346] ptxas warning : Registers are spilled to local memory in function 'gemm_fusion_dot_3430', 4 bytes spill stores, 4 bytes spill loads

2025-05-19 08:29:59.800575: I tensorflow/core/kernels/data/shuffle_dataset_op.cc:453] ShuffleDatasetV3:2: Filling up shuffle buffer (this may take a while): 1572 of 11303
2025-05-19 08:30:19.615448: I tensorflow/core/kernels/data/shuffle_dataset_op.cc:453] ShuffleDatasetV3:2: Filling up shuffle buffer (this may take a while): 5124 of 11303
2025-05-19 08:30:29.706936: I tensorflow/core/kernels/data/shuffle_dataset_op.cc:453] ShuffleDatasetV3:2: Filling up shuffle buffer (this may take a while): 7007 of 11303
2025-05-19 08:30:39.728034: I tensorflow/core/kernels/data/shuffle_dataset_op.cc:453] ShuffleDatasetV3:2: Filling up shuffle buffer (this may take a while): 8937 of 11303
2025-05-19 08:30:49.796875: I tensorflow/core/kernels/data/shuffle_dataset_op.cc:453] ShuffleDatasetV3:2: Filling up shuffle buffer (this may take a while): 10682 of 11303
2025-05-19 08:30:52.544097: I tensorflow/core/kernels/data/shuffle_dataset_op.cc:483] Shuffle buffer filled.
2025-05-19 08:33:39.023739: I tensorflow/core/kernels/data/shuffle_dataset_op.cc:453] ShuffleDatasetV3:2: Filling up shuffle buffer (this may take a while): 1534 of 11303
2025-05-19 08:33:58.997079: I tensorflow/core/kernels/data/shuffle_dataset_op.cc:453] ShuffleDatasetV3:2: Filling up shuffle buffer (this may take a while): 5349 of 11303
2025-05-19 08:34:19.121046: I tensorflow/core/kernels/data/shuffle_dataset_op.cc:453] ShuffleDatasetV3:2: Filling up shuffle buffer (this may take a while): 8718 of 11303
2025-05-19 08:34:29.243400: I tensorflow/core/kernels/data/shuffle_dataset_op.cc:453] ShuffleDatasetV3:2: Filling up shuffle buffer (this may take a while): 10240 of 11303
2025-05-19 08:34:33.472364: I tensorflow/core/kernels/data/shuffle_dataset_op.cc:483] Shuffle buffer filled.
2025-05-19 08:37:19.411266: I tensorflow/core/kernels/data/shuffle_dataset_op.cc:453] ShuffleDatasetV3:2: Filling up shuffle buffer (this may take a while): 1381 of 11303
2025-05-19 08:37:39.203914: I tensorflow/core/kernels/data/shuffle_dataset_op.cc:453] ShuffleDatasetV3:2: Filling up shuffle buffer (this may take a while): 4692 of 11303
2025-05-19 08:37:49.216585: I tensorflow/core/kernels/data/shuffle_dataset_op.cc:453] ShuffleDatasetV3:2: Filling up shuffle buffer (this may take a while): 6570 of 11303
2025-05-19 08:37:59.298685: I tensorflow/core/kernels/data/shuffle_dataset_op.cc:453] ShuffleDatasetV3:2: Filling up shuffle buffer (this may take a while): 8567 of 11303
2025-05-19 08:38:14.573713: I tensorflow/core/kernels/data/shuffle_dataset_op.cc:483] Shuffle buffer filled.
2025-05-19 08:40:58.739758: I tensorflow/core/kernels/data/shuffle_dataset_op.cc:453] ShuffleDatasetV3:2: Filling up shuffle buffer (this may take a while): 1778 of 11303
